1	-77.5472000000001
2	-80.39720000000004
3	-75.37800000000153
4	-78.72770000000006
5	-79.08000000000001
6	-78.85080000000004
7	-80.5614000000001
8	-69.9300000000001
9	-46.90450000000063
10	-35.282700000001036
11	-33.224900000000375
12	55.92989998351961
13	-61.95180000000006
14	-49.918000000000184
15	-46.10510000000665
16	-3.751200000043326
17	-52.806600000000294
18	-15.973800000007525
19	-77.40460000000002
20	-77.14970000000004
21	-72.51250000000006
22	-77.66830000000004
23	-75.60830000000003
24	-77.29000000000002
25	-78.3557
26	-74.65090000000012
27	-74.82720000000018
28	-76.39430000000004
29	-74.09850000000067
30	-77.06440000000002
31	-76.93950000000001
32	-77.10820000000005
33	-73.35230000000027
34	-83.09480000000008
35	-79.3899000000001
36	-78.20570000000032
37	-80.6983
38	-81.67930000000003
39	-72.98910000000014
40	-76.17660000000001
41	-75.31880000000004
42	-74.84540000000001
43	-78.5009
44	-77.25530000000003
45	-79.24730000000002
46	-76.5316
47	-68.54620000000004
48	-80.49660000000002
49	-58.530800000000255
50	-46.69190000000016
51	-78.85630000000002
52	-79.758
53	-74.3038
54	-77.3374
55	-79.1405
56	-76.08280000000002
57	-76.3893
58	-78.37610000000002
59	-77.65090000000012
60	-70.4135
61	-75.4589
62	-77.98550000000002
63	-78.7482
64	-76.02940000000001
65	-73.61940000000006
66	-80.8528
67	-80.50670000000001
68	-71.97340000000008
69	-78.06530000000001
70	-77.6896
71	-75.18520000000004
72	-75.67430000000006
73	-77.30390000000007
74	-76.97780000000002
75	-78.38960000000002
76	-76.4964
77	-71.6444
78	-75.29530000000001
79	-79.3637
80	-76.2911
81	-78.8728
82	-77.58840000000002
83	-78.0091
84	-78.8987
85	-71.20510000000004
86	-80.07480000000001
87	-80.27340000000002
88	-41.94880000000033
89	-34.81500000000757
90	-74.6332
91	-67.09760000000014
92	-77.9523
93	-78.1315
94	-80.5584
95	-81.0106
96	-75.96340000000016
97	-76.24110000000002
98	-75.16880000000002
99	-76.76960000000003
100	-74.75600000000009
101	-78.4788
102	-72.59780000000002
103	-75.5716
104	-74.03870000000003
105	-76.80330000000005
106	-80.28310000000003
107	-79.1522
108	-69.65100000000001
109	-80.22120000000001
110	-74.0367000000001
111	-81.3459000000001
112	-75.90390000000001
113	113.15139995275266
114	258.292
115	287.8436
116	215.5404505982759
117	-25.328800000000903
118	254.58306457728344
119	268.5237
120	268.427
121	248.01030000000003
122	107.55429802595553
123	17.46849999993578
124	-38.074200000000474
125	-42.80650000000037
126	-71.2405
127	-76.0478
128	-70.53970000000055
129	-14.538900000004823
130	-22.161700000000838
131	-81.52100000000003
132	273.9
133	275.0703
134	275.7023
135	289.0827
136	267.3827
137	255.28540000000004
138	5.101599999989089
139	-51.66720000000005
140	-40.01950000000064
141	-13.143600000011965
142	-32.79970000000006
143	-2.1207000000027527
144	-32.10840000000059
145	4.389399999987958
146	18.951799999436833
147	-49.18300000000035
148	-30.68720000000223
149	-48.05430000000002
150	29.931199999788994
151	29.355299999204735
152	19.113699999956545
153	238.91279537047166
154	277.8811
155	286.0649
156	237.9409
157	245.45120000000003
158	223.86476402171323
159	73.25219999533618
160	70.60219992326697
161	244.24420000000003
162	256.4260996434373
163	231.10498175856165
164	252.815
165	244.1159011321887
166	239.5913
167	250.88590000000002
168	189.7483397450119
169	284.7271
170	206.76670700285865
171	256.7975
172	270.5563
173	266.37225706449254
174	256.3727999999988
175	230.78896846499305
176	275.356
177	259.04151173435787
178	279.3918
179	249.69360000000003
180	263.66371280246295
181	112.55109962660548
182	285.0293
183	252.4585
184	262.9271
185	137.37832973926965
186	255.58309999999722
187	-41.564600000000965
188	285.1509
189	-72.5069
190	-82.0944
191	-77.7788000000001
192	-79.29430000000005
193	-74.4809000000001
194	-78.3963
195	-78.22160000000002
196	-74.21640000000002
197	-80.1794
198	-77.1294
199	-78.0624
200	-76.6466
201	-76.7992
202	-74.06880000000002
203	-79.6679
204	-78.00150000000002
205	-77.01800000000001
206	-76.11440000000002
207	-77.3171
208	-75.0428
209	-78.9661
210	-76.58640000000001
211	-75.43960000000001
212	-78.01280000000003
213	-77.71210000000005
214	-76.8997
215	-78.2705
216	-76.96930000000002
217	-80.7695
218	-77.52770000000002
219	-78.56560000000003
220	-74.64910000000005
221	-72.86380000000001
222	-76.73020000000002
223	-69.91460000000136
224	-75.52000000000044
225	-78.12090000000002
226	-78.85510000000002
227	-73.63060000000017
228	-79.33750000000002
229	-75.7038000000002
230	-82.10890000000003
231	-79.7423
232	-77.46580000000002
233	-76.95360000000001
234	-79.88800000000002
235	-77.93170000000003
236	-74.52790000000003
237	-80.83770000000001
238	-77.60450000000021
239	-80.67650000000005
240	-75.25460000000001
241	-73.95010000000045
242	-77.5244
243	-74.08690000000003
244	-78.91600000000001
245	-74.91750000000003
246	-78.042
247	-79.01750000000001
248	-74.41610000000001
249	-78.24710000000003
250	-72.76820000000056
251	-80.74060000000019
252	-73.47380000000041
253	-80.05880000000006
254	-76.65500000000019
255	-76.57340000000023
256	-78.50100000000003
257	-75.26760000000009
258	-78.81390000000007
259	-78.1648
260	-74.21720000000002
261	-78.19670000000004
262	-75.48770000000002
263	-80.18630000000002
264	-76.70760000000006
265	-77.18270000000001
266	-77.79890000000002
267	-80.50620000000015
268	-76.40070000000001
269	-77.20540000000003
270	-79.3483
271	-76.16010000000001
272	-77.549
273	-76.55230000000002
274	-76.85690000000001
275	-75.35700000000001
276	-76.35980000000004
277	-75.27710000000003
278	-77.14810000000003
279	-65.4525
280	94.8385981896684
281	-40.70060000000073
282	-76.0086
283	-79.21960000000001
284	-76.40680000000002
285	-78.76670000000006
286	-77.1577
287	-80.9818
288	-75.34290000000001
289	-77.96270000000001
290	-79.83200000000002
291	-77.71680000000002
292	-75.65900000000005
293	-75.32220000000005
294	-77.00090000000003
295	173.76988679479592
296	275.9367
297	244.6196612461882
298	273.1877
299	292.9054
300	304.6114
301	283.4001
302	265.8897
303	264.3012
304	286.9186
305	311.5343
306	-77.77970000000002
307	-77.4415
308	-76.83470000000001
309	-82.33220000000001
310	-69.84070000000003
311	-75.98990000000002
312	-76.39140000000002
313	-79.21590000000002
314	-75.97850000000001
315	-77.06070000000001
316	-76.89700000000002
317	-78.7369
318	303.3707
319	299.6674
320	301.04130000000004
321	6.202399999977926
322	280.4839
323	281.9809
324	268.5279
325	271.2619
326	-40.29940000000089
327	280.4294
328	-31.03660000000026
329	-16.370500000287294
330	242.7385
331	252.8167
332	234.5644
333	232.73750000000004
334	252.28570000000002
335	257.0791
336	249.51050000000004
337	238.9986
338	236.1833
339	251.64390000000003
340	235.5315
341	33.82439999919075
342	278.1402929475962
343	283.25959998208197
344	256.9064
345	268.4267
346	258.2297
347	263.016
348	134.93438705189718
349	290.9149
350	246.10769999999997
351	261.0076
352	274.0735
353	133.25921610021808
354	268.89
355	278.77064060666703
356	246.9959025587314
357	264.2244
358	-15.422600000014517
359	273.8841
360	248.3398
361	-2.3334000000488064
362	107.00089723218314
363	78.92429996419237
364	245.1505
365	250.60759978144327
366	36.6230999982937
367	234.61820000000003
368	255.87720000000002
369	233.5491
370	243.9254
371	276.978
372	210.54292438256897
373	-40.99930000000157
374	-41.84490000000137
375	-43.20810000000123
376	-48.26880000000284
377	71.21829997512137
378	275.2679
379	266.3247
380	265.5207
381	111.42789840856724
382	256.0413
383	26.41599999793017
384	-9.601200000005713
385	-74.35860000000024
386	-79.39260000000002
387	-75.84600000000003
388	-80.31930000000006
389	-81.1573
390	-78.1257
391	-78.84080000000002
392	-79.36510000000001
393	-79.44280000000002
394	-75.35290000000018
395	-74.86090000000108
396	-76.57740000000054
397	-77.01280000000001
398	-79.15500000000003
399	-82.20850000000013
400	-79.69710000000097
401	-77.4359
402	-79.17360000000002
403	-78.22830000000033
404	-77.39590000000007
405	-75.68430000000023
406	-78.2778000000001
407	-73.45170000000005
408	269.8543
409	263.5766
410	263.2455
411	267.7227
412	124.27049248897463
413	281.2542937937925
414	74.49279996610971
415	266.1657
416	263.3044
417	278.2677
418	264.5993
419	235.5374
420	259.084
421	242.46010000000004
422	254.6369
423	-24.0134000000159
424	14.212799999973786
425	15.233299999975218
426	256.17406956065867
427	267.1262
428	263.2111
429	17.212599999232424
430	143.54161793005375
431	256.5081
432	256.4900860164573
433	276.6874
434	253.8854
435	271.7298999179167
436	267.4307
437	284.1551
438	33.15499999717598
439	246.2732
440	261.5711
441	-82.935
442	-77.0866
443	-71.13250000000006
444	-80.0153000000001
445	-77.15610000000002
446	-81.65210000000009
447	-73.86270000000027
448	-76.47100000000003
449	-73.36230000000006
450	-80.00080000000003
451	-74.9697
452	-80.65840000000001
453	-79.12830000000002
454	-79.03030000000001
455	-78.03570000000002
456	-75.47500000000002
457	-78.61750000000002
458	-77.63960000000003
459	-77.66820000000001
460	-71.30960000000003
461	-77.07780000000012
462	-80.96350000000001
463	-76.95430000000006
464	-76.75100000000003
465	-76.17170000000036
466	-69.22590000000018
467	-77.68740000000007
468	-80.80250000000008
469	-72.71780000000003
470	-79.40790000000005
471	-76.04650000000017
472	-74.06850000000014
473	-80.3089000000004
474	-77.67620000000005
475	-77.93610000000011
476	-75.58700000000023
477	-80.05050000000003
478	-77.81710000000001
479	-75.73070000000023
480	-78.67440000000015
481	-76.17430000000009
482	-77.30690000000004
483	-79.50880000000002
484	-77.62810000000002
485	-76.30350000000055
486	-74.4468000000001
487	-74.62610000000001
488	-78.85820000000002
489	-74.76610000000005
490	-77.37760000000004
491	-80.42570000000025
492	-80.00520000000006
493	-80.49150000000009
494	-82.85860000000001
495	-76.89860000000031
496	-76.12720000000014
497	-80.02450000000009
498	-82.29940000000009
499	-75.60870000000007
500	-79.1576000000001
501	-77.34950000000009
502	-79.69560000000003
503	-78.96010000000004
504	-76.27470000000008
505	-78.04810000000002
506	-76.21900000000022
507	-79.29870000000001
508	-78.38640000000004
509	-79.79860000000009
510	-79.69330000000001
511	-76.46160000000012
512	-79.51150000000047
513	-79.62680000000017
514	-77.06190000000007
515	-73.82850000000006
516	-74.16430000000004
517	-79.27180000000001
518	-77.05070000000009
519	-76.81310000000015
520	-75.8705000000001
521	-79.24150000000004
522	-80.03410000000002
523	-79.38390000000004
524	-80.2381000000001
525	-77.91800000000119
526	-77.63770000000004
527	-75.81700000000001
528	-74.27930000000006
529	-72.76330000000023
530	-77.16410000000002
531	-79.74320000000021
532	-73.00080000000007
533	-66.92480000000003
534	-78.14860000000002
535	-68.9370000000003
536	-74.50740000000101
537	-75.63010000000003
538	-79.13440000000001
539	-82.6924
540	-75.84000000000007
541	-76.02110000000002
542	-75.75000000000006
543	-78.18790000000006
544	-76.69490000000002
545	-77.76840000000001
546	-78.77100000000003
547	-80.85910000000001
548	-78.06140000000002
549	-70.98330000000003
550	-79.05240000000002
551	-75.50960000000005
552	-76.27120000000016
553	-74.77030000000006
554	-72.74080000000004
555	-79.40520000000001
556	-77.47820000000006
557	-77.92280000000002
558	-78.00210000000004
559	-81.1417
560	-77.44490000000003
561	-75.032
562	-79.0724
563	-55.48850000000005
564	-75.05880000000009
565	-75.00300000000001
566	-78.0326
567	-75.19410000000002
568	-76.83270000000002
569	-74.866
570	-71.9208
571	-74.46520000000004
572	-76.49780000000015
573	-77.50730000000001
574	-79.7859
575	-78.61100000000002
576	-78.0071
577	-77.96570000000003
578	-79.50830000000002
579	-81.40220000000012
580	-78.85290000000002
581	-80.72200000000008
582	-73.44420000000001
583	-74.1828000000002
584	-72.70660000000004
585	-76.62990000000009
586	-79.96940000000008
587	-73.85170000000016
588	-74.25130000000017
589	-79.96370000000003
590	-77.77090000000001
591	-79.65900000000008
592	-79.44860000000006
593	-79.44920000000003
594	-73.71510000000013
595	-78.4485
596	-77.81240000000004
597	-77.24350000000001
598	-74.75760000000001
599	-76.43830000000008
600	-79.1006
601	-79.04200000000002
602	-73.71910000000001
603	-76.37360000000001
604	-79.688
605	-74.89940000000003
606	-79.2512
607	-27.90910000000453
608	-72.16390000000001
609	-75.45
610	-69.45520000000002
611	-28.90270000000146
612	259.8141999999999
613	-32.04430000000605
614	9.199599999984436
615	-78.1076000000001
616	271.5745
617	283.0948
618	256.9919
619	59.753699995579446
620	-46.82080000000016
621	85.6570998276817
622	281.3489
623	-7.406200000005872
624	40.05359999942353
625	259.4006999983518
626	281.2691
627	272.6837
628	269.711
629	270.2326
630	-48.810000000000215
631	-76.81320000000002
632	-76.36430000000004
633	-77.69000000000001
634	-80.3799
635	-79.1934
636	-78.085
637	-78.14430000000006
638	-71.80830000000019
639	-79.15550000000023
640	-81.25500000000002
641	-78.96790000000014
642	-75.90460000000002
643	-73.21350000000004
644	-79.23720000000002
645	-79.41210000000001
646	-74.70800000000003
647	-76.84230000000001
648	-75.41570000000002
649	-73.6027
650	55.37859999546065
651	-69.83740000000002
652	-74.1425
653	-78.63080000000001
654	-74.09930000000001
655	-73.33220000000001
656	-71.67800000000005
657	-76.1705
658	-45.24100000000017
659	63.84349994573096
660	-26.338800000001022
661	16.204999999029873
662	-52.87290000000007
663	-44.81390000000055
664	-21.108300000016083
665	-77.99930000000002
666	-74.76700000000037
667	-72.92780000000002
668	-41.50360000000269
669	-59.26940000000033
670	-70.30250000000002
671	-77.6403
672	-79.37450000000004
673	-74.72120000000025
674	-76.84030000000004
675	-76.94320000000003
676	-80.24160000000003
677	-82.6643000000001
678	-77.45340000000004
679	-76.37220000000022
680	-78.81610000000002
681	-75.90730000000005
682	-71.88620000000012
683	-75.90100000000008
684	-77.89840000000001
685	-77.0826
686	-76.28370000000004
687	-75.17860000000023
688	-77.48920000000003
689	-75.81980000000001
690	-74.14740000000002
691	-79.25010000000006
692	-75.50390000000002
693	-69.76180000000106
694	-47.47110000000139
695	248.35759999999993
696	262.2721
697	252.93170000000003
698	260.0503
699	290.4359
700	302.1455000000001
701	271.2596
702	286.5793
703	277.3519
704	291.6937
705	310.0575
706	276.2811
707	265.9193186167965
708	258.5373
709	-71.33290000000002
710	-74.40810000000005
711	-78.39660000000005
712	-77.90890000000007
713	-80.83190000000036
714	-81.36590000000001
715	-80.46530000000001
716	-78.2985
717	-78.29520000000008
718	-76.04050000000002
719	-75.94020000000002
720	-78.65340000000002
721	-76.30520000000004
722	-78.10850000000002
723	-74.1832
724	-81.72930000000005
725	-73.19880000000002
726	-78.42
727	-69.97590000000001
728	32.322999998526015
729	-47.064400000000916
730	-69.93640000000003
731	-43.75870000001292
732	-43.792300000000175
733	-20.074800000040632
734	-28.742300000025445
735	258.9506
736	263.5126
737	157.17122129841275
738	257.677
739	253.2894999999955
740	262.4234
741	255.575
742	-9.592500000084618
743	278.3574
744	283.9774
745	243.931
746	271.399
747	287.9119
748	186.01020791423903
749	256.2494
750	258.70239999999984
751	160.91024416794255
752	267.5914
753	14.806899999044745
754	244.24550000000002
755	207.79599919972432
756	162.6330189377991
757	244.3606
758	241.90540000000001
759	254.11114651771575
760	244.49659999997644
761	243.4464
762	248.66540000000003
763	274.51730000000003
764	234.1982
765	252.6312
766	263.1622
767	272.6534
768	226.74590000000003
769	29.61669999967549
770	252.6469
771	246.7180540626633
772	267.4813
773	289.3079
774	270.6686
775	251.89439992266534
776	10.380099999836082
777	241.0579
778	249.42169999997682
779	258.6959
780	260.4624
781	263.5891
782	239.3702
783	239.3303
784	-74.6823000000002
785	-77.64750000000008
786	-78.3971000000003
787	-75.85500000000003
788	-78.24050000000001
789	-75.29040000000013
790	-70.80890000000004
791	-76.29500000000002
792	-74.32250000000003
793	-82.84320000000005
794	-78.60540000000007
795	-76.0344000000001
796	-75.91690000000003
797	-78.31590000000004
798	-79.66600000000001
799	-76.5895
800	-74.61430000000001
801	-77.07100000000003
802	-75.62950000000004
803	-76.17380000000001
804	-81.25370000000002
805	-79.82380000000016
806	-72.3193000000001
807	-74.33470000000003
808	-79.12150000000001
809	-79.57940000000004
810	-77.7204
811	-79.29930000000002
812	-78.16420000000001
813	-77.98870000000008
814	-78.22490000000003
815	-78.07610000000005
816	-78.72310000000017
817	-79.9928
818	-74.36820000000009
819	-78.11800000000001
820	-71.46250000000002
821	-26.41110000001554
822	-76.76450000000003
823	-77.78870000000003
824	-74.32960000000028
825	-76.58810000000022
826	-79.29790000000017
827	-76.66330000000002
828	-72.58330000000005
829	-79.13760000000018
830	-81.96480000000003
831	-74.94880000000003
832	-76.85080000000063
833	-76.02280000000002
834	-75.90630000000004
835	-77.96910000000003
836	-78.46040000000002
837	-75.28260000000002
838	-77.13060000000002
839	-74.21890000000002
840	-75.06250000000007
841	-71.40640000000019
842	-73.20860000000002
843	-67.23160000000011
844	-69.76760000000037
845	-79.6513
846	-75.22120000000014
847	-79.88200000000003
848	-78.4873
849	-73.30570000000002
850	-79.34850000000003
851	-80.96790000000001
852	-80.72570000000003
853	-75.99940000000004
854	-77.66710000000003
855	-58.9404000000002
856	-73.59710000000005
857	-78.1004
858	-66.40710000000016
859	-79.24160000000002
860	-74.2544
861	-77.78700000000003
862	-76.49650000000003
863	-77.90020000000007
864	-74.99290000000012
865	-78.69510000000001
866	-69.68300000000002
867	-78.917
868	-78.59390000000003
869	-74.07140000000001
870	-77.41880000000005
871	-78.50170000000001
872	-74.97410000000004
873	-76.92080000000004
874	-72.96360000000001
875	-76.40330000000003
876	-78.9338
877	-75.53780000000003
878	-39.91350000000125
879	-24.923500000030536
880	-70.33040000000004
881	-75.9836
882	-79.05590000000001
883	-74.8165
884	-75.73480000000002
885	-78.41340000000002
886	-70.87430000000006
887	-78.90390000000005
888	-77.55250000000001
889	-79.97040000000031
890	-76.34420000000004
891	-77.00430000000003
892	-77.12510000000002
893	-69.49660000000118
894	-79.33370000000001
895	-75.97940000000007
896	-76.51930000000002
897	-75.20000000000003
898	-77.56490000000001
899	-80.64860000000002
900	-73.31720000000008
901	-76.9240000000001
902	19.436399997894156
903	240.8507
904	104.21229776875707
905	254.7507
906	254.7022
907	246.93069999863786
908	258.18575765161876
909	276.4026
910	254.22984863015148
911	251.19530000000003
912	254.70620000000002
913	241.911
914	256.577
915	254.06500000000003
916	268.1216
917	236.50650000000002
918	251.1599
919	238.30810000000002
920	65.33749985046732
921	229.3082
922	66.75719949575635
923	214.777
924	215.0619
925	223.8123999999552
926	256.1096
927	253.15250000000003
928	22.327699997253585
929	254.04680000000002
930	253.9660696457662
931	97.32248468019678
932	262.8557
933	-46.748200000001134
934	265.3797
935	237.3907
936	267.464
937	235.3807
938	266.5208
939	273.2404
940	246.66640000000004
941	259.6155
942	193.46194891548794
943	7.6569999997491935
944	260.7281
945	273.328
946	252.0135
947	253.03590000000003
948	174.2444658707908
949	248.9289999957941
950	135.6274941066253
951	255.1866999999917
952	253.6414
953	36.66869999777469
954	249.39462708375862
955	262.2342
956	266.1555
957	239.5093
958	228.6571
959	276.0311
960	89.73159990853402
961	265.25
962	237.4616
963	246.59210000000002
964	-26.523600000002876
965	-17.066400000101172
966	-74.87490000000001
967	-74.22270000000002
968	-75.78640000000003
969	-78.24040000000004
970	-78.36660000000003
971	-78.2011
972	-78.42110000000001
973	-76.1066
974	-75.54920000000001
975	-76.40320000000013
976	-78.6787
977	-76.09020000000001
978	-81.5827
979	-44.9684000000003
980	77.71439998027051
981	14.051699999927962
982	-75.35520000000001
983	-79.6963
984	-77.44320000000003
985	194.74698281760564
986	262.338
987	241.69220000000004
988	276.259
989	-75.11260000000001
990	-77.76030000000003
991	-75.68190000000003
992	-28.812500000031765
993	-51.76040000000023
994	-22.38190000000326
995	-48.03240000000021
996	-23.560300000001256
997	-6.5177000000173875
998	28.836699997048196
999	-44.015900000000336
1000	156.37505343597368
1001	-76.5608
1002	-73.78760000000003
1003	-76.9885
1004	-77.12830000000001
1005	-77.42970000000001
1006	-77.50890000000001
1007	-80.7001
1008	-77.91500000000002
1009	-75.55450000000012
1010	-78.57650000000002
1011	-76.30390000000001
1012	-75.95390000000003
1013	-79.85680000000016
1014	-77.76380000000027
1015	-78.59260000000005
1016	-74.79350000000002
1017	-76.69290000000001
1018	-75.61940000000001
1019	-78.40750000000004
1020	-78.73480000000005
1021	-74.42800000000001
1022	-76.40420000000032
1023	-75.06670000000001
1024	-75.5004
1025	-77.72630000000001
1026	-77.5872
1027	-70.06820000000008
1028	-71.1663
1029	-71.26690000000006
1030	-76.64080000000003
1031	-76.87290000000003
1032	-76.50810000000001
1033	-75.89720000000001
1034	-78.5219
1035	-81.8407
1036	-79.50920000000002
1037	-74.84460000000003
1038	-65.13920000000002
1039	-64.1255000000001
1040	-11.382200000084593
1041	-69.7047000000002
1042	-80.1224
1043	-77.23220000000002
1044	-80.13610000000001
1045	-78.59170000000005
1046	-74.0227
1047	-79.88600000000001
1048	-78.25870000000002
1049	-76.87580000000001
1050	-82.5692
1051	-77.88120000000004
1052	-72.0122
1053	-79.016
1054	-74.21370000000002
1055	-78.2239
1056	-78.22760000000001
1057	-77.80420000000002
1058	-70.31350000000002
1059	-74.7078
1060	-78.15850000000006
1061	-79.72960000000002
1062	-78.22440000000005
1063	-74.7596
1064	-76.7163
1065	-79.38100000000009
1066	-81.4459
1067	-80.03490000000004
1068	-76.84990000000012
1069	-77.20490000000001
1070	-75.72770000000006
1071	-77.03040000000004
1072	-78.86730000000001
1073	-80.7051
1074	-80.3335
1075	-73.54830000000001
1076	-78.04920000000001
1077	-80.2948
1078	-74.5855
1079	-78.2152
1080	-77.28310000000002
1081	-75.33430000000108
1082	-5.699900000133213
1083	259.161
1084	279.9533
1085	247.07880000000003
1086	228.5067
1087	122.66569284356247
1088	256.1664883678699
1089	274.8163
1090	237.278
1091	2.156099999972515
1092	265.7595
1093	266.0535
1094	291.3442
1095	157.4456798643853
1096	46.759199998632006
1097	-39.0936000000105
1098	-21.52140000000129
1099	-43.34880000000293
1100	165.22643597203137
1101	-75.97960000000023
1102	-79.9497
1103	-73.41800000000123
1104	-77.4467
1105	-69.85620000000002
1106	-78.11000000000001
1107	-73.09760000000001
1108	-73.41940000000001
1109	-77.79690000000001
1110	-77.50370000000001
1111	-76.95250000000006
1112	-76.91070000000008
1113	-78.70610000000006
1114	-73.86670000000008
1115	-73.6094000000001
1116	257.5336
1117	245.61410000000004
1118	271.6014
1119	270.95409970996906
1120	225.43865494675643
1121	49.19359999914411
1122	273.8078
1123	264.8066
1124	259.9902
1125	254.75000000000003
1126	260.90869999966617
1127	-1.0491000000215747
1128	275.0312
1129	278.2135
1130	217.2312034984999
1131	261.13909999999987
1132	96.89439841838721
1133	256.4233
1134	258.1189
1135	277.9031
1136	247.2136
1137	254.40528485237175
1138	255.3224
1139	255.58100000000002
1140	253.583
1141	49.918699615260195
1142	257.5756
1143	241.02260000000004
1144	0.9804999999706412
1145	245.5683
1146	49.69719999826193
1147	70.35679991454313
1148	255.60155043272465
1149	259.1459
1150	133.22812805302905
1151	247.45584254618808
1152	112.81966188483044
1153	85.03258990088317
1154	252.8081
1155	70.24289916042602
1156	256.3595
1157	244.2794
1158	272.7554
1159	288.7226
1160	101.05699730125451
1161	269.371494209748
1162	278.7506
1163	176.69022738718834
1164	48.560099739626594
1165	260.38794355878395
1166	206.70591833944454
1167	81.08639985941251
1168	282.6126
1169	252.88207266896316
1170	249.22719999999842
1171	276.1035
1172	257.96839999998525
1173	247.7251769695623
1174	122.31719936435347
1175	56.52019999498975
1176	-45.108700000000184
1177	276.56667266974534
1178	-7.486000000008792
1179	251.98190000000002
1180	260.717
1181	243.71310000000003
1182	248.64
1183	271.4639
1184	258.703
1185	236.2736
1186	253.4365
1187	254.9265
1188	245.3334
1189	250.79969999976024
1190	270.2245
1191	-47.091600000000376
1192	5.833199999236921
1193	-73.97610000000002
1194	-68.89640000000024
1195	-76.3953
1196	-81.02910000000003
1197	-70.52260000000004
1198	-70.63730000000004
1199	132.4269709684011
1200	-16.688100000004702
1201	-51.10060000000013
1202	-71.14170000000003
1203	-75.30960000000002
1204	-73.94600000000017
1205	-77.36820000000003
1206	-78.85060000000003
1207	-78.17910000000012
1208	-80.44440000000002
1209	-77.81330000000001
1210	-78.9183
1211	-76.01810000000013
1212	-75.00940000000016
1213	-81.72200000000004
1214	-75.06700000000005
1215	-78.29010000000001
1216	-75.94920000000002
1217	-69.46640000000006
1218	-76.57270000000005
1219	-78.15790000000001
1220	-78.42190000000001
1221	-74.32070000000002
1222	-79.72840000000002
1223	-72.46860000000005
1224	-81.8915
1225	-38.0425000000002
1226	-31.06510000000714
1227	-38.359000000001224
1228	-30.436700000000663
1229	-70.32710000000012
1230	270.4860526402449
1231	245.497
1232	-71.40390000000033
1233	-81.4646
1234	-77.5794
1235	-81.48420000000003
1236	-76.45310000000005
1237	-78.82650000000004
1238	-77.69870000000007
1239	-79.6667
1240	-78.1288
1241	-74.24770000000001
1242	-77.51860000000002
1243	-74.85220000000001
1244	-76.49080000000004
1245	-82.54310000000001
1246	-77.25310000000005
1247	-77.9181
1248	-80.46940000000002
1249	-78.02180000000004
1250	-76.4067000000001
1251	-74.38320000000002
1252	-76.21280000000003
1253	-75.48950000000005
1254	-73.71940000000004
1255	-79.61390000000002
1256	-76.5013000000001
1257	-80.69980000000005
1258	-78.57260000000004
1259	-79.59230000000007
1260	-79.563
1261	-79.6708
1262	-76.6766
1263	-74.86210000000005
1264	-78.10910000000001
1265	-76.41010000000006
1266	-80.19680000000001
1267	-73.77990000000001
1268	-76.86540000000004
1269	-77.88690000000005
1270	-78.33830000000002
1271	-79.60500000000005
1272	-74.17930000000005
1273	-69.63400000000004
1274	-75.01120000000003
1275	-78.30440000000019
1276	-82.2906000000001
1277	-78.02190000000003
1278	-75.68760000000005
1279	-76.6147
1280	-68.94010000000002
1281	-76.67500000000001
1282	-77.8265
1283	-76.30330000000001
1284	-72.311
1285	-75.23870000000002
1286	-73.538
1287	-75.7212
1288	-81.458
1289	-73.35660000000001
1290	-75.94500000000001
1291	-78.2588
1292	-79.5217
1293	-77.48340000000002
1294	-80.54130000000004
1295	-77.4842
1296	-70.93770000000002
1297	-76.95900000000002
1298	-76.3016
1299	-66.02100000000002
1300	-76.7798
1301	-74.26490000000001
1302	-75.42950000000002
1303	-75.3114
1304	-80.2753
1305	-74.1189
1306	-77.3931
1307	-77.73210000000003
1308	-74.3611
1309	-76.01020000000001
1310	-80.67380000000003
1311	-78.08050000000001
1312	-80.03340000000003
1313	-79.48250000000002
1314	-75.26320000000023
1315	-72.76640000000023
1316	-74.94170000000004
1317	-76.51030000000009
1318	-79.1776
1319	-80.1261
1320	-76.74070000000002
1321	-76.6743
1322	-78.49270000000001
1323	-78.89440000000006
1324	-73.05570000000006
1325	-73.36060000000005
1326	-81.56150000000005
1327	-73.63660000000004
1328	-71.14200000000027
1329	-79.99240000000009
1330	-80.33640000000015
1331	-76.40010000000002
1332	-79.545
1333	-79.0547
1334	-78.83980000000004
1335	-81.11500000000002
1336	-75.29430000000002
1337	-79.7812
1338	-69.5485
1339	-78.71840000000002
1340	-74.71230000000003
1341	-77.6024
1342	-73.42690000000002
1343	-72.3715000000001
1344	-77.14110000000004
1345	-75.65730000000487
1346	-74.9975000000001
1347	-78.88590000000003
1348	-73.65310000000022
1349	-73.81340000000003
1350	-75.64500000000001
1351	-75.41180000000018
1352	-74.08860000000006
1353	-70.49340000000001
1354	-77.24560000000002
1355	-79.75040000000003
1356	-74.28080000000047
1357	-76.46370000000003
1358	-78.71370000000003
1359	-74.13800000000026
1360	-27.247800000020156
1361	-29.274400000014815
1362	-77.50740000000002
1363	-71.87440000000012
1364	-26.35630000004367
1365	-73.00030000000002
1366	-75.10300000000036
1367	-79.09270000000026
1368	260.3069
1369	265.7481
1370	235.65149999565756
1371	265.492
1372	273.1253398977271
1373	221.38819999999984
1374	251.8674999999872
1375	260.892
1376	158.8921819820781
1377	260.95869999835605
1378	115.25399922049493
1379	-29.579200000001517
1380	300.79237399680227
1381	80.66269990198013
1382	294.1226
1383	273.7522
1384	280.9262
1385	284.0322
1386	298.24869842773523
1387	-76.26550000000002
1388	-75.47650000000002
1389	-78.64850000000001
1390	-80.5816
1391	-70.23000000000002
1392	-77.36990000000002
1393	-74.26870000000001
1394	-74.07470000000002
1395	-79.2525
1396	-74.12060000000002
1397	-77.99140000000004
1398	-72.7759
1399	-76.44260000000006
1400	-79.2013
1401	-77.67670000000004
1402	-78.379
1403	-66.10990000000004
1404	-75.09630000000001
1405	-77.31810000000006
1406	-76.4984
1407	-78.14330000000007
1408	-74.30450000000003
1409	-77.13690000000001
1410	-80.79390000000001
1411	-79.9471
1412	-78.72630000000001
1413	-80.77380000000011
1414	-79.23220000000002
1415	-78.4750000000002
1416	-78.47210000000022
1417	-77.98230000000001
1418	-78.93580000000001
1419	-78.00620000000002
1420	-74.36370000000012
1421	-74.77650000000004
1422	-77.24530000000006
1423	-78.05730000000001
1424	-77.43810000000005
1425	-70.99360000000003
1426	-79.0272
1427	-79.01030000000002
1428	-74.98940000000002
1429	-74.22990000000001
1430	-74.03310000000003
1431	-76.3196
1432	-78.32350000000002
1433	-73.938
1434	-75.0665
1435	-75.4656
1436	-72.4571
1437	-74.24300000000001
1438	-79.0267
1439	-77.9543
1440	-69.97790000000002
1441	-77.55700000000002
1442	-76.922
1443	-76.303
1444	-75.4025
1445	-76.5236
1446	-76.88390000000001
1447	-70.27620000000002
1448	-76.9929
1449	-75.0653
1450	-78.3182
1451	171.99521256374848
1452	-47.10480000000002
1453	-43.2593000000004
1454	291.3803999996843
1455	-70.47580000000004
1456	-73.29280000000001
1457	-77.7124
1458	-80.6815
1459	-78.22290000000001
1460	-75.74610000000003
1461	-77.77260000000001
1462	-78.01000000000003
1463	-76.30710000000003
1464	-80.72040000000003
1465	-79.04460000000003
1466	-79.78900000000002
1467	-76.3109
1468	-74.46630000000002
1469	-75.5964
1470	-76.81850000000003
1471	-77.15190000000001
1472	-78.09000000000003
1473	-76.14500000000044
1474	-71.06370000000004
1475	-75.814
1476	-78.65620000000004
1477	-75.58050000000001
1478	-78.86050000000002
1479	-79.40140000000032
1480	-76.72710000000018
1481	-75.37910000000029
1482	-74.79400000000005
1483	-75.99710000000002
1484	-80.13490000000003
1485	-74.95670000000008
1486	-77.89900000000003
1487	-72.15220000000001
1488	-78.82230000000006
1489	-80.08150000000005
1490	-75.30790000000007
1491	-78.11100000000009
1492	-78.04440000000004
1493	-77.59300000000005
1494	-79.07880000000009
1495	-81.8124
1496	-80.14600000000002
1497	-77.75060000000003
1498	-67.46770000000016
1499	-73.04530000000038
1500	-80.11020000000003
1501	-77.85260000000007
1502	-77.34810000000039
1503	-79.15990000000039
1504	-80.61320000000046
1505	-76.19510000000015
1506	-77.91220000000015
1507	-77.71070000000009
1508	-80.65250000000003
1509	-73.84270000000045
1510	-73.47800000000004
1511	-74.8373000000002
1512	-79.04040000000002
1513	-76.56410000000227
1514	-78.82700000000004
1515	-78.49340000000002
1516	-78.5047
1517	-77.90310000000001
1518	-75.95380000000006
1519	-81.07560000000002
1520	-77.13650000000003
1521	-77.8437
1522	-72.54280000000008
1523	-79.02970000000003
1524	-73.59620000000014
1525	-78.05630000000025
1526	-80.09180000000008
1527	-76.36450000000012
1528	-79.89600000000011
1529	-73.54860000000001
1530	-76.37830000000004
1531	-78.67840000000001
1532	-80.31310000000002
1533	-76.2414000000002
1534	-76.13800000000032
1535	-77.09610000000023
1536	-76.37980000000006
1537	-75.69650000000034
1538	-78.14280000000001
1539	-31.462600000003967
1540	-25.344300000009763
1541	236.5954
1542	230.90929994924784
1543	269.3207
1544	232.71356306659774
1545	241.70165810293545
1546	257.2767
1547	273.8487
1548	254.55320000000003
1549	262.0124
1550	249.83100000000002
1551	269.1766
1552	19.630299999568145
1553	133.024739225571
1554	250.96106068751445
1555	255.3791
1556	220.10103352787795
1557	251.2817
1558	162.6786215264083
1559	262.3274
1560	149.75597452601428
1561	266.4482
1562	262.935
1563	274.1795
1564	35.233599999951814
1565	249.74045745689816
1566	268.2257
1567	146.7023382582598
1568	274.7725
1569	258.3685
1570	275.0103
1571	245.2482494085692
1572	276.82959999489873
1573	115.16398152988928
1574	261.865599999998
1575	11.820399998883497
1576	291.22116348854144
1577	191.0991992432733
1578	279.1795
1579	263.0082
1580	287.3453
1581	262.2511
1582	292.3693
1583	204.3929837616631
1584	176.58850283703256
1585	239.4014
1586	270.2848
1587	252.76530000000002
1588	260.9779
1589	234.37629999999967
1590	266.6553
1591	260.4507
1592	250.6313
1593	265.6745
1594	0.9474999999915341
1595	274.80249999072475
1596	240.5822
1597	-31.296200000000486
1598	286.1523
1599	258.2469
1600	263.1324922792746
1601	268.1143
1602	240.3616
1603	89.29719984782867
1604	253.483
1605	247.37248929957863
1606	280.4235
1607	-16.054900000009862
1608	-50.024800000000226
1609	15.122699999892136
1610	-74.57650000000001
1611	-50.26740000000012
1612	-50.37640000000092
1613	239.64100009376386
1614	-28.092500000002882
1615	-73.95200000000007
1616	-79.28930000000001
1617	-73.79060000000028
1618	-77.89980000000011
1619	-78.57460000000002
1620	-79.48140000000006
1621	-74.08510000000007
1622	-74.83330000000058
1623	-70.35690000000024
1624	-71.60040000000009
1625	-74.7939
1626	-76.78120000000006
1627	-74.8798000000001
1628	-76.15580000000003
1629	-70.42690000000005
1630	-71.25310000000002
1631	-73.78500000000001
1632	-76.3949
1633	-75.02500000000002
1634	-78.20630000000001
1635	-77.56410000000002
1636	-78.1601
1637	-81.00290000000003
1638	-77.27320000000005
1639	-75.68350000000011
1640	-77.83570000000003
1641	-72.52860000000015
1642	-78.50690000000002
1643	-79.34460000000006
1644	-78.22020000000003
1645	-78.54000000000003
1646	-74.20840000000001
1647	-73.50200000000002
1648	-74.24800000000002
1649	-45.68180000000024
1650	-44.749800000004086
1651	233.83089986827284
1652	-61.12980000000069
1653	-69.31510000000003
1654	-80.02810000000001
1655	-74.87090000000002
1656	-77.2206000000001
1657	-78.61940000000001
1658	-78.63440000000006
1659	-76.77880000000002
1660	-78.95050000000002
1661	-74.7860000000004
1662	-78.72220000000003
1663	-75.60460000000002
1664	-80.4432
1665	-76.30120000000004
1666	-75.73160000000007
1667	-80.64860000000003
1668	-78.41310000000007
1669	-80.2987
1670	-77.63640000000007
1671	-80.1533
1672	-79.10980000000002
1673	-77.98390000000005
1674	-76.63010000000001
1675	-79.9883
1676	-76.07330000000005
1677	-76.57270000000001
1678	-71.78090000000002
1679	-75.8128
1680	-72.06150000000018
1681	-72.59400000000002
1682	29.410099999447556
1683	-73.73870000000024
1684	-73.01630000000003
1685	-72.62600000000003
1686	-69.5203
1687	-81.53520000000002
1688	-78.66380000000001
1689	-78.75540000000001
1690	-73.71070000000002
1691	-77.21480000000003
1692	-81.21860000000002
1693	-73.97550000000001
1694	-76.76240000000001
1695	-74.21070000000005
1696	-75.79540000000006
1697	-76.7286
1698	-75.0787
1699	-80.05340000000005
1700	-77.05350000000003
1701	-77.14370000000002
1702	-77.05470000000003
1703	-77.79370000000002
1704	-73.34610000000002
1705	-76.5831
1706	-80.86600000000006
1707	-78.64620000000001
1708	-73.64960000000005
1709	-78.56690000000002
1710	218.3560621212682
1711	255.6643
1712	96.16959988475423
1713	17.533399999982127
1714	5.527599999933689
1715	-37.09070000000055
1716	-21.58740000000041
1717	-29.493100000001064
1718	-6.9124000000022585
1719	-43.23520000000017
1720	-30.914400000000263
1721	1.6861999999690036
1722	276.5871
1723	260.8055
1724	-72.19390000000003
1725	-75.49570000000001
1726	-78.1894
1727	-75.0138
1728	-77.11590000000001
1729	-73.52150000000006
1730	-77.72630000000001
1731	-76.85260000000001
1732	-76.16380000000001
1733	-73.72760000000005
1734	-76.9394
1735	-78.11510000000003
1736	-79.20960000000001
1737	-75.53210000000001
1738	-79.3744
1739	-76.6108
1740	-74.4092000000001
1741	-77.72390000000003
1742	-79.59450000000002
1743	-80.3492
1744	-79.08070000000001
1745	-79.20370000000001
1746	-78.7996
1747	-76.89770000000004
1748	-76.92060000000001
1749	-83.2846
1750	-79.71820000000004
1751	-77.55820000000001
1752	-77.7824
1753	-78.01200000000017
1754	-71.49970000000008
1755	-80.22270000000002
1756	-74.43860000000005
1757	-69.85820000000001
1758	-77.17210000000001
1759	-74.81540000000003
1760	-76.12940000000006
1761	-75.71600000000001
1762	-74.76960000000001
1763	-70.49360000000006
1764	-77.763
1765	-72.90750000000003
1766	-76.7058000000001
1767	-74.21860000000049
1768	-80.85250000000005
1769	-77.54480000000001
1770	-76.57590000000012
1771	-71.11770000000004
1772	-79.04260000000009
1773	-77.15900000000012
1774	-76.8582
1775	-74.12520000000006
1776	-77.67710000000001
1777	-75.42970000000025
1778	-78.95030000000006
1779	-80.63560000000003
1780	-80.88240000000006
1781	-79.38190000000004
1782	-73.29940000000165
1783	-80.4851000000001
1784	-79.70930000000018
1785	-80.5929000000001
1786	-78.37000000000006
1787	-76.47770000000001
1788	-75.69650000000004
1789	-76.13470000000001
1790	-74.50440000000005
1791	-74.67610000000033
1792	-80.31280000000002
1793	-77.66330000000005
1794	-70.96990000000001
1795	-77.707
1796	-74.0564
1797	-73.3487
1798	-77.49000000000001
1799	-71.26140000000001
1800	-74.17020000000007
1801	-75.62570000000001
1802	-75.11800000000021
1803	-32.48040000000169
1804	-41.26330000000061
1805	-78.28050000000002
1806	-75.24160000000002
1807	-72.2027000000001
1808	-80.06190000000001
1809	-78.58050000000004
1810	-76.11290000000001
1811	-69.62100000000038
1812	-77.73070000000003
1813	-78.15940000000006
1814	-75.1700000000002
1815	271.8213
1816	270.0574
1817	280.4778
1818	219.53480000000002
1819	247.5567
1820	6.600999999862733
1821	243.89450000000002
1822	231.12860000000003
1823	242.0069
1824	273.54948227272547
1825	243.58514293958243
1826	264.4323
1827	174.0613990354034
1828	273.7187
1829	248.96160000000003
1830	241.0154
1831	240.7955882024058
1832	241.8897
1833	248.45049669546944
1834	260.82750359206665
1835	255.399
1836	245.34520000000003
1837	254.4137
1838	261.867
1839	245.3367
1840	226.14500000000004
1841	81.84869973752699
1842	248.3
1843	237.4915
1844	57.99969990463474
1845	238.6404
1846	246.0556
1847	235.05120000000002
1848	247.58239228028464
1849	233.33040000000003
1850	-27.633400000002013
1851	265.9574
1852	229.3681
1853	12.274899999947985
1854	244.9771
1855	281.9279
1856	252.0789
1857	260.4431
1858	244.1756
1859	260.5118
1860	240.66297806931507
1861	150.16622762778556
1862	-46.16750000000007
1863	-24.703600000023545
1864	-41.95170000000418
1865	-75.07890000000002
1866	-36.41640000000043
1867	-28.205800000000455
1868	-47.71620000000003
1869	-77.7203
1870	-76.1934
1871	-78.75860000000002
1872	-77.41370000000002
1873	-73.88380000000001
1874	-42.42660000000426
1875	-40.438300000000716
1876	-66.01180000000026
1877	-76.36820000000002
1878	-73.98290000000001
1879	-75.16040000000001
1880	-76.6401
1881	-72.6655
1882	-27.83260000000002
1883	28.087999999967973
1884	-30.70350000000034
1885	-6.579400000002057
1886	-46.92000000000024
1887	-75.59420000000017
1888	-74.5447
1889	-79.71930000000005
1890	-76.82100000000004
1891	-75.27470000000001
1892	-78.10120000000003
1893	-77.29520000000001
1894	-75.59740000000002
1895	-68.37380000000041
1896	-72.24810000000018
1897	-51.26910000000008
1898	256.6436
1899	238.8946
1900	258.4199
1901	-50.839300000000094
1902	-79.34920000000001
1903	-78.26130000000003
1904	-69.20940000000002
1905	-78.6269
1906	-75.7737000000001
1907	-79.29650000000008
1908	-77.60230000000001
1909	-71.1318
1910	234.8005443482813
1911	59.96789997415615
1912	63.43619998863828
1913	269.8580907670763
1914	-38.19570000000009
1915	-39.72790000000099
1916	16.060599997387403
1917	-77.66260000000001
1918	-48.65680000000018
1919	-73.2162000000001
1920	-48.77780000000056
1921	-22.03690000000124
1922	-78.80110000000009
1923	-80.02080000000001
1924	-74.68680000000005
1925	-74.63010000000006
1926	-75.5722
1927	-77.67430000000003
1928	-78.52130000000001
1929	-78.38210000000001
1930	-78.60480000000003
1931	-77.59500000000001
1932	-82.33070000000002
1933	-80.39420000000003
1934	-74.73850000000002
1935	-78.59750000000004
1936	-74.45820000000006
1937	-82.37310000000008
1938	-79.55900000000001
1939	-72.96970000000002
1940	-79.50210000000007
1941	-78.42700000000004
1942	-70.11010000000002
1943	-75.87050000000002
1944	-78.47230000000002
1945	-79.06650000000008
1946	-75.02260000000003
1947	-70.05750000000013
1948	-78.67310000000002
1949	-74.73950000000005
1950	-77.55760000000001
1951	-70.06170000000039
1952	-77.33970000000004
1953	-79.54920000000003
1954	-80.92140000000003
1955	-77.5199000000001
1956	56.97729997280647
1957	-43.366400000000304
1958	54.720099793035644
1959	238.9054999687915
1960	1.4980999997354787
1961	-41.09750000000035
1962	268.7709
1963	-0.3680000001837277
1964	-25.286400000078622
1965	133.2816119617697
1966	-20.587900000001813
1967	-32.80520000000238
1968	-39.59450000000119
1969	-35.665800000007465
1970	271.2444
1971	-4.633700000002836
1972	252.16200000000003
1973	291.1997
1974	256.9893
1975	241.47070000000002
1976	42.16219999676194
1977	284.6797
1978	81.3007994224536
1979	110.08889902289303
1980	260.6919
1981	106.4115999095274
1982	272.7304
1983	285.0197
1984	267.6638
1985	263.8733
1986	290.9856
1987	63.88809999761331
1988	272.7221
1989	264.2421
1990	258.3278
1991	270.0972
1992	64.93189999874235
1993	275.3791
1994	5.080699999995721
1995	126.6773966250554
1996	-9.870000000046868
1997	263.3909885514047
1998	279.2317
1999	47.41709999507088
2000	81.3854999332241
2001	286.461
2002	252.03570000000002
2003	267.8108
2004	254.26300000000003
2005	255.8284
2006	243.2141
2007	274.156
2008	253.5725
2009	264.2596
2010	267.3672
2011	259.1038
2012	269.991
2013	253.79320000000004
2014	264.2247
2015	239.31570000000002
2016	253.628
2017	106.55139950612796
2018	260.0414
2019	162.7775906648945
2020	111.65649719406599
2021	260.4265
2022	266.4468
2023	262.5671
2024	277.0470372411209
2025	13.231399999714677
2026	45.87579999174803
2027	257.1356970771243
2028	261.16937758059856
2029	261.172
2030	256.6468
2031	263.3897
2032	34.09539999976667
2033	81.33759998684981
2034	284.6248
2035	257.419
2036	254.00710000000004
2037	262.3549
2038	275.2897
2039	264.2829
2040	259.8292
2041	274.8107
2042	33.48369999991929
2043	269.467
2044	271.4982
2045	266.6727
2046	266.3779
2047	265.0592
2048	251.00160000000002
2049	247.72650000000002
2050	79.44189907652421
2051	37.623699999380165
2052	268.9271
2053	42.877499999244456
2054	290.8123
2055	63.07379999392514
2056	200.37608362320623
2057	157.99719679689866
2058	-42.98640000000008
2059	-44.9949
2060	282.8181
2061	267.76959999999
2062	258.8387513410445
2063	259.0107
2064	266.8547
2065	281.7098
2066	102.53638371806275
2067	-43.09150000000032
2068	266.5164
2069	238.95512619975023
2070	9.7554999996146
2071	26.09629999603168
2072	-41.84240000001245
2073	254.34020000000004
2074	-75.85680000000062
2075	-77.59620000000001
2076	-77.59090000000009
2077	-79.51910000000015
2078	-76.97730000000001
2079	-75.13830000000002
2080	-75.74450000000004
2081	-76.85340000000005
2082	-26.408500000002608
2083	271.5579
2084	246.1198
2085	159.061429316232
2086	277.65780000000007
2087	279.6112
2088	51.921199997648806
2089	-25.996300000000158
2090	-44.67740000000032
2091	76.99059998035493
2092	-44.868000000000215
2093	221.55969435356562
2094	-76.6403
2095	-72.5053
2096	-73.9958
2097	-68.46680000000025
2098	-78.1659
2099	-75.4307
2100	-78.6743
2101	-72.13610000000001
2102	-75.62460000000002
2103	-79.77520000000004
2104	-78.92630000000007
2105	-66.29140000000004
2106	-72.1951000000007
2107	-80.24300000000001
2108	-75.81980000000021
2109	-77.41160000000004
2110	-72.99540000000007
2111	-76.53020000000036
2112	-79.99890000000003
2113	-80.17320000000016
2114	-76.74050000000015
2115	-77.72360000000008
2116	-78.676
2117	-73.97010000000007
2118	-78.30270000000002
2119	-73.41980000000004
2120	-76.85150000000002
2121	-76.90070000000001
2122	-77.41640000000001
2123	-75.52430000000003
2124	-76.90790000000001
2125	-74.87770000000002
2126	-72.39680000000021
2127	-78.57010000000005
2128	-76.95770000000013
2129	-80.54320000000003
2130	-80.99810000000006
2131	-72.73040000000026
2132	-78.10060000000003
2133	-77.37430000000005
2134	-80.28870000000002
2135	-81.21330000000003
2136	-70.89260000000004
2137	-78.55390000000001
2138	-77.13380000000002
2139	-77.92330000000008
2140	-78.36430000000048
2141	-78.35820000000004
2142	-78.92010000000022
2143	-76.5059
2144	-76.70050000000005
2145	-78.0065
2146	-75.95150000000001
2147	-77.60330000000002
2148	-78.27500000000002
2149	-79.3951
2150	-71.7834
2151	-77.81660000000004
2152	-77.95480000000002
2153	-77.85860000000002
2154	-78.4643
2155	-43.81530000000351
2156	107.45319734088787
2157	4.442399999815361
2158	-75.58540000000005
2159	-79.56300000000003
2160	-79.29990000000001
2161	-76.22990000000014
2162	-77.00340000000001
2163	-79.84800000000003
2164	-80.5645
2165	-79.34760000000003
2166	-80.42530000000001
2167	-78.49340000000002
2168	-69.60640000000126
2169	-68.6338
2170	-77.34380000000002
2171	-80.8059
2172	-76.09050000000002
2173	-74.9228
2174	-75.18270000000003
2175	-75.53910000000003
2176	-75.55880000000002
2177	-74.52720000000001
2178	-79.3206
2179	-75.89970000000004
2180	-75.31510000000004
2181	-76.71370000000007
2182	-71.36510000000003
2183	-75.59110000000003
2184	-78.22550000000017
2185	-74.29730000000004
2186	-78.35490000000001
2187	-73.3590000000001
2188	-76.18940000000002
2189	-73.04480000000004
2190	-78.38840000000003
2191	-79.2056
2192	-74.6254
2193	-81.5788
2194	-75.84450000000008
2195	-80.78420000000001
2196	-78.06720000000003
2197	-77.73570000000001
2198	-74.98050000000003
2199	-81.32630000000003
2200	-75.9291000000005
2201	-80.89540000000002
2202	-40.27660000000097
2203	-46.633300000000396
2204	16.086799999427676
2205	-44.71830000000288
2206	82.96869882490093
2207	-9.41360000002098
2208	206.39243899775124
2209	89.82609978873394
2210	116.83818048385777
2211	-17.559600000054918
2212	-39.38700000000372
2213	232.4500004671577
2214	77.52949586016014
2215	-75.04140000000007
2216	-74.60040000000001
2217	-13.555100000011716
2218	-44.54420000000008
2219	-43.67360000000101
2220	-80.2937
2221	-80.7467
2222	-70.69550000000001
2223	-79.73680000000016
2224	-77.91610000000003
2225	-77.60650000000003
2226	-77.42570000000002
2227	-78.81690000000003
2228	-76.26120000000002
2229	-80.5024
2230	-82.76130000000002
2231	-75.42040000000011
2232	-74.54100000000004
2233	-78.6559000000001
2234	-79.22390000000001
2235	-79.45640000000006
2236	-77.56840000000001
2237	-75.5917000000001
2238	-77.37380000000002
2239	-75.18600000000002
2240	-34.65550000000059
2241	-30.51460000001254
2242	264.3477851937876
2243	89.24549996911396
2244	255.50788163912262
2245	264.0915
2246	286.0697
2247	272.4154
2248	-44.047200000000046
2249	-36.756600000001235
2250	89.08359999242784
2251	99.84319968933418
2252	-27.941100000000812
2253	11.71469999995645
2254	272.24595069763427
2255	-43.43670000000135
2256	-17.70080000000131
2257	180.39676558693301
2258	29.776399999558347
2259	266.4446
2260	252.0826
2261	252.3563
2262	272.2334
2263	259.7060190017616
2264	258.9649
2265	176.3373017077724
2266	273.21726406049385
2267	-54.189700000000244
2268	-44.470700000000306
2269	-73.5096
2270	-76.6884
2271	-77.3374
2272	-76.96690000000001
2273	-79.7566
2274	-73.07420000000049
2275	-77.9308
2276	-50.23310000000002
2277	265.05629962633105
2278	282.07239999792347
2279	259.4369
2280	287.9959
2281	252.2812
2282	236.55760000000004
2283	242.13210000000004
2284	240.1575
2285	217.47290000000004
2286	235.53
2287	11.448399999610224
2288	-51.38250000000011
2289	243.2178981119476
2290	-44.50880000000284
2291	232.83449999999996
2292	-46.133700000000346
2293	60.56569975359075
2294	-75.36860000000001
2295	-78.69370000000002
2296	-80.99030000000002
2297	-75.13600000000001
2298	-77.00130000000004
2299	-76.71490000000016
2300	-72.73550000000117
2301	-73.33250000000065
2302	-75.72920000000201
2303	-78.48520000000006
2304	-77.78070000000001
2305	-70.36520000000131
2306	-73.7277
2307	-35.60550000000068
2308	-40.443700000006125
2309	245.9699
2310	270.032
2311	249.1088
2312	225.1898
2313	246.7823
2314	267.9184
2315	247.37230314101254
2316	-36.16110000000566
2317	231.18311750512643
2318	42.810399998144405
2319	283.1481
2320	239.1384
2321	252.28870000000003
2322	241.9765375219
2323	257.1516999967906
2324	283.9664
2325	223.1387
2326	257.1865
2327	31.93419998479635
2328	258.75569940855354
2329	261.1457
2330	258.2484
2331	23.96429999959129
2332	272.5898
2333	-72.67960000000001
2334	-76.04540000000001
2335	-74.85030000000005
2336	-78.9503
2337	-73.14940000000003
2338	76.32639979613666
2339	-74.39070000000001
2340	-45.16000000000256
2341	-39.41910000001922
2342	258.3056999919766
2343	266.4635
2344	14.11829999839147
2345	256.3118
2346	-3.5974000000224398
2347	248.8594
2348	244.9495034222739
2349	260.3921
2350	252.3304
2351	248.8512
2352	250.62930000000003
2353	252.1955
2354	243.16329990072322
2355	263.1563
2356	261.5692
2357	273.9937
2358	267.0635
2359	282.6662
2360	-79.4488
2361	-82.50760000000001
2362	-79.8624
2363	-75.11370000000001
2364	-39.638600000000075
2365	66.81009993954464
2366	-24.22310000001769
2367	270.6671
2368	294.1357
2369	254.8211
2370	63.53339998678693
2371	268.7014292314234
2372	289.0858
2373	285.8722
2374	283.1195
2375	253.4662
2376	260.7301
2377	246.76590000000002
2378	233.40300000000002
2379	236.46100000000004
2380	271.1963999999999
2381	271.9726
2382	251.5369
2383	250.3809
2384	258.6785
2385	246.48810000000003
2386	-0.2743000000037027
2387	246.5824
2388	262.877
2389	256.2137
2390	72.30929981457643
2391	246.09690000000003
2392	251.4182
2393	258.9917
2394	270.8637
2395	263.8041
2396	53.46689991772156
2397	261.1161
2398	254.47630000000004
2399	253.86220000000003
2400	262.2228
2401	246.58209999923452
2402	275.9628999999995
2403	254.79279999990035
2404	253.3673
2405	188.69821490768015
2406	248.2343
2407	271.69010000000003
2408	271.2413523639484
2409	289.2683
2410	83.07019998871283
2411	272.74
2412	254.9691
2413	276.8089
2414	272.7155
2415	260.5079
2416	222.560003637303
2417	272.0169
2418	265.4701
2419	278.0727
2420	223.2114403549916
2421	274.8358
2422	297.1993
2423	269.69916481212124
2424	79.76339983897022
2425	264.0735
2426	291.37969993605105
2427	90.4278987354806
2428	264.3272
2429	250.03990000000002
2430	258.8389
2431	262.3055
2432	269.2103
2433	-13.796500000003894
2434	269.0869
2435	258.5297
2436	277.6992
2437	31.84519999971936
2438	11.229099999807548
2439	244.69159999999889
2440	227.6633999195549
2441	256.8965
2442	247.41200000000003
2443	245.02170000000004
2444	259.1437
2445	160.77015766856684
2446	42.43149998525107
2447	233.8021
2448	10.947299999973195
2449	15.018499999977443
2450	-70.6248
2451	-36.84780000000016
2452	257.1628
2453	205.9777410039107
2454	288.9601
2455	295.25319507727335
2456	156.77769762931962
2457	-72.7706
2458	-73.7228
2459	-70.8433
2460	-76.2964
2461	-80.78640000000001
2462	-74.53560000000002
2463	-76.8574
2464	-73.97570000000002
2465	-80.24630000000002
2466	-74.76340000000002
2467	-78.76710000000024
2468	-77.8114000000001
2469	-78.02500000000019
2470	-72.78960000000082
2471	-80.57140000000004
2472	-78.56060000000001
2473	-77.71040000000004
2474	-79.90470000000002
2475	-79.42120000000051
2476	-80.11820000000004
2477	-73.47860000000026
2478	-77.42100000000183
2479	-72.54100000000015
2480	-46.828800000000165
2481	17.474899996064376
2482	-8.72010000002309
2483	-11.491100000021905
2484	-20.756100000002935
2485	-78.20780000000002
2486	-73.03100000000008
2487	-74.17990000000005
2488	-78.34390000000003
2489	-79.78300000000002
2490	-75.6908
2491	-77.70040000000002
2492	-79.3626
2493	-78.28780000000003
2494	-79.9406
2495	-78.91700000000002
2496	-81.8589
2497	-75.0469
2498	-70.51240000000031
2499	-76.17290000000003
2500	-40.151300000003516
