1	-72.58410000000099
2	-50.697500000002975
3	6.812399997519389
4	-79.8642
5	-74.41370000000002
6	-79.7251
7	-75.87440000000001
8	-79.5954
9	-74.48190000000002
10	-81.1661
11	-80.98120000000002
12	-75.17980000000003
13	-73.02240000000046
14	-5.9095000000265365
15	-34.39680000000139
16	-79.15950000000002
17	-78.07040000000006
18	-73.71600000000028
19	-76.83420000000002
20	-77.01520000000001
21	-73.97910000000009
22	-78.28480000000009
23	-70.09560000000006
24	-79.56780000000003
25	-81.90060000000001
26	-76.59870000000004
27	-76.05770000000004
28	-79.21710000000006
29	-75.37370000000004
30	-76.06710000000012
31	-72.32000000000002
32	-77.61080000000003
33	253.0492
34	272.0491313391022
35	259.1065341582215
36	275.2056
37	212.26438176355686
38	261.6305999998781
39	258.80494212328904
40	269.0581
41	-77.40100000000001
42	-77.44310000000007
43	-78.16330000000012
44	-82.13190000000002
45	-73.02410000000009
46	-80.39970000000005
47	-77.48350000000026
48	-74.48270000000032
49	-74.68830000000004
50	-70.24290000000009
51	-71.86050000000006
52	-78.53080000000001
53	-78.3335
54	-77.41480000000001
55	-76.06480000000002
56	-77.61260000000003
57	-78.50400000000006
58	-78.15470000000002
59	-77.03110000000005
60	-79.93860000000004
61	-76.59360000000001
62	-78.33710000000015
63	-75.14950000000012
64	-75.05020000000002
65	-74.61030000000005
66	-80.9710000000001
67	-74.57020000000017
68	-77.66250000000015
69	-81.41070000000006
70	-73.5603000000001
71	-78.14230000000013
72	-79.65920000000003
73	-80.76170000000003
74	-77.79400000000024
75	-74.00180000000005
76	-76.29370000000004
77	-71.86150000000004
78	-74.72710000000012
79	-79.82230000000004
80	-79.07800000000002
81	-75.85920000000029
82	-79.32710000000003
83	-70.35940000000107
84	-78.32390000000032
85	-80.15860000000005
86	-81.07360000000001
87	-77.61350000000002
88	-77.5812
89	-78.37750000000003
90	-78.91620000000003
91	-80.67720000000006
92	-75.98300000000006
93	-78.49170000000015
94	-70.40200000000007
95	-75.46470000000014
96	-77.84450000000015
97	-76.67610000000002
98	-81.41070000000003
99	-80.7319
100	-77.14210000000006
101	-77.06470000000007
102	-80.8677
103	-75.47390000000016
104	-73.31690000000046
105	-78.45700000000019
106	-77.81960000000007
107	-75.0176000000001
108	-74.29360000000001
109	-81.48830000000001
110	-76.5936
111	-81.01800000000004
112	-79.74030000000012
113	-77.42100000000003
114	-78.19570000000002
115	-73.56980000000007
116	-79.30810000000007
117	-81.06790000000004
118	-80.82000000000002
119	-80.01160000000027
120	-79.09380000000007
121	-81.73650000000143
122	-77.91460000000038
123	-73.00180000000007
124	-72.61900000000001
125	-47.155600000003034
126	-18.220400000008837
127	-15.597200000060509
128	-5.626800000016032
129	-25.39030000000065
130	0.22999999968506374
131	237.0383885534465
132	236.54319858984414
133	84.97449411065726
134	239.4731
135	29.56369999852646
136	9.359799999410848
137	253.3087413009056
138	-72.17530000000002
139	-79.87500000000001
140	-78.99570000000003
141	-80.54350000000002
142	-72.8408000000001
143	-70.59500000000024
144	-76.37070000000041
145	-77.94460000000011
146	-79.09880000000005
147	-80.02400000000006
148	-78.86800000000005
149	-74.12640000000002
150	-79.05670000000002
151	-77.38920000000002
152	-78.06540000000001
153	-75.19130000000015
154	-80.80200000000002
155	-72.43860000000028
156	-70.3135000000001
157	-72.1773
158	-77.46730000000004
159	-79.19480000000017
160	-81.34980000000013
161	-75.93820000000008
162	-77.80280000000003
163	-73.3995
164	-77.2619
165	17.709699999849594
166	265.3912
167	279.0877
168	192.3169476836958
169	208.56203403817165
170	260.4782
171	265.4104
172	254.10270000000003
173	265.4822
174	245.39830000000003
175	246.9153
176	273.7967
177	283.74627018061904
178	275.8166
179	257.738
180	271.4103
181	275.8225
182	248.62700000000004
183	247.44839209435074
184	266.8677
185	244.04720000000003
186	265.0419
187	255.0697
188	256.9584
189	258.8943
190	251.1198
191	244.83710000000002
192	236.12859999999696
193	250.0695998948477
194	270.0084
195	261.8571
196	255.95630000000003
197	267.8848999999993
198	275.4372
199	283.1356
200	166.76541819411347
201	20.726599998900017
202	-48.126200000000246
203	-42.379000000000055
204	-75.006
205	261.88439999853136
206	225.48059936528975
207	258.3694
208	82.95399997014155
209	253.1513
210	167.89642702250117
211	268.1967
212	278.2831
213	275.6859
214	254.49060000000003
215	268.4939
216	255.84560000000002
217	227.3566174439478
218	258.38076554666935
219	253.0171418275026
220	249.25830000000002
221	269.9733
222	215.4741643795888
223	239.82880000000003
224	-76.00190000000002
225	-76.62210000000003
226	-77.94720000000002
227	-76.18600000000005
228	-79.53560000000004
229	-73.23520000000012
230	-77.10110000000002
231	-76.59020000000001
232	-78.53190000000001
233	-74.89300000000009
234	-77.3983
235	-77.44740000000003
236	-42.001500000000156
237	-77.54820000000001
238	-73.38130000000005
239	-73.2612
240	262.135
241	253.8607
242	262.0932
243	248.0546
244	-48.453500000000425
245	269.8438
246	99.64229920717088
247	237.87413719662845
248	246.4097
249	-9.515300000038241
250	249.51070000000004
251	271.03812326454977
252	283.5088
253	245.16640000000004
254	213.02314522343465
255	-48.312500000000355
256	-70.37350000000006
257	-75.10650000000001
258	-77.07750000000003
259	-78.09790000000031
260	-80.83750000000013
261	-80.46960000000001
262	-79.98260000000002
263	-77.44180000000001
264	-78.11960000000002
265	-73.32280000000019
266	-77.04690000000002
267	-74.23920000000011
268	-78.06620000000001
269	-74.48990000000025
270	-78.22400000000002
271	-72.54520000000016
272	-75.9632000000003
273	-77.39640000000027
274	-73.75730000000023
275	-74.99170000000004
276	-77.05040000000001
277	-80.2472
278	-78.0833
279	-74.71750000000002
280	-72.24660000000006
281	-74.49970000000003
282	-77.73110000000003
283	-76.11630000000001
284	-77.6275000000001
285	-77.33430000000016
286	-82.24850000000002
287	-80.03340000000001
288	-79.36870000000002
289	-76.40060000000004
290	-73.5121
291	-77.27830000000002
292	-71.9025
293	-78.8685
294	-77.46500000000003
295	-69.63050000000003
296	-36.7584000000004
297	-73.62430000000003
298	-75.60340000000001
299	-76.9852
300	-74.18220000000001
301	-76.92880000000004
302	-79.06970000000005
303	-73.79950000000008
304	-75.89280000000004
305	-76.16580000000002
306	-79.64420000000004
307	-76.64220000000003
308	-76.96980000000003
309	-81.8735
310	-76.05600000000007
311	-81.86020000000003
312	-73.98490000000004
313	-80.31050000000002
314	-76.84930000000004
315	-77.7994
316	-75.84790000000015
317	-78.47830000000002
318	-78.29460000000002
319	-78.12880000000014
320	-78.23440000000002
321	-71.0443000000001
322	-80.562
323	-73.27870000000006
324	-74.69870000000003
325	-74.9245
326	-63.85150000000011
327	51.55689999806715
328	-71.5008000000001
329	-48.625600000000084
330	-74.54720000000054
331	-63.12890000000021
332	-36.316900000001176
333	-71.8133000000002
334	-75.00520000000014
335	-77.92360000000012
336	-75.2704000000001
337	-74.39030000000001
338	-70.78580000000004
339	-80.5391
340	-78.63300000000004
341	269.1925
342	239.35552615855858
343	260.7754
344	240.51479826321142
345	255.9375
346	274.54169894230887
347	248.64070000000004
348	245.5535
349	278.4809
350	243.9866
351	267.04123074574693
352	228.89745570540353
353	234.49280000000002
354	247.6627
355	239.36761230312263
356	240.6526
357	137.21718829131905
358	247.13329980471215
359	224.0517
360	243.0189
361	234.5412
362	257.0948
363	246.98230000000004
364	252.2774
365	274.8794
366	87.35259991809417
367	251.0595
368	251.2998
369	225.7665999964934
370	255.9348
371	265.9351
372	-73.27980000000001
373	-76.4075
374	-58.44370000000003
375	-72.54470000000002
376	265.5602
377	-79.0775
378	-75.8137
379	-77.25410000000001
380	-75.4463
381	-40.46640000000208
382	-81.22080000000003
383	-77.07880000000006
384	-44.52370000000054
385	-42.3271000000006
386	-9.767500000003169
387	45.79979997031624
388	-79.20940000000002
389	-76.01720000000002
390	-74.54350000000011
391	-77.86080000000011
392	252.8971
393	244.61149999999986
394	261.10216794795014
395	250.4996
396	276.1049
397	245.61350000000002
398	249.7384
399	260.0609
400	284.6369
401	281.3728698409192
402	265.4283
403	56.92429999633399
404	274.1634
405	287.0803627741399
406	281.2863
407	281.208
408	292.206
409	2.179899999996714
410	-55.10020000000002
411	131.40969852094148
412	-71.38
413	-72.27170000000002
414	-76.03910000000002
415	-75.02780000000001
416	-79.10670000000002
417	35.23029999920515
418	-10.95000000001433
419	-46.779000000000174
420	14.76259999991703
421	26.26139999834208
422	-64.71380000000012
423	-76.22980000000001
424	-77.2872
425	-78.16160000000002
426	-72.49480000000003
427	-71.28420000000001
428	-75.62360000000001
429	-74.01080000000003
430	-73.1897
431	-38.991200000000006
432	-67.3663
433	-76.78460000000001
434	-73.9525
435	-69.2329
436	-64.33670000000001
437	-36.39040000000019
438	-75.0749
439	-78.4654
440	-79.71520000000001
441	-69.18110000000004
442	-79.1152
443	-75.69640000000012
444	-73.98070000000008
445	-77.77000000000001
446	-80.0017
447	-77.92950000000003
448	-79.85950000000003
449	-80.71950000000001
450	-78.59240000000005
451	-79.60890000000015
452	-78.98850000000013
453	-75.3323
454	-48.560300000001185
455	255.7874
456	-71.18530000000017
457	-79.70130000000002
458	-77.4571
459	-78.45080000000002
460	-77.60900000000002
461	-77.79340000000003
462	-79.48440000000001
463	-74.3886
464	-79.01350000000002
465	-76.88160000000003
466	-77.71800000000003
467	-76.06010000000003
468	-75.6763
469	-77.92510000000001
470	-76.01800000000001
471	-80.15490000000001
472	-79.44160000000001
473	-75.37490000000001
474	-78.13910000000001
475	-4.00460000008961
476	271.5136
477	224.41930000000002
478	259.1733
479	277.7585898748292
480	-30.14580000000986
481	263.05795656458406
482	258.7862
483	242.35776175988877
484	258.1699
485	248.2913
486	235.43328842746766
487	227.40820000000002
488	245.0507812597444
489	265.9501
490	243.01210000000003
491	227.41010000000003
492	242.4341
493	258.126
494	230.53460000000004
495	239.519
496	260.5498
497	3.206799999488206
498	156.099770169488
499	238.40206990176034
500	264.0918
501	245.5967
502	249.56449988690974
503	270.8434
504	274.7446
505	281.0949
506	101.38699889227948
507	248.6255
508	56.72049999088732
509	129.88308764191353
510	282.8863
511	258.51
512	248.64740000000003
513	258.0889
514	258.4687
515	-39.64890000000022
516	259.7406
517	273.2948
518	186.59756393422103
519	254.69769995324557
520	231.27029498712727
521	274.0906
522	253.976
523	262.9144
524	277.7143
525	248.50090000000003
526	281.3906
527	250.5597
528	239.1903
529	262.2532
530	273.2871
531	245.9168
532	193.10120639132828
533	224.4216
534	2.1774999999036653
535	69.35369997755993
536	73.83159996952187
537	-64.8004
538	-75.91420000000015
539	-78.45690000000002
540	-47.934500000000035
541	265.4141
542	267.2159
543	268.3568
544	85.26109976443769
545	-41.02750000000068
546	-73.54040000000003
547	237.43926090986463
548	244.84160000000003
549	242.1186
550	244.13170000000002
551	178.5502125541325
552	244.5561
553	261.8822
554	246.9617
555	273.9648
556	255.2099
557	263.8016
558	19.699199996410584
559	137.14733511707186
560	-24.402100000002378
561	268.1782
562	249.71949999987595
563	256.93449999994584
564	52.0609999664261
565	255.7037
566	-28.68930000000084
567	-74.4661
568	-77.0815
569	-78.50390000000002
570	-76.883
571	-75.25080000000003
572	-73.385
573	-42.051500000000125
574	274.2027999996776
575	251.12915174089932
576	245.89139676383166
577	239.7171
578	252.3502
579	237.3385
580	228.50250000000003
581	220.33183188465577
582	236.39680000000004
583	217.80730000000003
584	215.37840000000003
585	245.50340000000003
586	275.2366
587	276.9617
588	188.46921220880486
589	243.77978803691292
590	264.6197
591	253.4646
592	262.5482
593	87.13499982204704
594	35.27669999933712
595	85.2616996674254
596	247.643
597	-46.688600000000825
598	-43.942600000000525
599	-15.120900000052151
600	-0.788000000018404
601	170.60540615637566
602	-50.49630000000006
603	-8.640300000011674
604	248.26399972068324
605	247.13546470032404
606	260.2615
607	243.61397607393417
608	31.91609999814022
609	228.72526520356487
610	229.9157
611	278.29336817379715
612	273.4026
613	264.9722
614	257.7299
615	277.520765674162
616	260.5768
617	288.08990000000006
618	246.7624999804942
619	249.75517184284791
620	228.5640084549253
621	-26.405200000002864
622	269.6139
623	273.214
624	251.0128
625	234.9215
626	253.2469
627	250.82350000000002
628	260.4501999998479
629	250.77069160546404
630	243.9071
631	129.03446977688742
632	36.226199999589895
633	-46.509300000001055
634	-40.608000000001326
635	259.6736
636	237.82243901084638
637	-35.598000000000795
638	246.53470000000002
639	112.75189173021704
640	256.2617
641	259.29752899874075
642	256.9502
643	243.31822656823698
644	251.02980000000002
645	230.76970000000003
646	232.5928
647	233.5312
648	246.6334
649	176.47243272207558
650	243.2982013891654
651	184.71558927628743
652	3.581299996753107
653	-10.101400000029338
654	44.28969999437909
655	278.5401
656	69.2856999105802
657	105.65338735938079
658	239.9841
659	255.92702311998474
660	249.3622
661	257.5226
662	96.16969984680988
663	226.43686209184722
664	292.9012
665	268.2434
666	263.9478
667	257.3930999999986
668	274.4082
669	280.1912
670	266.369
671	-81.0879
672	-75.34340000000002
673	-72.77500000000003
674	-75.378
675	-78.8465
676	-20.25310000000393
677	269.3335
678	243.8822
679	262.2036
680	278.7796
681	250.12810000000002
682	256.8521
683	272.81158921160625
684	249.36950000000002
685	253.9427
686	227.48100000000002
687	274.8513
688	238.64220000000003
689	247.4606159327618
690	271.9166
691	-7.527900000001571
692	277.3869
693	136.4056916878275
694	191.4927732488686
695	282.1893999999749
696	284.25749999998595
697	-25.73150000000157
698	259.756
699	-79.2881
700	-76.2046
701	-75.60260000000002
702	-78.73
703	-79.11740000000002
704	-82.1835
705	-78.4324
706	-75.14320000000005
707	-78.6349
708	-76.83430000000004
709	-78.97530000000002
710	-70.86070000000001
711	-78.99490000000002
712	-77.89520000000007
713	-75.7586000000001
714	-77.04210000000002
715	-79.32800000000002
716	-70.03710000000002
717	-72.71610000000014
718	-75.43400000000003
719	-77.56650000000002
720	-69.58680000000001
721	-75.67170000000003
722	-74.9003
723	-80.8193
724	-76.42890000000001
725	-75.9381
726	-79.49840000000002
727	-76.65260000000004
728	-73.95510000000003
729	-79.8529
730	-78.35340000000002
731	233.2952
732	274.1102
733	246.6321
734	-0.39880000000957067
735	60.37599999102611
736	255.61386867523913
737	285.1529
738	251.8227
739	261.01709998477725
740	-68.63530000000002
741	-60.5568000000001
742	-34.07670000000096
743	-46.770100000000106
744	275.8336649519608
745	184.43302004168535
746	281.4256
747	65.36109998460093
748	246.3851637948817
749	58.07579991279414
750	-71.52480000000004
751	241.7987
752	-75.6081000000001
753	-41.75490000000093
754	-46.57890000000675
755	-29.379800000003737
756	-76.35010000000038
757	-76.15670000000009
758	-81.42410000000001
759	-79.56720000000001
760	-79.7300000000004
761	-78.28480000000003
762	-76.45540000000005
763	-79.11290000000001
764	-80.92400000000028
765	-73.72240000000005
766	-78.86860000000007
767	-72.6664000000002
768	-77.24700000000004
769	-77.47570000000012
770	-75.78960000000012
771	-76.25140000000017
772	-76.85160000000006
773	-81.06600000000005
774	-78.1965
775	-75.95620000000004
776	-75.45000000000002
777	-78.5241
778	-70.81790000000001
779	-74.00210000000001
780	-76.0835000000004
781	-76.19830000000033
782	-74.31460000000001
783	-74.40440000000001
784	-73.58070000000005
785	-77.17550000000016
786	-75.0152
787	-79.49590000000005
788	-80.11220000000002
789	-75.44720000000001
790	-77.43940000000005
791	-77.35990000000011
792	-72.58530000000104
793	-78.1356000000002
794	-76.94080000000001
795	-77.67260000000003
796	-76.89030000000015
797	-75.61070000000007
798	-76.27060000000004
799	-75.69500000000001
800	-73.88320000000004
801	-75.2362
802	-78.39300000000001
803	-77.0189
804	-75.5213
805	-76.52420000000002
806	-72.8591000000001
807	-78.74610000000003
808	-71.00910000000003
809	-74.18340000000006
810	-73.1723000000001
811	-71.68940000000002
812	-78.4784
813	-74.6449000000009
814	-73.43700000000003
815	-73.12240000000052
816	-80.90180000000005
817	-77.75030000000002
818	-75.7685000000003
819	-77.79990000000014
820	-78.86080000000003
821	-72.3301000000001
822	-77.21620000000001
823	-76.96320000000003
824	-80.23900000000003
825	-72.41850000000022
826	-75.20330000000001
827	-78.45930000000001
828	-72.0895000000001
829	-76.54490000000006
830	-75.13740000000018
831	-77.39300000000004
832	-75.32350000000008
833	-74.60820000000001
834	-69.87170000000002
835	-79.9646000000001
836	27.486099997994444
837	15.889099999674738
838	-44.02750000000126
839	-54.19210000000027
840	-61.602600000000024
841	-69.1407000000003
842	-79.57560000000001
843	-75.89720000000004
844	-77.19580000000005
845	-81.2272
846	-80.85430000000005
847	-41.869400000002415
848	3.185099999731
849	-51.34730000000074
850	246.62699977762023
851	241.497
852	48.09569999007084
853	-8.493900000041345
854	241.4678
855	52.72269995798973
856	250.8585
857	213.71175634297265
858	240.3171
859	246.32100000000003
860	244.3041
861	260.5571
862	188.23315448490743
863	246.9865
864	280.8724
865	254.97640000000004
866	272.6394
867	249.2898196413306
868	176.8731781769639
869	254.8103
870	258.11439999955115
871	11.839899999697424
872	97.3575930424191
873	247.7363
874	244.6439
875	244.16168939771723
876	273.622
877	252.27710000000002
878	239.3063
879	220.23848359073307
880	261.0318
881	232.79170000000002
882	269.979
883	243.4332974246711
884	242.8145
885	236.81140000000002
886	132.9949345765371
887	127.84509821907095
888	-29.85970000000069
889	260.0365
890	-11.121400000090148
891	-71.3962000000001
892	-39.29250000000205
893	-46.31080000000235
894	8.624899997996417
895	-74.89070000000001
896	-73.73300000000017
897	-78.82850000000003
898	-74.17280000000086
899	-77.14590000000001
900	-76.23190000000072
901	-75.81630000000104
902	-78.40440000000152
903	-80.3592000000001
904	-79.54260000000002
905	-77.5993000000001
906	-77.82050000000002
907	-77.27510000000012
908	-80.48350000000016
909	-79.96010000000005
910	-80.81640000000006
911	-77.39740000000097
912	-77.99380000000019
913	-79.70820000000022
914	-68.9315000000004
915	65.43899976913653
916	-46.84360000000023
917	-77.91270000000002
918	-73.07700000000008
919	-74.9906
920	-75.80430000000001
921	-79.87760000000003
922	-77.33930000000001
923	-79.01760000000002
924	-78.97830000000003
925	-76.66080000000004
926	-73.91540000000006
927	-78.20380000000019
928	-75.45860000000002
929	-81.49240000000006
930	-78.36340000000001
931	-74.08210000000004
932	-80.43400000000007
933	-78.68160000000003
934	-75.649
935	-76.71040000000005
936	-77.80570000000003
937	-73.40080000000002
938	-74.10160000000009
939	-77.15950000000002
940	-79.61260000000001
941	-76.73470000000006
942	-80.73890000000002
943	-80.06210000000027
944	-79.60400000000003
945	-78.11430000000004
946	-76.07080000000003
947	-75.21160000000036
948	-80.69440000000014
949	-79.9183
950	-80.8139
951	-76.98300000000002
952	-73.55560000000001
953	-73.7017
954	-73.6679
955	-76.97350000000002
956	-75.1977
957	-75.01160000000002
958	-72.4523
959	-76.4619
960	-71.4633
961	-78.3298
962	-75.843
963	-73.1947
964	-81.20530000000001
965	-79.27670000000002
966	-75.77710000000003
967	-76.51020000000001
968	-81.6688
969	-79.7483
970	-79.03320000000001
971	-78.33200000000001
972	-74.45530000000032
973	-79.14110000000016
974	-77.3495000000004
975	-78.02440000000001
976	-80.84330000000001
977	-76.02410000000002
978	-76.18830000000007
979	-76.80710000000009
980	-77.36510000000008
981	-76.64170000000003
982	-80.49720000000003
983	-73.18140000000017
984	-69.32560000000007
985	-72.95060000000005
986	-78.74690000000001
987	-76.86850000000001
988	-76.01880000000001
989	-77.77620000000002
990	-80.40550000000003
991	-78.0290000000001
992	-77.80370000000003
993	-77.52990000000008
994	-74.11580000000005
995	-75.76940000000012
996	-80.18270000000003
997	-78.84780000000005
998	-74.98610000000033
999	-77.08870000000003
1000	-78.62650000000022
1001	-80.32120000000003
1002	-80.01720000000006
1003	-82.43970000000003
1004	-76.02230000000027
1005	-73.79360000000064
1006	-79.11840000000001
1007	-78.54080000000005
1008	-65.70470000000027
1009	90.15489632321963
1010	237.60255369656966
1011	258.1998
1012	280.6916
1013	243.75230000000002
1014	264.9129
1015	243.84090000000003
1016	260.4734
1017	228.0546
1018	254.1187
1019	261.7131
1020	201.49427381229893
1021	261.424
1022	231.01
1023	222.46340000000004
1024	-69.15750000000001
1025	-75.82750000000024
1026	-79.26800000000004
1027	-73.91940000000008
1028	-75.46620000000001
1029	-78.46470000000001
1030	-80.80070000000002
1031	-77.78960000000001
1032	-73.81180000000019
1033	-77.70860000000002
1034	-71.72510000000018
1035	-54.97410000000025
1036	-70.9739
1037	-74.66010000000023
1038	-15.71790000014146
1039	-45.188700000005745
1040	254.5648
1041	256.0237999992242
1042	238.00819999998384
1043	250.4816
1044	264.8446
1045	265.77689999999996
1046	-75.29890000000006
1047	-79.23160000000003
1048	-71.69330000000006
1049	-73.33880000000019
1050	-77.79020000000001
1051	-75.42510000000065
1052	-77.47950000000006
1053	-73.69300000000003
1054	-77.56850000000006
1055	-80.02310000000003
1056	-73.74680000000004
1057	-77.83870000000002
1058	-81.23790000000002
1059	-79.35270000000011
1060	-71.4709
1061	54.08179996715076
1062	-27.175400000002817
1063	-73.7497000000008
1064	-67.01120000000017
1065	255.0473
1066	3.6059999999582297
1067	-73.2016
1068	266.2398
1069	-61.20890000000016
1070	-42.86550000000046
1071	-3.930500000003636
1072	-74.9324
1073	-78.51660000000004
1074	-80.79020000000008
1075	-80.81670000000004
1076	-78.95530000000001
1077	-78.302
1078	-76.05400000000009
1079	-77.00110000000001
1080	-78.23560000000002
1081	-77.9518
1082	-73.83560000000003
1083	-73.44920000000002
1084	-76.38600000000001
1085	-80.90090000000001
1086	-78.0169
1087	-81.6282
1088	-79.39020000000012
1089	-79.47890000000001
1090	-77.45370000000001
1091	-77.67770000000002
1092	-77.37260000000002
1093	-76.27510000000001
1094	-80.4881
1095	-79.53390000000003
1096	-72.07420000000002
1097	-76.4204
1098	-77.88380000000001
1099	-77.76080000000002
1100	-76.99580000000002
1101	-80.84480000000003
1102	-75.3127
1103	-44.937300000000036
1104	-33.4978000000029
1105	-34.76710000000227
1106	110.41419739411383
1107	114.17139906809321
1108	249.48450000000003
1109	259.223
1110	-39.143800000003104
1111	280.2853
1112	46.448299998621145
1113	256.5655
1114	258.6718
1115	265.4615
1116	277.5092
1117	258.0965
1118	257.4117
1119	237.87770000000003
1120	245.69889999999702
1121	-45.78610000000077
1122	-75.45710000000001
1123	-75.30080000000001
1124	-72.86230000000008
1125	-14.986800000002244
1126	-55.913900000000034
1127	-77.3871
1128	-77.6473
1129	-76.88720000000002
1130	-76.4554
1131	-76.7328
1132	-76.38600000000001
1133	-71.94280000000002
1134	-75.05630000000001
1135	-78.6013
1136	-79.14510000000001
1137	-68.65890000000002
1138	-79.9852
1139	-71.47080000000001
1140	-71.0954
1141	-77.971
1142	-34.52970000000215
1143	-39.35980000000313
1144	247.43870000000004
1145	248.41122488456116
1146	249.42920000000004
1147	84.42069947902682
1148	246.77370000000002
1149	232.9114
1150	241.8151
1151	241.2641
1152	249.55040000000002
1153	272.7881
1154	235.35930000000002
1155	248.88620000000003
1156	270.4101
1157	268.2312
1158	275.432
1159	262.3039
1160	254.64570000000003
1161	269.859
1162	263.9477788405458
1163	272.00317648336323
1164	277.8983
1165	100.41949862849005
1166	7.251499999982051
1167	267.211
1168	136.77192170683037
1169	282.7242999999992
1170	282.67679999999916
1171	284.42300000000006
1172	246.22760000000002
1173	266.22209999999876
1174	66.1849999561763
1175	19.089699999972794
1176	252.2184
1177	253.45930000000004
1178	296.4323
1179	289.22
1180	299.9071999978585
1181	262.1077
1182	266.3361
1183	282.1244
1184	2.357399999968881
1185	261.1597
1186	257.0848
1187	261.6331
1188	243.4046
1189	262.3268
1190	249.87690000000003
1191	260.59572888510644
1192	258.6145
1193	252.12840000000003
1194	245.64718124377964
1195	252.00369999998594
1196	273.4594
1197	255.426
1198	255.8572
1199	238.67560000000003
1200	191.23725881759196
1201	242.92630000000003
1202	217.9163999999999
1203	60.22399978990438
1204	-62.961000000000716
1205	-76.40940000000003
1206	-77.18850000000003
1207	-75.63130000000018
1208	-72.92800000000017
1209	-77.93040000000022
1210	-74.90710000000017
1211	-74.93100000000001
1212	-77.7119
1213	-76.52830000000003
1214	-80.72130000000003
1215	-76.20150000000004
1216	-75.3246
1217	-77.08480000000004
1218	-78.54820000000001
1219	-78.63360000000002
1220	-74.76840000000001
1221	-78.2352
1222	-76.53070000000001
1223	-77.47290000000002
1224	-68.31840000000018
1225	-79.22310000000002
1226	-76.06710000000007
1227	-77.28840000000002
1228	-76.89920000000004
1229	-78.47930000000002
1230	-78.02000000000004
1231	-64.76870000000021
1232	-75.57870000000013
1233	-80.30280000000002
1234	-81.9873000000024
1235	-76.8378000000001
1236	-81.1431
1237	-74.19890000000005
1238	-83.30450000000002
1239	-74.84480000000002
1240	-79.21270000000004
1241	-74.20910000000079
1242	-78.00840000000001
1243	-74.81230000000093
1244	-76.83510000000003
1245	-77.55380000000008
1246	-78.63340000000015
1247	-73.45350000000003
1248	-77.47630000000001
1249	-79.19500000000001
1250	-78.12750000000068
1251	-79.6149000000002
1252	-80.72880000000006
1253	-77.81760000000133
1254	-78.69090000000011
1255	-79.1596000000001
1256	-71.69910000000066
1257	-79.7600000000001
1258	-81.02900000000002
1259	-80.62170000000003
1260	-76.07980000000002
1261	-76.06610000000002
1262	-76.07320000000001
1263	-73.18950000000012
1264	-79.50840000000002
1265	-76.06320000000005
1266	-78.0952
1267	-78.60150000000003
1268	-79.71710000000007
1269	-72.39370000000001
1270	-71.78440000000002
1271	-75.89220000000002
1272	-74.82900000000004
1273	-73.37530000000011
1274	-71.52380000000002
1275	-78.8562
1276	-76.07340000000006
1277	-78.52080000000002
1278	-77.69940000000003
1279	-76.08550000000001
1280	-77.89270000000002
1281	-42.46010000000122
1282	-24.23450000000226
1283	125.4230199988685
1284	-21.084600000000496
1285	26.118799999506162
1286	-13.242500000018465
1287	-24.55680000000186
1288	-66.28920000000001
1289	259.504499994042
1290	-49.49440000000054
1291	-35.197100000000994
1292	-75.48260000000002
1293	-78.0898
1294	-75.28470000000004
1295	-80.70480000000002
1296	-72.18840000000003
1297	-77.33320000000003
1298	-73.27830000000002
1299	-76.66490000000017
1300	-76.1769000000001
1301	-75.87920000000004
1302	-77.8932
1303	-75.2274
1304	-79.56640000000006
1305	-81.53000000000003
1306	-74.64380000000003
1307	-74.79540000000001
1308	-73.90480000000012
1309	271.3904
1310	244.0682
1311	272.25209980539097
1312	248.8655
1313	251.8778
1314	-72.6407
1315	-78.61160000000002
1316	-72.79060000000005
1317	-78.18200000000002
1318	-76.75730000000001
1319	-75.43930000000003
1320	-71.4112000000001
1321	-47.12970000000232
1322	-48.237200000000314
1323	-22.080300000009178
1324	102.94339887565604
1325	-24.74860000000543
1326	-43.12510000000223
1327	-74.28630000000004
1328	-76.87660000000002
1329	16.07119999975954
1330	-61.73710000000013
1331	-41.30490000000015
1332	-45.60550000000122
1333	260.9441
1334	282.7807
1335	270.8608
1336	254.69799999955706
1337	257.5707
1338	224.58179999995207
1339	273.6326
1340	145.0822436532306
1341	45.55649999405888
1342	266.2958
1343	268.9525618290565
1344	265.5051
1345	278.7281
1346	248.0545
1347	262.3088
1348	274.1457
1349	233.2674803381363
1350	222.81921731082835
1351	255.33010740827234
1352	258.321
1353	266.6498
1354	270.0518
1355	299.5086
1356	237.9246
1357	33.69389999008082
1358	225.6579953702969
1359	267.6017992932253
1360	275.3645
1361	286.2035999999999
1362	258.4467
1363	269.3009
1364	276.7872
1365	153.33468491238142
1366	255.91084792909575
1367	-37.55250000000094
1368	58.902099997133334
1369	-70.51700000000001
1370	16.96519999992885
1371	-21.042600000000427
1372	-75.1101
1373	-78.0924
1374	280.24765864765146
1375	-33.38480000000039
1376	-65.56680000000001
1377	-74.63730000000001
1378	-79.5955
1379	-74.18290000000002
1380	-73.4822
1381	-77.3222
1382	285.4677
1383	262.84164234025025
1384	-28.163300000000607
1385	299.1914
1386	287.0421
1387	261.4202
1388	250.5921
1389	274.9077
1390	-17.87850000000147
1391	272.7269
1392	303.6461
1393	175.0473487569529
1394	279.6792
1395	27.672499999831302
1396	265.83893665893197
1397	259.7424
1398	-74.67190000000005
1399	-75.3869
1400	-76.17810000000001
1401	-77.60100000000001
1402	-74.31870000000004
1403	-75.51320000000001
1404	-43.327100000001174
1405	-16.379400000007593
1406	33.76999999956152
1407	258.5592
1408	248.6895
1409	255.606
1410	272.8411
1411	269.8085
1412	9.846299999896727
1413	272.8653
1414	250.29580000000004
1415	266.6416
1416	261.5838
1417	52.03289998964639
1418	269.5224
1419	241.22624747939037
1420	162.7973430688411
1421	272.8286766353237
1422	242.59190000000004
1423	240.7974
1424	272.3786
1425	235.92310000000003
1426	7.772899999982986
1427	-52.14000000000009
1428	256.231689225413
1429	-18.37910000000282
1430	256.2333
1431	264.2673
1432	249.3804
1433	261.3523
1434	37.337699994109784
1435	238.7495
1436	276.8539
1437	59.18949994090124
1438	179.46096946723299
1439	-60.07330000000021
1440	-76.62420000000002
1441	-76.73740000000002
1442	-54.5282000000001
1443	-79.26330000000003
1444	-77.79940000000005
1445	-77.47960000000002
1446	-76.32920000000004
1447	-73.88610000000007
1448	-81.0146000000001
1449	-77.7629
1450	-74.4638
1451	-20.948900000001494
1452	-73.86880000000001
1453	-76.54670000000003
1454	-81.26570000000001
1455	-73.93970000000016
1456	-81.10310000000001
1457	-76.40340000000083
1458	-76.06000000000002
1459	-78.03430000000003
1460	-76.58110000000003
1461	-78.39700000000015
1462	-80.99280000000012
1463	-78.47190000000009
1464	-76.66250000000029
1465	-76.80630000000012
1466	-78.36640000000001
1467	-77.22470000000007
1468	-79.06320000000015
1469	-77.25970000000007
1470	-79.133
1471	-79.49530000000006
1472	-78.9079000000002
1473	-72.96510000000018
1474	-74.90730000000005
1475	-75.99900000000004
1476	-76.76990000000008
1477	-78.68070000000014
1478	-77.05040000000005
1479	-79.37660000000004
1480	-75.72220000000003
1481	-76.73320000000002
1482	-75.17340000000003
1483	-73.34430000000002
1484	-78.4444
1485	-73.91870000000006
1486	-75.22920000000005
1487	-70.04520000000002
1488	-77.87370000000001
1489	-75.87050000000002
1490	-79.83060000000006
1491	-77.1288
1492	-72.07
1493	-72.81940000000002
1494	-75.8024
1495	-79.16830000000002
1496	-74.73820000000005
1497	-75.78000000000002
1498	-78.45970000000001
1499	-75.1329
1500	-73.93870000000003
1501	-75.3267
1502	-76.63120000000013
1503	-72.64630000000004
1504	-69.8075
1505	-75.26850000000002
1506	-80.19290000000001
1507	-75.78960000000001
1508	-76.5696
1509	-68.54550000000019
1510	4.041599999990529
1511	-42.365700000000196
1512	77.24759993028414
1513	-23.197200000003875
1514	268.448
1515	253.02570000000003
1516	252.10650000000004
1517	268.1398
1518	242.33360000000002
1519	-5.124000000139626
1520	264.1164
1521	220.1053467729346
1522	272.01829999874036
1523	259.6328
1524	250.5796
1525	86.8531999862188
1526	252.6471
1527	257.8977
1528	244.7962
1529	237.6433
1530	173.28880734456177
1531	266.2439
1532	91.1855999537617
1533	269.1446
1534	260.0665
1535	124.20108970517971
1536	282.8828
1537	37.7401999998926
1538	272.9083
1539	240.217
1540	274.0107
1541	252.7161670564002
1542	254.14540000000002
1543	252.4668
1544	219.2109
1545	100.36629475913088
1546	245.25419985588542
1547	253.57899999977556
1548	-72.54240000000061
1549	-78.74390000000012
1550	-78.16500000000006
1551	-77.76670000000011
1552	-79.81330000000021
1553	-77.0775000000003
1554	-76.39250000000014
1555	-79.10170000000008
1556	-76.70640000000013
1557	-80.35450000000009
1558	-76.63470000000005
1559	-78.67770000000004
1560	-78.93610000000008
1561	-78.50820000000016
1562	-75.51830000000001
1563	-79.18420000000003
1564	-73.89360000000003
1565	-73.0718
1566	-77.88550000000002
1567	-72.91710000000009
1568	-76.4258
1569	-75.53360000000002
1570	-77.75250000000003
1571	-79.1118
1572	-75.77760000000005
1573	-72.70690000000003
1574	-77.92100000000002
1575	-74.50310000000002
1576	-79.36070000000002
1577	-76.49140000000001
1578	-79.9936
1579	-72.73790000000002
1580	-75.42090000000002
1581	-75.00240000000004
1582	-75.2075
1583	-77.12080000000026
1584	-81.06070000000007
1585	-77.21550000000015
1586	-81.45360000000002
1587	-76.63200000000037
1588	-76.36300000000017
1589	-78.53390000000003
1590	-76.21510000000004
1591	-78.73330000000001
1592	-78.43710000000144
1593	-78.27300000000008
1594	-74.53660000000022
1595	-77.06360000000004
1596	-77.07460000000002
1597	-72.82880000000006
1598	-73.47770000000007
1599	-78.42880000000007
1600	-76.31700000000004
1601	-75.83230000000002
1602	-74.01740000000007
1603	-75.66760000000009
1604	-73.96920000000013
1605	-77.41810000000001
1606	-78.09430000000009
1607	-79.07900000000008
1608	-74.73150000000003
1609	-74.32840000000026
1610	-76.16190000000007
1611	-77.17270000000032
1612	-79.53390000000005
1613	-32.604400000003025
1614	-74.19530000000006
1615	-81.3272
1616	-80.13460000000015
1617	-79.64800000000005
1618	-79.8357
1619	-75.02510000000035
1620	-73.39020000000004
1621	-76.44970000000006
1622	-78.73300000000002
1623	-77.63440000000001
1624	-80.18960000000004
1625	-54.730800000000386
1626	-74.7033000000001
1627	-64.61220000000067
1628	-74.80190000000003
1629	-46.8773000000003
1630	-21.7815000000284
1631	-73.47900000000001
1632	-75.2373
1633	-76.99480000000001
1634	-75.4946
1635	-78.33870000000002
1636	-81.13570000000004
1637	-79.5526
1638	-77.64780000000016
1639	-77.84300000000039
1640	-44.16990000000065
1641	-72.15900000000005
1642	78.35849981785034
1643	-21.55970000002194
1644	-75.78730000000003
1645	-76.89330000000004
1646	-75.69280000000002
1647	-70.25620000000002
1648	-76.3841
1649	106.32749979525248
1650	41.377099999685555
1651	257.4024
1652	257.2172
1653	259.5503
1654	257.6769
1655	260.7316
1656	-70.23280000000001
1657	-78.91290000000001
1658	-76.76570000000001
1659	-72.7961
1660	-72.52870000000001
1661	-75.38340000000001
1662	-76.03450000000001
1663	-77.7743
1664	-78.57160000000007
1665	-81.59190000000001
1666	-74.62110000000001
1667	-78.5822
1668	-74.66240000000006
1669	-79.88800000000002
1670	-78.16580000000002
1671	-76.68390000000002
1672	-79.44320000000003
1673	-78.86930000000007
1674	-77.1715
1675	-79.22540000000015
1676	-78.70890000000003
1677	-77.81160000000003
1678	-80.67230000000019
1679	-78.6718000000011
1680	-78.75970000000027
1681	-76.2801000000002
1682	-76.87140000000015
1683	-73.04390000000076
1684	-77.95970000000003
1685	-72.71800000000003
1686	-80.5924000000001
1687	-78.61170000000007
1688	-76.23980000000005
1689	-76.0667
1690	-76.0638
1691	-76.9621
1692	-75.51020000000001
1693	-71.3634
1694	-70.6613
1695	-79.44080000000004
1696	-73.73630000000004
1697	-77.50370000000001
1698	-79.08080000000002
1699	-74.63500000000003
1700	-81.81460000000003
1701	-74.54790000000014
1702	-76.13150000000005
1703	-78.76090000000009
1704	-78.3257
1705	-70.65780000000008
1706	-80.20990000000002
1707	-80.16390000000004
1708	-69.99150000000006
1709	-71.58780000000002
1710	-82.87480000000001
1711	-73.9538
1712	-78.42220000000005
1713	-73.4214
1714	-77.9644
1715	-75.97290000000001
1716	-78.19370000000004
1717	-77.79210000000008
1718	-71.49690000000001
1719	-69.6076000000001
1720	-70.43140000000001
1721	-80.3302
1722	-75.67750000000002
1723	-77.16950000000077
1724	-72.63290000000005
1725	-76.71830000000008
1726	-74.82770000000005
1727	-76.45550000000016
1728	-78.77660000000004
1729	-79.38580000000017
1730	-76.60890000000013
1731	-79.36950000000002
1732	-77.7931
1733	-79.6551
1734	-76.39840000000001
1735	-75.20060000000002
1736	-79.95260000000002
1737	-80.84350000000003
1738	-76.21520000000001
1739	-34.17740000006577
1740	-76.75970000000004
1741	-75.82890000000003
1742	-72.0102
1743	-38.09760000000023
1744	-15.911100000027886
1745	-39.058000000001634
1746	-24.901900000011366
1747	-73.94750000000002
1748	-72.33450000000002
1749	-77.47310000000004
1750	-69.80400000000016
1751	-76.4301000000001
1752	-36.02660000001847
1753	-38.507700000000476
1754	-72.7856
1755	-71.04160000000002
1756	-76.2995
1757	-77.74160000000009
1758	-81.2591
1759	-79.15660000000001
1760	-73.62390000000018
1761	-80.83720000000011
1762	-78.80560000000023
1763	-76.82550000000016
1764	-77.0979000000001
1765	-75.92280000000055
1766	-76.03670000000028
1767	-77.85910000000025
1768	-76.44410000000013
1769	-73.71020000000047
1770	-79.40010000000002
1771	-74.47510000000001
1772	-79.96480000000003
1773	-77.57190000000007
1774	258.7176
1775	190.47960963546294
1776	241.4245
1777	250.9809
1778	254.51310000000004
1779	247.57240000000002
1780	249.9704
1781	257.7212
1782	239.7305
1783	-0.674100000203362
1784	237.87282229908308
1785	-75.74590000000038
1786	-77.71990000000002
1787	-70.23350000000029
1788	-74.1515000000008
1789	-72.3387000000014
1790	-73.60920000000003
1791	-76.2222000000003
1792	-80.02320000000046
1793	-75.65800000000078
1794	-77.04570000000002
1795	-79.16450000000006
1796	-80.19670000000067
1797	-80.02500000000009
1798	-79.4864000000005
1799	-79.28580000000008
1800	-79.05960000000003
1801	-79.79890000000003
1802	-78.87700000000103
1803	-79.07000000000015
1804	-80.0771
1805	-78.10310000000001
1806	-78.24240000000003
1807	-78.16280000000005
1808	-76.04590000000005
1809	-76.35630000000002
1810	-80.7872
1811	-77.57310000000001
1812	-71.72030000000002
1813	-81.5666
1814	-76.87770000000005
1815	-79.7551
1816	-74.6021
1817	-55.39520000000038
1818	-34.0935000000014
1819	246.6563999999799
1820	-79.06750000000005
1821	-81.25190000000006
1822	-78.88980000000001
1823	-80.23320000000005
1824	-74.07280000000013
1825	-79.90900000000005
1826	-78.91740000000019
1827	-77.45480000000198
1828	-77.83100000000034
1829	-75.92280000000007
1830	-74.13550000000019
1831	231.9367
1832	162.8935845447114
1833	235.21780000000004
1834	238.06540000000004
1835	47.23199998041632
1836	262.4916
1837	-29.97280000000049
1838	-79.78370000000001
1839	-79.77290000000012
1840	-79.25070000000001
1841	-74.82730000000004
1842	-76.20800000000001
1843	-83.4441
1844	-80.47940000000001
1845	-77.80350000000001
1846	-79.3836
1847	-80.531
1848	-79.38890000000002
1849	-76.4431
1850	-79.28200000000001
1851	-72.03350000000003
1852	-75.41350000000006
1853	-70.69170000000013
1854	-74.72030000000008
1855	-75.02260000000004
1856	61.24099996722406
1857	-45.71290000000238
1858	-40.086400000001014
1859	-68.26050000000014
1860	-41.99360000000003
1861	-40.64670000000056
1862	-13.587600000017877
1863	-67.60960000000001
1864	271.39046670635764
1865	-33.13530000000132
1866	-63.627000000000066
1867	-76.06830000000001
1868	-71.74230000000001
1869	-77.88470000000004
1870	91.13539993312996
1871	273.0076
1872	245.05119999999948
1873	240.58708288774557
1874	250.1082
1875	240.7353327016546
1876	275.6231
1877	270.277
1878	284.0256
1879	286.9413
1880	268.8162
1881	244.4075
1882	253.9104
1883	234.98570000000004
1884	252.54570000000004
1885	250.62769935094573
1886	164.58227762061827
1887	235.29780000000002
1888	241.7673
1889	245.5495
1890	-18.59100000004799
1891	255.329
1892	214.8317
1893	257.2044
1894	259.8148
1895	259.4187
1896	262.7364
1897	273.7056
1898	259.7302
1899	269.7523455433544
1900	267.4664
1901	276.3573
1902	287.4693
1903	277.8421
1904	289.06979999497463
1905	287.0735
1906	264.625
1907	167.84105728041416
1908	276.3321
1909	257.4886
1910	10.305499999975938
1911	244.2326438510737
1912	292.668
1913	256.1064
1914	29.693899999647694
1915	259.0485
1916	259.1571
1917	193.38013100338702
1918	14.68379999997365
1919	230.4945
1920	267.7561
1921	255.6689998246806
1922	245.51139916246842
1923	242.0087
1924	191.1734517843617
1925	241.93565305638842
1926	25.40509999847372
1927	259.507
1928	-44.73870000000386
1929	-78.30080000000005
1930	-71.62500000000014
1931	-78.5123
1932	-78.0132
1933	-47.24320000000006
1934	-72.29840000000003
1935	43.5905999983884
1936	266.5663999999998
1937	-44.079600000000205
1938	-7.510600000021039
1939	-2.8453000005618354
1940	-36.2731000000001
1941	-35.93670000002778
1942	-26.760600000014822
1943	-33.67050000000081
1944	-14.554800000240323
1945	-34.72050000000483
1946	-70.71410000000093
1947	-76.39740000000005
1948	-75.03370000000008
1949	-78.36810000000006
1950	-76.00500000000001
1951	-78.68770000000002
1952	-79.12980000000006
1953	-75.84330000000011
1954	-79.8277
1955	-78.6144
1956	-75.36580000000001
1957	-78.80190000000002
1958	-70.41580000000063
1959	-77.56280000000005
1960	-76.15590000000007
1961	-76.18220000000002
1962	-79.58500000000014
1963	-80.8379
1964	-79.19950000000001
1965	-78.36820000000003
1966	-76.9556
1967	-72.25620000000009
1968	-80.65720000000005
1969	-76.13150000000003
1970	-75.55970000000006
1971	-78.56860000000002
1972	-77.81240000000001
1973	-75.79540000000006
1974	-76.1314
1975	-80.23650000000005
1976	-75.20310000000002
1977	-79.18590000000009
1978	-78.57890000000003
1979	-78.0513000000001
1980	-77.32100000000003
1981	-28.795800000004668
1982	-34.51600000000062
1983	-74.50740000000005
1984	-78.7464
1985	-77.18050000000002
1986	-77.20180000000003
1987	-72.85970000000016
1988	-80.96570000000003
1989	252.9930238638204
1990	70.77199979741704
1991	246.92613198921308
1992	266.2909
1993	254.81729999947638
1994	-53.72050000000008
1995	-56.23410000000003
1996	-40.385800000000216
1997	244.9467582992988
1998	-69.93120000000008
1999	-78.7084
2000	-77.47460000000004
2001	-73.62220000000006
2002	-77.63880000000002
2003	-78.0744
2004	-75.68170000000002
2005	-74.76070000000001
2006	-77.73560000000008
2007	-79.03270000000002
2008	-76.80440000000021
2009	-71.92390000000019
2010	-72.36310000000005
2011	-78.72040000000001
2012	-79.05940000000001
2013	-79.2494
2014	-27.435300000001003
2015	21.79869999895338
2016	-73.46360000000001
2017	-78.27630000000002
2018	-80.76160000000002
2019	-79.68400000000001
2020	-75.07750000000006
2021	-78.47330000000001
2022	-81.15400000000002
2023	-77.86160000000001
2024	-78.2144
2025	-77.50730000000004
2026	-80.17210000000003
2027	-74.91430000000007
2028	-73.6460000000002
2029	-80.01290000000049
2030	-81.0798000000001
2031	-77.43420000000013
2032	-76.4186000000001
2033	-78.67950000000005
2034	-78.19380000000002
2035	-76.04740000000005
2036	-77.87000000000005
2037	-71.5537000000002
2038	-75.66250000000043
2039	-78.37620000000004
2040	-71.56820000000002
2041	-77.38310000000013
2042	-74.94810000000005
2043	-76.74470000000004
2044	-78.13230000000009
2045	-77.06470000000002
2046	-76.62270000000001
2047	-83.4156
2048	-76.26870000000035
2049	-79.8669
2050	-76.48640000000006
2051	-79.27140000000001
2052	-76.01530000000001
2053	-73.9301
2054	-78.8995
2055	-33.76460000002125
2056	-80.09870000000008
2057	-76.97320000000009
2058	-71.03750000000015
2059	-76.80040000000004
2060	-78.73740000000001
2061	-76.59500000000003
2062	-76.11800000000002
2063	-80.47600000000011
2064	-71.41150000000002
2065	-77.92540000000005
2066	-76.33340000000007
2067	-79.25450000000001
2068	-77.76050000000001
2069	-77.32400000000003
2070	-73.0068
2071	-78.55720000000001
2072	-80.05630000000002
2073	-80.6115000000001
2074	-79.98510000000012
2075	-79.2670000000001
2076	-76.77870000000006
2077	-76.72140000000007
2078	-76.8299
2079	-78.02800000000002
2080	-80.0421
2081	-78.41110000000002
2082	-79.1823
2083	-76.84410000000001
2084	-76.49640000000005
2085	-79.94130000000003
2086	-77.96740000000001
2087	-81.44570000000002
2088	-76.76870000000001
2089	-78.35970000000003
2090	-74.50680000000003
2091	-80.6782
2092	-76.19990000000003
2093	-78.98470000000002
2094	-78.18600000000004
2095	-81.3928
2096	-78.8658
2097	-71.83960000000002
2098	-81.8241
2099	-77.1213
2100	-78.3829
2101	-80.5096
2102	-80.57410000000002
2103	-80.1687
2104	-81.16120000000001
2105	-81.62510000000003
2106	-75.83740000000016
2107	-78.46530000000003
2108	-69.14120000000067
2109	-70.71330000000002
2110	-78.99430000000001
2111	-80.77000000000005
2112	-79.48180000000002
2113	-75.7082
2114	-82.3068
2115	-75.18720000000002
2116	-79.3614
2117	-77.14870000000002
2118	-79.21490000000001
2119	33.358699998657094
2120	6.0039999998865206
2121	268.0621
2122	257.9937
2123	272.7291434503264
2124	267.5475
2125	19.314999999964343
2126	282.0409
2127	259.1316
2128	205.69634451459922
2129	124.28369881232139
2130	268.5212
2131	263.4494264698121
2132	176.7211077399203
2133	-19.736200000082597
2134	261.3379
2135	251.26154287286656
2136	258.0446
2137	268.2553
2138	248.7702
2139	277.7595
2140	-15.751000000006774
2141	-30.828000000017244
2142	-66.89000000000003
2143	-75.92780000000002
2144	-74.03850000000001
2145	-69.37090000000008
2146	-78.62280000000017
2147	-80.08340000000001
2148	-80.81040000000003
2149	-72.02890000000004
2150	-78.94340000000003
2151	-80.4961
2152	-80.5824
2153	257.5745
2154	238.5468
2155	238.83975412910647
2156	235.6612
2157	214.34894974315173
2158	273.1883999361597
2159	278.0438
2160	258.8695
2161	247.60750000000002
2162	261.0888
2163	261.8359
2164	254.97320000000002
2165	229.03937752485098
2166	94.2319981173111
2167	248.53783757334384
2168	50.237999978916754
2169	262.039
2170	61.68809999368862
2171	181.70753682118612
2172	95.41219973825771
2173	254.11500000000004
2174	267.8289
2175	278.154899206676
2176	276.761196993615
2177	245.17230451228642
2178	19.66109999954629
2179	263.6257
2180	263.8264
2181	-18.755900000008793
2182	248.02530000000002
2183	265.056
2184	274.332
2185	99.33399898998726
2186	265.9973
2187	271.8749780344947
2188	263.3904
2189	273.7996
2190	266.8465
2191	281.5033
2192	295.7266297014637
2193	-41.16120000000054
2194	85.72959999228809
2195	297.3213
2196	314.6311
2197	273.6536
2198	185.32002418325413
2199	279.1159
2200	136.46239282618322
2201	268.1355
2202	258.7872
2203	260.0939
2204	261.8941
2205	42.48189999783572
2206	226.74143189491588
2207	77.69119999004471
2208	269.9892
2209	283.1083
2210	303.2843
2211	291.4266537282778
2212	279.5149
2213	44.14519999808074
2214	72.76369998167897
2215	248.12740000000002
2216	250.61890000000002
2217	255.9336
2218	89.28369990869591
2219	242.9915206110395
2220	-1.3236000001371664
2221	261.6171
2222	277.7237946648934
2223	-56.52180000000019
2224	2.4412999996189026
2225	-76.80350000000001
2226	-80.25770000000001
2227	-79.1725
2228	-71.2629
2229	260.19527931677544
2230	259.6089
2231	120.97999504733842
2232	252.5906984644389
2233	261.7223
2234	34.49349999420388
2235	255.0416
2236	273.4409842826916
2237	255.32885168747706
2238	261.4657
2239	277.9885
2240	267.29759999999993
2241	-41.21480000000414
2242	32.13289999836755
2243	236.97890000000004
2244	295.3126
2245	-8.691400000030225
2246	-49.26140000000038
2247	-60.40590000000103
2248	143.45327604037843
2249	-43.087900000000595
2250	-45.14440000000021
2251	-73.72850000000004
2252	-63.06660000000021
2253	-70.70660000000004
2254	-78.78
2255	-80.8013
2256	-75.42780000000003
2257	-74.08120000000012
2258	-77.57490000000003
2259	-77.64300000000009
2260	-81.76740000000004
2261	-76.46570000000001
2262	-80.16240000000005
2263	-81.7652
2264	-76.2189
2265	-76.50560000000009
2266	-77.46430000000001
2267	-75.14280000000001
2268	-76.32840000000002
2269	-79.3521
2270	-80.14770000000001
2271	-77.0774
2272	-73.80210000000001
2273	-72.69330000000001
2274	-77.2532
2275	-71.3876
2276	-79.4559
2277	-75.39770000000001
2278	-72.77820000000004
2279	-75.82480000000007
2280	-75.94500000000001
2281	-78.32850000000002
2282	-79.08240000000013
2283	160.81921195326112
2284	-73.01040000000002
2285	-71.85150000000003
2286	-74.74180000000001
2287	250.42929998549272
2288	44.800299996904954
2289	-69.74390000000001
2290	-68.77370000000006
2291	-76.47220000000011
2292	-43.96890000000097
2293	-72.81250000000009
2294	-77.92170000000003
2295	-79.61670000000001
2296	-75.6392
2297	-76.57640000000002
2298	-77.70260000000002
2299	-78.27060000000002
2300	-76.79030000000002
2301	-72.71550000000003
2302	-71.9205
2303	-77.3926000000002
2304	-77.28460000000001
2305	-71.47530000000019
2306	-76.91630000000009
2307	-75.41510000000002
2308	-76.18920000000001
2309	-77.02330000000049
2310	-74.79370000000004
2311	-78.74890000000013
2312	-78.8144
2313	-74.52380000000008
2314	-80.4931
2315	-76.03100000000002
2316	-77.5154
2317	-77.43280000000001
2318	-75.28940000000001
2319	-38.672900000008795
2320	-6.974000000018444
2321	-52.68620000000017
2322	-36.75430000001693
2323	-37.40580000000272
2324	178.80710594996512
2325	-73.68730000000008
2326	-75.32600000000001
2327	-74.65610000000011
2328	-73.37840000000001
2329	-60.4224000000022
2330	-16.774100000289554
2331	-48.50380000000089
2332	-72.78640000000061
2333	-80.5287
2334	-77.44130000000004
2335	-76.68280000000003
2336	-75.96070000000007
2337	-81.9203
2338	-79.90470000000005
2339	-78.0983
2340	-81.19760000000001
2341	-78.545
2342	-78.69540000000002
2343	-79.15280000000007
2344	-79.9532
2345	-75.6123
2346	-77.5699
2347	-79.1214
2348	-76.1354
2349	-78.9086
2350	-73.3417
2351	-77.07360000000004
2352	-77.61490000000003
2353	-75.50240000000004
2354	-79.77860000000001
2355	-78.23450000000005
2356	-78.86650000000029
2357	-78.59840000000004
2358	-75.27280000000022
2359	-77.03950000000002
2360	-69.30120000000001
2361	-77.23280000000001
2362	-74.48790000000001
2363	-69.6139
2364	-70.24570000000011
2365	-76.40130000000002
2366	-77.18520000000001
2367	-77.7986
2368	-74.2628
2369	-75.02820000000004
2370	-77.6515
2371	-76.75460000000001
2372	-78.24200000000002
2373	-79.60020000000003
2374	-76.09940000000002
2375	-77.99140000000001
2376	-72.38440000000021
2377	-80.33590000000001
2378	-77.09500000000003
2379	-75.93840000000003
2380	-76.89510000000003
2381	-75.8057
2382	-76.61860000000001
2383	-78.0054
2384	-80.08580000000005
2385	-75.51290000000002
2386	-78.3939
2387	-79.1037
2388	-75.91950000000004
2389	-78.03140000000002
2390	-75.68070000000002
2391	-78.3972
2392	-77.0606
2393	-81.266
2394	-70.98190000000001
2395	-70.06690000000003
2396	-73.48110000000001
2397	-79.68500000000002
2398	-79.08520000000001
2399	-75.27180000000001
2400	-78.76710000000011
2401	-77.4751000000002
2402	-77.12770000000026
2403	-80.8541
2404	-75.22600000000001
2405	-73.53470000000027
2406	-45.19960000000798
2407	-13.98680000012502
2408	-33.56970000000757
2409	-77.19030000000002
2410	-81.28480000000003
2411	-74.37670000000001
2412	-66.54420000000016
2413	-75.12330000000001
2414	-76.83930000000005
2415	-79.91910000000001
2416	-77.07090000000001
2417	266.349
2418	257.8415
2419	-48.66530000000033
2420	245.41110000000003
2421	174.55054025697873
2422	278.7864
2423	-70.45220000000002
2424	-77.6278
2425	-74.4203
2426	-55.26960000000011
2427	-71.98570000000001
2428	-68.77020000000002
2429	-70.94930000000005
2430	-65.64060000000008
2431	-5.150500000024418
2432	-71.96970000000002
2433	-75.12580000000003
2434	-64.65320000000018
2435	-77.722
2436	-79.73370000000001
2437	-80.34460000000001
2438	-78.59360000000002
2439	-75.38820000000001
2440	-79.67380000000003
2441	-73.34900000000026
2442	-71.47430000000045
2443	-54.170200000000335
2444	-75.02340000000008
2445	-80.5349
2446	-78.889
2447	-69.45350000000002
2448	-77.46760000000002
2449	-75.54830000000001
2450	-78.8242
2451	-80.8376
2452	-77.4678
2453	-78.97170000000001
2454	-76.10210000000001
2455	-78.11840000000001
2456	-71.39070000000004
2457	-79.6982
2458	-77.25050000000007
2459	-77.34670000000001
2460	-71.90660000000058
2461	-75.35630000000006
2462	-79.17050000000008
2463	-78.8154000000001
2464	-71.08070000000032
2465	-78.71960000000064
2466	-80.46060000000016
2467	-78.57890000000235
2468	-78.33930000000028
2469	-79.64730000000017
2470	-77.53960000000018
2471	-73.62330000000094
2472	-74.26750000000007
2473	-75.70140000000006
2474	-77.90770000000002
2475	-80.1276
2476	-73.9735
2477	-76.34880000000001
2478	-81.48580000000003
2479	-77.6015000000001
2480	-74.88250000000001
2481	-76.68400000000001
2482	-79.34030000000001
2483	-81.218
2484	-77.99360000000001
2485	-77.87490000000003
2486	-76.83390000000007
2487	-68.67960000000005
2488	-75.82300000000043
2489	-78.02720000000001
2490	-78.82670000000002
2491	-79.9291
2492	-78.57690000000008
2493	-74.62900000000002
2494	-74.70450000000012
2495	-71.23240000000003
2496	-71.43380000000207
2497	-78.67960000000001
2498	-77.77640000000002
2499	-79.614
2500	-73.00440000000003
