1	-77.01350000000139
2	-81.05060000000009
3	-78.89780000000067
4	-81.13870000000016
5	-76.72470000000006
6	-80.08130000000003
7	-79.73570000000008
8	-77.88000000000005
9	-75.2045000000002
10	-76.33410000000029
11	-78.72770000000001
12	-79.9757
13	-75.91740000000001
14	-80.9573
15	-76.3356
16	-79.89280000000014
17	-76.81840000000004
18	-71.0525
19	10.724399999996733
20	283.32
21	42.05069999971268
22	287.0552
23	45.17239999862669
24	272.0765
25	257.1716
26	249.6127
27	52.26669999618008
28	294.4935033653563
29	149.28439251689252
30	274.6045
31	268.6385
32	5.749599999942856
33	-69.16290000000038
34	-26.844500000029
35	-43.221500000003225
36	14.843699999698785
37	8.79159999705478
38	141.3990503581666
39	-24.280900000004554
40	-77.56200000000001
41	-73.2614
42	-71.32520000000014
43	-77.40630000000004
44	-75.53300000000002
45	-76.17160000000008
46	-76.9355
47	-77.37570000000001
48	7.055499999977716
49	23.408299999856634
50	-19.376500000034092
51	-50.79420000000412
52	-72.50900000000003
53	-75.9643
54	-75.6886
55	27.101799999918118
56	-33.55970000000159
57	-14.443200000042557
58	-76.12470000000054
59	-78.4659
60	-76.62660000000001
61	-76.08970000000004
62	275.0134
63	246.0873
64	262.3033
65	263.4483
66	257.6487
67	258.0854
68	296.9617
69	248.99449931712513
70	273.0684
71	55.86669994883804
72	119.13987172436477
73	253.67490000000004
74	273.4434
75	157.0022825567472
76	103.86659591882186
77	-12.9208000000576
78	262.4119
79	246.03780000000003
80	145.03983370189368
81	21.876799999656555
82	271.8698
83	237.2046
84	257.4594
85	95.39929953968279
86	251.3055
87	259.0306
88	261.5307
89	261.6908987184274
90	249.4636
91	284.3962
92	263.1856
93	267.492
94	117.60568748709704
95	-43.76750000000063
96	280.6839653177289
97	228.6203
98	250.27570000000003
99	185.67027879533512
100	231.4249
101	246.4983
102	242.0993
103	258.6107
104	236.728
105	279.3779
106	261.6364
107	264.85339999999997
108	96.5352997917297
109	252.8687
110	156.0856320655447
111	171.37707142227356
112	284.3612
113	256.2804
114	278.9194
115	299.34800000000007
116	235.22190000000003
117	272.4126
118	1.5075999999906309
119	-75.88790000000002
120	-77.0897
121	-72.2284
122	-46.23360000000274
123	-30.8313000000007
124	-36.29490000000259
125	-73.4083
126	-75.70300000000029
127	-76.26500000000004
128	-79.95650000000002
129	-78.81840000000001
130	-74.0318
131	-78.3495
132	-75.98450000000001
133	-78.0987
134	-75.0623
135	-76.23040000000002
136	-78.322
137	-72.1468
138	-79.0754
139	-76.7488
140	-73.8322
141	-76.9988
142	-75.48430000000002
143	-75.24280000000002
144	-75.62060000000001
145	-78.8241
146	-75.53340000000003
147	-77.7332
148	-70.9333
149	-74.8392
150	-79.9871
151	-73.81570000000004
152	-72.48410000000001
153	-74.26550000000026
154	-78.698
155	-79.10620000000002
156	-73.56170000000007
157	-79.05200000000002
158	-74.0648
159	-77.3628
160	-75.4682
161	-74.27790000000002
162	-73.66570000000002
163	-77.0038
164	-74.50970000000028
165	-79.95420000000001
166	-75.98610000000001
167	-79.01120000000006
168	-77.37430000000208
169	-72.96600000000029
170	-80.42070000000001
171	-79.41990000000011
172	-80.77490000000004
173	-79.07760000000007
174	-79.82060000000006
175	-67.46590000000013
176	-79.15560000000009
177	-81.61160000000001
178	-77.25730000000001
179	-77.6111
180	-77.94810000000001
181	-77.25820000000012
182	-76.08070000000001
183	-45.43640000000003
184	-70.10600000000004
185	-77.8498
186	-79.4874
187	-81.30030000000001
188	-75.13560000000007
189	-77.99060000000001
190	-82.2978000000001
191	-79.45010000000002
192	-76.65310000000001
193	-81.97140000000002
194	-76.46800000000002
195	-79.54420000000002
196	-74.03220000000009
197	-75.07390000000126
198	-78.72020000000016
199	-80.83090000000018
200	-68.63990000000051
201	93.77529190593782
202	-75.26690000000012
203	-77.31060000000025
204	-77.30030000000006
205	-74.74030000000002
206	-72.87150000000003
207	-75.33280000000019
208	-78.71770000000001
209	-81.74640000000001
210	-75.07950000000001
211	-46.80930000000041
212	-4.867800000035241
213	-36.30880000000486
214	-75.98810000000016
215	-77.13430000000001
216	-76.66900000000001
217	-73.00340000000018
218	-77.89660000000002
219	-77.34530000000005
220	-74.05140000000002
221	-72.52780000000006
222	-72.10280000000002
223	-72.70910000000005
224	-77.84650000000002
225	-77.88300000000001
226	-77.93620000000001
227	-72.4616
228	-73.63030000000005
229	-79.58300000000001
230	-77.51800000000001
231	-77.38040000000002
232	-75.01410000000001
233	-74.4372
234	-81.25630000000002
235	-77.4433
236	-76.41590000000002
237	-80.90930000000002
238	-75.55650000000006
239	-76.8886
240	-75.55470000000001
241	258.0385
242	264.3818
243	251.8252
244	265.1426
245	23.058799999899694
246	255.92836698220717
247	240.95410000000004
248	247.83960000000002
249	157.37365750853468
250	229.8786
251	277.5279
252	259.0171
253	-4.161600000014915
254	242.7056
255	7.667299999134264
256	252.1368
257	250.22210000000004
258	235.2563
259	249.7302
260	243.76752626911025
261	247.59390000000002
262	17.616999999553848
263	246.9345
264	258.6100529909983
265	250.7389
266	261.9396
267	259.6679573451387
268	237.5233
269	271.632
270	251.18770000000004
271	255.1269
272	230.341
273	229.1086614376066
274	16.047899999658718
275	267.9391
276	279.69619999985736
277	250.6714
278	259.772
279	256.0119
280	251.23780000000002
281	262.8612
282	65.66459998211602
283	258.1477
284	165.8205464580027
285	234.7724
286	284.9564
287	248.9314
288	-40.22280000000065
289	-40.85250000000024
290	-45.73270000000006
291	-73.60600000000001
292	-75.53050000000009
293	-73.98590000000003
294	97.26719712326476
295	86.51469943334148
296	258.8656
297	267.5124
298	271.0416
299	304.3411
300	-17.053700000001307
301	264.6638
302	228.85980000000004
303	-31.268300000003517
304	41.42209999835052
305	-46.39710000000009
306	259.3922
307	-14.544200000037767
308	259.1051
309	265.2026
310	46.0605999950488
311	294.8581
312	266.6109
313	265.8103
314	283.20679999997867
315	291.9263
316	269.6686923100461
317	288.0026
318	267.0131
319	261.8028
320	245.304
321	143.16908834265064
322	278.4556
323	274.0823
324	-32.0417000000009
325	279.2168
326	117.94499122799138
327	269.5642
328	272.2517
329	252.33420000000004
330	77.74409995038218
331	256.287
332	256.5984
333	88.7847991414303
334	241.74550000000002
335	265.5428
336	259.8779
337	244.45570000000004
338	275.9813
339	149.97939644704314
340	262.7012
341	258.764
342	252.7429659868617
343	-42.89800000002662
344	-8.33690000017316
345	22.88849999603312
346	213.78063424286867
347	245.2099
348	246.61570000000003
349	248.13470720492597
350	246.40160000000003
351	151.69751060763534
352	269.5986
353	252.9973
354	253.73390000000003
355	-34.78450000001544
356	47.065899996902225
357	172.9153152690476
358	43.63249998998784
359	247.13580000000002
360	77.00669981939103
361	163.9480624826733
362	249.78213032283867
363	-41.28900000000192
364	261.0783
365	225.2150936800055
366	225.82520000000002
367	237.5731
368	252.59450000000004
369	248.8896
370	251.1684
371	239.9335963574002
372	-22.81520000008078
373	88.04329973345132
374	22.842099997581172
375	-77.78380000000004
376	-47.2192000000003
377	87.86499984483612
378	-55.39840000000037
379	-77.29810000000022
380	-68.36550000000001
381	-79.0919
382	-76.87040000000003
383	-77.45970000000003
384	-77.93470000000006
385	-76.48280000000007
386	-77.03090000000002
387	-76.89590000000007
388	-74.76340000000019
389	-80.06960000000001
390	-80.3615
391	-75.36250000000163
392	-67.50670000000108
393	-72.37410000000006
394	-72.00050000000002
395	-69.22590000000102
396	-77.64370000000008
397	-80.82980000000009
398	-77.13890000000015
399	-64.66260000000025
400	-77.50670000000005
401	-72.92200000000057
402	-78.76690000000004
403	-81.43170000000006
404	-76.64490000000015
405	-81.10990000000014
406	-75.27100000000038
407	-74.49300000000002
408	-81.3088
409	-78.78060000000004
410	-80.09400000000002
411	-80.4572
412	-75.60540000000005
413	-71.42470000000004
414	-77.97490000000016
415	-79.9587
416	-75.14270000000002
417	-76.27020000000003
418	-74.08390000000041
419	-76.7003
420	-80.2975
421	-77.24750000000002
422	-75.85790000000001
423	-51.2632000000011
424	-47.66790000000034
425	-76.70310000000002
426	-78.75050000000002
427	-77.87600000000002
428	-78.16350000000001
429	-79.92550000000001
430	-77.6693
431	-74.81320000000001
432	-81.3645
433	-79.42500000000001
434	-76.46450000000003
435	-73.16130000000001
436	-80.21470000000001
437	-80.50900000000001
438	-79.05680000000007
439	-79.3536
440	-76.69280000000002
441	-72.99370000000002
442	-76.52280000000002
443	-74.61220000000006
444	-75.70870000000006
445	-74.9547
446	-77.68230000000001
447	-77.19380000000002
448	-80.3785
449	-80.5246
450	-77.27360000000002
451	-76.7601
452	-76.74720000000002
453	-80.0367
454	-77.89080000000001
455	-72.44460000000012
456	-74.3887
457	-33.69040000000112
458	-34.68640000000291
459	-75.41650000000003
460	-67.60100000000003
461	-75.86860000000001
462	-78.98140000000001
463	-76.76360000000001
464	-78.18410000000002
465	-77.8299
466	-80.6035
467	-80.6998
468	-72.17440000000023
469	-79.58390000000001
470	-75.28940000000001
471	-74.30580000000025
472	-79.82830000000003
473	-80.4913
474	-78.87750000000001
475	-77.86050000000002
476	-76.51710000000001
477	-80.60090000000004
478	-77.37460000000003
479	-72.74820000000011
480	-66.99220000000007
481	-77.81760000000001
482	-77.19500000000004
483	-78.943
484	-81.97640000000001
485	-76.33140000000014
486	-75.82000000000001
487	-70.13530000000003
488	-72.75600000000001
489	-76.40760000000002
490	-76.2796
491	-76.45590000000001
492	-77.87740000000002
493	-75.34460000000001
494	-76.7352
495	-75.08140000000027
496	-76.83630000000001
497	-78.5711
498	-76.98070000000001
499	-76.74510000000001
500	-39.87920000000114
501	-27.227500000000507
502	252.24690000000004
503	-40.83550000000003
504	-46.536500000000046
505	-70.63550000000009
506	64.3802999638491
507	-74.19680000000001
508	-74.0517
509	-80.87620000000003
510	-78.6792
511	-76.52720000000001
512	-78.1841
513	-78.2656
514	-78.3975
515	-75.27010000000001
516	-78.86470000000003
517	-79.0707
518	-75.1966
519	-71.38570000000001
520	289.0295
521	255.94960000000003
522	281.0388
523	117.11919714610423
524	269.1074
525	-80.6477
526	-78.25190000000003
527	-77.00480000000002
528	-77.04540000000001
529	-80.14350000000015
530	-79.123
531	-82.8653
532	-75.24790000000002
533	-79.09590000000007
534	281.683
535	257.9663
536	258.3656
537	271.1242
538	260.9655
539	169.72555954131505
540	230.34720000000002
541	229.8714
542	244.99509999999583
543	229.73871102920668
544	249.8476783217474
545	-71.23210000000002
546	-77.6224
547	-74.92590000000003
548	-74.67650000000002
549	-75.9724
550	-77.94150000000002
551	-79.78470000000002
552	-71.37580000000007
553	-77.78320000000005
554	-76.94330000000001
555	-76.30460000000001
556	-79.0513
557	-76.37210000000007
558	-76.94160000000001
559	-79.9342
560	-74.5083
561	-75.01690000000002
562	-81.03020000000001
563	-78.27160000000002
564	-79.02980000000001
565	-77.92240000000001
566	-75.39780000000002
567	-70.32580000000002
568	-78.71710000000002
569	-73.06440000000002
570	-77.5492
571	-72.9641000000001
572	-79.8415
573	-75.3633
574	-79.82470000000002
575	-77.0487
576	-78.0706
577	-79.2186
578	-78.6925
579	-77.0554
580	-72.5266
581	-78.47590000000001
582	-78.1701
583	-75.5006
584	-74.7616
585	-80.10220000000002
586	-78.98350000000002
587	-77.68410000000003
588	-76.67940000000003
589	-79.80340000000001
590	-78.39230000000005
591	-75.53320000000001
592	-75.91920000000002
593	-72.28380000000003
594	-73.17900000000002
595	-77.7651
596	-77.00550000000001
597	-74.8671
598	-77.2972
599	-75.91420000000001
600	-75.0212
601	-74.4532
602	-77.8691
603	-80.4549
604	-76.7557000000001
605	-75.6849
606	-72.97880000000005
607	-60.9569000000001
608	202.91212073581804
609	-77.22320000000002
610	-79.73540000000006
611	-81.03400000000005
612	-76.96400000000001
613	-75.02660000000003
614	-78.2531
615	-79.8938
616	-72.74520000000003
617	-80.23030000000001
618	-77.26500000000001
619	-78.42780000000002
620	-79.5782
621	-76.58370000000004
622	-79.30360000000013
623	-76.85610000000003
624	-75.20520000000005
625	-79.2773000000001
626	-78.97430000000003
627	-79.03590000000004
628	-80.07800000000003
629	-79.90250000000009
630	-79.48140000000004
631	-76.31390000000002
632	-73.73080000000002
633	-72.58580000000003
634	-77.9317
635	-76.4201
636	-35.62420000000038
637	-33.12100000000044
638	-78.3241
639	-74.5511
640	17.809699999904492
641	80.33539990821589
642	252.83700000000002
643	-37.380400000001735
644	251.19120000000004
645	230.79960000000003
646	252.5372
647	245.9694
648	-11.409500000077491
649	-23.131400000016193
650	-52.87740000000012
651	14.018199999616654
652	-33.18060000000719
653	-44.65590000000114
654	-40.24350000000241
655	265.6068
656	258.33719999798296
657	272.5203
658	276.997
659	252.92799999909303
660	265.4748
661	94.1354976042065
662	248.5969759105791
663	24.62519999988467
664	265.70359656062084
665	-17.252300000022373
666	278.60826377369716
667	285.5784
668	276.0416
669	268.0166
670	68.08709999304531
671	269.2445
672	297.5677
673	273.2083
674	273.8463
675	257.9071
676	268.468
677	274.4973
678	211.54806041203608
679	296.2083
680	-76.6832
681	-78.0465
682	-76.10310000000001
683	-71.48140000000002
684	-75.39700000000003
685	-65.8548
686	-76.0126
687	-73.6647
688	-77.91690000000001
689	-78.1314
690	-79.69210000000001
691	-70.52360000000002
692	-69.85380000000008
693	-23.375400000003324
694	-16.289800000053265
695	-24.887900000011967
696	-71.39160000000003
697	-77.58420000000004
698	-76.61570000000002
699	-76.35470000000001
700	-76.81940000000004
701	-78.04660000000001
702	-76.46620000000001
703	-80.34620000000001
704	-73.97400000000006
705	-76.3329000000001
706	-80.00350000000003
707	-71.6857
708	-81.28110000000002
709	-73.19720000000001
710	-81.3478
711	-75.85820000000001
712	-72.8843
713	-75.06040000000003
714	-72.2557
715	-70.4168
716	-51.432500000000005
717	-44.68480000000008
718	-76.4404
719	-75.71550000000002
720	-78.8288
721	-63.15050000000006
722	-33.65740000000143
723	-14.262500000003477
724	-76.7409
725	-77.9411
726	-71.4349
727	-75.63000000000001
728	-75.32780000000001
729	-74.73640000000003
730	5.9744999999605355
731	169.59867784029566
732	249.3239826208142
733	239.8943999999995
734	251.0481
735	262.2801
736	237.46970000000002
737	246.89240000000004
738	129.92439235158784
739	-76.98780000000012
740	-78.28460000000003
741	-74.52630000000005
742	-80.6417
743	-76.00280000000001
744	-81.5112
745	-73.32870000000003
746	-80.6154
747	-72.05910000000006
748	-25.340500000006383
749	-66.23340000000005
750	99.25519953796078
751	92.41979875581796
752	-75.24810000000005
753	-77.60150000000002
754	-75.48440000000001
755	-77.42940000000002
756	-74.4306
757	-75.88690000000001
758	-79.52620000000003
759	-80.4701
760	-76.8969
761	-79.22980000000001
762	-71.14480000000006
763	-77.07430000000002
764	-79.8109
765	-78.6809
766	-79.74510000000001
767	-78.28110000000001
768	-78.5513
769	-18.970000000006287
770	-28.795500000000317
771	-18.871400000002204
772	271.8449
773	71.97149998955902
774	271.3589
775	278.6304
776	-17.575800000001514
777	254.2967
778	260.9654
779	263.196
780	271.7311
781	270.7675
782	263.2506
783	274.5195
784	273.7653
785	270.69394562373407
786	247.90740000000002
787	128.80718219661924
788	245.79100000000003
789	242.19970000000004
790	257.5820523136254
791	255.16730000000004
792	262.9619
793	279.0247
794	91.379099469364
795	223.792
796	256.16109999987617
797	242.22180000000003
798	254.8263
799	272.9039900533024
800	56.64189999205032
801	73.6163999791604
802	78.21029986600097
803	237.1315
804	253.496
805	9.594799999789059
806	269.9278699425122
807	51.775099990884385
808	252.57800000000003
809	239.84321379475486
810	149.09987961675984
811	271.4104
812	240.45640000000003
813	242.77670000000003
814	252.2871
815	274.0888
816	257.022
817	272.1221581209929
818	250.8283
819	244.5032
820	284.21379999900705
821	269.5362445700593
822	277.3256971473677
823	266.870270350149
824	257.9571
825	288.0158
826	296.52779999999996
827	282.5069
828	-55.79730000000001
829	-37.198500000000365
830	-78.5546
831	-78.3272
832	-77.2393
833	-77.93170000000002
834	-79.05880000000006
835	-77.26360000000003
836	-76.40500000000002
837	-77.3292
838	-78.81080000000001
839	-77.63240000000006
840	-75.97720000000042
841	-76.16680000000005
842	-77.52300000000001
843	-78.38190000000002
844	-77.42860000000002
845	-78.84990000000005
846	-75.77430000000004
847	-78.58220000000004
848	-77.57530000000014
849	-75.20490000000004
850	-81.42750000000005
851	-79.15500000000004
852	-71.93840000000003
853	-79.02800000000002
854	-75.8953
855	-81.21830000000001
856	-78.38360000000003
857	-77.45050000000003
858	-75.59110000000001
859	-77.94220000000001
860	-76.95570000000004
861	-79.78090000000005
862	270.9332
863	255.9081
864	264.97259997073866
865	230.33370932906132
866	252.2123
867	247.02750913787875
868	164.69932099236712
869	263.9225
870	280.9526
871	268.6707
872	268.4667
873	-4.27010000002227
874	248.9537
875	102.00589648874869
876	249.5140935123866
877	273.99627640023834
878	249.362
879	258.96765211462576
880	188.7923121144295
881	267.6254
882	229.3581
883	-78.7003
884	-76.53060000000002
885	-76.77410000000012
886	-80.0209
887	-74.4348
888	-78.38710000000002
889	-75.74500000000005
890	-77.51520000000002
891	-73.19860000000001
892	-75.25800000000001
893	-72.12080000000003
894	-78.8552
895	-78.54880000000003
896	-74.35430000000001
897	-77.58710000000004
898	-72.73640000000003
899	-73.78810000000003
900	-70.46730000000008
901	-74.3705
902	-74.96500000000002
903	-80.7143
904	-76.78720000000003
905	-75.61160000000004
906	-79.89970000000001
907	-79.62080000000002
908	-73.45330000000006
909	-77.52590000000002
910	-76.6928
911	-74.7426
912	-73.14710000000001
913	-78.742
914	-76.15160000000016
915	-74.5744000000007
916	-78.3479
917	-69.03420000000011
918	-79.12710000000001
919	-79.61170000000003
920	-80.5935
921	-77.71090000000002
922	133.12652736841008
923	267.8167
924	260.3418
925	244.1095
926	279.2099
927	277.2544107855323
928	292.9125
929	93.64019898961105
930	289.17129246846054
931	276.9186
932	22.822599999847686
933	259.5974
934	265.37816634383
935	257.831
936	271.125693953053
937	244.6755
938	237.14360000000002
939	233.542
940	246.9545
941	92.71189892408903
942	120.80765775181266
943	248.07320000000004
944	242.8912999813232
945	58.140499968802175
946	-6.180900000223358
947	274.2242995874472
948	267.09549999788015
949	260.505
950	184.77887615117038
951	240.4601
952	251.29590000000002
953	125.05349117636966
954	273.1118
955	113.4114985169019
956	-72.89190000000002
957	-76.25040000000001
958	-79.449
959	-76.07850000000002
960	-76.36140000000002
961	-72.8999
962	-75.00050000000005
963	-68.24850000000004
964	-71.40200000000004
965	-71.66760000000002
966	-74.80480000000001
967	-79.7278
968	-76.83580000000003
969	-74.0305
970	-74.76460000000016
971	-77.99090000000001
972	-79.9973
973	-75.71150000000002
974	-76.99300000000001
975	-76.74520000000011
976	243.01400000000004
977	258.6279
978	263.9605
979	15.550699999255515
980	64.04179997777457
981	262.00449993332086
982	268.8393
983	243.5427
984	58.51379997164748
985	262.4185
986	253.7264
987	216.8500321862205
988	262.2772
989	250.76137374133594
990	269.3281
991	-74.3842
992	-78.56250000000007
993	-82.295
994	-79.94070000000008
995	-73.80010000000063
996	-77.3767
997	-77.73900000000006
998	-79.7859000000004
999	-78.2533
1000	-72.33750000000008
1001	-73.51170000000036
1002	-76.81090000000003
1003	-77.9298
1004	-77.40540000000004
1005	-72.56990000000002
1006	-73.13280000000012
1007	-80.37350000000008
1008	-67.19890000000613
1009	-74.98120000000002
1010	-80.21310000000011
1011	-76.56990000000008
1012	-79.5627
1013	-70.6639
1014	-79.52690000000001
1015	-73.9581
1016	-79.3946
1017	-77.94760000000004
1018	-73.29400000000001
1019	-79.26000000000003
1020	-72.64570000000002
1021	-72.72640000000001
1022	-73.02940000000012
1023	-77.41570000000002
1024	-74.64670000000001
1025	-76.04020000000003
1026	-74.94960000000002
1027	-76.93900000000002
1028	-71.46550000000006
1029	-70.98180000000004
1030	-62.9954
1031	-74.8406
1032	-77.02270000000001
1033	-77.9031
1034	-75.5195
1035	-74.8499
1036	-73.69730000000001
1037	-74.80540000000002
1038	-76.53740000000002
1039	-73.5356
1040	-74.2728
1041	-74.08240000000004
1042	-73.1373
1043	-74.747
1044	-76.1538
1045	-73.8026
1046	-75.4182
1047	-73.53280000000001
1048	-75.9196
1049	141.61457141965863
1050	89.70879992827639
1051	249.74849947324304
1052	245.42040000000003
1053	272.7314
1054	247.66340000000002
1055	108.58399316705281
1056	254.90990000000002
1057	261.5103
1058	8.190199999622903
1059	250.43820000000002
1060	167.91996367690857
1061	267.8203154845598
1062	282.0586
1063	-35.76730000000007
1064	30.679799999087503
1065	-71.15840000000003
1066	-82.4976
1067	-75.9717
1068	-76.414
1069	-73.67050000000002
1070	-78.30180000000001
1071	-81.32880000000002
1072	-77.90720000000003
1073	-78.4426
1074	-78.31650000000003
1075	-76.11240000000002
1076	-79.90230000000001
1077	-80.60470000000004
1078	-82.79570000000001
1079	-74.08710000000004
1080	-74.96550000000003
1081	-76.75030000000001
1082	-77.5065
1083	-74.78690000000002
1084	-78.20700000000008
1085	-75.15400000000021
1086	-74.26830000000001
1087	-73.36430000000001
1088	-80.30310000000003
1089	-69.28760000000003
1090	-72.36770000000001
1091	-72.61940000000007
1092	-73.38660000000004
1093	-78.17450000000004
1094	-66.31250000000003
1095	-74.24180000000005
1096	-76.93610000000004
1097	-75.11610000000005
1098	-79.5993
1099	-75.60480000000003
1100	-74.62950000000001
1101	-77.7982
1102	-75.41650000000001
1103	-73.18040000000002
1104	-71.796
1105	-80.9934
1106	-77.5997
1107	-78.25700000000008
1108	-76.5007
1109	-76.2682
1110	-78.2629
1111	-76.85220000000001
1112	-79.93620000000003
1113	-63.602400000000955
1114	-77.29750000000003
1115	-77.20920000000002
1116	-73.2764
1117	-75.57850000000002
1118	-75.88350000000005
1119	-77.6073
1120	-71.8532
1121	-76.7918
1122	-72.7572
1123	-76.88250000000001
1124	-76.7297
1125	-76.23450000000001
1126	-75.17020000000005
1127	-72.07300000000001
1128	-75.06370000000001
1129	-13.960400000033323
1130	-74.69160000000001
1131	-68.51730000000013
1132	-69.60670000000003
1133	-71.46900000000015
1134	-48.28030000000076
1135	-40.54750000000115
1136	-50.70230000000127
1137	-47.10400000000039
1138	-51.510200000000665
1139	273.6105
1140	8.339399999651796
1141	-24.131500000000052
1142	-73.7398
1143	-77.9131
1144	-76.4508
1145	-75.04030000000002
1146	265.708
1147	256.9379
1148	-79.4649
1149	-81.1542
1150	-78.3138
1151	-79.4348
1152	-73.76710000000001
1153	-76.53380000000007
1154	-76.977
1155	-80.72370000000001
1156	-82.43020000000007
1157	-74.21150000000003
1158	-77.23350000000002
1159	-77.71420000000003
1160	-74.88900000000001
1161	-76.91470000000001
1162	-78.2218
1163	-72.98580000000003
1164	-80.8815
1165	-75.47980000000001
1166	-76.6186
1167	-79.19830000000003
1168	-78.64930000000004
1169	-75.9531000000001
1170	-80.35640000000016
1171	-79.0988
1172	-82.24750000000002
1173	-74.32000000000001
1174	-76.97090000000001
1175	-79.51380000000006
1176	-78.94020000000002
1177	-77.42410000000005
1178	-80.3966
1179	-76.66260000000005
1180	-76.04370000000004
1181	-78.63070000000002
1182	-76.19550000000014
1183	-79.5073
1184	-81.9399
1185	-82.68120000000002
1186	-80.44250000000002
1187	-76.62160000000006
1188	-79.21070000000003
1189	-77.96080000000002
1190	-80.48980000000009
1191	-72.79330000000076
1192	-71.41620000000013
1193	-23.348600000007416
1194	-64.53120000000017
1195	-74.7241
1196	-69.47860000000001
1197	-40.43160000000098
1198	-37.22640000000008
1199	294.7771
1200	299.6173312376045
1201	181.38668452580583
1202	277.31066288333
1203	255.63410000000002
1204	4.432199999996258
1205	-26.75590000000378
1206	-7.911100000501151
1207	-46.68330000000015
1208	-34.65180000000758
1209	-7.124100000099775
1210	-15.999100000023377
1211	126.01179238913713
1212	-50.09350000000086
1213	-46.35460000000011
1214	-72.10820000000001
1215	-44.198800000000034
1216	-41.06310000000017
1217	-72.3779
1218	-79.575
1219	-80.3377
1220	-45.483600000000024
1221	-38.69050000000156
1222	-44.67930000000001
1223	-33.949700000001606
1224	-40.466300000000594
1225	-44.99870000000114
1226	-1.7976000000801486
1227	-70.71580000000003
1228	-76.70910000000003
1229	-76.7209
1230	-78.72950000000002
1231	-68.09090000000002
1232	-58.50920000000018
1233	-40.993300000000154
1234	-43.176500000000175
1235	250.77019955590612
1236	256.61170997440536
1237	18.844899999570703
1238	255.2599
1239	264.4664
1240	248.7353
1241	272.624
1242	284.71409995688845
1243	252.2154
1244	260.43769998095075
1245	-74.87170000000005
1246	-72.84080000000004
1247	-78.5295
1248	270.1777999999756
1249	96.07429988090787
1250	268.5335
1251	256.1227
1252	261.7278
1253	239.9607
1254	272.70859999999743
1255	265.4067224299829
1256	262.4516999999975
1257	68.83709999785526
1258	269.3004
1259	276.1925
1260	299.90161792930047
1261	272.9969
1262	130.9268903040615
1263	285.0665789324649
1264	273.8815
1265	254.1122354677681
1266	248.74770000000004
1267	257.8235
1268	58.056899731801764
1269	205.35906401072637
1270	252.96119999769468
1271	239.4907
1272	254.62230000000002
1273	256.2508
1274	267.4195
1275	228.0307033981751
1276	259.5094
1277	238.7943
1278	257.0601
1279	274.703
1280	276.0518
1281	264.9550882144185
1282	241.7824
1283	259.5004
1284	257.3427
1285	117.07229521057432
1286	154.61915211206363
1287	247.08596626288187
1288	236.93380000000002
1289	256.6275
1290	271.8856
1291	262.1217
1292	-27.0778000000059
1293	251.59510000000003
1294	248.4324
1295	246.9898
1296	184.93644518131717
1297	235.35350000000003
1298	242.7127
1299	245.50130000000001
1300	236.0712
1301	257.0116
1302	253.0975
1303	255.36320000000003
1304	-78.7152
1305	-63.79000000000001
1306	-78.5895
1307	-77.5072
1308	-77.9392
1309	-78.18080000000002
1310	-78.24460000000008
1311	-74.7
1312	-79.23330000000001
1313	-79.2996
1314	-82.11370000000001
1315	-77.51930000000014
1316	-81.59360000000001
1317	-76.99490000000002
1318	-75.27180000000008
1319	-78.82010000000002
1320	-73.93680000000018
1321	-78.11310000000006
1322	-78.73010000000004
1323	-77.91750000000003
1324	-78.4331
1325	-79.94770000000005
1326	-77.95370000000001
1327	-78.52750000000002
1328	-78.89500000000002
1329	-36.598700000002125
1330	-39.97810000000017
1331	-73.3223000000001
1332	-69.52930000000006
1333	-69.98440000000008
1334	-76.55890000000002
1335	-75.18360000000001
1336	-75.06140000000006
1337	-78.98060000000001
1338	-79.14010000000005
1339	-77.18360000000015
1340	-80.57160000000003
1341	-78.15470000000022
1342	-79.70320000000002
1343	-76.96080000000002
1344	-73.35410000000006
1345	-79.19480000000001
1346	-77.62040000000002
1347	-75.36760000000018
1348	-75.08110000000003
1349	-76.5377
1350	-77.6088
1351	-81.4901
1352	-76.16800000000002
1353	-74.64180000000003
1354	-73.59990000000003
1355	-78.43570000000003
1356	-76.80940000000014
1357	-76.95240000000007
1358	-74.03480000000069
1359	-78.10580000000003
1360	-80.7631
1361	-69.90160000000003
1362	-52.69100000000606
1363	-75.30020000000016
1364	-46.97380000000403
1365	-55.78310000000011
1366	-76.75200000000001
1367	-74.10140000000013
1368	-70.37580000000044
1369	-67.17760000000058
1370	-75.53530000000008
1371	-76.79200000000003
1372	-79.1029
1373	-80.15400000000001
1374	-75.76010000000004
1375	-74.35440000000007
1376	-74.69280000000002
1377	-71.11810000000006
1378	-77.47100000000005
1379	-76.07550000000005
1380	-77.82640000000015
1381	-79.31840000000005
1382	-77.74280000000022
1383	-80.99040000000002
1384	-42.925400000014434
1385	86.15589882945719
1386	-42.0704000000117
1387	-32.618900000017845
1388	-76.28110000000031
1389	-80.44000000000004
1390	-74.03070000000004
1391	-70.30810000000018
1392	-76.8106
1393	-76.7882
1394	-78.31970000000001
1395	-78.0548
1396	-77.54280000000001
1397	-77.90340000000002
1398	-77.6886000000001
1399	-79.10610000000001
1400	-79.9941
1401	-79.5163
1402	-72.87320000000001
1403	-81.1338
1404	-72.32460000000003
1405	-79.7658
1406	-72.33270000000033
1407	-79.13010000000011
1408	-74.08660000000006
1409	-68.19680000000008
1410	-78.28010000000026
1411	-80.17720000000004
1412	-76.00420000000001
1413	-79.26410000000007
1414	-74.35480000000007
1415	-76.54640000000009
1416	-79.58180000000013
1417	-77.91960000000013
1418	-80.56160000000008
1419	-78.07170000000004
1420	-78.7356000000003
1421	-77.22400000000006
1422	-74.65060000000004
1423	-82.22970000000008
1424	-79.28080000000001
1425	-77.18530000000003
1426	-46.04830000000205
1427	75.65489965998975
1428	-54.06570000000091
1429	15.2098999993051
1430	-31.47760000001151
1431	-76.62110000000003
1432	-75.50950000000007
1433	-79.7247
1434	-79.10770000000001
1435	246.39940000000004
1436	62.38329845177605
1437	101.09879931245639
1438	230.0526
1439	245.59234585337884
1440	256.4778
1441	245.01670000000001
1442	247.2553
1443	-46.54700000000047
1444	-70.36250000000001
1445	-76.0929
1446	-73.05180000000001
1447	-64.14760000000018
1448	-75.52480000000001
1449	-74.66670000000002
1450	58.74319995718296
1451	248.094898686156
1452	261.88347521077475
1453	266.3584
1454	281.3491
1455	263.4776
1456	297.17089532826196
1457	270.35382067185554
1458	256.0779849237457
1459	280.2151
1460	284.7008
1461	268.7765
1462	299.2578
1463	285.4603
1464	235.95500000000004
1465	261.2458
1466	270.7076
1467	276.2963
1468	248.68359999999933
1469	243.94406695671825
1470	262.47521124237176
1471	267.0421
1472	260.3329
1473	267.1357
1474	284.8799
1475	256.539055401857
1476	261.47844382631035
1477	134.29449194559396
1478	31.51939999616193
1479	261.1275
1480	279.2816
1481	268.1531
1482	251.20799270847982
1483	301.0105
1484	276.4713764507594
1485	267.1427414552018
1486	300.321
1487	283.6951
1488	272.8416
1489	77.14269979644828
1490	238.8274
1491	267.4118
1492	263.2063
1493	270.26614529740317
1494	269.5969
1495	278.7624999999677
1496	285.4348
1497	290.0361
1498	266.6697
1499	96.06079998653306
1500	-6.836700000015637
1501	259.7399
1502	261.9311999649063
1503	272.8967
1504	262.8327
1505	180.64341875117577
1506	270.8526
1507	282.6082
1508	268.3191
1509	268.6369
1510	252.8115998303268
1511	255.99590000000003
1512	224.62730452370369
1513	237.94010000000003
1514	240.71250000000003
1515	59.975499977851385
1516	-16.617000000002996
1517	-74.61560000000001
1518	-77.6244
1519	-74.3328
1520	-48.554600000002466
1521	1.5656999999887746
1522	-27.662600000000936
1523	-29.66680000000144
1524	-78.17570000000002
1525	61.283099978943895
1526	-44.162800000001624
1527	-67.71290000000008
1528	-24.32790000000147
1529	-45.587200000000095
1530	278.9634
1531	273.35414604186127
1532	138.80527667541435
1533	262.933
1534	282.835
1535	292.9187
1536	241.21899069113408
1537	249.6721
1538	-3.652000000015866
1539	256.7639
1540	260.0896
1541	263.0316
1542	263.1822
1543	237.40444475663492
1544	101.57359973984924
1545	166.76489676752738
1546	266.9652999999831
1547	253.0642
1548	275.0123
1549	-0.7062000000088906
1550	172.42638835228973
1551	235.9
1552	46.02129999847658
1553	239.57580000000002
1554	208.69458786545698
1555	280.5945
1556	276.1310999999999
1557	248.61970000000002
1558	263.3486
1559	257.5084
1560	260.74119999999994
1561	253.62420000000003
1562	236.0743
1563	256.1062
1564	231.41609999999994
1565	257.7275
1566	17.16049999724162
1567	244.8248
1568	250.1143
1569	252.58650000000003
1570	272.903
1571	247.71279999644162
1572	272.0805
1573	246.4652493881506
1574	258.2317
1575	-75.7486
1576	-82.45490000000007
1577	-76.78880000000005
1578	-80.4194
1579	-80.35300000000004
1580	-74.65750000000008
1581	-81.01910000000008
1582	-80.32470000000006
1583	-75.20420000000006
1584	-73.09180000000005
1585	0.4532999997815121
1586	-70.7885
1587	-21.87840000000555
1588	-68.54560000000014
1589	-80.9716
1590	-78.90140000000001
1591	-74.69590000000001
1592	-74.02780000000004
1593	-73.60300000000004
1594	-77.00330000000001
1595	-78.25470000000003
1596	-77.2707
1597	-74.93900000000001
1598	-78.16720000000001
1599	-72.94970000000002
1600	-77.47300000000017
1601	-78.47670000000043
1602	-79.71670000000003
1603	-82.43380000000006
1604	-78.35870000000006
1605	-75.89590000000004
1606	-79.52630000000015
1607	-81.35740000000008
1608	-81.47760000000012
1609	-78.43830000000003
1610	-81.62250000000006
1611	-77.41770000000001
1612	-76.41100000000003
1613	-79.20900000000003
1614	-82.738
1615	-76.36280000000022
1616	-79.57930000000002
1617	-79.04820000000001
1618	-79.00520000000013
1619	-78.56810000000002
1620	-74.61820000000002
1621	-75.07580000000003
1622	-72.5477
1623	-76.58520000000001
1624	-77.0765
1625	-75.83900000000001
1626	-76.50940000000001
1627	-78.49420000000005
1628	-77.6586
1629	-79.52740000000003
1630	-73.72850000000003
1631	-71.75250000000001
1632	-73.61590000000001
1633	-80.32240000000003
1634	-79.59190000000007
1635	-77.44260000000006
1636	-82.2909
1637	-73.74290000000013
1638	-77.03310000000002
1639	-68.96430000000002
1640	-76.51680000000002
1641	129.86614176003138
1642	275.2533
1643	274.1658
1644	270.4864
1645	280.7659
1646	248.57330000000002
1647	259.97499999999684
1648	138.68618363723942
1649	121.30905545273832
1650	259.5492127140678
1651	242.38806327401102
1652	251.9214
1653	178.86570880404759
1654	238.8603
1655	235.37040000000002
1656	228.27742645629706
1657	238.3006
1658	188.44706923793154
1659	265.2651
1660	247.07510000000002
1661	239.38429516810413
1662	241.91166104231291
1663	266.1412
1664	242.825
1665	241.02430000000004
1666	265.5841
1667	244.3964
1668	246.2067
1669	257.8657
1670	253.42230000000004
1671	252.3645
1672	164.31070295355659
1673	251.2476
1674	260.4113
1675	261.8423
1676	239.791
1677	256.8277
1678	257.0174
1679	-78.14880000000005
1680	-77.18760000000013
1681	-79.90740000000001
1682	-73.60550000000013
1683	-75.29950000000002
1684	-76.60120000000003
1685	-76.49300000000001
1686	-76.0684
1687	-75.2252
1688	-72.84770000000003
1689	-75.15370000000003
1690	-78.00840000000001
1691	-72.90920000000001
1692	-77.171
1693	-76.0318
1694	-75.7675
1695	-76.04580000000001
1696	-74.46110000000002
1697	-78.13810000000004
1698	-79.21620000000001
1699	-77.01250000000005
1700	-80.15260000000002
1701	-75.28860000000006
1702	-77.2712
1703	-69.97700000000005
1704	-74.86770000000001
1705	9.086599999512707
1706	259.1486
1707	273.8948
1708	255.6377972256291
1709	193.51640954463213
1710	262.7277
1711	279.1682
1712	261.8611236758113
1713	174.04008182495937
1714	261.6981
1715	220.287235329609
1716	271.3032
1717	225.0285
1718	239.71830000000003
1719	274.687199527526
1720	122.93687651311022
1721	246.9454
1722	268.2
1723	247.4426998600999
1724	266.0197
1725	256.5501
1726	159.99991279777396
1727	153.33293651862144
1728	264.6651
1729	243.63680000000002
1730	264.6208
1731	237.0171
1732	177.9747392737794
1733	280.3936
1734	303.44810637245445
1735	274.5848
1736	252.33710000000002
1737	-28.990700000002843
1738	108.17919989184009
1739	293.52101370033904
1740	206.86962093087755
1741	250.4764
1742	257.8371
1743	258.5844
1744	207.06838527472803
1745	241.12600000000003
1746	256.12449999999967
1747	225.3772185615298
1748	118.80088938789574
1749	244.26087271815663
1750	216.60225319965778
1751	235.70730000000003
1752	35.539899974816045
1753	259.11819977165464
1754	243.25220000000002
1755	250.7817
1756	262.6627
1757	257.09299994769316
1758	254.5479
1759	240.196
1760	242.085499979204
1761	247.43330000000003
1762	253.67334393307883
1763	247.8507
1764	261.7361
1765	237.25170000000003
1766	267.018
1767	269.2378
1768	276.8094
1769	264.7994
1770	258.6214
1771	238.3671
1772	-16.9782000000448
1773	244.4549
1774	252.52910000000003
1775	240.77706470035432
1776	253.38520000000003
1777	262.0194
1778	270.08189984886656
1779	80.84119995278544
1780	281.1538
1781	279.87269988400834
1782	203.8812533215363
1783	283.9733
1784	0.8791999999890056
1785	-42.05930000000035
1786	296.2909
1787	249.368
1788	264.8951
1789	258.2187
1790	259.6902880130996
1791	241.7332
1792	246.83879999536956
1793	239.19070000000002
1794	287.3884
1795	243.88380850410968
1796	139.6746924688396
1797	243.57899998359028
1798	282.235
1799	284.8612
1800	-30.654200000000344
1801	-66.4307
1802	-11.477000000001274
1803	-66.6413
1804	244.50837538049691
1805	261.5129
1806	261.9838
1807	274.8976717998971
1808	263.5078
1809	266.7168
1810	285.1597
1811	69.99589998485105
1812	261.9258101238086
1813	282.8469
1814	280.9378
1815	253.897
1816	251.28386383884705
1817	-48.08870000000013
1818	-75.7171
1819	-75.29400000000001
1820	269.8183
1821	254.22530000000003
1822	257.468
1823	240.63340000000002
1824	245.354
1825	292.4469
1826	288.4215
1827	259.5452
1828	246.1114
1829	254.3737
1830	237.9706
1831	254.26599999894663
1832	264.5669
1833	250.09210000000002
1834	-19.26680000000175
1835	-29.015100000001755
1836	11.621099999956076
1837	-73.79330000000002
1838	-76.70550000000006
1839	-78.43860000000002
1840	-76.13610000000008
1841	-77.43570000000001
1842	-80.8612
1843	-81.0724
1844	-76.41720000000021
1845	-76.20610000000002
1846	-76.25670000000012
1847	-71.47640000000203
1848	-74.62260000000012
1849	-67.75130000000003
1850	-73.01020000000001
1851	206.8593502215231
1852	74.77499993866888
1853	-77.0327
1854	-76.86540000000007
1855	-79.57700000000001
1856	-78.6692
1857	-76.4141
1858	-67.03220000000006
1859	-78.57220000000001
1860	-67.57760000000023
1861	-75.51990000000002
1862	-75.57890000000002
1863	-77.37800000000001
1864	-74.26180000000002
1865	-76.59160000000001
1866	-76.98270000000001
1867	-74.76830000000002
1868	-76.24040000000001
1869	-73.60120000000016
1870	-56.89650000000013
1871	283.984
1872	256.977
1873	95.68669977486607
1874	277.9462
1875	255.03210000000004
1876	273.4609883749874
1877	-8.69780000000482
1878	262.7719
1879	255.4307
1880	265.5663
1881	12.801499999979082
1882	273.76429998531626
1883	272.0197
1884	-69.28140000000005
1885	-40.88120000000002
1886	254.2224
1887	12.415299999986924
1888	250.1092972508119
1889	251.1684
1890	118.9248993450267
1891	138.14969679385618
1892	273.9298
1893	253.24200000000002
1894	178.78158858514612
1895	-45.214600000000374
1896	-18.7224000000099
1897	275.2718
1898	101.02829913639515
1899	270.3640998241036
1900	-74.8606
1901	-78.2087
1902	-80.0396
1903	-77.72100000000005
1904	-79.6075
1905	-75.2055
1906	-76.33940000000001
1907	-75.21430000000001
1908	-79.403
1909	-71.33640000000001
1910	-73.22990000000009
1911	-78.13180000000001
1912	-78.77010000000007
1913	-78.13910000000031
1914	-74.96370000000007
1915	-80.80940000000001
1916	-78.59440000000002
1917	-79.03490000000004
1918	-75.20600000000007
1919	-77.68480000000005
1920	-71.95280000000017
1921	-73.88180000000072
1922	-79.97270000000006
1923	-76.78980000000003
1924	84.4562998323974
1925	238.38782137219815
1926	222.2427
1927	240.30510000000004
1928	261.32249999998646
1929	-17.104900000028504
1930	250.24789999999967
1931	-13.412500000009516
1932	246.2972
1933	9.208899999853593
1934	243.6529
1935	257.9828
1936	268.5113
1937	260.5527
1938	255.4171
1939	280.12839999999994
1940	255.29020000000003
1941	279.185
1942	243.8355774209415
1943	191.9461078958043
1944	-73.11220000000019
1945	-74.4927
1946	-69.80560000000001
1947	-77.09410000000041
1948	-74.49470000000005
1949	-72.14650000000042
1950	4.193599998093502
1951	-26.746900000005674
1952	248.9045
1953	246.6734
1954	271.7401
1955	43.97299999713696
1956	285.516
1957	269.4956
1958	64.98869999105443
1959	274.9234
1960	262.9902
1961	18.02559999981519
1962	281.4818
1963	107.04129555261623
1964	270.257260252876
1965	100.86639942790327
1966	282.5365
1967	51.704899973376534
1968	255.98759999978225
1969	173.49382018443774
1970	-42.31430000000588
1971	-77.77480000000001
1972	-79.6861
1973	-78.1735
1974	-80.9184
1975	-79.38290000000003
1976	-1.2617000002258203
1977	268.2353
1978	245.88630000000003
1979	230.5492
1980	15.714599999751202
1981	-48.44590000000001
1982	-74.39240000000001
1983	-78.8219
1984	-74.73570000000005
1985	-75.86620000000023
1986	-70.77400000000003
1987	-78.82000000000004
1988	-68.41590000000008
1989	-73.65770000000015
1990	-81.06690000000003
1991	-78.14060000000008
1992	-76.60900000000001
1993	-75.30280000000008
1994	-79.67690000000006
1995	-75.62070000000001
1996	-72.98520000000005
1997	-78.29710000000004
1998	-79.9263
1999	-76.67390000000003
2000	-78.34800000000001
2001	-75.27980000000005
2002	-74.2202
2003	-73.7082
2004	-76.039
2005	-77.33650000000003
2006	-80.5442
2007	-78.36170000000003
2008	-73.87330000000001
2009	-76.98250000000002
2010	-76.61080000000007
2011	-76.2791000000001
2012	-77.37090000000025
2013	-81.48770000000005
2014	-77.21170000000006
2015	-75.13500000000006
2016	-80.56550000000037
2017	-77.36360000000032
2018	-80.70740000000008
2019	-77.93620000000003
2020	-77.74730000000014
2021	-72.34540000000116
2022	-77.71660000000006
2023	-73.54710000000058
2024	-76.954
2025	-80.04650000000001
2026	-79.0473
2027	-76.50530000000009
2028	235.84864519938776
2029	-48.87660000000006
2030	269.015
2031	157.20603326251887
2032	-31.025300000027457
2033	235.77800000000002
2034	246.6640835195297
2035	243.59105639743285
2036	131.85917228532134
2037	248.1821999999999
2038	162.39586790237365
2039	277.1531
2040	251.1117
2041	256.175
2042	260.0302999999973
2043	24.255199999110257
2044	25.867799997395355
2045	-41.41290000000014
2046	-74.89450000000005
2047	105.45546560591316
2048	-14.563000000014965
2049	-36.507500000005386
2050	242.8573
2051	245.3303999999997
2052	249.0504
2053	253.2373
2054	50.59379949683111
2055	217.1209
2056	212.69420000000002
2057	243.003403599212
2058	253.7210230560372
2059	276.2137999994653
2060	245.25951403032857
2061	124.8161957250054
2062	247.0667
2063	261.9762999999999
2064	258.8595
2065	262.8878
2066	264.9977
2067	246.26660000000004
2068	-75.92930000000005
2069	-76.81800000000001
2070	-70.68010000000001
2071	-79.68830000000004
2072	-76.10280000000004
2073	-79.54620000000001
2074	-76.28790000000001
2075	-79.72670000000002
2076	-79.78940000000003
2077	-74.85260000000001
2078	-77.15640000000002
2079	-76.90130000000006
2080	-75.55550000000002
2081	-73.68900000000002
2082	-81.29440000000007
2083	-74.37700000000002
2084	-75.45720000000006
2085	-77.8099
2086	-78.88720000000004
2087	-80.38150000000003
2088	-68.55490000000009
2089	-79.7729
2090	-73.45540000000001
2091	-71.76920000000007
2092	-50.25120000000271
2093	-35.41450000000333
2094	-62.047100000000015
2095	-78.66470000000001
2096	-72.66870000000003
2097	-69.95800000000001
2098	-72.95500000000008
2099	-75.74710000000002
2100	-78.85980000000004
2101	-79.4268
2102	-75.3653
2103	-74.46960000000006
2104	-76.914
2105	-75.7287
2106	-77.1569
2107	-77.91190000000034
2108	-65.7655000000007
2109	-25.849500000015272
2110	-53.68660000000004
2111	-34.57710000000052
2112	-47.33190000000051
2113	272.8572
2114	253.89160000000004
2115	198.33374525172007
2116	291.0441
2117	57.056699964322945
2118	271.5613
2119	237.18133153263
2120	-34.91890000000313
2121	-74.0293000000001
2122	-39.253900000004954
2123	-75.32100000000003
2124	-81.0169
2125	-74.30380000000002
2126	-77.75360000000002
2127	-79.70030000000001
2128	-77.1192
2129	-77.73780000000001
2130	-78.5282
2131	-78.55510000000005
2132	-79.19000000000001
2133	-75.1701
2134	-79.23560000000003
2135	-75.22540000000001
2136	-77.34990000000003
2137	-76.44670000000002
2138	-76.03810000000001
2139	-79.94410000000002
2140	-73.54870000000001
2141	127.0411979129303
2142	281.777
2143	251.28480000000002
2144	239.8584
2145	249.50640000000004
2146	83.4000999506362
2147	256.4146
2148	259.1293
2149	266.3379
2150	259.0606
2151	229.965
2152	231.9708
2153	53.886599953396825
2154	266.3131
2155	251.3216
2156	278.7429
2157	-7.592700000016211
2158	234.7369
2159	-8.304400000034114
2160	241.2635
2161	270.8324
2162	176.81640847581613
2163	243.2087
2164	240.1182
2165	248.51740000000004
2166	264.785
2167	275.7113
2168	48.05939999424978
2169	288.0347
2170	258.5205
2171	259.4295
2172	170.2019436404681
2173	-32.5779000000001
2174	261.65379999961664
2175	280.4531
2176	-42.58160000000252
2177	2.1885999999895995
2178	-17.606000000020682
2179	58.22459993332081
2180	95.91489920170217
2181	-73.09060000000025
2182	-75.9293000000001
2183	-77.51520000000006
2184	-76.64240000000001
2185	-74.53340000000003
2186	-76.57820000000001
2187	-79.34130000000003
2188	-76.37000000000002
2189	-79.0145
2190	-76.79910000000007
2191	-77.80170000000005
2192	-82.12730000000002
2193	-83.30960000000002
2194	-77.01270000000001
2195	-79.5907000000011
2196	-78.28550000000078
2197	-76.9355000000001
2198	-77.40490000000008
2199	-80.10890000000005
2200	-76.62150000000001
2201	-74.4199000000006
2202	-80.67840000000002
2203	-74.79320000000001
2204	-79.75310000000006
2205	-76.96800000000003
2206	-77.64100000000002
2207	-76.37030000000001
2208	-78.47520000000004
2209	-79.73980000000162
2210	-79.32100000000004
2211	-78.59790000000024
2212	-79.69730000000011
2213	-79.51310000000025
2214	-80.09880000000001
2215	-79.25820000000063
2216	-76.25260000000002
2217	-78.98610000000002
2218	-74.13990000000001
2219	-80.1117
2220	-80.0487
2221	-75.6719
2222	-79.0042
2223	-71.09440000000005
2224	-76.56590000000001
2225	-75.0858
2226	-68.5548
2227	-75.72940000000001
2228	-74.7785
2229	-78.9981
2230	-72.3186
2231	-78.3017
2232	-74.52580000000012
2233	-78.05130000000001
2234	-77.5355
2235	-73.80120000000007
2236	-78.15180000000001
2237	-77.0552
2238	-82.08650000000002
2239	-75.62350000000009
2240	-79.72420000000001
2241	-74.76360000000015
2242	-81.42710000000001
2243	-79.32850000000005
2244	-76.0267
2245	-77.27710000000008
2246	-78.15490000000003
2247	-77.06920000000007
2248	-76.00740000000009
2249	-78.72900000000021
2250	-72.50140000000047
2251	-75.21090000000004
2252	-72.16540000000094
2253	-78.74140000000001
2254	-78.03970000000001
2255	-79.38420000000002
2256	-76.1254000000001
2257	-80.30270000000002
2258	-75.09650000000005
2259	-73.81050000000073
2260	-78.65430000000012
2261	-77.85960000000003
2262	-76.09330000000008
2263	-77.18710000000007
2264	-79.13000000000001
2265	-78.6307
2266	-75.86680000000008
2267	-78.5811
2268	-74.83340000000001
2269	-76.46930000000002
2270	-74.87390000000002
2271	-78.34560000000002
2272	-74.9021
2273	-79.69130000000034
2274	-79.08350000000002
2275	-75.58720000000001
2276	-78.27680000000002
2277	-77.49640000000004
2278	-77.24760000000003
2279	-75.96980000000023
2280	-75.90840000000001
2281	-76.97850000000001
2282	-80.4433
2283	-77.0902
2284	-78.16210000000001
2285	-80.34530000000002
2286	-75.88730000000002
2287	-75.14480000000002
2288	-79.9558
2289	-78.03310000000008
2290	-76.91220000000004
2291	-79.11910000000002
2292	-77.14460000000005
2293	-79.7639
2294	-80.4867
2295	-78.8264
2296	-76.07230000000001
2297	-78.15070000000001
2298	-74.44940000000001
2299	-74.43490000000004
2300	-77.21010000000001
2301	-79.90220000000002
2302	-82.73590000000002
2303	-80.56980000000006
2304	-80.5658
2305	-77.53790000000001
2306	-80.49300000000001
2307	-81.33420000000004
2308	-74.820400000001
2309	-77.75450000000045
2310	-76.72340000000024
2311	-78.56800000000312
2312	-77.02240000000022
2313	-82.72670000000002
2314	-80.9835000000001
2315	-77.85640000000004
2316	-78.66530000000004
2317	-79.25070000000217
2318	-77.66640000000004
2319	-81.85140000000006
2320	-80.08320000000035
2321	-75.19270000000006
2322	-72.96690000000008
2323	-74.34380000000006
2324	-73.85350000000008
2325	-76.99610000000006
2326	-79.30430000000004
2327	-82.90210000000002
2328	-77.88690000000001
2329	-81.04700000000003
2330	-79.13500000000005
2331	-76.23250000000019
2332	-77.43060000000003
2333	-82.95100000000028
2334	-76.79030000000002
2335	-74.26640000000036
2336	-78.00590000000001
2337	-77.48530000000001
2338	-76.4332
2339	-77.90460000000002
2340	-76.20810000000006
2341	-79.05220000000001
2342	-78.35320000000003
2343	-81.80540000000002
2344	-74.8560000000002
2345	-80.38900000000011
2346	-77.67570000000008
2347	-80.4223
2348	-77.53670000000001
2349	-74.19860000000001
2350	-78.30040000000001
2351	-79.40530000000001
2352	-73.59530000000001
2353	-76.34450000000001
2354	-76.21350000000022
2355	-75.06910000000015
2356	-74.85980000000002
2357	-81.65450000000004
2358	-78.75510000000003
2359	-78.53810000000009
2360	-74.91350000000024
2361	-79.33130000000008
2362	-70.4168
2363	-78.76940000000003
2364	-80.21170000000001
2365	-74.89750000000001
2366	-75.32590000000002
2367	-77.296
2368	-78.01830000000002
2369	-83.28980000000001
2370	-76.62320000000007
2371	-71.89020000000026
2372	-78.51900000000008
2373	-78.52480000000003
2374	-75.89270000000032
2375	-78.21220000000018
2376	-78.84400000000004
2377	-72.19630000000001
2378	-79.04580000000003
2379	-77.62750000000008
2380	-80.04650000000002
2381	-78.68070000000003
2382	-77.16600000000004
2383	-79.41600000000007
2384	-77.82010000000005
2385	-76.96970000000043
2386	-74.84520000000028
2387	-81.04270000000008
2388	-77.37980000000009
2389	-74.36500000000053
2390	-77.45980000000003
2391	-78.9615
2392	-76.94950000000001
2393	-74.94020000000002
2394	-76.25170000000001
2395	-76.47080000000001
2396	-79.4167
2397	-74.25550000000001
2398	-71.32030000000005
2399	-75.52150000000003
2400	-75.5433
2401	-78.12840000000007
2402	-76.38570000000003
2403	-71.59120000000001
2404	-75.3063
2405	-74.346
2406	-80.49340000000001
2407	-81.2194
2408	-77.38150000000013
2409	-76.23020000000004
2410	-77.47320000000005
2411	-77.51080000000012
2412	-78.87850000000003
2413	-76.54450000000021
2414	-77.18310000000002
2415	-78.61410000000012
2416	-81.07380000000026
2417	-77.90200000000013
2418	-76.91300000000096
2419	-79.00080000000003
2420	-80.21320000000016
2421	-79.63160000000028
2422	-81.32760000000037
2423	-80.1547000000005
2424	-78.60800000000006
2425	-74.07650000000004
2426	-76.99370000000003
2427	-78.55060000000002
2428	-79.37710000000001
2429	-79.48570000000014
2430	-76.54680000000002
2431	-74.08570000000006
2432	-75.64220000000002
2433	-79.5587
2434	-78.11210000000001
2435	-76.7347
2436	-80.30920000000002
2437	-76.35820000000004
2438	-76.49700000000003
2439	-78.6480000000003
2440	-71.79960000000001
2441	-75.1463
2442	-78.0712
2443	-79.1337
2444	-77.05800000000002
2445	-71.6794
2446	-81.6299
2447	-79.48890000000004
2448	-75.5371
2449	-80.4565
2450	-75.78730000000003
2451	-74.7883
2452	-75.42220000000002
2453	-75.51370000000004
2454	-75.97540000000004
2455	-79.98240000000001
2456	-79.31070000000004
2457	-77.30380000000001
2458	-77.10400000000001
2459	-78.35270000000003
2460	-76.2433
2461	-78.36570000000002
2462	-76.67710000000001
2463	-73.54490000000013
2464	-76.5
2465	-76.56950000000005
2466	-73.88200000000015
2467	-74.49720000000015
2468	-80.43280000000016
2469	-74.55730000000004
2470	-77.39900000000002
2471	-78.58500000000039
2472	-79.90970000000007
2473	-78.49590000000008
2474	-79.77100000000041
2475	-73.38570000000004
2476	-78.38790000000004
2477	-76.84180000000005
2478	-79.53490000000009
2479	-76.30310000000006
2480	-76.62570000000007
2481	-76.97150000000005
2482	-74.4036
2483	-78.51290000000003
2484	-73.13630000000002
2485	-77.90290000000002
2486	-78.41430000000004
2487	-77.91580000000002
2488	-76.09230000000002
2489	-78.41820000000006
2490	-79.39910000000003
2491	-77.55110000000002
2492	-77.21860000000028
2493	-73.08850000000028
2494	-76.46200000000002
2495	-75.82600000000018
2496	-75.06760000000024
2497	-77.50930000000004
2498	-76.43440000000002
2499	-74.69660000000002
2500	-74.80560000000001
