1	-78.14750000000109
2	-70.35910000000385
3	-79.46040000000019
4	-78.4052
5	-74.3392000000001
6	-75.16150000000003
7	-76.47130000000024
8	-77.62450000000017
9	-77.91500000000002
10	-79.38210000000001
11	-76.63820000000001
12	-80.96670000000003
13	-77.71090000000004
14	-77.90100000000011
15	-71.93970000000002
16	-77.46330000000019
17	-79.01240000000001
18	235.26402677135715
19	-69.90000000000008
20	-74.55220000000001
21	-66.46930000000081
22	-78.72140000000006
23	-73.26660000000004
24	-77.70940000000002
25	-76.2776
26	-72.48320000000001
27	-68.32350000000001
28	-75.49070000000005
29	-77.2749
30	-72.25920000000004
31	-76.02000000000002
32	-76.15050000000001
33	-73.04340000000006
34	-77.33960000000002
35	-77.27010000000013
36	-71.16320000000005
37	-75.23770000000005
38	-77.16430000000005
39	-77.71050000000012
40	-79.30290000000004
41	-73.84500000000001
42	-76.7723
43	270.6239
44	249.71270000000004
45	277.076
46	240.31860000000003
47	252.16650000000004
48	278.8691
49	252.4236
50	269.6583
51	243.9284
52	272.9466
53	239.3011
54	271.6708
55	250.5379
56	244.0712
57	253.6592
58	263.2698
59	256.7119955893981
60	264.423
61	268.51124852795294
62	285.9756
63	263.1827
64	271.3384
65	99.38389767635125
66	264.9542
67	263.2788
68	284.8716
69	251.619
70	275.9767
71	256.3502
72	259.6716
73	258.4375
74	244.83600000000004
75	250.3586
76	268.5931
77	251.61030000000002
78	252.5964
79	262.7746
80	253.51070000000004
81	207.46976300650826
82	256.6345
83	11.570999999808874
84	266.8623
85	270.4502
86	265.555
87	242.29160000000002
88	260.6366
89	244.8429
90	244.43420000000003
91	258.8309634482922
92	256.2618
93	259.0834
94	24.932599998480143
95	255.7105
96	-72.70720000000003
97	-68.05490000000032
98	-72.55920000000002
99	-67.63130000000007
100	-75.7244
101	-70.45210000000027
102	-52.72580000000012
103	-71.75200000000001
104	-22.853400000051124
105	-58.182300000000055
106	-17.04930000000448
107	-71.51730000000002
108	-67.8791
109	-72.02230000000021
110	-76.539
111	-77.26980000000002
112	-80.5067
113	-80.6944
114	-78.71060000000008
115	-77.27500000000023
116	-77.21940000000002
117	-73.81450000000008
118	-79.62620000000014
119	-81.17440000000012
120	-77.75600000000001
121	-81.99120000000005
122	-81.40930000000002
123	-78.1539
124	-79.10530000000001
125	-78.8784
126	-75.5702
127	-78.60600000000001
128	-77.08250000000002
129	-77.0778
130	-77.4084
131	-78.87960000000001
132	-73.935
133	-76.0678
134	-78.88120000000002
135	-75.6416
136	-78.4619
137	-74.5063
138	-73.21200000000003
139	-73.88560000000001
140	-46.97870000000096
141	-60.26430000000004
142	-35.19580000000029
143	-39.00480000000009
144	-31.323100000000416
145	-30.320900000002002
146	-16.311100000004316
147	-40.001900000000134
148	287.6068
149	-40.86090000000005
150	-39.72540000000046
151	259.3872
152	273.6396
153	276.1721
154	229.0568
155	23.849199997524206
156	189.32182774067533
157	252.4665
158	239.33287535227464
159	257.6477
160	233.84961949898164
161	267.8887
162	270.4738
163	253.3986
164	252.445493044969
165	-2.422900000033863
166	249.98100000000002
167	294.4484
168	248.36940000000004
169	148.63027564383296
170	157.37739165710826
171	237.3118
172	248.33529999999996
173	250.2659999999999
174	46.4869999095019
175	261.4511
176	238.3012
177	234.6173
178	251.87960000000004
179	262.2303
180	155.09666961730034
181	42.115099988670366
182	108.44719835445962
183	254.08432164386122
184	245.4196
185	270.5228
186	244.67809999999992
187	272.3852
188	117.56009340222944
189	256.3977
190	-76.17210000000003
191	-76.85460000000012
192	-81.43080000000002
193	-75.47380000000004
194	-76.15450000000003
195	-78.71730000000002
196	-67.60050000000001
197	-66.91640000000044
198	-68.0172000000009
199	-44.5133000000004
200	169.6985175842588
201	-47.813700000001056
202	-41.716100000000466
203	10.257199999877091
204	-77.76600000000002
205	-72.51240000000008
206	-73.47760000000001
207	-80.08840000000008
208	-76.91470000000008
209	-77.75220000000002
210	-78.56740000000002
211	-78.71960000000004
212	-80.3782
213	-76.64770000000043
214	-73.83480000000033
215	-80.2137000000001
216	-72.56980000000007
217	-78.161
218	-69.03390000000014
219	-79.31070000000008
220	-83.49490000000002
221	-75.74530000000001
222	-79.57370000000014
223	-81.41530000000007
224	-78.08550000000004
225	-78.98210000000006
226	-76.51450000000008
227	-75.35820000000007
228	-73.73360000000007
229	-75.24510000000005
230	-76.52080000000029
231	-80.0948
232	-80.03600000000003
233	-78.31260000000007
234	-80.04650000000001
235	-78.02870000000003
236	-41.86800000000136
237	279.949
238	276.181
239	281.0373
240	266.4115212904225
241	276.1236
242	35.05129999992866
243	-40.98660000000011
244	217.50192318314998
245	-30.607500000000087
246	260.46
247	14.19469999996547
248	262.9544
249	258.516199998474
250	251.03962210301972
251	249.63900000000004
252	278.2669
253	269.0811
254	258.6864
255	244.0601
256	-70.37670000000001
257	-80.57760000000006
258	-70.45790000000014
259	-77.73000000000002
260	-81.16920000000003
261	-75.47950000000013
262	-73.47070000000006
263	-76.02720000000039
264	-45.75590000000807
265	-31.8510000000101
266	-69.48360000000018
267	-75.99320000000012
268	-76.90880000000023
269	-78.09450000000032
270	-79.90310000000001
271	-78.89900000000031
272	-75.57510000000005
273	-73.69130000000008
274	-79.23660000000001
275	-71.49460000000094
276	-78.16500000000002
277	-79.56130000000013
278	-74.98370000000017
279	-76.57150000000006
280	-77.62940000000008
281	-69.87020000000022
282	-78.66830000000003
283	-78.99600000000002
284	-77.53070000000001
285	-77.80810000000005
286	-76.75180000000027
287	-71.47520000000021
288	-73.41820000000003
289	-74.51710000000018
290	-69.45720000000009
291	-79.62900000000005
292	-78.12600000000005
293	-78.66830000000006
294	-81.31540000000012
295	-80.65150000000007
296	-72.81120000000003
297	-80.85880000000002
298	-78.53880000000002
299	-77.09220000000008
300	-80.51880000000001
301	-78.67040000000041
302	-78.6519000000001
303	-81.93630000000003
304	-78.33860000000017
305	-71.58880000000005
306	-73.41720000000011
307	-77.82190000000007
308	-75.28080000000001
309	-73.79800000000003
310	-76.91920000000005
311	-75.15500000000002
312	-75.7563
313	-77.50840000000001
314	-42.213800000001264
315	-39.42600000000005
316	-77.6596
317	22.66889999832819
318	-68.91180000000006
319	-77.51400000000005
320	-73.96630000000002
321	-79.26510000000005
322	-73.15560000000008
323	-77.14470000000001
324	-76.3937
325	-80.5948
326	-74.04660000000003
327	-74.61030000000001
328	-74.44770000000001
329	-75.19040000000008
330	-74.14600000000037
331	-80.07510000000002
332	-79.94120000000011
333	-77.37710000000006
334	-78.45070000000005
335	-79.43650000000005
336	-74.5249000000001
337	-77.80740000000026
338	-78.40790000000004
339	-77.24830000000009
340	-76.79010000000038
341	-76.46810000000008
342	-77.39600000000017
343	-79.7637
344	-78.29940000000003
345	-78.03690000000002
346	-77.0053
347	-75.85270000000001
348	-74.18880000000003
349	-63.085400000000064
350	-68.70840000000001
351	-78.4795
352	-76.62650000000001
353	-78.59280000000003
354	-80.147
355	-76.42130000000003
356	-80.383
357	-75.8601
358	-77.4714
359	-74.4942
360	-73.1281
361	-77.9632
362	-73.42700000000002
363	-77.4473
364	-68.08840000000004
365	-78.481
366	-75.01220000000008
367	-71.85910000000001
368	-76.74280000000005
369	-82.20790000000004
370	-73.05660000000002
371	-76.3093
372	-79.51820000000004
373	-77.92670000000001
374	-81.1104
375	-78.91800000000002
376	-78.44330000000002
377	-79.7912
378	-78.4082
379	-75.7614
380	-79.0349
381	-69.97820000000002
382	-75.83060000000002
383	-75.70020000000005
384	-73.82630000000002
385	-77.40230000000008
386	-81.11590000000001
387	-76.45180000000003
388	-76.2104000000001
389	245.03560000000002
390	250.5477
391	243.51740000000004
392	21.0729999999616
393	235.6339
394	93.49299973847101
395	213.58796264970184
396	270.78599274916803
397	250.0848
398	273.7074
399	276.74536676319707
400	280.1583
401	274.4527
402	267.7601
403	266.4551
404	254.6018895618284
405	252.91500000000002
406	247.11650000000003
407	249.7798
408	242.05770000000004
409	-74.98760000000009
410	-77.54740000000002
411	-77.96160000000006
412	-74.10690000000052
413	-73.94420000000001
414	291.5471
415	282.7315999996758
416	-74.80730000000004
417	-68.67840000000012
418	-74.84330000000001
419	-73.52200000000002
420	-80.4299
421	-75.3806
422	-82.52820000000001
423	-68.37070000000003
424	-77.74930000000002
425	-79.6991
426	-77.37810000000002
427	-80.1974
428	-76.22500000000005
429	-79.22370000000005
430	-80.63210000000007
431	-81.43790000000001
432	-77.32730000000002
433	-81.55340000000001
434	-73.99580000000005
435	-76.51620000000007
436	-76.21950000000012
437	-76.76190000000055
438	-77.30460000000002
439	-76.76820000000001
440	-81.45090000000003
441	-80.9521
442	-79.2481
443	-77.55120000000002
444	270.424
445	266.5145
446	265.344
447	281.4813
448	246.673
449	253.00818380799765
450	276.0641
451	253.14729974826915
452	162.31275089476486
453	132.10097330564773
454	250.7683
455	96.32779621847503
456	80.31989952587303
457	253.96420000000003
458	248.0551
459	277.7329
460	269.2522
461	154.73185469950184
462	126.42539861446349
463	31.065899999746932
464	-9.609500000018205
465	273.7006
466	276.4913
467	137.01968098994035
468	-30.898400000000642
469	257.4322
470	282.7887
471	257.6443
472	276.3273
473	181.8651759204136
474	242.16760000000002
475	248.1493
476	281.6844
477	257.6532
478	9.410099999137127
479	254.3553
480	-74.71080000000002
481	-73.98150000000011
482	-33.07210000000027
483	-5.288400000001869
484	-74.5663
485	-68.79750000000001
486	94.6548981881555
487	286.544
488	265.2094
489	278.3109
490	245.07980000000003
491	272.0941
492	261.5695
493	284.5031
494	-21.820400000013123
495	-70.37250000000002
496	-78.53160000000003
497	-74.68850000000005
498	-73.50720000000005
499	-78.34430000000002
500	-76.8508
501	-76.14460000000003
502	-71.42750000000002
503	176.94489744836403
504	-74.6244
505	-80.1767
506	-77.34150000000002
507	-77.52480000000001
508	-75.8366000000001
509	-64.59940000000023
510	-69.02510000000007
511	-79.4996
512	-80.5312
513	-79.0669
514	-80.06610000000002
515	-39.135300000001074
516	-36.63740000000051
517	-46.57720000000057
518	15.992099999244093
519	-37.67170000000024
520	-78.71300000000005
521	-80.81100000000006
522	-77.71830000000001
523	-80.41080000000001
524	-70.59790000000014
525	-72.29200000000019
526	-76.66640000000001
527	-78.60630000000009
528	-78.64990000000003
529	-80.04110000000009
530	-77.82070000000004
531	-80.99570000000007
532	-67.52550000000012
533	-74.92420000000037
534	-81.50680000000003
535	-79.50300000000007
536	-79.14170000000006
537	-75.91600000000008
538	-76.81970000000003
539	-79.67680000000003
540	-78.01080000000002
541	-77.70570000000072
542	-78.97980000000003
543	-79.69640000000001
544	-77.41380000000001
545	-80.42640000000007
546	-73.76390000000002
547	-77.90530000000001
548	-76.41560000000001
549	-77.8187000000001
550	-74.12190000000066
551	-79.75720000000041
552	-81.71710000000017
553	-74.41450000000013
554	-81.6675
555	-76.06830000000001
556	-76.94550000000005
557	-77.44850000000001
558	-80.29270000000007
559	-77.64770000000019
560	-76.39350000000003
561	-80.231
562	-71.46280000000097
563	-19.86260000046436
564	-43.820900000000385
565	-33.034300000000414
566	-39.15730000000052
567	-59.88520000000007
568	-66.16660000000003
569	-73.00350000000002
570	-70.22370000000005
571	-79.45450000000002
572	-80.8159
573	-79.25020000000002
574	-78.46970000000002
575	-79.10210000000001
576	-77.90090000000001
577	-81.26630000000002
578	-78.0624
579	19.758299999742444
580	12.014799999953127
581	-47.91440000000015
582	-27.554300000000584
583	-78.65960000000001
584	-78.23900000000002
585	-73.93160000000013
586	-79.79190000000001
587	-74.79170000000002
588	257.2425
589	264.2581
590	111.9534973584926
591	-51.40970000000007
592	49.8480999924426
593	-77.84830000000002
594	-76.49090000000002
595	-76.03760000000003
596	-76.94900000000003
597	-77.20810000000002
598	-80.85240000000002
599	-73.29480000000001
600	-76.63980000000002
601	-74.89630000000001
602	-80.3472
603	-77.54590000000002
604	-78.75750000000001
605	-70.45340000000004
606	-77.7412
607	-79.2113
608	-74.1941
609	-72.40330000000014
610	-59.84520000000007
611	225.77258360795028
612	-37.42370000000561
613	-60.567100000000075
614	-77.74180000000007
615	-75.86150000000028
616	-79.00480000000009
617	-79.4015000000001
618	-78.55440000000002
619	-78.47390000000003
620	-78.69240000000002
621	-75.05180000000004
622	-77.03200000000005
623	-75.23900000000003
624	-76.31830000000001
625	-78.25020000000002
626	-77.94100000000003
627	-78.70560000000002
628	-75.02710000000002
629	-73.3448
630	-72.27980000000002
631	-79.4747
632	-81.2595
633	-72.58580000000003
634	-76.48210000000003
635	-80.2551
636	-45.483600000000166
637	-38.78850000000011
638	-10.600100000001069
639	-71.92390000000003
640	282.1805
641	246.64950000000002
642	146.43808677878226
643	266.7263
644	261.8088
645	266.8851
646	-43.425200000000075
647	-32.46050000000071
648	-13.643300000088017
649	-42.07850000000011
650	-20.703800000004954
651	-76.2187
652	-78.40150000000001
653	-75.52880000000002
654	-79.7313
655	-75.77750000000003
656	-72.5117
657	-75.80710000000002
658	-76.46130000000001
659	-79.0163
660	-73.13950000000006
661	-72.22780000000002
662	-72.40510000000002
663	-77.02410000000003
664	-76.3290000000001
665	-75.11280000000001
666	-74.33740000000002
667	-21.161800000000976
668	-43.971500000001264
669	-76.7673000000001
670	-76.4943
671	-79.80370000000003
672	-71.30150000000002
673	279.8551735787165
674	-66.11510000000023
675	242.8264
676	278.764
677	259.9793999999205
678	280.727
679	267.44179999999994
680	261.9167
681	231.08700000000002
682	270.1014
683	246.25510000000003
684	247.1254
685	237.924
686	289.7124
687	112.77829754296305
688	272.9211
689	270.4364
690	262.6223
691	121.45097256506418
692	265.1076
693	256.1413
694	258.22629999998594
695	253.86007976170959
696	269.33742988858626
697	284.6122
698	236.3501
699	268.9729
700	122.37499796771522
701	266.5165
702	272.2948
703	225.33979999999872
704	174.92959078738826
705	269.7065
706	56.15439999068892
707	256.902
708	160.23066249317725
709	254.28
710	25.948199999273218
711	275.7897
712	250.96800000000002
713	195.28973425562256
714	-26.527900000013986
715	257.7135
716	250.85080000000002
717	79.15369975099553
718	260.3061
719	251.1354
720	252.4771
721	243.5286
722	241.38120000000004
723	240.11769999999996
724	67.34739991715819
725	43.345199730483984
726	106.83748960334712
727	280.6817
728	249.80729117352746
729	251.1363
730	256.4601133521011
731	266.7646
732	263.0401
733	246.89050000000003
734	264.3043530082203
735	277.9797
736	-5.2866000000065805
737	277.5001999999999
738	296.0301
739	263.1789
740	280.3627
741	289.8658
742	66.62559999858671
743	237.552
744	267.491
745	261.1223
746	-40.48770000000087
747	-14.130200000029657
748	-79.8339
749	-77.30680000000001
750	-76.46520000000001
751	-77.3516
752	-79.86630000000002
753	-80.3070000000001
754	-79.1435
755	-36.49360000000489
756	55.55569998842033
757	253.9728834820362
758	-47.0791000000014
759	-72.01920000000011
760	-76.6923
761	-76.12290000000003
762	-75.66890000000001
763	-80.9314
764	-75.60650000000003
765	-75.15670000000003
766	-73.93550000000006
767	-81.0936
768	-77.59350000000003
769	-69.7325
770	-2.665200000005524
771	264.6419
772	276.811
773	253.88
774	257.2131
775	257.3317477929626
776	265.6821
777	264.2964
778	256.4116
779	269.4199
780	260.1933954281742
781	255.1908
782	122.51269065387534
783	8.812699999791715
784	245.1917
785	208.90512859643377
786	272.337
787	97.83799753647556
788	246.28460000000004
789	248.6918
790	21.502499999710718
791	-39.543400000000304
792	267.78699999922924
793	266.70169550133653
794	240.9517
795	263.0047
796	243.6859
797	246.67810000000003
798	127.66639128211925
799	243.3619
800	264.117
801	261.6450999996977
802	270.7948
803	56.392799978458164
804	11.060499999750899
805	58.42369992738226
806	282.46724549994855
807	269.1784
808	281.3867
809	258.9901
810	20.615199999936568
811	258.8439
812	267.1398430693243
813	202.48910178557352
814	256.8792994611135
815	82.21419843526519
816	226.663
817	231.6017
818	249.58769999986038
819	224.8602
820	242.9471
821	229.37112066040496
822	258.255599976987
823	261.3772702417303
824	-71.34750000000001
825	-79.50260000000002
826	-75.97900000000001
827	-80.86210000000001
828	-77.34370000000003
829	-76.56700000000019
830	-76.55820000000006
831	-70.38970000000009
832	-36.534100000001665
833	235.3804
834	245.80550000000002
835	276.0909
836	282.1507
837	261.0854
838	270.2069
839	257.8934497994723
840	251.62110000000004
841	271.1938
842	306.9509
843	243.69402770342177
844	289.805599999998
845	-75.6739
846	-73.71220000000001
847	-76.41890000000001
848	-77.42270000000002
849	-78.2641
850	-77.8688
851	-75.3457000000001
852	-12.585200000009314
853	-80.38110000000007
854	-77.59050000000003
855	-77.2091
856	-80.54250000000002
857	-76.0231
858	-73.01760000000002
859	-73.68080000000002
860	-34.94030000000707
861	-41.19930000000086
862	-78.49070000000002
863	252.8061
864	236.4609
865	176.3017205934327
866	101.52939761544056
867	-76.33500000000002
868	-78.60550000000005
869	-79.95460000000004
870	-76.47680000000004
871	-79.73420000000002
872	-75.86800000000002
873	-70.62180000000014
874	-69.39630000000002
875	-77.5433
876	-76.95000000000002
877	-75.70280000000001
878	-77.66640000000001
879	-75.60670000000002
880	-72.70150000000001
881	-72.32390000000001
882	-74.13880000000002
883	-74.66190000000003
884	-77.45700000000014
885	-76.10050000000001
886	-73.50160000000004
887	-73.39650000000002
888	-73.58370000000001
889	-76.6028
890	-78.38050000000001
891	-79.30780000000001
892	-78.77520000000004
893	-76.8996
894	-75.9898
895	-79.00420000000003
896	-74.15900000000015
897	-79.80260000000003
898	-76.80410000000006
899	-80.11140000000002
900	-74.07020000000001
901	-79.2599000000001
902	-82.00810000000003
903	-72.8551
904	-78.86550000000003
905	-69.42600000000002
906	-80.00280000000001
907	-75.73010000000002
908	-74.61460000000001
909	-79.8542
910	-78.6009
911	-78.33830000000002
912	-77.78820000000003
913	-75.7666
914	-78.8596
915	-70.24140000000001
916	-77.0403
917	-75.012
918	-72.5738
919	-76.95850000000002
920	-16.712400000009456
921	295.0393
922	233.0474325092478
923	271.50064409482667
924	59.39639995505422
925	257.7072993209425
926	168.0017700731549
927	103.83589692392292
928	5.030999999702115
929	83.42449978189592
930	-72.44070000000002
931	-34.79600000000124
932	75.6323999157973
933	216.24785032553564
934	-54.74220000000001
935	268.5745
936	276.5912
937	285.9842
938	229.1306182558093
939	272.5239
940	289.2095
941	252.6518
942	7.830099999947535
943	135.43752503643321
944	137.63171035037124
945	10.864999999731143
946	-48.54130000000106
947	-35.49880000000961
948	-74.10780000000001
949	-79.77120000000001
950	-79.24500000000005
951	-74.01780000000025
952	-79.3465
953	-77.87630000000006
954	185.35609738469918
955	5.752699999988989
956	-47.271500000000614
957	-29.7382000000036
958	-39.68820000000417
959	-79.0262
960	-75.72960000000002
961	-79.03000000000002
962	-74.44800000000002
963	-72.40400000000001
964	-77.43400000000003
965	-74.78530000000008
966	-78.26150000000074
967	-76.49860000000061
968	-81.31020000000005
969	-76.26070000000004
970	-79.16450000000002
971	-80.3171
972	-72.56390000000002
973	-76.24400000000003
974	-77.95050000000005
975	-78.75940000000001
976	-78.93120000000008
977	-79.92660000000002
978	-77.55350000000003
979	-76.86890000000002
980	-74.65930000000007
981	-77.89880000000002
982	-76.35040000000012
983	-67.55230000000009
984	-78.04180000000004
985	-75.17640000000007
986	-78.22430000000003
987	-79.90130000000002
988	-78.03560000000002
989	-81.74330000000003
990	-73.90750000000004
991	-79.4386
992	-75.69880000000002
993	-76.262
994	-77.5552
995	-70.7405
996	-76.6553
997	-79.849
998	-73.89000000000003
999	-74.31120000000001
1000	-76.7815
1001	-71.60240000000006
1002	-74.79480000000001
1003	-75.2587
1004	-79.73210000000002
1005	-77.01350000000002
1006	-77.72870000000002
1007	-77.91520000000001
1008	-77.45190000000004
1009	-78.1539
1010	-74.86100000000003
1011	-77.6742
1012	-78.044
1013	-75.0432
1014	-78.83170000000011
1015	-73.7907
1016	-78.1724
1017	-80.54500000000003
1018	-75.53240000000001
1019	-77.1258
1020	-37.30600000000035
1021	-46.64690000000122
1022	109.96547414803256
1023	-41.12160000000122
1024	-70.06520000000015
1025	-80.77950000000001
1026	-73.37080000000003
1027	-76.71820000000001
1028	-77.82880000000002
1029	-76.94160000000004
1030	-76.2057000000001
1031	-75.26760000000004
1032	-78.58780000000002
1033	-75.35880000000002
1034	-79.85950000000003
1035	-79.07230000000001
1036	249.4746
1037	238.9231
1038	252.8873
1039	259.2152
1040	235.33025492364692
1041	264.4207
1042	256.2425
1043	245.659212495878
1044	166.6444803699087
1045	242.80340000000004
1046	225.0068
1047	248.54899898894988
1048	19.081899970022018
1049	231.0214
1050	238.70270000000002
1051	252.84949999999924
1052	241.4681
1053	240.14020000000002
1054	235.82800000000003
1055	248.7297
1056	33.356699997644476
1057	255.5081
1058	-76.722
1059	-75.79190000000001
1060	-73.21430000000029
1061	-75.35720000000005
1062	-74.19890000000024
1063	-74.68170000000002
1064	-78.71480000000001
1065	-80.201
1066	-73.13740000000004
1067	-18.380800000069033
1068	-54.04540000000044
1069	-40.20060000000229
1070	-51.245600000001424
1071	3.4044999999067556
1072	-51.95170000000067
1073	-31.730900000003288
1074	-80.15850000000003
1075	-78.07760000000029
1076	-80.54930000000006
1077	-76.78760000000003
1078	-82.7487
1079	-78.79520000000001
1080	-75.13510000000002
1081	-76.32770000000001
1082	-72.0563
1083	-44.81640000000004
1084	-14.05010000002076
1085	8.965999999836365
1086	-27.757800000001662
1087	-44.198400000000724
1088	-38.13530000000005
1089	-25.238700000012603
1090	262.9906
1091	94.32929990583835
1092	269.764
1093	273.7787
1094	264.6834
1095	43.68639999988849
1096	257.7449
1097	269.177
1098	269.5019999999999
1099	240.17190000000002
1100	267.2135
1101	238.36420000000004
1102	169.03798288100404
1103	268.4889427407699
1104	290.1675400207552
1105	48.03299993754956
1106	252.6698
1107	248.0906
1108	278.2265
1109	261.693
1110	242.71200000000002
1111	266.8553
1112	-73.4443
1113	-72.6791
1114	-71.6934
1115	-73.61140000000012
1116	-77.78650000000002
1117	-74.14340000000004
1118	-76.28870000000008
1119	-77.48340000000003
1120	-75.59310000000033
1121	-73.04910000000007
1122	-78.39990000000002
1123	-79.80900000000003
1124	-78.18480000000002
1125	-77.3216
1126	-75.37060000000007
1127	-81.19290000000007
1128	-77.22850000000031
1129	-79.18680000000047
1130	-77.37530000000008
1131	-76.81860000000005
1132	-78.25880000000018
1133	-81.66970000000013
1134	-78.75640000000003
1135	-82.04100000000001
1136	-75.38890000000026
1137	-75.84400000000001
1138	-72.5469000000001
1139	-52.44180000000016
1140	-52.16870000000264
1141	-34.05490000011729
1142	267.7228
1143	248.8489999999992
1144	253.24980000000002
1145	279.6776
1146	110.52689853476504
1147	261.6326880934068
1148	248.57980000000003
1149	247.8921
1150	266.0291
1151	112.01589582017803
1152	278.8488
1153	224.72598599685398
1154	260.9478
1155	274.31548020443523
1156	286.2186
1157	247.6655
1158	253.25670000000002
1159	268.7023
1160	40.427299998097496
1161	290.5536
1162	267.18756222938094
1163	-10.8118000000108
1164	266.8072
1165	-72.66820000000007
1166	-73.19610000000007
1167	-78.03560000000006
1168	-77.34740000000004
1169	-67.51700000000005
1170	-70.90260000000002
1171	-72.48210000000006
1172	-11.607500000025162
1173	-75.15230000000001
1174	-79.69180000000001
1175	-77.56960000000001
1176	-76.61170000000004
1177	-76.15240000000013
1178	-72.87260000000003
1179	-77.0981000000002
1180	-81.23770000000002
1181	-78.83850000000008
1182	-77.64500000000008
1183	-79.11920000000002
1184	-70.91450000000013
1185	-73.03750000000004
1186	-75.29700000000008
1187	-79.30630000000001
1188	-77.7838
1189	-77.85470000000004
1190	-77.0298
1191	-78.99640000000001
1192	-78.85900000000001
1193	-73.03730000000003
1194	-78.02390000000001
1195	-75.0567
1196	-71.51310000000008
1197	130.10577955843112
1198	265.76279999999997
1199	-47.341700000000024
1200	-4.385500000210394
1201	-74.09500000000013
1202	91.42369913029822
1203	161.70367996532565
1204	249.28970000000004
1205	52.3212999964161
1206	135.6912606590878
1207	242.26479808826912
1208	247.3649
1209	259.2471
1210	269.1909
1211	259.75310342758104
1212	273.393
1213	46.58339999331886
1214	112.38749883275119
1215	109.98019925345756
1216	123.52678886623309
1217	263.2078423725042
1218	251.1361
1219	259.2594
1220	-76.31030000000001
1221	-68.21190000000007
1222	-72.60540000000012
1223	-28.59260000009242
1224	262.04
1225	257.7278
1226	244.8796
1227	144.54490742410505
1228	242.96070000000003
1229	237.97000000000003
1230	242.69960000000003
1231	259.8417
1232	232.9344
1233	228.2089
1234	242.03330000000003
1235	72.9078980187503
1236	240.8728
1237	246.0502
1238	179.56300194983586
1239	45.72749999945593
1240	248.8092
1241	259.8508
1242	263.7376
1243	262.42459996112166
1244	245.89029907125797
1245	-25.180400000010998
1246	-78.72110000000002
1247	-74.09920000000002
1248	-77.23490000000004
1249	-69.61830000000015
1250	-76.75050000000005
1251	-77.17140000000002
1252	-77.84750000000004
1253	-78.17530000000018
1254	-76.19300000000014
1255	-79.26700000000008
1256	-80.30030000000001
1257	-79.79310000000004
1258	-74.57160000000003
1259	-81.05890000000001
1260	-79.15420000000023
1261	-77.90570000000007
1262	-75.23880000000007
1263	-77.1169000000001
1264	-74.90460000000014
1265	-76.13530000000006
1266	-77.4552
1267	-78.06750000000001
1268	-76.6871
1269	-76.69480000000001
1270	-77.25640000000001
1271	-78.16030000000002
1272	-76.21910000000034
1273	-75.93090000000021
1274	-79.65100000000005
1275	-75.60080000000063
1276	-71.83220000000063
1277	-80.2176000000001
1278	-79.48070000000004
1279	-78.34230000000018
1280	-78.08140000000003
1281	-78.93680000000002
1282	-80.12300000000025
1283	-82.18570000000017
1284	-73.97930000000001
1285	-79.78600000000002
1286	-78.53570000000003
1287	-73.12690000000005
1288	-63.46940000000004
1289	-72.76990000000002
1290	-49.06740000000005
1291	-25.226500000007654
1292	-45.80560000000007
1293	-79.61430000000001
1294	-79.0499
1295	-74.44350000000004
1296	257.5397
1297	289.9333
1298	266.9447
1299	274.5372
1300	241.9227
1301	-82.03740000000002
1302	-80.38530000000002
1303	-76.0572
1304	-79.3708
1305	-74.95170000000002
1306	-74.73810000000023
1307	-73.4592000000001
1308	-68.77070000000008
1309	-75.07040000000002
1310	-74.92260000000002
1311	-76.95670000000003
1312	-77.15470000000003
1313	-77.52210000000007
1314	-79.99590000000006
1315	-75.62810000000002
1316	282.97
1317	258.9325
1318	261.5021
1319	257.3489
1320	266.3274
1321	285.7112
1322	250.427
1323	265.1651
1324	54.593199933840225
1325	265.3382
1326	266.5561
1327	250.0428
1328	252.7287
1329	274.8072
1330	255.51839999981976
1331	-3.9136000000947115
1332	279.1918
1333	8.8467999999866
1334	-40.058200000000085
1335	282.902
1336	261.8110539357728
1337	286.8944
1338	246.8351685626897
1339	214.572038355798
1340	266.2988
1341	277.0137
1342	263.8902999992177
1343	273.9867
1344	277.1571
1345	281.1771
1346	262.7623
1347	253.3129
1348	264.2425
1349	283.4634999977219
1350	266.9304
1351	243.5664611253815
1352	19.426799989661493
1353	238.89810000000003
1354	283.1916
1355	147.42666466416506
1356	25.522999999017504
1357	245.3818
1358	263.9814
1359	261.3171687999206
1360	239.7249
1361	271.8985539521626
1362	194.3443309609971
1363	259.16131825361776
1364	12.41439999976695
1365	-42.54760000000091
1366	-34.65050000000673
1367	-51.1546000000009
1368	-79.79830000000011
1369	-74.84620000000001
1370	-73.69560000000001
1371	-79.85040000000002
1372	-72.94470000000001
1373	-65.64920000000005
1374	293.9153992153314
1375	282.857
1376	252.6091
1377	61.59419999718012
1378	259.4164
1379	-44.740600000000754
1380	-18.45510000002147
1381	24.03769999936205
1382	-37.94070000000708
1383	-75.2742
1384	-74.18730000000001
1385	-77.62250000000003
1386	-81.31220000000005
1387	-74.31910000000005
1388	-80.15820000000002
1389	-79.3382
1390	-78.48850000000006
1391	-78.15680000000005
1392	-79.84680000000006
1393	-69.41530000000002
1394	-80.44480000000001
1395	-78.54630000000002
1396	-79.87500000000003
1397	-79.16370000000009
1398	-79.49440000000007
1399	-77.29230000000024
1400	-81.1131
1401	-26.861300000000366
1402	-75.4218
1403	-76.4602
1404	-78.39
1405	-75.4323
1406	-76.57050000000001
1407	-72.25670000000004
1408	-78.289
1409	-77.77540000000002
1410	-69.03330000000001
1411	-75.9417
1412	-78.2537
1413	-79.73550000000004
1414	-76.01630000000021
1415	-70.99130000000049
1416	-76.32610000000005
1417	-77.84060000000001
1418	-77.87590000000004
1419	-79.24710000000002
1420	-74.70710000000005
1421	-75.57570000000018
1422	-75.71930000000015
1423	-77.47440000000006
1424	-77.62640000000002
1425	-78.43700000000004
1426	-73.73070000000001
1427	-79.2422
1428	-77.4431
1429	-78.4107
1430	-77.36700000000002
1431	34.65839999980975
1432	194.07762064249044
1433	206.82212760669285
1434	83.898299978006
1435	256.9961999998398
1436	-4.390300000013018
1437	294.4486
1438	268.1698
1439	28.066599998663207
1440	263.1591
1441	228.93828218917372
1442	266.6647
1443	288.28029939358714
1444	265.0814
1445	276.9988
1446	271.6007
1447	265.9117
1448	256.94589735127795
1449	268.1442791090402
1450	235.676099624427
1451	267.9878
1452	73.8695999400379
1453	238.83120000000002
1454	269.90415245718253
1455	-78.5354
1456	-78.7311
1457	-73.31540000000004
1458	-80.12710000000003
1459	-74.47080000000004
1460	-66.7369000000003
1461	-79.87030000000011
1462	-45.6581000000002
1463	131.73389383438445
1464	269.0332622646444
1465	266.8764
1466	-6.99690000000214
1467	-35.10990000000052
1468	-72.6137
1469	-76.91600000000001
1470	-71.14680000000006
1471	-74.45220000000002
1472	-75.9951
1473	-80.0272
1474	-70.3064
1475	-72.05110000000002
1476	-76.39440000000009
1477	-78.52810000000001
1478	-73.79100000000055
1479	-77.62900000000006
1480	-81.6601
1481	-81.15650000000004
1482	-77.48660000000001
1483	-79.323
1484	244.7854
1485	-37.74740000000798
1486	-50.19550000000046
1487	-78.70110000000001
1488	-79.66080000000002
1489	-76.46420000000015
1490	-79.38200000000002
1491	-74.61490000000006
1492	-80.0238
1493	-78.7338
1494	-78.15020000000003
1495	-77.92920000000001
1496	-78.6768
1497	-76.70050000000003
1498	-76.02740000000004
1499	-2.4060000001035253
1500	12.950899999981145
1501	-71.01340000000002
1502	-66.2616
1503	-71.3689
1504	-77.05830000000002
1505	-78.6265
1506	-10.726500000002188
1507	106.96519986072087
1508	48.401999991463526
1509	-68.93520000000001
1510	-25.547600000001374
1511	-40.35960000000179
1512	-49.40380000000039
1513	248.7898999999995
1514	-47.607800000001596
1515	-75.68350000000004
1516	-79.3533
1517	-76.16680000000002
1518	-83.0855
1519	-76.24440000000003
1520	-69.57410000000003
1521	-75.5779
1522	-72.65840000000001
1523	-79.08570000000002
1524	-76.3251000000001
1525	-72.52830000000002
1526	-75.1361
1527	-71.27420000000001
1528	-76.4368
1529	-78.028
1530	-78.4963
1531	-74.9133
1532	-76.2987
1533	-76.55390000000003
1534	-76.6778
1535	-77.0708
1536	-73.12750000000001
1537	-75.76170000000006
1538	-74.65500000000006
1539	-78.7754000000002
1540	-78.59530000000004
1541	-71.35620000000011
1542	-77.30540000000019
1543	-82.12250000000047
1544	-82.55810000000017
1545	-76.59540000000092
1546	-73.12910000000035
1547	-43.15020000000216
1548	-70.92260000000005
1549	-5.585500000010105
1550	-59.260600000000935
1551	-73.56350000000002
1552	-37.38990000000539
1553	-48.78450000000102
1554	-76.73680000000004
1555	-77.91510000000001
1556	-79.35950000000011
1557	-79.05770000000028
1558	-75.52130000000002
1559	-78.11500000000002
1560	-76.09830000000004
1561	-74.8267000000001
1562	-73.16890000000001
1563	-81.8954
1564	-77.19620000000002
1565	-78.9291
1566	-72.40430000000002
1567	-73.40220000000001
1568	-69.00570000000003
1569	-74.3538
1570	-72.4911
1571	-77.32680000000003
1572	-79.3009
1573	-53.12620000000108
1574	-75.43320000000024
1575	-77.56010000000003
1576	-77.71250000000002
1577	-73.80280000000019
1578	-68.63500000000019
1579	-80.51200000000001
1580	-76.72820000000003
1581	-73.8678
1582	-80.93250000000006
1583	-82.82210000000003
1584	-79.48690000000002
1585	-72.16730000000005
1586	-76.8275
1587	-79.33190000000003
1588	-77.5685000000001
1589	-76.46750000000009
1590	-77.65510000000003
1591	-76.45410000000003
1592	-74.52920000000005
1593	-78.1525
1594	-80.22690000000003
1595	-78.87950000000002
1596	-78.4276
1597	-67.6703000000009
1598	-77.10210000000012
1599	-73.72610000000009
1600	-75.22480000000002
1601	-75.08210000000012
1602	-74.91730000000003
1603	-76.56440000000013
1604	-78.8200000000003
1605	-73.90860000000004
1606	21.70269999663866
1607	-69.40440000000005
1608	-53.811300000000024
1609	-35.33020000000234
1610	-74.54290000000009
1611	-78.33970000000001
1612	-76.50780000000032
1613	-78.41760000000002
1614	-74.51000000000003
1615	-82.6263
1616	-79.89290000000003
1617	-77.73590000000006
1618	-75.64990000000007
1619	-77.57100000000011
1620	-80.0501
1621	-76.30370000000003
1622	-75.4320000000002
1623	-71.44840000000002
1624	-75.8108
1625	-78.71880000000006
1626	-78.94790000000016
1627	-79.28520000000002
1628	-81.18230000000004
1629	-74.84810000000022
1630	-73.20970000000024
1631	-75.97950000000009
1632	-75.90170000000002
1633	-75.4639
1634	-74.68240000000002
1635	-79.4876
1636	-78.1799
1637	-77.41490000000002
1638	-75.9411
1639	-76.54490000000001
1640	-72.9574000000001
1641	-79.77000000000025
1642	-77.82920000000033
1643	-78.3491000000002
1644	-75.75130000000006
1645	-72.81760000000052
1646	-83.21160000000006
1647	-73.48080000000027
1648	-78.73550000000054
1649	-78.6599000000001
1650	-80.24450000000002
1651	-75.08330000000001
1652	-78.11780000000003
1653	-77.92790000000001
1654	-77.27210000000004
1655	-74.10220000000001
1656	-76.60870000000003
1657	-71.76490000000004
1658	-78.72620000000002
1659	-78.11890000000002
1660	-73.68860000000019
1661	-79.80300000000007
1662	-75.89630000000001
1663	-80.14250000000003
1664	-76.82550000000002
1665	-79.31850000000003
1666	-80.5872
1667	-78.85710000000003
1668	-77.98030000000006
1669	-78.02480000000001
1670	-71.15410000000003
1671	-78.29870000000004
1672	-75.84110000000003
1673	-77.81880000000002
1674	-77.93020000000006
1675	-81.3011
1676	-31.816800000001315
1677	-44.707600000017585
1678	-78.95000000000003
1679	-73.38090000000099
1680	-78.69500000000005
1681	-79.24270000000007
1682	-69.36620000000049
1683	221.2401
1684	170.98657479653937
1685	10.297499999689721
1686	266.48591236222313
1687	257.2842
1688	230.7841
1689	-31.474800000005214
1690	61.47749988996253
1691	255.1964
1692	240.17709999999025
1693	234.0729
1694	256.3734
1695	234.6333
1696	277.3142
1697	-28.16660000015059
1698	245.5462999999904
1699	243.99690000000004
1700	103.20519943305624
1701	270.178
1702	158.5237398250639
1703	263.6107
1704	261.988
1705	266.6772
1706	250.4791
1707	119.1756973094719
1708	253.76
1709	239.64550000000003
1710	258.6479477862592
1711	258.27206492428104
1712	233.55041731546842
1713	234.58400000000003
1714	82.22159979252676
1715	263.7841
1716	244.5994
1717	197.37658397418838
1718	235.4959
1719	259.412
1720	254.4254
1721	253.1026
1722	248.33619107119569
1723	248.63607533082836
1724	252.23590000000002
1725	243.9854
1726	10.419199999760366
1727	256.5928
1728	223.7215082641096
1729	268.00079999450725
1730	113.18314800066602
1731	20.43039999546608
1732	-42.43130000000058
1733	-76.7799
1734	-75.9779
1735	-64.93039999999999
1736	274.55019928180974
1737	257.7107
1738	60.27829999903947
1739	252.7028
1740	271.51439922038514
1741	259.59644273345833
1742	259.853
1743	247.60529999999804
1744	279.7971583281407
1745	243.19975096250187
1746	243.76340000000002
1747	246.61010000000002
1748	238.0393
1749	104.31407225853087
1750	203.76103636815765
1751	240.99830000000003
1752	238.95580000000004
1753	268.9809
1754	254.10980000000004
1755	219.98148467695034
1756	-50.910100000001975
1757	250.46049999997425
1758	216.07180000000002
1759	239.91440000000003
1760	250.46805708546196
1761	252.56140000000002
1762	248.71090000000004
1763	167.26543401986447
1764	257.7242
1765	-81.48810000000006
1766	-76.17870000000003
1767	-76.5554
1768	-9.569300000005915
1769	-34.64220000000131
1770	-26.864200000006495
1771	-21.71830000001533
1772	-71.12810000000006
1773	-74.83570000000029
1774	-76.19950000000011
1775	-77.06440000000002
1776	-79.1648
1777	-76.37780000000006
1778	-80.08600000000001
1779	-78.28630000000014
1780	-72.77050000000021
1781	-75.4299
1782	-80.02820000000003
1783	-79.73910000000006
1784	-80.08430000000033
1785	-79.90880000000003
1786	-76.8937
1787	-80.2623
1788	-75.52330000000008
1789	-75.48660000000048
1790	-76.04840000000023
1791	-79.27760000000005
1792	-73.63880000000019
1793	-80.2611000000003
1794	-78.86510000000024
1795	-78.5512000000002
1796	-74.57110000000004
1797	-80.50150000000001
1798	-77.44560000000008
1799	-81.4153000000002
1800	-77.16090000000068
1801	-79.72460000000028
1802	-80.12670000000014
1803	-80.86140000000012
1804	-77.36000000000071
1805	-76.65580000000085
1806	-80.6072000000002
1807	-71.06160000000072
1808	-77.98450000000005
1809	-75.9272000000009
1810	-76.22560000000027
1811	-81.61380000000001
1812	-77.80710000000005
1813	-80.53070000000002
1814	-81.05760000000002
1815	-76.12310000000004
1816	-76.24940000000007
1817	-77.14000000000009
1818	-73.5997
1819	-70.11940000000004
1820	-79.96990000000008
1821	11.351299998066485
1822	-78.89050000000002
1823	-59.83440000000085
1824	-75.9507000000001
1825	-23.77420000001565
1826	-68.02490000000036
1827	259.8451
1828	-27.71600000002699
1829	240.8754
1830	252.95066786028957
1831	267.1721999999105
1832	-17.284200000002343
1833	269.8623
1834	247.9273
1835	212.00469918226776
1836	279.2993
1837	246.1319
1838	269.2862
1839	239.1613
1840	233.9067
1841	243.52370000000002
1842	281.7393
1843	281.5379
1844	276.1521
1845	54.61589999934464
1846	268.80179159131643
1847	-79.0947
1848	-45.94300000000007
1849	279.147
1850	-75.5216
1851	282.498
1852	-37.623200000001766
1853	-36.3531000000001
1854	-67.9997
1855	-73.52060000000002
1856	-79.653
1857	-78.16390000000007
1858	-77.10620000000002
1859	-76.314
1860	-79.78630000000013
1861	-77.88980000000005
1862	-76.97820000000007
1863	-79.73100000000001
1864	-79.92010000000003
1865	-75.05900000000067
1866	-76.36640000000001
1867	-76.6016000000002
1868	-77.61970000000004
1869	-75.42780000000062
1870	-78.56710000000001
1871	-76.89440000000008
1872	-80.34820000000006
1873	-76.23460000000011
1874	-77.87070000000017
1875	-79.8771
1876	-78.68270000000004
1877	-78.83340000000004
1878	-81.04260000000002
1879	-79.05880000000003
1880	-78.83790000000003
1881	-75.81780000000003
1882	-76.4381
1883	-74.77540000000002
1884	-65.0895
1885	-45.75880000000029
1886	30.257999999791053
1887	-70.2836000000001
1888	-77.39690000000002
1889	-72.98400000000008
1890	-76.62310000000015
1891	-77.19240000000033
1892	-77.5077000000001
1893	-76.64750000000004
1894	-77.03830000000005
1895	-79.90420000000005
1896	-75.72210000000007
1897	-79.99000000000002
1898	-68.45630000000011
1899	-77.44780000000019
1900	-77.38530000000019
1901	-79.8211
1902	-79.49000000000001
1903	-78.10360000000001
1904	-81.32000000000009
1905	-76.25350000000005
1906	-69.77130000000018
1907	-77.89220000000023
1908	-80.44700000000007
1909	-64.24170000000109
1910	-77.96650000000002
1911	-76.2813
1912	-73.0272000000001
1913	-76.36280000000004
1914	-80.13160000000002
1915	-76.3749
1916	-79.20400000000001
1917	-71.48850000000051
1918	-74.73480000000026
1919	-77.14710000000001
1920	-80.21220000000014
1921	-79.73780000000079
1922	-78.36590000000011
1923	-78.45590000000033
1924	-80.98590000000026
1925	-78.18510000000012
1926	-74.53850000000017
1927	-78.49580000000005
1928	-78.62680000000017
1929	-78.98680000000009
1930	-82.6119
1931	-80.19820000000003
1932	-75.9359000000001
1933	-79.96620000000006
1934	-78.30810000000007
1935	-79.32540000000002
1936	-73.42700000000009
1937	-73.65900000000008
1938	-77.8048000000001
1939	-79.62050000000004
1940	-79.27770000000017
1941	-79.63570000000001
1942	-79.79320000000008
1943	-79.87480000000002
1944	-72.39210000000138
1945	-80.1365
1946	-77.30390000000003
1947	-80.64170000000009
1948	-77.72190000000003
1949	-78.48100000000008
1950	-79.89980000000004
1951	-77.11750000000006
1952	-81.95170000000002
1953	-79.95920000000001
1954	-76.81840000000003
1955	-76.4441
1956	-79.08120000000001
1957	-78.01630000000003
1958	-73.62110000000001
1959	-75.23450000000008
1960	-81.31930000000001
1961	-81.62460000000003
1962	-73.91820000000011
1963	-76.71830000000001
1964	-77.50090000000003
1965	-81.3448
1966	-75.31630000000024
1967	-76.43020000000016
1968	-77.96260000000004
1969	-76.12900000000056
1970	-74.98910000000001
1971	-74.33440000000085
1972	-79.0006
1973	-78.67540000000002
1974	-80.23240000000004
1975	-74.09840000000007
1976	-77.43230000000001
1977	-76.49710000000009
1978	-77.90280000000017
1979	-74.29720000000012
1980	-79.55050000000003
1981	-73.55540000000005
1982	-78.75090000000012
1983	-71.99690000000024
1984	-74.80750000000002
1985	-74.4986000000002
1986	-77.01150000000007
1987	-81.7256
1988	-75.45900000000005
1989	-77.89390000000003
1990	-79.25400000000025
1991	-79.98310000000028
1992	-78.21850000000005
1993	-80.3447000000001
1994	-80.12900000000006
1995	-77.46180000000004
1996	-76.45410000000008
1997	-77.3167000000002
1998	-77.21340000000019
1999	-76.2508000000001
2000	-76.8335000000003
2001	-77.06420000000001
2002	-77.13820000000003
2003	-77.34110000000001
2004	-80.08120000000002
2005	-79.5217000000001
2006	-78.79410000000006
2007	-77.26090000000006
2008	-74.8116000000001
2009	-80.69780000000009
2010	-69.66820000000085
2011	-77.34350000000003
2012	-78.00810000000004
2013	-73.92280000000036
2014	-72.61920000000018
2015	-78.10910000000004
2016	-80.15430000000005
2017	-75.54320000000001
2018	-78.86000000000001
2019	-81.04170000000003
2020	-79.70150000000004
2021	-76.21110000000007
2022	-80.60700000000001
2023	-70.46470000000018
2024	-78.97670000000004
2025	-76.56850000000027
2026	-75.79610000000005
2027	-54.70470000000038
2028	-68.84370000000004
2029	-68.26750000000001
2030	-75.83370000000001
2031	248.3902397291407
2032	-74.91980000000005
2033	-76.13450000000002
2034	-77.25040000000001
2035	242.28160000000003
2036	164.63244068560724
2037	-50.77260000000245
2038	-40.238200000001015
2039	-20.11000000000645
2040	-75.07310000000004
2041	-78.03440000000013
2042	-81.09940000000006
2043	-67.95330000000077
2044	-80.54460000000037
2045	-79.49780000000004
2046	-77.62120000000071
2047	-75.57390000000007
2048	-78.63380000000005
2049	-77.60460000000077
2050	-78.95670000000014
2051	-78.85100000000033
2052	-78.18800000000016
2053	-80.83100000000006
2054	-77.71590000000003
2055	-77.75630000000037
2056	-81.6192
2057	-79.31000000000003
2058	-76.65700000000001
2059	-74.67810000000001
2060	67.51289992059979
2061	249.57620000000003
2062	264.1668
2063	265.5927
2064	303.7422
2065	257.5211
2066	264.7098983519072
2067	239.36100000000002
2068	253.39288666653448
2069	250.6391
2070	248.6064
2071	242.90570000000002
2072	267.0984
2073	148.68035958729172
2074	241.65672760603206
2075	170.75023169487463
2076	2.182099999976128
2077	220.96533862079409
2078	74.48589979329378
2079	91.10289896295836
2080	-78.5244
2081	-74.71450000000003
2082	-42.346300000001904
2083	-44.60430000000555
2084	-3.5230000000183326
2085	-44.04660000000248
2086	-46.45680000000322
2087	-79.25450000000043
2088	-80.66610000000004
2089	-73.26220000000018
2090	-77.68380000000002
2091	-81.80710000000002
2092	-79.59050000000002
2093	-73.94650000000372
2094	-74.18060000000008
2095	-77.62870000000001
2096	-80.59680000000002
2097	-71.89810000000007
2098	-76.17320000000004
2099	-79.62280000000001
2100	-79.01230000000007
2101	-77.5305
2102	-74.97460000000002
2103	-75.6393
2104	-78.43420000000002
2105	-75.55750000000003
2106	-78.41070000000018
2107	258.0829
2108	244.29620000000003
2109	276.764
2110	-34.36330000000483
2111	-40.31970000000077
2112	-77.08900000000003
2113	-79.61750000000002
2114	-81.08570000000003
2115	-79.2910000000002
2116	-78.30020000000006
2117	-78.27700000000006
2118	-73.71020000000013
2119	-73.17090000000009
2120	8.629299999875355
2121	-7.547000000078678
2122	-71.49750000000004
2123	-33.16650000000047
2124	-48.66180000000024
2125	-71.58080000000001
2126	-79.49980000000002
2127	-75.6204000000001
2128	-78.75870000000002
2129	-77.55820000000001
2130	252.89960000000002
2131	257.3675
2132	256.7984
2133	126.72319577151922
2134	261.1632
2135	254.2748
2136	80.83679987809198
2137	267.6208
2138	268.3987
2139	260.1895
2140	276.8486
2141	254.4578
2142	248.4211
2143	242.6434
2144	242.86849999999998
2145	259.3375999999969
2146	237.682
2147	257.3582
2148	231.28819999999882
2149	284.1079
2150	284.5849
2151	266.6839
2152	224.33729999999997
2153	230.53350000000003
2154	257.675
2155	101.06299552828978
2156	266.347
2157	122.71829081371772
2158	242.49911087979928
2159	254.03640000000001
2160	224.9882
2161	229.2155
2162	255.02809999999997
2163	231.60132887677074
2164	121.71417975350322
2165	-36.01630000000271
2166	-80.2363
2167	-73.29980000000026
2168	-78.04930000000003
2169	-78.71110000000003
2170	-77.76370000000001
2171	-76.74280000000006
2172	-76.93050000000049
2173	-79.84390000000009
2174	-71.37570000000014
2175	-80.1306
2176	-78.05000000000001
2177	-74.00550000000045
2178	-75.45750000000004
2179	-78.2652
2180	-73.65520000000006
2181	-73.92830000000002
2182	-79.89340000000003
2183	-75.90130000000005
2184	-74.92460000000001
2185	-78.3788
2186	-73.74560000000001
2187	-76.93220000000001
2188	-74.7792
2189	-77.044
2190	-77.18150000000001
2191	-77.96210000000004
2192	-76.05010000000001
2193	-70.70940000000002
2194	-77.4975
2195	-73.95750000000024
2196	-76.25960000000003
2197	-79.99950000000003
2198	-79.06770000000002
2199	-78.0775
2200	-76.43180000000001
2201	-76.92730000000006
2202	-80.0188
2203	-76.81370000000008
2204	-76.08080000000011
2205	-73.91740000000007
2206	-78.70400000000005
2207	-76.8255
2208	-74.78950000000002
2209	-71.98920000000001
2210	-73.93420000000002
2211	-76.48270000000001
2212	-78.9503
2213	-76.19460000000005
2214	-75.48780000000001
2215	250.7506
2216	264.9747
2217	202.77892673636637
2218	286.43
2219	260.5469
2220	251.10320000000002
2221	261.1988
2222	111.83869681722494
2223	247.7721
2224	236.1391
2225	249.96190000000004
2226	265.0786
2227	252.966
2228	255.8402
2229	121.17155335549158
2230	237.5393
2231	252.527
2232	174.0407917719724
2233	235.0262
2234	249.4891
2235	250.67200000000003
2236	283.7841
2237	270.999
2238	239.36710000000002
2239	263.9746
2240	-34.16050000000246
2241	-72.43210000000005
2242	-73.66750000000006
2243	-80.58970000000001
2244	-72.32720000000022
2245	-76.3695
2246	-80.30170000000001
2247	-79.26150000000004
2248	-78.72750000000002
2249	-81.40000000000009
2250	-72.37880000000017
2251	-77.24910000000001
2252	-79.8003
2253	-76.60510000000001
2254	-78.05240000000002
2255	-73.20680000000011
2256	-78.40430000000006
2257	-78.87440000000002
2258	-78.47500000000005
2259	-77.85340000000001
2260	-70.31230000000014
2261	-78.48080000000003
2262	-78.19200000000012
2263	-74.83490000000008
2264	-77.24690000000011
2265	-75.27020000000002
2266	-76.13610000000003
2267	-77.03630000000022
2268	-75.4304000000003
2269	-78.85960000000007
2270	-78.29090000000002
2271	-77.39090000000006
2272	-79.92710000000002
2273	-74.55690000000016
2274	-81.27260000000001
2275	-77.02990000000011
2276	-79.2435000000003
2277	-77.01110000000003
2278	-81.33440000000012
2279	-75.57650000000001
2280	-78.40030000000012
2281	-74.35560000000025
2282	-81.29500000000007
2283	-78.82020000000009
2284	-78.16020000000015
2285	-75.04450000000004
2286	-74.74040000000012
2287	-77.62620000000004
2288	-80.08790000000005
2289	-71.5203000000001
2290	-79.43800000000003
2291	-74.56950000000009
2292	-75.59830000000005
2293	-79.16030000000005
2294	-70.58930000000011
2295	-78.66330000000002
2296	-78.94690000000003
2297	-79.85070000000005
2298	-75.28970000000001
2299	-74.35220000000001
2300	-76.84500000000001
2301	-78.2802
2302	-75.25010000000012
2303	-80.97210000000013
2304	-56.76870000000009
2305	-69.95790000000001
2306	-72.62570000000066
2307	-72.17130000000013
2308	-78.94070000000002
2309	-78.4700000000005
2310	-77.0889
2311	-75.22690000000011
2312	-78.03320000000002
2313	-77.56430000000005
2314	-79.93390000000001
2315	-78.06220000000049
2316	-75.68540000000002
2317	-78.08600000000021
2318	-78.70800000000011
2319	-77.26810000000016
2320	-80.17040000000013
2321	-80.06160000000001
2322	-74.86730000000011
2323	-79.40290000000168
2324	-79.79040000000002
2325	-74.61790000000032
2326	-75.01910000000001
2327	-75.6366
2328	-79.27550000000001
2329	-78.1642000000001
2330	-79.24210000000006
2331	-79.36430000000003
2332	-76.47830000000002
2333	-73.91930000000015
2334	-76.87720000000002
2335	-77.17240000000007
2336	-75.87640000000002
2337	-76.78390000000013
2338	-78.01490000000001
2339	-77.94480000000001
2340	-72.87030000000001
2341	-73.47670000000001
2342	-77.43600000000005
2343	-10.292600000046761
2344	107.20419966839134
2345	-77.32410000000004
2346	-74.73860000000002
2347	-68.63980000000002
2348	-77.01230000000001
2349	-77.93880000000004
2350	-72.73840000000001
2351	-76.8467
2352	-76.3518
2353	174.18124377828073
2354	292.8353
2355	50.99709999609126
2356	264.7905
2357	240.1978
2358	39.79619999645952
2359	181.2364931299066
2360	258.7014
2361	247.62110000000004
2362	266.2992
2363	276.6428
2364	239.495
2365	240.67630000000003
2366	245.2526
2367	263.9268
2368	263.0947
2369	286.3371
2370	180.33966793941516
2371	269.3381
2372	274.2911
2373	241.6770800784751
2374	272.9572
2375	265.771
2376	264.7041
2377	251.3874
2378	245.0314
2379	252.7105999999999
2380	188.81735770205376
2381	256.4338
2382	293.6454
2383	279.552
2384	286.9452
2385	277.8983
2386	251.4142999999963
2387	-64.67100000000029
2388	-45.81560000000057
2389	-67.26210000000013
2390	-70.89240000000014
2391	-77.0917
2392	-73.77240000000005
2393	-78.96060000000001
2394	-76.52530000000003
2395	-68.94030000000018
2396	-1.3427000000682645
2397	255.5287
2398	250.45880000000002
2399	265.8985
2400	13.52399999987063
2401	-51.50310000000894
2402	-75.6105
2403	-66.49800000000003
2404	-75.5461
2405	-78.8526
2406	-76.9098
2407	-78.59210000000002
2408	-78.36350000000031
2409	-70.58790000000002
2410	-76.86260000000007
2411	-76.8388
2412	-74.89070000000002
2413	-80.3404
2414	-79.8727000000001
2415	-77.22350000000046
2416	-73.83980000000005
2417	-79.3194
2418	-75.32720000000003
2419	-80.37470000000003
2420	-75.36500000000059
2421	-81.47580000000004
2422	-80.17570000000008
2423	-78.38480000000001
2424	-78.68530000000003
2425	-71.39900000000137
2426	-74.80950000000115
2427	-75.27640000000012
2428	238.73419999999814
2429	245.91
2430	239.96750000000003
2431	244.67020000000002
2432	123.60076995854234
2433	239.39949999737783
2434	256.6563
2435	270.0104
2436	273.4482975959701
2437	247.80490000000003
2438	255.21537010976346
2439	18.68279999927959
2440	33.827699992829814
2441	265.2922
2442	260.2785
2443	288.7892992816074
2444	-81.19260000000001
2445	-78.56760000000001
2446	-73.57910000000017
2447	-78.53570000000002
2448	-79.86980000000003
2449	-78.40740000000001
2450	-79.38850000000001
2451	-77.6997
2452	-78.8782
2453	-69.81740000000006
2454	-79.3523
2455	-74.19200000000001
2456	-81.5388
2457	-77.7023
2458	-78.9054
2459	-74.6121
2460	-73.98660000000001
2461	-74.1785
2462	-77.34440000000001
2463	-76.49810000000001
2464	-74.78680000000001
2465	-20.629200000017235
2466	-45.70120000000022
2467	-43.60030000000051
2468	-30.154100000000078
2469	-78.8756
2470	-75.0846
2471	-75.1941
2472	-76.9143
2473	-80.07270000000025
2474	-77.5057
2475	-79.57820000000001
2476	-73.58340000000007
2477	-77.50130000000009
2478	-79.60780000000001
2479	-75.83660000000006
2480	-77.37770000000002
2481	-74.94490000000003
2482	-77.11570000000002
2483	-79.07550000000002
2484	-82.47040000000001
2485	-76.85330000000003
2486	-79.12350000000002
2487	-78.2238
2488	-78.33680000000001
2489	-77.28760000000001
2490	216.9728080797502
2491	-69.09490000000021
2492	-79.6131000000002
2493	-80.80440000000004
2494	-74.62440000000001
2495	-79.82430000000001
2496	-78.99880000000002
2497	-78.39800000000001
2498	-69.75810000000052
2499	-75.84030000000001
2500	-73.034
