         1    7.061   1.881
         2    7.847   1.776
         3    8.363   2.022
         4    7.619   1.028
         5    9.706   2.965
         6    8.460   2.091
         7    4.582   3.242
         8    9.142   2.243
         9    8.125   2.527
        10    8.750   2.086
        11    8.562   1.886
        12    8.311   1.513
        13    6.787   1.628
        14    9.687   2.950
        15    9.012   2.344
        16    7.301   1.814
        17    9.868   3.228
        18    8.454   2.193
        19    8.044   1.515
        20    8.777   2.397
        21   10.390   3.512
        22    8.976   2.217
        23    7.524   1.233
        24    5.862   1.694
        25    7.898   1.075
        26    5.849   1.572
        27    4.917   3.177
        28    8.924   2.279
        29    9.542   2.707
        30   11.251   4.380
        31    9.551   2.720
        32    7.297   1.654
        33   10.264   3.449
        34    9.824   3.182
        35   11.835   4.935
        36   10.471   3.532
        37    5.579   2.180
        38    7.505   0.870
        39    8.722   2.124
        40    9.960   3.225
        41   10.454   3.560
        42    8.479   1.956
        43    9.809   2.874
        44   10.224   3.538
        45    2.879   4.418
        46    1.249   6.368
        47    1.069   6.586
        48    1.068   6.419
        49    0.930   6.774
        50    1.336   6.348
        51    0.911   7.347
        52    6.118   4.793
        53    1.077   7.449
        54    1.477   6.032
        55    1.055   6.632
        56    1.378   6.240
        57    1.448   6.064
        58    1.014   6.954
        59    2.034   5.602
        60    1.253   6.139
        61    1.008   6.310
        62    0.823   7.137
        63    0.721   6.790
        64    1.061   6.668
        65    1.193   6.463
        66    1.459   5.997
        67    2.443   4.894
        68    2.294   5.072
        69    5.139   2.469
        70    1.605   5.884
        71    1.446   5.927
        72    2.311   5.142
        73    1.409   6.137
        74    1.425   6.177
        75    0.852   6.806
        76    0.964   6.562
        77    0.887   6.634
        78    1.163   6.495
        79    1.408   6.094
        80    1.057   6.586
        81    2.641   4.723
        82    4.362   3.385
        83    0.696   7.128
        84    1.046   6.708
        85    1.386   6.136
        86    1.216   6.519
        87    1.106   6.304
        88    6.953   1.613
        89    9.333   2.489
        90   11.992   5.221
        91   10.014   3.340
        92    8.637   1.845
        93    8.531   1.838
        94    8.361   1.860
        95    6.530   2.335
        96    5.047   2.497
        97    7.288   1.142
        98    6.407   1.537
        99    6.774   1.181
       100    9.395   2.638
       101   10.780   4.008
       102    7.353   1.134
       103    9.380   2.735
       104    5.390   2.667
       105    8.072   1.268
       106    4.952   2.533
       107    1.431   6.243
       108    1.442   5.961
       109   10.181   3.259
       110    6.924   1.874
       111    4.599   2.792
       112    0.701   6.937
       113    2.855   4.496
       114    0.879   7.084
       115    1.013   6.440
       116    3.993   3.349
       117    1.877   5.472
       118    6.891   1.445
       119    8.744   1.884
       120   11.035   4.102
       121    9.203   2.197
       122    5.126   2.327
       123    2.363   4.909
       124    0.990   6.629
       125    1.491   5.984
       126    1.043   6.470
       127    0.988   6.882
       128    0.852   6.831
       129    1.310   6.159
       130    1.697   5.666
       131    0.914   6.646
       132    1.099   6.663
       133    1.075   6.441
       134    1.286   6.118
       135    1.309   6.152
       136    1.262   6.245
       137    1.088   6.426
       138    1.969   5.310
       139    0.903   6.948
       140    3.353   4.127
       141    8.263   1.365
       142    4.076   3.260
       143    9.329   2.326
       144    2.590   4.777
       145    1.238   6.433
       146    2.098   5.301
       147    0.959   6.669
       148    1.434   6.124
       149   12.342   5.638
       150   12.282   5.584
       151    9.386   2.946
       152    7.114   1.118
       153   11.251   4.356
       154    9.654   2.902
       155   11.889   4.949
       156    5.386   2.153
       157    8.761   1.955
       158    4.559   3.378
       159    5.638   2.899
       160    6.225   1.553
       161    7.552   1.158
       162    5.970   2.131
       163    6.876   2.879
       164    7.993   1.139
       165    9.485   2.751
       166    9.986   3.299
       167    5.343   2.284
       168    4.868   3.068
       169    7.467   1.093
       170    5.142   2.463
       171    9.514   2.743
       172    4.453   3.070
       173    0.978   6.858
       174    1.369   6.135
       175    1.001   6.854
       176    1.088   6.631
       177    0.988   6.496
       178    1.101   6.371
       179    1.581   5.854
       180    1.885   5.622
       181    1.744   5.537
       182    2.027   5.351
       183    1.323   6.145
       184    1.437   6.051
       185    1.352   6.146
       186    1.281   6.134
       187    1.453   6.074
       188    1.599   5.783
       189    1.254   6.191
       190    1.372   6.159
       191    0.912   6.636
       192   10.926   4.018
       193    8.227   2.571
       194    7.469   1.025
       195    8.225   1.800
       196    9.127   2.213
       197    7.345   1.687
       198    8.240   1.547
       199    8.065   1.470
       200    7.688   1.829
       201   10.243   3.446
       202   10.320   3.507
       203   10.477   3.535
       204    5.338   2.382
       205   10.231   3.465
       206   11.009   4.305
       207   14.210   7.379
       208    9.519   3.138
       209    9.500   2.990
       210   12.077   5.596
       211   11.250   4.459
       212    8.130   2.398
       213   11.221   4.687
       214   13.000   6.209
       215   10.619   3.756
       216    9.433   2.881
       217    4.824   2.607
       218    7.203   1.275
       219   10.129   3.366
       220    7.122   0.949
       221   10.669   3.711
       222    9.842   2.895
       223    8.749   1.768
       224    0.882   6.857
       225    1.240   6.273
       226    3.627   3.747
       227    1.159   6.325
       228    1.319   6.235
       229    1.119   6.483
       230    0.975   6.747
       231    1.061   6.429
       232    1.161   6.444
       233    0.943   6.558
       234    0.973   6.554
       235    1.093   6.568
       236    8.655   2.036
       237    7.943   1.197
       238    7.255   2.047
       239    3.888   4.987
       240    1.253   6.295
       241    1.440   6.030
       242    1.098   6.429
       243    1.239   6.368
       244    0.875   6.689
       245    1.462   6.227
       246    0.916   6.994
       247    0.709   6.991
       248    1.193   6.580
       249    1.008   6.564
       250    1.688   5.778
       251    1.820   5.617
       252    2.271   5.172
       253    1.973   5.318
       254    1.111   6.571
       255   11.039   4.209
       256    8.658   1.983
       257   10.763   3.800
       258    8.458   1.816
       259    8.703   1.758
       260    7.931   1.424
       261   11.872   4.820
       262    6.177   1.798
       263   12.290   5.324
       264    6.396   1.416
       265    6.711   1.801
       266    6.707   0.991
       267    6.725   1.068
       268    9.053   2.189
       269    7.045   1.546
       270    8.249   1.330
       271    0.941   7.084
       272    0.980   6.793
       273    1.122   6.357
       274    0.819   7.340
       275    1.370   6.001
       276    2.724   4.631
       277    0.752   7.053
       278    1.168   6.444
       279    1.524   5.936
       280    1.026   6.411
       281    1.220   6.252
       282    1.180   6.445
       283    1.311   6.286
       284    0.936   6.578
       285    9.110   2.146
       286    6.520   1.349
       287    9.581   2.634
       288    5.230   3.293
       289    1.242   6.209
       290    3.321   4.015
       291    1.123   6.403
       292    0.855   6.780
       293    0.965   6.491
       294    2.931   4.472
       295    0.896   6.722
       296    0.834   6.742
       297    0.887   6.499
       298    3.507   3.833
       299    1.124   6.380
       300    1.108   6.361
       301    1.877   5.489
       302    0.846   7.197
       303    1.114   6.409
       304    1.095   6.294
       305    0.791   6.914
       306    1.304   6.189
       307    1.164   6.334
       308    0.895   7.252
       309    7.694   1.603
       310    9.679   3.074
       311    8.919   2.266
       312    6.420   1.435
       313    5.945   1.715
       314   11.266   4.481
       315   10.074   3.284
       316    8.929   2.232
       317   10.695   3.830
       318   13.560   6.687
       319   11.731   4.911
       320    8.660   2.049
       321    9.331   2.887
       322    8.302   2.134
       323    9.013   2.267
       324    9.656   2.849
       325    5.585   2.113
       326    8.492   1.722
       327    5.536   2.279
       328    9.698   2.929
       329    8.746   2.499
       330   12.404   5.575
       331    9.851   2.985
       332   12.699   5.808
       333    5.314   2.971
       334    3.144   4.350
       335    9.791   2.782
       336   10.501   3.603
       337   11.811   4.959
       338    0.926   6.777
       339    0.997   6.653
       340    0.969   6.746
       341    1.107   6.353
       342    1.272   6.284
       343    0.778   6.900
       344    1.602   5.804
       345    0.892   6.729
       346    4.389   3.194
       347    1.132   6.415
       348    1.694   5.670
       349    0.806   6.847
       350    1.810   5.579
       351    0.849   6.957
       352    1.321   6.025
       353    1.290   6.164
       354    1.520   5.766
       355    1.330   6.099
       356    1.230   6.390
       357    1.372   5.960
       358    1.246   6.343
       359    1.405   6.060
       360    1.055   6.738
       361    1.023   6.950
       362    1.689   5.850
       363    1.482   5.993
       364    1.301   6.343
       365    1.010   7.068
       366    1.049   6.810
       367    1.329   6.180
       368    1.863   5.497
       369    1.027   6.511
       370    1.310   6.018
       371    0.818   6.850
       372    0.868   6.952
       373    1.546   5.947
       374    1.057   6.522
       375    1.094   6.321
       376    1.142   6.253
       377    1.247   6.201
       378    0.937   6.839
       379    0.980   6.763
       380    1.264   6.369
       381    0.941   6.719
       382    0.907   6.978
       383    1.012   6.777
       384    1.707   5.772
       385    1.178   6.437
       386    1.341   6.081
       387    5.901   1.864
       388    4.776   3.894
       389    9.301   2.642
       390    6.296   1.619
       391    9.176   2.326
       392    8.701   2.211
       393    7.816   2.243
       394   11.773   5.265
       395    9.910   3.636
       396    6.464   1.467
       397    9.320   2.613
       398   11.225   4.328
       399    7.713   1.265
       400    5.650   2.133
       401    8.792   2.132
       402    7.171   2.488
       403    8.123   1.516
       404    9.802   2.826
       405    7.026   2.228
       406    5.836   2.117
       407   11.502   4.540
       408   11.503   4.846
       409    5.548   2.076
       410    9.124   2.447
       411    7.666   1.482
       412    8.579   1.758
       413   10.814   3.877
       414   10.572   3.653
       415    7.686   1.999
       416    8.706   2.131
       417    9.754   2.952
       418    9.542   3.009
       419    8.261   1.556
       420   13.016   6.067
       421    5.736   3.217
       422   10.547   3.659
       423    7.502   0.866
       424    3.558   3.884
       425   14.266   7.424
       426   12.436   5.626
       427   10.622   3.895
       428    8.789   2.357
       429   10.554   3.762
       430    7.278   1.490
       431    8.455   2.127
       432    5.411   3.074
       433    5.303   2.746
       434    6.874   1.680
       435   11.676   4.895
       436   13.245   6.432
       437    8.024   1.272
       438    8.908   2.414
       439    7.437   1.160
       440    8.170   1.459
       441    8.237   1.648
       442   10.012   3.213
       443   10.137   3.274
       444    9.615   2.730
       445    8.899   2.342
       446    8.921   2.148
       447    7.837   1.572
       448    6.733   2.084
       449   11.440   4.574
       450   10.861   4.141
       451   11.228   4.546
       452   11.638   4.702
       453   11.288   4.263
       454    8.962   2.446
       455    7.166   1.098
       456   11.687   4.828
       457    6.286   2.332
       458   11.324   4.477
       459   11.884   4.961
       460   11.207   4.431
       461   11.194   4.488
       462   10.779   3.950
       463   11.140   4.342
       464   10.366   3.693
       465    1.098   6.300
       466    1.131   6.363
       467    1.039   6.744
       468    0.672   7.007
       469    0.922   7.075
       470    1.285   6.257
       471    1.669   5.809
       472    1.006   6.391
       473    0.845   6.900
       474    2.701   4.756
       475    0.828   7.031
       476    0.968   6.775
       477    1.395   5.985
       478    1.621   5.768
       479    1.113   6.388
       480    0.936   6.566
       481    1.749   5.646
       482    0.921   7.131
       483    1.249   6.533
       484    2.681   4.688
       485    9.704   3.027
       486    3.461   4.063
       487    2.986   4.693
       488    2.232   5.229
       489    1.367   6.178
       490    8.139   1.634
       491    5.514   1.837
       492    7.619   1.140
       493   11.385   4.454
       494    9.853   2.991
       495    9.503   2.761
       496    8.449   2.004
       497    5.925   2.396
       498    6.203   1.744
       499    8.295   2.029
       500   12.408   5.697
       501   12.058   5.273
       502   10.317   3.454
       503    9.601   2.994
       504    7.904   1.258
       505    9.041   2.288
       506   11.470   4.575
       507    8.728   2.213
       508    7.410   1.077
       509    7.205   1.571
       510    6.140   1.908
       511    3.848   4.780
       512    5.120   3.126
       513    6.210   2.568
       514    6.103   1.657
       515    6.445   1.350
       516    7.936   1.262
       517    8.925   2.089
       518    6.591   2.109
       519   11.675   4.912
       520    3.275   4.290
       521    4.857   2.685
       522    6.862   1.018
       523    5.095   2.563
       524    2.827   4.478
       525    1.960   5.352
       526    0.986   6.494
       527    0.837   6.729
       528    1.821   5.533
       529    1.234   6.324
       530    1.167   6.342
       531    1.731   5.634
       532    8.546   2.028
       533   11.003   4.053
       534   11.864   5.024
       535    6.457   1.977
       536    6.794   1.434
       537    7.659   1.595
       538    7.706   2.013
       539    8.014   1.775
       540    9.829   3.331
       541    8.530   2.192
       542    9.800   2.986
       543    7.921   2.173
       544   10.677   3.999
       545    9.556   2.759
       546    9.641   2.704
       547    9.240   2.316
       548   10.747   3.847
       549   11.340   4.655
       550    8.682   1.976
       551    9.046   2.190
       552    8.766   2.410
       553    7.832   1.529
       554    8.413   1.647
       555    7.012   2.172
       556    8.798   2.169
       557    7.988   1.826
       558    8.913   2.346
       559    9.396   2.703
       560    6.978   2.230
       561    9.857   3.210
       562    6.374   3.623
       563    6.964   2.530
       564    4.868   3.134
       565   11.749   4.921
       566   10.566   3.843
       567    9.611   3.140
       568    7.544   2.316
       569   10.160   3.376
       570   14.442   7.627
       571   10.459   3.730
       572   10.322   3.386
       573    8.772   1.988
       574   11.428   4.563
       575   12.777   5.954
       576    9.529   3.005
       577   11.576   4.685
       578   11.392   4.529
       579    8.348   1.655
       580   11.670   4.885
       581   12.579   5.908
       582   12.288   5.774
       583   10.420   3.719
       584    4.227   3.476
       585    7.865   1.342
       586    8.874   2.150
       587    8.295   2.289
       588    9.295   2.684
       589   11.239   4.396
       590    9.996   3.230
       591    7.208   1.631
       592    9.681   2.954
       593   10.727   3.888
       594   10.076   3.322
       595   13.465   6.566
       596    8.352   1.903
       597    5.840   2.269
       598    9.070   2.437
       599    7.160   1.440
       600    5.382   2.682
       601    3.881   5.223
       602    8.182   1.897
       603   10.084   3.422
       604    9.966   3.063
       605    9.381   2.573
       606    5.844   1.830
       607    9.370   2.771
       608    9.105   2.638
       609    9.331   2.581
       610    8.008   1.542
       611    7.532   1.642
       612    9.139   2.345
       613    5.414   2.442
       614    6.897   0.928
       615    4.933   3.554
       616    8.364   2.107
       617   12.114   5.265
       618   11.407   4.426
       619    9.747   3.036
       620    5.891   3.365
       621    9.090   2.667
       622   13.185   6.317
       623    7.476   1.048
       624    7.084   0.847
       625   11.009   4.124
       626   12.754   5.898
       627   10.060   3.254
       628    4.329   3.395
       629   10.326   3.462
       630    9.086   2.120
       631    7.229   1.067
       632   11.444   4.616
       633    7.241   1.241
       634    6.884   2.016
       635    9.425   2.773
       636    8.366   2.104
       637    7.822   1.544
       638    9.414   2.816
       639    6.568   1.394
       640    7.789   1.781
       641    7.108   2.006
       642    7.717   1.622
       643   10.644   3.790
       644    7.283   1.147
       645    8.498   1.761
       646    9.592   2.659
       647    4.232   3.147
       648    4.246   3.269
       649    6.319   1.496
       650    9.121   2.154
       651    1.186   6.341
       652    8.438   1.557
       653    7.786   0.985
       654    5.718   2.098
       655    5.425   2.195
       656   10.896   3.937
       657    7.116   0.976
       658    6.599   1.394
       659    9.983   3.228
       660    8.571   2.186
       661    7.833   2.592
       662   11.186   4.256
       663    7.530   1.779
       664    9.121   2.474
       665    8.914   2.260
       666    7.697   1.902
       667    7.201   1.887
       668    6.465   1.619
       669    9.471   2.712
       670    5.558   2.180
       671    6.424   1.335
       672    8.323   2.011
       673    9.449   2.496
       674   10.115   3.394
       675    9.184   2.293
       676   10.222   3.754
       677    1.216   6.583
       678    1.812   5.689
       679    1.226   6.380
       680    1.525   5.993
       681    1.151   6.818
       682    1.018   6.799
       683    0.925   6.963
       684    1.152   6.388
       685    1.727   5.750
       686    1.075   6.613
       687    1.264   6.559
       688    1.354   6.084
       689    1.395   6.075
       690    0.922   6.602
       691    1.667   6.017
       692    1.632   5.904
       693    0.982   6.523
       694    0.924   6.942
       695    0.880   6.888
       696    0.924   6.941
       697    1.444   6.187
       698    2.627   4.695
       699    1.121   6.544
       700    0.834   6.757
       701    1.374   6.231
       702    1.001   6.717
       703    1.315   6.222
       704    1.017   6.825
       705    1.896   5.502
       706    0.802   7.050
       707    1.813   5.641
       708    1.028   6.629
       709    1.499   6.162
       710    1.370   6.196
       711    9.641   2.842
       712   11.156   4.218
       713    8.476   1.996
       714    8.799   2.094
       715    8.820   1.926
       716    7.058   1.310
       717    5.267   2.675
       718    3.937   3.531
       719    3.760   3.664
       720    8.798   1.944
       721    9.349   2.565
       722   10.355   3.437
       723    6.721   1.542
       724    6.193   2.849
       725    8.279   1.762
       726    7.927   1.649
       727    8.927   2.171
       728   10.825   3.923
       729    3.158   4.285
       730    1.325   6.077
       731    1.151   6.397
       732    1.215   6.151
       733    1.250   6.169
       734    4.334   3.294
       735   11.662   4.718
       736   10.206   3.521
       737    8.684   1.816
       738    9.623   2.702
       739   11.099   4.363
       740    5.474   2.514
       741    7.169   2.584
       742    0.973   6.571
       743    1.200   6.258
       744    0.801   7.017
       745    1.246   6.092
       746    1.299   6.082
       747    0.856   6.909
       748    0.849   7.098
       749    1.152   6.387
       750    0.948   6.795
       751    0.865   6.850
       752    1.102   6.214
       753    2.115   5.186
       754    1.217   6.232
       755    1.010   6.683
       756    1.362   6.068
       757    0.756   6.935
       758    1.088   7.650
       759    1.006   6.680
       760    1.117   6.491
       761    1.440   6.098
       762    0.686   6.935
       763    0.821   6.838
       764    1.427   6.084
       765    2.533   4.840
       766    1.067   6.442
       767    2.317   4.976
       768    1.423   5.994
       769    0.774   7.021
       770    1.851   5.732
       771    1.501   5.839
       772    0.980   6.709
       773    1.890   5.635
       774    1.045   6.541
       775    0.903   6.784
       776    1.605   5.772
       777    0.851   6.814
       778    1.844   5.681
       779    1.168   6.213
       780    0.929   6.680
       781    0.800   6.903
       782    1.494   5.930
       783    1.239   6.464
       784    1.006   7.389
       785    0.945   6.593
       786    0.883   7.043
       787    0.924   6.676
       788    1.026   6.517
       789    3.673   3.683
       790    4.055   3.265
       791    1.098   6.528
       792    0.864   7.249
       793    1.274   6.222
       794    1.105   6.375
       795    0.948   6.566
       796    1.057   6.759
       797    1.352   6.205
       798    0.911   6.602
       799    1.010   6.660
       800    1.607   5.861
       801    1.066   6.710
       802    0.969   7.467
       803    1.556   5.977
       804    1.338   6.244
       805    1.109   6.306
       806    1.149   7.437
       807    1.051   6.866
       808    6.084   1.543
       809    9.347   2.419
       810    5.453   2.320
       811    4.377   3.185
       812    5.577   2.633
       813    8.299   1.691
       814   11.850   4.913
       815    9.722   2.936
       816   13.233   6.371
       817   11.371   4.486
       818    9.455   2.618
       819   10.672   4.079
       820    9.773   3.122
       821    9.318   2.583
       822    5.853   2.997
       823   10.237   3.317
       824    9.183   2.423
       825    6.708   1.500
       826    8.880   1.933
       827    8.478   1.922
       828    9.894   2.888
       829   10.188   3.170
       830    1.698   5.816
       831    1.459   6.121
       832    0.702   6.928
       833    1.645   5.750
       834    3.782   3.832
       835    2.975   4.353
       836    0.945   6.643
       837    1.968   5.455
       838    0.650   7.086
       839    1.248   6.305
       840    3.168   4.243
       841    1.521   5.949
       842    1.364   6.080
       843    1.136   6.363
       844    1.893   5.514
       845    0.960   6.748
       846    3.571   3.985
       847    0.873   6.867
       848    1.333   6.183
       849    1.531   5.809
       850    1.676   5.766
       851    1.414   6.798
       852    2.036   5.577
       853    1.766   5.989
       854    1.146   6.514
       855    4.367   3.016
       856    2.682   4.722
       857    2.549   4.915
       858    1.197   6.431
       859    0.981   6.796
       860    1.162   6.446
       861    1.382   6.061
       862    0.946   6.886
       863    1.266   6.305
       864    1.125   6.506
       865    0.922   6.603
       866    1.046   6.582
       867    1.426   5.932
       868    3.112   4.491
       869   10.928   4.077
       870    8.544   1.830
       871    8.361   1.520
       872   11.931   4.941
       873   11.105   4.200
       874    0.955   6.845
       875    4.187   3.358
       876    0.991   6.592
       877    0.915   6.526
       878    1.428   6.211
       879    1.542   6.065
       880    0.821   6.725
       881    3.278   4.256
       882    1.851   5.550
       883    6.699   1.818
       884    9.072   2.318
       885    9.232   2.495
       886    5.998   1.952
       887   11.014   4.114
       888    9.526   2.679
       889    6.881   1.148
       890    9.307   2.439
       891    6.902   2.067
       892    7.465   1.203
       893    6.842   1.334
       894    8.375   1.964
       895    5.301   3.051
       896    5.709   2.270
       897    7.511   1.225
       898    6.977   1.219
       899    9.054   2.464
       900   11.355   4.706
       901   11.247   4.454
       902   10.183   3.328
       903    6.109   1.817
       904    4.902   2.562
       905    5.705   1.826
       906    9.322   2.526
       907    8.897   2.083
       908    6.333   1.107
       909    9.456   2.615
       910    7.993   1.652
       911   10.305   3.406
       912    4.110   3.228
       913    0.956   6.853
       914    1.507   5.986
       915    1.116   6.643
       916    1.166   6.431
       917    0.780   6.969
       918    1.096   6.487
       919    2.073   5.278
       920    0.940   7.297
       921    2.126   5.207
       922    1.044   6.482
       923    0.857   7.067
       924    0.990   6.731
       925    1.224   6.380
       926    0.906   6.754
       927    2.698   4.677
       928    5.822   2.167
       929    8.735   2.263
       930    1.306   6.286
       931    0.921   6.927
       932    0.995   6.596
       933    0.916   6.819
       934    0.803   7.014
       935    1.490   5.993
       936    1.127   6.655
       937    1.920   5.529
       938    1.042   6.761
       939    1.391   6.017
       940    1.347   6.139
       941    0.878   6.780
       942    1.205   6.515
       943    1.823   5.675
       944    1.537   5.937
       945    0.860   6.831
       946    1.070   6.518
       947    0.958   6.618
       948    1.062   6.601
       949    1.293   6.162
       950    0.937   7.460
       951    1.447   5.981
       952    0.979   7.550
       953    1.258   6.159
       954    1.023   7.244
       955    0.812   6.760
       956    1.217   6.331
       957    1.124   6.516
       958    0.908   6.763
       959    0.886   6.874
       960    0.963   6.760
       961    1.624   5.992
       962    1.053   6.459
       963    1.195   6.277
       964    1.370   6.131
       965    1.235   6.343
       966    1.101   6.489
       967    1.013   6.404
       968    1.901   5.708
       969    0.911   6.996
       970    1.708   5.682
       971    1.888   5.659
       972    2.410   4.867
       973    1.184   6.550
       974    1.146   6.471
       975    2.290   5.066
       976    0.976   6.683
       977    1.341   6.104
       978    1.828   5.519
       979    0.948   7.010
       980    1.382   6.189
       981    0.991   6.723
       982    1.063   6.280
       983    0.865   7.108
       984    1.113   6.775
       985    2.943   4.441
       986    0.942   6.523
       987    1.220   6.381
       988    1.121   6.325
       989    0.848   6.880
       990    1.682   5.736
       991    1.349   5.988
       992    1.434   5.992
       993    0.992   6.460
       994    0.996   6.613
       995    8.149   1.683
       996    0.761   6.923
       997    1.558   5.954
       998    0.980   6.618
       999    3.629   3.804
      1000    1.248   6.550
      1001    0.920   6.672
      1002    0.861   6.730
      1003    1.959   5.464
      1004    2.263   5.073
      1005    1.124   6.449
      1006    1.021   6.885
      1007    0.793   6.826
      1008    1.436   6.125
      1009    1.322   6.185
      1010    0.888   6.724
      1011    1.140   6.357
      1012    1.217   6.243
      1013    1.136   6.302
      1014    1.649   5.873
      1015    1.015   6.470
      1016    0.929   6.765
      1017    0.913   6.828
      1018    0.970   6.635
      1019    1.250   6.503
      1020    1.209   6.464
      1021    1.115   7.144
      1022    1.526   6.083
      1023    1.426   6.094
      1024    1.248   6.168
      1025    1.071   7.615
      1026    2.159   5.258
      1027    0.979   6.777
      1028    1.464   5.979
      1029    1.210   6.270
      1030    1.081   6.490
      1031    0.917   7.063
      1032    1.246   6.260
      1033    1.213   6.567
      1034    0.751   7.170
      1035    1.172   6.429
      1036    0.855   6.851
      1037    1.269   6.186
      1038    1.181   6.300
      1039    1.005   6.624
      1040    0.987   6.616
      1041    0.920   6.673
      1042    1.232   6.220
      1043    1.268   6.386
      1044    1.003   6.439
      1045    1.844   5.664
      1046    4.301   3.475
      1047    8.471   1.581
      1048    9.518   2.621
      1049    7.064   1.208
      1050    3.783   3.882
      1051    7.366   1.096
      1052    6.430   1.293
      1053    8.501   1.622
      1054    9.500   2.826
      1055    5.937   1.784
      1056    9.385   2.787
      1057    9.086   2.390
      1058    4.357   5.150
      1059    6.938   2.707
      1060    9.983   3.139
      1061   11.451   4.562
      1062    5.170   2.564
      1063   11.045   4.242
      1064   10.065   3.280
      1065    6.990   1.484
      1066    6.391   2.254
      1067    6.026   1.818
      1068    6.735   1.379
      1069    8.429   1.680
      1070    7.325   1.107
      1071    6.860   2.154
      1072    6.695   1.790
      1073    9.510   2.633
      1074    9.089   2.489
      1075    8.359   1.862
      1076    9.701   2.915
      1077    7.163   1.183
      1078   10.472   3.809
      1079    9.086   3.432
      1080    7.889   1.326
      1081    6.221   2.256
      1082    8.190   2.408
      1083    7.644   1.972
      1084    8.882   2.422
      1085   10.826   3.958
      1086    8.956   2.136
      1087    7.561   1.992
      1088    7.319   0.995
      1089   12.825   5.966
      1090   11.462   4.482
      1091    6.663   1.185
      1092   11.673   4.658
      1093   10.654   3.654
      1094    8.166   1.908
      1095    8.793   2.019
      1096    8.410   1.799
      1097    8.825   2.200
      1098    6.996   1.126
      1099    8.347   1.756
      1100    7.939   1.312
      1101    8.557   2.143
      1102   11.085   4.382
      1103    4.666   2.700
      1104    7.535   0.886
      1105    6.418   1.308
      1106    9.576   2.666
      1107   10.677   3.697
      1108   11.725   4.760
      1109    8.894   2.466
      1110   12.009   5.172
      1111    5.430   1.871
      1112    4.026   3.478
      1113    4.312   3.978
      1114    4.554   3.037
      1115    0.692   6.981
      1116    1.996   5.374
      1117    2.487   4.896
      1118    1.210   6.335
      1119    1.207   6.303
      1120    0.776   7.145
      1121    0.657   6.971
      1122    1.442   6.011
      1123    0.855   7.299
      1124    1.576   5.829
      1125    1.413   6.141
      1126    1.616   5.820
      1127    1.304   6.267
      1128    2.458   4.929
      1129    3.450   3.941
      1130    2.064   5.564
      1131    1.643   5.935
      1132    1.358   6.039
      1133    0.946   6.658
      1134    0.839   7.069
      1135    3.203   4.292
      1136    0.865   6.841
      1137    1.184   6.256
      1138    1.989   5.394
      1139    0.918   6.680
      1140    1.296   6.025
      1141    0.766   6.952
      1142    0.967   6.856
      1143    1.532   5.839
      1144    0.991   6.744
      1145    1.089   6.277
      1146    1.781   5.794
      1147    1.121   7.192
      1148    1.307   6.238
      1149    0.937   6.961
      1150    1.064   6.684
      1151    1.322   6.208
      1152    1.063   6.559
      1153    1.301   6.207
      1154    1.188   6.387
      1155    1.058   6.692
      1156    2.045   5.343
      1157    1.026   6.858
      1158    1.014   6.686
      1159    1.518   6.011
      1160    1.094   7.133
      1161    0.683   6.906
      1162    1.942   5.474
      1163    0.991   6.628
      1164    1.201   6.255
      1165    1.189   6.497
      1166    1.095   6.690
      1167    0.912   6.703
      1168    1.265   6.278
      1169    1.061   6.630
      1170    1.414   6.094
      1171    1.016   6.683
      1172    1.060   6.720
      1173    0.903   6.818
      1174    1.078   6.590
      1175    0.977   6.640
      1176    1.621   6.138
      1177    1.160   6.451
      1178    1.897   5.475
      1179    1.261   6.203
      1180    1.083   6.438
      1181    3.476   3.965
      1182    8.503   1.897
      1183    8.097   1.509
      1184    7.743   1.411
      1185    4.423   3.872
      1186    2.207   5.162
      1187    1.399   6.154
      1188    1.226   6.359
      1189    1.433   6.189
      1190    1.029   6.505
      1191    1.909   5.510
      1192    0.962   6.790
      1193    1.287   6.232
      1194    0.940   7.269
      1195    1.201   6.200
      1196    1.067   6.521
      1197    1.111   6.725
      1198    1.688   5.808
      1199    1.381   6.195
      1200    2.065   5.340
      1201    1.212   6.424
      1202    1.109   6.328
      1203    2.542   4.734
      1204    1.102   6.469
      1205    1.328   6.079
      1206    1.039   6.583
      1207    7.978   3.168
      1208    7.187   1.254
      1209    7.712   1.463
      1210    9.026   2.168
      1211    6.210   2.712
      1212   10.490   3.539
      1213   10.912   4.714
      1214    8.492   1.684
      1215    8.528   1.934
      1216   11.882   5.244
      1217    5.155   2.291
      1218   10.951   4.145
      1219   13.198   6.370
      1220   11.177   4.206
      1221    8.012   2.083
      1222    9.996   3.571
      1223    9.093   2.660
      1224   11.640   4.662
      1225   10.993   4.243
      1226    2.925   8.447
      1227    7.146   2.540
      1228    1.833   7.102
      1229    6.709   2.989
      1230    6.494   2.240
      1231    7.416   2.312
      1232    6.199   1.315
      1233    7.084   1.471
      1234    7.123   1.407
      1235    6.110   1.707
      1236   11.504   4.663
      1237    9.147   2.586
      1238    8.003   2.420
      1239   10.926   4.105
      1240    6.819   1.165
      1241    5.799   1.716
      1242    7.183   0.950
      1243    8.479   2.350
      1244    9.616   2.851
      1245    6.703   1.670
      1246    7.527   0.959
      1247    8.744   2.044
      1248   10.537   3.795
      1249   11.484   4.722
      1250   10.050   3.262
      1251    7.572   1.216
      1252    5.476   2.010
      1253    5.888   1.515
      1254   10.114   3.605
      1255    7.209   1.490
      1256   10.748   4.206
      1257    1.136   6.476
      1258    0.950   6.805
      1259    1.890   5.738
      1260    3.511   3.912
      1261    1.258   6.516
      1262    1.137   6.422
      1263    4.167   3.335
      1264   12.895   6.067
      1265    7.872   1.728
      1266   12.062   5.231
      1267    8.071   1.483
      1268    7.728   1.141
      1269    6.760   1.014
      1270    9.833   2.994
      1271    1.208   6.292
      1272    1.461   6.056
      1273    1.071   6.564
      1274    1.775   5.637
      1275    1.689   5.704
      1276    0.858   7.278
      1277    1.333   6.059
      1278    0.967   6.497
      1279    0.873   6.598
      1280    1.044   6.612
      1281    1.115   6.426
      1282    0.770   6.737
      1283    1.027   6.379
      1284    0.683   6.989
      1285    1.397   6.075
      1286    1.024   6.755
      1287    0.925   7.150
      1288    0.896   6.893
      1289    1.797   5.579
      1290    0.825   7.196
      1291    0.981   6.500
      1292    0.973   6.645
      1293    0.836   6.843
      1294    1.598   5.831
      1295    1.224   6.544
      1296    0.820   6.875
      1297    1.153   6.372
      1298    0.929   6.870
      1299    0.975   6.604
      1300    0.752   7.349
      1301    1.202   6.382
      1302    1.713   6.185
      1303    1.539   5.997
      1304    1.846   5.965
      1305    1.696   5.736
      1306    1.451   6.014
      1307    0.782   7.045
      1308    1.552   5.959
      1309    1.258   6.203
      1310    1.505   5.961
      1311    0.890   6.707
      1312    2.358   4.992
      1313    0.960   6.713
      1314    0.957   6.553
      1315    1.243   6.161
      1316    1.157   6.447
      1317    0.959   7.231
      1318    0.785   7.104
      1319    1.856   5.559
      1320    1.747   5.769
      1321    2.515   4.857
      1322    1.092   6.611
      1323    1.534   5.895
      1324    1.223   6.346
      1325    1.327   6.226
      1326    1.005   6.730
      1327    0.831   6.955
      1328    1.001   7.426
      1329    3.035   4.324
      1330    0.979   6.565
      1331    0.970   6.763
      1332    0.916   6.655
      1333    1.416   6.086
      1334    2.472   4.845
      1335    0.977   6.696
      1336    1.001   6.836
      1337    0.770   6.971
      1338    0.860   6.600
      1339    1.263   6.402
      1340    0.946   6.677
      1341    0.868   6.883
      1342    1.376   6.151
      1343    0.821   7.016
      1344    3.577   3.784
      1345    3.583   3.826
      1346    1.355   6.097
      1347    0.783   7.008
      1348    2.005   5.352
      1349    2.629   4.732
      1350    1.525   6.042
      1351    1.011   6.520
      1352    0.950   6.612
      1353    1.044   6.490
      1354    1.665   5.772
      1355    1.918   5.451
      1356   13.591   6.797
      1357   11.428   4.571
      1358    8.877   2.233
      1359    5.503   2.367
      1360    7.141   2.350
      1361    9.633   2.769
      1362   10.363   3.548
      1363    7.318   1.384
      1364    9.316   2.481
      1365   10.005   3.161
      1366    8.706   2.246
      1367   11.689   4.752
      1368    5.518   2.055
      1369    8.975   2.054
      1370   13.797   6.932
      1371    8.766   2.020
      1372    8.344   2.569
      1373    7.808   2.810
      1374   11.190   4.344
      1375    6.861   1.346
      1376    5.348   2.310
      1377    7.795   1.527
      1378    9.994   3.199
      1379   13.492   6.620
      1380    8.658   1.874
      1381    8.578   1.831
      1382    5.199   2.610
      1383    2.003   5.352
      1384    1.071   6.492
      1385    1.041   6.594
      1386    1.019   7.602
      1387    0.821   6.682
      1388    0.863   6.750
      1389    1.055   6.429
      1390    0.758   6.793
      1391    0.879   6.915
      1392    0.909   6.935
      1393    1.386   6.032
      1394    1.264   6.300
      1395    0.835   6.983
      1396    3.111   4.236
      1397    1.298   6.128
      1398    1.175   7.156
      1399    1.609   5.827
      1400    1.045   6.501
      1401    0.918   7.108
      1402    1.096   6.656
      1403    1.690   5.759
      1404    1.342   6.110
      1405    0.796   6.894
      1406    6.136   3.251
      1407    5.230   2.836
      1408    8.480   1.730
      1409    8.186   1.726
      1410   10.191   3.340
      1411    6.806   1.075
      1412    5.870   1.884
      1413    8.097   1.450
      1414   10.585   3.693
      1415    9.965   3.352
      1416    9.375   2.610
      1417    9.835   3.183
      1418    8.502   2.356
      1419    6.827   1.444
      1420   10.511   3.739
      1421   13.110   6.223
      1422   10.802   4.125
      1423   11.093   4.552
      1424    9.588   2.642
      1425    4.348   4.837
      1426    3.030   4.391
      1427    3.783   3.624
      1428    7.028   2.303
      1429    6.648   1.423
      1430   10.047   3.228
      1431    6.069   1.773
      1432    1.161   6.362
      1433    1.239   6.318
      1434    2.066   5.488
      1435    0.846   6.781
      1436    1.930   5.495
      1437    4.520   2.871
      1438    1.381   6.076
      1439    0.901   6.701
      1440    1.063   6.625
      1441    1.093   7.014
      1442    0.824   6.746
      1443    1.580   5.897
      1444    0.876   6.813
      1445    1.210   6.286
      1446    1.465   6.036
      1447    1.128   6.269
      1448    1.053   6.752
      1449    0.886   6.963
      1450    1.424   6.331
      1451    0.874   6.895
      1452    1.320   6.121
      1453    2.722   4.684
      1454    0.960   6.892
      1455    1.127   6.454
      1456    1.337   6.113
      1457    1.180   6.454
      1458    1.166   6.402
      1459    2.585   4.678
      1460    3.700   3.770
      1461    8.532   1.734
      1462    5.679   1.895
      1463    8.210   1.649
      1464    6.958   1.746
      1465   10.501   3.579
      1466   10.858   3.858
      1467    6.308   2.047
      1468    7.190   1.274
      1469    6.958   1.220
      1470    6.553   1.485
      1471    9.224   2.284
      1472    8.450   1.675
      1473    9.077   2.180
      1474    4.376   3.079
      1475   11.861   4.938
      1476    9.600   3.075
      1477    7.879   1.661
      1478    8.313   2.484
      1479    7.247   1.368
      1480    7.273   1.023
      1481    6.999   1.922
      1482   10.428   3.648
      1483   10.626   3.728
      1484    5.678   2.477
      1485    8.855   2.247
      1486    8.494   1.911
      1487   12.362   5.595
      1488   12.939   6.097
      1489    3.697   3.836
      1490    2.885   4.410
      1491   10.132   3.266
      1492    6.560   1.222
      1493    6.737   1.339
      1494    7.927   1.686
      1495    4.924   3.661
      1496    4.114   3.561
      1497    5.778   3.931
      1498    9.722   2.844
      1499    1.083   6.583
      1500    1.821   5.678
      1501    1.622   5.970
      1502    1.308   6.278
      1503    1.647   5.964
      1504    1.052   6.411
      1505    1.493   5.960
      1506    0.901   6.575
      1507    1.400   6.134
      1508    0.936   7.463
      1509    0.995   6.694
      1510    1.107   6.551
      1511    1.152   6.341
      1512    1.042   6.862
      1513    1.234   6.336
      1514    1.152   6.621
      1515    1.433   6.184
      1516    1.319   6.132
      1517    1.005   6.530
      1518    0.938   6.643
      1519    1.795   5.646
      1520    1.236   6.141
      1521    1.202   6.342
      1522    1.210   6.501
      1523    1.086   6.347
      1524    2.273   5.107
      1525    0.851   6.635
      1526    0.781   6.825
      1527    1.061   6.540
      1528    1.210   6.605
      1529    3.363   3.970
      1530    1.316   6.110
      1531    0.845   6.599
      1532    0.862   6.830
      1533    1.888   5.514
      1534    1.288   6.298
      1535    0.913   6.800
      1536    1.955   5.493
      1537    1.356   6.019
      1538    0.732   6.906
      1539    0.923   6.563
      1540    2.862   4.463
      1541    1.089   6.525
      1542    0.780   6.924
      1543    8.140   1.380
      1544    8.740   2.196
      1545    9.709   2.736
      1546   10.210   3.296
      1547    9.813   2.960
      1548    5.599   2.262
      1549    7.577   1.397
      1550    4.308   3.626
      1551   11.424   4.573
      1552    8.959   2.521
      1553    6.547   1.737
      1554    6.400   1.222
      1555    9.524   2.676
      1556    9.016   2.283
      1557   10.726   3.784
      1558   11.033   4.084
      1559   11.943   5.074
      1560   10.969   4.041
      1561    5.591   2.149
      1562    7.016   1.811
      1563    4.487   2.881
      1564    1.475   5.947
      1565    1.465   5.967
      1566    1.085   6.307
      1567    0.918   6.501
      1568    1.135   6.512
      1569    0.920   6.556
      1570    0.919   7.212
      1571    0.928   6.462
      1572    1.772   5.742
      1573    0.964   6.970
      1574    0.890   6.890
      1575    1.108   6.354
      1576    1.186   6.406
      1577    4.530   2.882
      1578   12.932   6.070
      1579    6.125   2.367
      1580    5.835   3.079
      1581    6.653   2.623
      1582   10.459   3.568
      1583    9.476   2.881
      1584    9.235   2.474
      1585   10.906   4.076
      1586   10.137   3.236
      1587    5.607   1.782
      1588   11.892   5.195
      1589   12.349   5.506
      1590   13.119   6.345
      1591   10.046   3.380
      1592    6.647   1.085
      1593   12.674   5.911
      1594   12.606   5.906
      1595    9.804   3.527
      1596    7.957   1.804
      1597   12.354   5.549
      1598   11.030   4.190
      1599   10.264   3.572
      1600   12.078   5.218
      1601    9.801   3.121
      1602    9.748   2.779
      1603   11.148   4.266
      1604   11.407   4.467
      1605   11.107   4.238
      1606   12.716   5.930
      1607   12.570   5.880
      1608    1.242   6.166
      1609    1.123   7.050
      1610    2.259   5.132
      1611    1.038   6.650
      1612    0.862   6.608
      1613    6.219   2.871
      1614    1.872   5.566
      1615    1.323   6.196
      1616    1.600   5.796
      1617    0.955   6.500
      1618    1.447   6.005
      1619    1.580   5.852
      1620    1.529   6.076
      1621    2.792   4.597
      1622    1.383   6.160
      1623    1.111   6.333
      1624    0.837   7.147
      1625    1.196   6.414
      1626    1.027   6.920
      1627    0.822   6.864
      1628    2.063   5.299
      1629    2.175   5.307
      1630    1.442   6.066
      1631    1.505   6.080
      1632    1.252   6.196
      1633    1.526   6.169
      1634    0.965   6.766
      1635    1.401   6.010
      1636    1.082   6.628
      1637    1.496   6.019
      1638    1.420   6.041
      1639    1.824   5.570
      1640    0.824   6.619
      1641    1.302   6.068
      1642    0.866   7.184
      1643    2.323   5.132
      1644    3.417   4.032
      1645    0.819   6.855
      1646    1.289   6.246
      1647    1.187   6.399
      1648    1.303   6.189
      1649    1.003   6.830
      1650    0.754   7.152
      1651    8.313   1.548
      1652    8.041   1.316
      1653    3.675   4.936
      1654   10.513   3.589
      1655    8.335   1.856
      1656    5.975   2.011
      1657    7.000   1.052
      1658    5.737   2.717
      1659    5.701   2.989
      1660    5.176   3.639
      1661    5.317   2.708
      1662    6.621   1.411
      1663   11.625   4.680
      1664   11.027   4.097
      1665   13.265   6.577
      1666    9.556   3.031
      1667   11.476   4.573
      1668    8.211   1.618
      1669    5.123   2.391
      1670    6.387   1.806
      1671    8.931   2.617
      1672   10.289   3.494
      1673   11.582   4.782
      1674    9.838   3.038
      1675   11.669   4.763
      1676    7.523   1.326
      1677    8.734   2.404
      1678   10.332   3.742
      1679    7.977   1.738
      1680    6.331   2.381
      1681    6.534   1.800
      1682    7.875   1.397
      1683    8.684   2.223
      1684   10.374   3.492
      1685    7.183   1.617
      1686    6.527   1.217
      1687    7.746   0.989
      1688    8.922   2.340
      1689    4.754   2.674
      1690    6.803   1.061
      1691    7.815   1.138
      1692    1.151   6.333
      1693   10.151   3.360
      1694   11.142   4.156
      1695    4.984   2.891
      1696   13.532   6.596
      1697   11.776   4.956
      1698    9.859   2.930
      1699    9.195   2.477
      1700    7.004   1.734
      1701    7.421   1.807
      1702    8.382   1.882
      1703    7.350   1.390
      1704    8.102   1.470
      1705    6.463   1.767
      1706    9.962   3.033
      1707    6.321   1.961
      1708    9.195   2.810
      1709    7.970   1.764
      1710   11.016   4.250
      1711    0.886   6.780
      1712    1.492   6.025
      1713    1.241   6.272
      1714    1.208   6.296
      1715    0.834   6.715
      1716    2.105   5.227
      1717    1.038   6.516
      1718   10.248   3.432
      1719   13.562   6.742
      1720    9.114   2.565
      1721   11.489   4.597
      1722   10.145   3.578
      1723    9.586   3.008
      1724    8.630   2.020
      1725    7.680   1.171
      1726    9.176   2.503
      1727    6.015   1.682
      1728    8.106   1.277
      1729    0.695   7.002
      1730    1.165   6.384
      1731    0.849   6.722
      1732    1.185   6.316
      1733    1.944   5.473
      1734    0.975   6.480
      1735    0.937   6.664
      1736    1.113   6.423
      1737    1.508   5.878
      1738    0.983   6.665
      1739    1.750   5.720
      1740    1.014   6.543
      1741    1.113   6.446
      1742    4.211   3.219
      1743    8.541   2.048
      1744    6.985   2.015
      1745    8.927   2.153
      1746    4.907   2.849
      1747    5.982   2.783
      1748    8.298   1.586
      1749    7.502   1.965
      1750    7.732   1.159
      1751    6.541   2.746
      1752    5.771   1.824
      1753    7.219   1.385
      1754    9.509   2.576
      1755    3.784   3.656
      1756    0.854   6.771
      1757    1.317   6.201
      1758    1.039   7.143
      1759   13.302   6.643
      1760   10.926   4.030
      1761    3.118   4.186
      1762    3.225   4.238
      1763    6.677   2.484
      1764    6.404   1.101
      1765    5.600   2.185
      1766    5.216   4.629
      1767    3.562   4.008
      1768   10.403   3.418
      1769    7.938   1.639
      1770    9.252   2.607
      1771    9.105   2.399
      1772    8.618   2.030
      1773    7.833   1.614
      1774    9.674   3.051
      1775    7.976   1.587
      1776   11.149   4.418
      1777    7.685   1.183
      1778    8.465   1.698
      1779    9.289   2.437
      1780   11.711   4.823
      1781    5.711   3.711
      1782    8.476   1.780
      1783    7.471   1.751
      1784    6.944   2.028
      1785    8.406   1.833
      1786    8.115   1.706
      1787   10.308   3.352
      1788   12.435   5.594
      1789   10.476   3.747
      1790    9.463   2.721
      1791    8.280   2.404
      1792    7.764   1.277
      1793    7.811   1.130
      1794    9.168   2.423
      1795    6.625   1.303
      1796   10.596   3.671
      1797   10.005   3.080
      1798    4.302   4.024
      1799    7.265   1.420
      1800    8.207   1.444
      1801    5.837   2.437
      1802    6.367   1.709
      1803    6.178   1.839
      1804    1.041   6.924
      1805    1.308   6.179
      1806    1.235   6.217
      1807    1.464   6.325
      1808    1.063   7.046
      1809    1.847   5.585
      1810    1.824   5.646
      1811    1.222   6.470
      1812    1.123   6.463
      1813    1.180   6.328
      1814    1.959   5.510
      1815    0.837   7.061
      1816    1.206   6.300
      1817    1.075   6.535
      1818    0.947   6.678
      1819    1.019   6.674
      1820    0.952   6.556
      1821    0.928   6.687
      1822    0.984   6.618
      1823    0.867   6.817
      1824    1.215   6.330
      1825    1.000   6.544
      1826    0.690   7.040
      1827    0.900   6.602
      1828    0.980   6.542
      1829    1.267   6.135
      1830    0.945   6.544
      1831    0.918   6.831
      1832    0.777   7.025
      1833    1.060   7.235
      1834    1.091   6.437
      1835    0.997   6.516
      1836    0.840   6.976
      1837    1.224   6.282
      1838    0.891   6.773
      1839    1.536   6.036
      1840    1.125   6.620
      1841    4.018   3.424
      1842   11.051   4.122
      1843    4.960   2.775
      1844    5.760   1.925
      1845    7.463   1.674
      1846    7.768   1.324
      1847    9.133   2.241
      1848    6.839   1.282
      1849    1.687   5.741
      1850    1.226   6.450
      1851    1.005   6.763
      1852    0.808   6.580
      1853    0.854   7.246
      1854    0.901   6.597
      1855    1.513   5.996
      1856    0.838   6.890
      1857    1.701   5.807
      1858    8.290   1.499
      1859    9.369   2.738
      1860    1.413   5.973
      1861    0.880   7.404
      1862    1.454   6.120
      1863    1.213   6.310
      1864    1.436   6.012
      1865    0.928   6.651
      1866    1.097   6.448
      1867    3.421   3.891
      1868    1.066   6.580
      1869    0.951   6.880
      1870    2.103   5.266
      1871    1.059   6.690
      1872    1.633   5.874
      1873    2.082   5.202
      1874    1.282   6.263
      1875    1.652   5.815
      1876    1.648   5.780
      1877    1.022   6.573
      1878    1.018   6.652
      1879    0.966   6.525
      1880    2.788   4.605
      1881    0.842   6.762
      1882    1.411   6.107
      1883    0.957   6.558
      1884    1.583   5.773
      1885    0.990   6.444
      1886    0.823   6.955
      1887    0.758   6.882
      1888    0.872   6.820
      1889    1.279   6.453
      1890    1.093   6.672
      1891    1.032   7.120
      1892    1.248   6.157
      1893    1.209   6.261
      1894    1.396   6.049
      1895    2.194   5.164
      1896    2.502   4.813
      1897    2.413   5.034
      1898    1.441   6.064
      1899    1.400   6.092
      1900    1.106   6.507
      1901    1.523   5.944
      1902    1.148   6.345
      1903    1.148   6.436
      1904    2.927   4.675
      1905    4.377   3.361
      1906    1.032   6.881
      1907    1.727   5.593
      1908    1.051   6.714
      1909    1.190   6.523
      1910    1.335   6.293
      1911    1.456   6.284
      1912    0.982   6.587
      1913    1.144   6.459
      1914    1.590   5.823
      1915    0.942   7.211
      1916    0.939   6.801
      1917    0.974   7.194
      1918    0.940   6.701
      1919    1.214   6.406
      1920    1.097   6.663
      1921    0.947   6.681
      1922    0.884   6.712
      1923    1.550   6.059
      1924    1.543   5.934
      1925    1.106   6.407
      1926    1.562   5.898
      1927    1.071   6.457
      1928    1.027   6.698
      1929    1.038   6.680
      1930    0.703   7.441
      1931    0.971   6.446
      1932    0.988   6.651
      1933    0.883   6.839
      1934    1.173   6.382
      1935    1.580   5.916
      1936    1.305   5.971
      1937    1.038   6.455
      1938    1.530   5.858
      1939    0.698   6.965
      1940    0.932   6.968
      1941    0.842   6.832
      1942    1.154   6.254
      1943    2.981   4.402
      1944    1.932   5.663
      1945    0.960   6.698
      1946    1.156   6.379
      1947    1.663   5.924
      1948    0.976   7.013
      1949    0.912   6.711
      1950    0.975   6.586
      1951    0.789   7.082
      1952    0.998   6.572
      1953    1.320   6.171
      1954    1.391   6.159
      1955    2.223   5.052
      1956    6.478   0.946
      1957    5.239   2.405
      1958    7.392   1.166
      1959    6.440   1.276
      1960    5.475   2.556
      1961    7.259   1.448
      1962    6.864   2.317
      1963    7.434   1.911
      1964    9.850   3.100
      1965    8.305   1.640
      1966    7.783   1.525
      1967   13.740   6.917
      1968   11.468   4.632
      1969   12.540   5.675
      1970    8.352   2.060
      1971   12.510   5.622
      1972    8.111   1.724
      1973    8.472   1.646
      1974    8.486   2.091
      1975    9.407   2.509
      1976    7.880   1.658
      1977    5.105   2.534
      1978    4.762   3.095
      1979    8.015   1.329
      1980   11.816   4.994
      1981   10.274   3.563
      1982    8.856   2.226
      1983    8.278   1.743
      1984    9.435   2.551
      1985   10.473   3.710
      1986   12.059   5.112
      1987    9.829   2.976
      1988   10.808   3.969
      1989   10.878   3.956
      1990    4.381   2.941
      1991    5.164   3.754
      1992    6.665   3.171
      1993    3.164   5.148
      1994    7.646   2.550
      1995   11.188   4.479
      1996   10.974   4.161
      1997    9.913   3.366
      1998    8.761   2.259
      1999   12.139   5.477
      2000   10.613   3.796
      2001   10.783   3.884
      2002    9.477   2.705
      2003    7.155   1.436
      2004    8.871   2.244
      2005   10.182   3.430
      2006    8.817   2.089
      2007    6.575   1.085
      2008    8.234   1.775
      2009    9.342   3.028
      2010    8.254   1.623
      2011    9.984   3.062
      2012    7.406   1.637
      2013    4.424   4.369
      2014    5.445   2.055
      2015    5.771   2.186
      2016    5.993   2.184
      2017    5.698   2.920
      2018    5.670   3.937
      2019    6.633   1.593
      2020   11.472   4.720
      2021    9.075   2.407
      2022    8.006   2.509
      2023   10.018   3.330
      2024   10.444   4.120
      2025   13.674   6.869
      2026    6.166   3.411
      2027   13.259   6.393
      2028   11.727   4.799
      2029    8.845   2.361
      2030    8.516   2.384
      2031    5.807   2.296
      2032   10.522   3.809
      2033    9.056   2.367
      2034    4.406   3.140
      2035   10.637   3.741
      2036   12.339   5.513
      2037    9.501   2.750
      2038   11.936   5.037
      2039    5.748   2.260
      2040    6.821   1.862
      2041    7.951   2.247
      2042   10.812   4.070
      2043    1.871   5.643
      2044    3.021   4.416
      2045    4.493   3.107
      2046    4.956   2.743
      2047    1.193   6.494
      2048    1.115   6.415
      2049    1.406   5.934
      2050    1.262   6.213
      2051    1.368   6.171
      2052    3.398   3.994
      2053    6.820   1.580
      2054    7.767   0.985
      2055    9.709   3.141
      2056    9.480   3.070
      2057    6.559   2.602
      2058    7.519   1.152
      2059    4.665   2.902
      2060    8.121   2.084
      2061    6.154   1.962
      2062    5.997   4.637
      2063    1.490   6.035
      2064    0.963   6.843
      2065    0.944   6.773
      2066    1.183   6.625
      2067    1.586   5.798
      2068    4.257   3.168
      2069    9.942   2.916
      2070    8.703   1.876
      2071    3.210   4.141
      2072    1.281   6.290
      2073    0.990   6.812
      2074    1.222   6.493
      2075    1.274   6.166
      2076    1.020   6.565
      2077    0.945   6.756
      2078    0.993   7.103
      2079    2.729   4.649
      2080    0.773   7.268
      2081    1.211   6.336
      2082    0.977   6.441
      2083    1.225   6.206
      2084    1.196   6.392
      2085    0.638   6.913
      2086    1.313   6.164
      2087    2.067   5.392
      2088    1.481   5.970
      2089    1.193   6.327
      2090    1.942   5.480
      2091    1.487   6.000
      2092    2.406   4.919
      2093    1.366   6.202
      2094    0.867   6.730
      2095    1.394   6.026
      2096    0.890   6.679
      2097    2.369   5.014
      2098    0.990   7.247
      2099    1.336   6.221
      2100    0.862   6.801
      2101    0.917   7.079
      2102    1.285   6.184
      2103    6.075   1.592
      2104    7.061   1.469
      2105   11.259   4.443
      2106    7.402   2.106
      2107    6.391   1.717
      2108    4.311   3.254
      2109    7.310   2.010
      2110   10.249   3.585
      2111    6.239   1.657
      2112    7.961   2.030
      2113    7.206   1.255
      2114    4.119   3.608
      2115    7.552   1.560
      2116    8.317   1.447
      2117   10.791   3.877
      2118    7.437   1.591
      2119    6.993   1.134
      2120    9.805   3.029
      2121   13.543   6.724
      2122   10.602   3.861
      2123    6.575   2.499
      2124    4.632   3.578
      2125    3.621   4.313
      2126    5.141   2.921
      2127    8.972   2.594
      2128   10.017   3.004
      2129    6.229   2.265
      2130    7.182   2.136
      2131    1.392   6.062
      2132    0.977   6.810
      2133    0.911   7.224
      2134    2.222   5.072
      2135    1.705   5.699
      2136    1.938   5.681
      2137    1.171   6.386
      2138    0.777   6.724
      2139    1.011   6.696
      2140    1.055   6.539
      2141    1.045   6.422
      2142    1.190   6.390
      2143    1.074   6.674
      2144    1.209   6.302
      2145    1.615   5.783
      2146    1.872   5.525
      2147    1.022   6.482
      2148    3.678   3.819
      2149    1.011   6.922
      2150    1.579   5.767
      2151    0.815   7.158
      2152    1.234   6.261
      2153    1.064   6.370
      2154    1.908   5.591
      2155    1.210   6.250
      2156    1.292   6.175
      2157    0.803   6.703
      2158    2.503   4.870
      2159    1.473   6.029
      2160    1.299   6.062
      2161    3.081   4.376
      2162    7.965   1.157
      2163    8.155   1.437
      2164   10.108   3.079
      2165   10.829   3.913
      2166    7.679   2.028
      2167   10.289   3.587
      2168    7.469   2.155
      2169    8.065   1.536
      2170    9.192   2.352
      2171    7.495   0.940
      2172    7.214   1.697
      2173    6.890   1.773
      2174    8.164   2.201
      2175    5.719   2.592
      2176    7.642   1.670
      2177    4.888   2.535
      2178    1.197   6.470
      2179    1.456   6.155
      2180    0.811   7.167
      2181    0.898   6.982
      2182    1.394   6.087
      2183    0.910   6.893
      2184    1.471   6.095
      2185    1.875   5.696
      2186    1.441   5.987
      2187    1.600   5.934
      2188    0.973   6.685
      2189    1.098   6.527
      2190    2.616   4.939
      2191    1.411   6.103
      2192    1.250   6.376
      2193    1.053   6.635
      2194    1.061   6.754
      2195    3.967   3.460
      2196    1.750   5.811
      2197    2.885   4.426
      2198    1.832   5.588
      2199    1.178   6.872
      2200    3.124   4.254
      2201    0.856   6.998
      2202    1.220   7.342
      2203    1.427   6.131
      2204    0.866   7.057
      2205    1.556   5.989
      2206    1.229   6.240
      2207    0.930   6.955
      2208    1.099   6.685
      2209    2.039   5.380
      2210    1.192   6.358
      2211    2.026   5.330
      2212    1.002   6.510
      2213    1.128   6.306
      2214    1.114   6.319
      2215    2.420   4.913
      2216    1.416   6.064
      2217    1.176   6.462
      2218    1.073   6.540
      2219    0.940   7.222
      2220    1.026   6.791
      2221    0.880   6.717
      2222    1.411   6.038
      2223    2.324   5.009
      2224    1.002   6.826
      2225    0.734   7.086
      2226    0.671   7.284
      2227    1.524   5.857
      2228    1.392   6.083
      2229    1.001   6.770
      2230    0.946   7.411
      2231    1.082   6.366
      2232    1.253   6.415
      2233    1.185   6.358
      2234    0.782   6.936
      2235    0.980   6.793
      2236    1.044   6.446
      2237    1.430   6.180
      2238    0.986   7.617
      2239    1.157   7.126
      2240    1.412   6.049
      2241    1.075   6.396
      2242    0.986   6.831
      2243    0.871   7.236
      2244    0.949   7.038
      2245    1.131   6.372
      2246    1.263   6.164
      2247    3.221   4.198
      2248    3.950   3.473
      2249    3.743   3.617
      2250    3.327   4.002
      2251    1.995   5.407
      2252    0.956   7.309
      2253    1.227   6.349
      2254    1.283   6.322
      2255    1.861   5.505
      2256    0.867   6.629
      2257    1.457   6.148
      2258    0.909   6.595
      2259    1.643   5.955
      2260    1.643   5.848
      2261    1.269   6.243
      2262    0.956   7.267
      2263    1.314   6.073
      2264    0.837   6.926
      2265    1.141   6.577
      2266    0.797   6.582
      2267    1.365   6.121
      2268    0.829   6.892
      2269    1.071   6.477
      2270    0.692   7.188
      2271    2.258   5.084
      2272    1.097   6.586
      2273    0.970   7.011
      2274    0.975   6.672
      2275    1.095   6.290
      2276    4.677   2.735
      2277    5.963   2.040
      2278    9.765   3.259
      2279   14.470   7.573
      2280    7.691   1.834
      2281    5.520   3.115
      2282    8.044   1.498
      2283    6.695   1.422
      2284    9.351   3.170
      2285   11.056   4.145
      2286    8.085   1.910
      2287   10.923   4.045
      2288   11.326   4.316
      2289    9.867   3.350
      2290    8.586   2.134
      2291    7.069   1.446
      2292    9.654   2.657
      2293   10.140   3.259
      2294    4.803   2.920
      2295    9.044   2.431
      2296   10.729   3.763
      2297   11.921   5.052
      2298   10.490   3.626
      2299    7.188   1.288
      2300    8.216   1.647
      2301   12.512   5.585
      2302   11.220   4.355
      2303   11.634   4.767
      2304   11.418   4.687
      2305    8.066   1.689
      2306    7.489   1.514
      2307    8.370   1.609
      2308    7.717   1.631
      2309   12.472   5.662
      2310   10.918   3.955
      2311   12.836   6.063
      2312   11.092   4.175
      2313    7.220   1.369
      2314    7.033   0.930
      2315    4.580   3.076
      2316    6.696   2.111
      2317   11.198   4.318
      2318    7.759   1.716
      2319    7.308   1.399
      2320    7.603   1.879
      2321    7.587   1.336
      2322    6.165   2.523
      2323    6.042   2.465
      2324    6.700   1.617
      2325    9.826   2.966
      2326   10.032   3.070
      2327    6.593   1.409
      2328   12.891   5.965
      2329    7.900   1.287
      2330   11.259   4.482
      2331   10.928   4.139
      2332    9.351   2.527
      2333    8.311   1.574
      2334    9.948   3.638
      2335    8.578   1.782
      2336    9.683   3.327
      2337    9.808   3.117
      2338   10.983   4.199
      2339   10.986   4.285
      2340   10.534   3.920
      2341   11.473   4.990
      2342   11.182   4.682
      2343   10.204   3.302
      2344    5.125   2.565
      2345    9.763   2.916
      2346    9.282   2.634
      2347    5.455   2.313
      2348    8.888   2.075
      2349    6.388   1.720
      2350    6.347   2.370
      2351    5.133   2.726
      2352    9.696   2.956
      2353    9.398   2.538
      2354   11.770   4.807
      2355   10.246   3.451
      2356    3.894   3.641
      2357    7.636   1.676
      2358   12.105   5.125
      2359   11.297   4.412
      2360    7.239   2.338
      2361    5.224   4.041
      2362    8.513   1.744
      2363   10.272   3.330
      2364    6.793   1.460
      2365    9.188   2.371
      2366   13.029   6.086
      2367    8.926   2.127
      2368   10.901   3.976
      2369   11.917   5.518
      2370   10.161   3.349
      2371    9.233   2.423
      2372    8.292   1.973
      2373   10.876   3.966
      2374   10.071   3.150
      2375    4.182   3.546
      2376   10.569   4.056
      2377    8.181   1.899
      2378    8.581   2.045
      2379    8.714   2.162
      2380   10.979   4.200
      2381   10.864   3.989
      2382   11.118   4.253
      2383   10.305   3.327
      2384    8.810   2.044
      2385    5.988   1.721
      2386    7.099   2.072
      2387    7.864   1.217
      2388    8.352   1.882
      2389   11.590   4.624
      2390   10.390   3.484
      2391    7.263   1.701
      2392    5.751   2.519
      2393    7.179   1.456
      2394    8.533   2.208
      2395    8.477   2.064
      2396    9.763   2.987
      2397   12.037   5.185
      2398   11.282   4.382
      2399    8.194   1.825
      2400    8.881   2.141
      2401   12.445   5.597
      2402    8.201   1.391
      2403    5.074   3.474
      2404    6.823   1.402
      2405    8.728   2.521
      2406   11.829   4.910
      2407    5.302   2.256
      2408    7.083   1.750
      2409    5.900   2.055
      2410    7.282   1.875
      2411    7.515   1.539
      2412    9.742   3.009
      2413    3.614   5.097
      2414    9.039   2.296
      2415    5.885   2.368
      2416    8.573   2.146
      2417   10.491   3.810
      2418    7.323   1.458
      2419    8.971   2.396
      2420    7.004   1.561
      2421    5.798   1.845
      2422    7.457   2.128
      2423    6.456   1.808
      2424    7.032   1.659
      2425    8.787   2.177
      2426   10.449   3.703
      2427   11.090   4.242
      2428   13.803   7.098
      2429   10.667   4.653
      2430    9.912   3.061
      2431   11.951   5.033
      2432   10.028   3.173
      2433    9.376   2.453
      2434    8.044   1.511
      2435    6.654   1.433
      2436    6.628   1.153
      2437    5.751   1.880
      2438   12.009   5.034
      2439   12.387   5.465
      2440   10.267   3.468
      2441    9.870   3.001
      2442    9.688   3.087
      2443    5.433   2.460
      2444    7.350   1.244
      2445    5.430   2.411
      2446    5.946   2.512
      2447    8.788   2.372
      2448    7.770   1.954
      2449    6.137   1.882
      2450    9.597   2.890
      2451    7.467   1.308
      2452    9.491   2.565
      2453    9.506   2.661
      2454   11.182   4.477
      2455    8.856   2.319
      2456   12.081   5.198
      2457    4.422   4.518
      2458    3.770   3.941
      2459   12.352   5.603
      2460   11.298   4.566
      2461    1.302   6.205
      2462    0.897   6.562
      2463    0.965   6.889
      2464    1.326   6.142
      2465    0.966   6.611
      2466    1.400   6.108
      2467    2.997   4.314
      2468    1.661   5.738
      2469    1.249   6.282
      2470    1.595   5.827
      2471    2.588   4.794
      2472    1.170   6.231
      2473    1.497   6.200
      2474    0.792   6.865
      2475    0.979   6.705
      2476    0.997   7.326
      2477    0.967   6.720
      2478    0.817   6.833
      2479    1.033   6.576
      2480    1.092   7.143
      2481    1.099   6.546
      2482    0.837   6.752
      2483    0.791   7.067
      2484    1.420   6.165
      2485    1.082   6.459
      2486    0.861   6.944
      2487    1.003   6.773
      2488    1.087   6.396
      2489    1.552   5.870
      2490    1.106   6.648
      2491    0.898   7.074
      2492    0.935   6.809
      2493    0.940   6.844
      2494    1.017   6.566
      2495    1.137   6.566
      2496    1.233   6.278
      2497    0.875   6.651
      2498    1.363   6.226
      2499    1.018   6.443
      2500    0.898   6.780
