****************************************************
*                                                  *
*                  GENESIS ATDYN                   *
*                                                  *
*        A Molecular Dynamics Simulator with       *
*            Atomic Decomposition Scheme           *
*                                                  *
*               Developed by RIKEN                 *
*                                                  *
****************************************************
 
[STEP0] Architecture and Compiler Information
 
GENESIS_Information> GENESIS Information
  version      = 1.7.1
  commit ID    = 1.7.1 [2021-12-09 16:48:22 +0900]
  precision    = double
  nonbonding   = CPU

Build_Information> Compiler Information
  build host   = XXX
  fortran      = ifort (IFORT) 19.0.1.144 20181018
  option       = -xHost -O3 -ip -mkl=parallel  -assume byterecl -qopenmp  
  C            = icc (ICC) 19.0.1.144 20181018
  option       = -O3 -ip -axCORE-AVX2  -qopenmp 
  defined var. = 
  -DHAVE_MPI_GENESIS -DOMP -DIFORT19 -DFFTE -DLAPACK -DDSFMT_MEXP=19937 -DINTEL
  link option  = 
  -assume byterecl -lgfortran -qopenmp  -lmkl_intel_lp64 -lmkl_sequential -lmkl_
 core -lmkl_lapack95_lp64  

Runtime_Information> Machine and Library Information
  date       = 2022/03/07 11:18:40
  cpu model    = Intel(R) Xeon(R) CPU E5-2620 v4 @ 2.10GHz
  exec. host   = XXX
  LD library   = 
 /usr/local/cuda-10.0/lib64:/home/mdsoft/mpi/mpi_cent-v7_intel64/openmpi-v4.0.0_
 intel-v2019.1/lib:/Ahome/mdsoft/intel/intel/compilers_and_libraries_2019.1.144/
 linux/tbb/lib/intel64_lin/gcc4.7:/Ahome/mdsoft/intel/intel/compilers_and_librar
 ies_2019.1.144/linux/compiler/lib/intel64_lin:/Ahome/mdsoft/intel/intel/compile
 rs_and_libraries_2019.1.144/linux/mkl/lib/intel64_lin:/Ahome/mdsoft/intel/intel
 /compilers_and_libraries_2019.1.144/linux/compiler/lib/intel64_lin:/usr/local/c
 uda-10.2/targets/x86_64-linux/lib/

[STEP1] Read Control Parameters
 
Read_Ctrl_Input> Input Files
  psffile = ../input_files/GO_open.psf
  grotopfile = ../input_files/GO_DB.grotop
  pdbfile = ../input_files/GO_open.pdb
 
Read_Ctrl_Output> Output Files
  dcdfile    = run_db.dcd
  rstfile    = run_db.rst
 
Read_Ctrl_Energy> Parameters of Energy Calculations
  forcefield      =       KBGO
  switchdist      =     19.900  cutoffdist      =     20.000
  pairlistdist    =     50.000  dielec_const    =      1.000
  debye           =     10.000
 vdW force_switch =         no
  electrostatic   =  CUTOFF
  implicit_solvent=       none
  table           =         no
  water_model     =       NONE
  num_basins      =          2  mix_temperature =   4500.000
  basinenergy1    =     -1.120
  basinenergy2    =      0.000
  output_style    =    GENESIS
  dispersion_corr =       none
  nonb_limiter    =      no
  user def. table =     no
 
Read_Ctrl_Dynamics> Parameters of MD simulation
  integrator      =    VVER     nsteps          =     100000
  timestep        =     0.0200  initial_time    =     0.0000
  eneout_period   =      10000  rstout_period   =      10000
  crdout_period   =      10000  velout_period   =          0
  nbupdate_period =         10  stoptr_period   =          1
  iseed           =         -1
  annealing       =         no
  verbose         =         no
  target_md       =         no
  steered_md      =         no
  esp_mm          =         no
 
Read_Ctrl_Constraints> Parameters for Constraints
  rigid_bond      =        yes
  shake_iteration =        500  shake_tolerance =  0.100E-05
  fast_water      =         no
  hydrogen_type   =       name
  noshake_index   =       none
  fixatm_select_index        =       none
 
Read_Ctrl_Ensemble> Parameters for Ensemble
  ensemble        =        NVT
  temperature     =    260.000
  tpcontrol       =   LANGEVIN
  gamma_t         =      0.001
 
Read_Ctrl_Boundary> Parameters of Boundary Condition
  type            =     NOBC  
  spherical_pot   =         no  restart         =          T
 
Read_Ctrl_Selection> Parameters of Selection
  # of groups     =          0
  # of mole names =          0
 
Read_Ctrl_Restraints> No restraint in the system

Read_Ctrl_Fitting_MD> Parameters of Fitting
  fitting method  =  TR+ROT   
  fitting atom    = group1
  mass_weight     =         no
 
[STEP2] Setup MPI
 
Setup_Mpi_Md> Summary of Setup MPI
  number of MPI processes   =          8
  number of OpenMP threads  =          1
  total number of CPU cores =          8

[STEP3] Set Relevant Variables and Structures
 
Read_Psf> Summary of Psffile
  psftype         =      xplor
  num_atoms       =        271  num_bonds       =        270
  num_angles      =        269  num_dihedrals   =        268
  num_impropers   =          0  num_cmap_terms  =          0
  num_HB_donors   =          0  num_HB_acceptors=          0
  num_NB_exclusion=          0  num_groups      =          1
  total_charge    =      0.000
 
Read_Grotop> Summary of Grotopfile
  num_moltypes    =          1
    CGprotein             :
      num_atoms   =        271
      num_bonds   =        270
      num_angls   =        269
      num_dihes   =       1072
      num_cmaps   =          0
      num_excls   =        625
      num_constrs =          0
      num_pairs   =        625
      num_vsites2 =          0
      num_vsites3 =          0
      num_vsites4 =          0
      num_vsitesn =          0
      num_posress =          0
      num_PWMcos  =          0
      num_PWMcosns=          0
      num_IDR_HPS =          0
      num_IDR_KH  =          0
    .. not used molecule types were hidden.

  num_molecules   =          1
    CGprotein             :  1

  num_atomtypes   =         20  num_bondtypes   =          0
  num_angltypes   =          0  num_dihetypes   =          0
  num_constrtypes =          0  num_cmaptypes   =          0
  num_nbonparms   =          0


Read_Pdb> Summary of Data in PDB file
  num_atoms       =        271
 
Define_Molecule> Summary of molecules
  num_atoms       =        271  num_bonds       =        270
  num_angles      =        269  num_dihedrals   =       1072
  num_impropers   =          0  num_cmap_terms  =          0
  num_residues    =        271  num_molecules   =          1
  num_segments    =          1  num_deg_freedom =        813
  total_charge    =      0.000
 
Update_Num_Deg_Freedom> Number of degrees of freedom was updated
  num_deg_freedom =        810 (After removing translation)
 
Update_Num_Deg_Freedom> Number of degrees of freedom was updated
  num_deg_freedom =        807 (After removing rotation)
 
Setup_Boundary> Setup Variables for Boundary Condition
  origin(x,y,z)   =      0.000     0.000     0.000
 
Random_Init> Initialize the random number
  seed            = 39291

Define_Enefunc_Gromacs> Number of Interactions in Each Term
  bond_ene        =        270  angle_ene       =        269
  torsion_ene     =       1072  rb_torsion_ene  =          0
  improper_ene    =          0
  nb_exclusions   =       1164  nb14_calc       =        268
  contact_ene     =        625
  multi_contact   =        102
  vsite2_ene      =          0  vsite3_ene      =          0
  vsite3fd_ene    =          0  vsite3fad_ene   =          0
  vsite3out_ene   =          0  vsite4fdn_ene   =          0
  vsiten_ene      =          0
 restraint_groups =          0 restraint_funcs  =          0
 
Get_Morph_in> Morphing check
  morphing_bb =           0  morphing_sc =           0
Setup_Fitting_Atdyn> NO fitting is applied, skip
  fitting method  =  NO
 
Setup_Shake> Setup constrains for SHAKE and RATTLE
  num_unconsbonds =          0  num_rigid_bonds =        270
 
Update_Num_Deg_Freedom> Number of degrees of freedom was updated
  num_deg_freedom =        537 (After setup of SHAKE/RATTLE)
 
[STEP4] Compute Single Point Energy for Molecules
 
            STEP          ENERGY           ANGLE        DIHEDRAL  NATIVE_CONTACT NON-NATIVE_CONT           ELECT    MUL_BASIN001    MUL_BASIN002    BASIN_ENE001    BASIN_ENE002
 --------------- --------------- --------------- --------------- ---------------
               0       -825.9296        127.1249        294.9841      -1243.9371         -4.1015          0.0000          0.9718          0.0282        -79.8354        -49.3122

[STEP5] Perform Molecular Dynamics Simulation
 
Generate_Velocity> Generate initial velocities
  iseed           =      39291
  temperature     =    260.000
 
Random_Init_Velocity> Initialize the random number
  seed            = 39291

INFO:       STEP            TIME       TOTAL_ENE   POTENTIAL_ENE     KINETIC_ENE            RMSG           ANGLE        DIHEDRAL  NATIVE_CONTACT NON-NATIVE_CONT           ELECT    MUL_BASIN001    MUL_BASIN002    BASIN_ENE001    BASIN_ENE002     TEMPERATURE          VOLUME
 --------------- --------------- --------------- --------------- ---------------
INFO:          0          0.0000       -677.7504       -825.9515        148.2011          3.1607        127.2490        294.9397      -1244.0496         -4.0906          0.0000          0.9723          0.0277        -79.8280        -49.1360        277.7586          0.0000

INFO:      10000        200.0000       -681.4351       -793.6956        112.2605          3.1017         65.3995        280.6339      -1135.0558         -4.6732          0.0000          1.0000          0.0000        -69.5320       5324.4108        210.3987          0.0000

INFO:      20000        400.0000       -670.3523       -803.9599        133.6076          2.9327         72.2186        285.1035      -1156.5049         -4.7771          0.0000          1.0000          0.0000        -71.7492       1765.6527        250.4075          0.0000

INFO:      30000        600.0000       -656.1694       -796.8911        140.7217          3.1902         65.1619        283.9391      -1141.1796         -4.8125          0.0000          1.0000          0.0000        -69.4218        300.8263        263.7408          0.0000

INFO:      40000        800.0000       -656.2772       -774.7825        118.5053          3.4130         64.4517        281.2110      -1115.7910         -4.6542          0.0000          1.0000          0.0000        -64.0099         73.7184        222.1027          0.0000

INFO:      50000       1000.0000       -647.1771       -776.5895        129.4125          3.1424         65.8985        283.4266      -1121.6987         -4.2159          0.0000          1.0000          0.0000        -67.9475         62.3390        242.5449          0.0000

INFO:      60000       1200.0000       -648.3052       -778.7237        130.4185          3.2310         67.3349        283.8720      -1125.3112         -4.6195          0.0000          1.0000          0.0000        -66.0770       1201.3974        244.4305          0.0000

INFO:      70000       1400.0000       -636.2612       -776.4686        140.2074          3.3202         85.5974        279.5133      -1136.9974         -4.5819          0.0000          1.0000          0.0000        -68.3997      13127.6618        262.7768          0.0000

INFO:      80000       1600.0000       -642.6239       -800.7184        158.0946          3.0297         63.6451        280.7835      -1140.4255         -4.7215          0.0000          1.0000          0.0000        -69.1991       2647.5975        296.3010          0.0000

INFO:      90000       1800.0000       -641.9138       -783.0740        141.1602          3.2575         63.9094        279.9157      -1122.8287         -4.0704          0.0000          0.9992          0.0008        -70.2666         -7.2725        264.5625          0.0000

INFO:     100000       2000.0000       -624.9608       -763.4292        138.4685          3.4532         79.3288        281.4397      -1120.0077         -4.1901          0.0000          0.9998          0.0002        -71.2499          6.1484        259.5177          0.0000

 
[STEP6] Deallocate Arrays
 
Output_Time> Averaged timer profile (Min, Max)
  total time      =      32.241
    setup         =       0.217
    dynamics      =      32.023
      energy      =      15.513
      integrator  =      15.488
      pairlist    =       0.381 (       0.374,       0.394)
  energy           
    bond          =       0.055 (       0.050,       0.059)
    angle         =       0.574 (       0.553,       0.595)
    dihedral      =       1.780 (       1.750,       1.843)
    base stacking =       0.000 (       0.000,       0.000)
    nonbond       =       6.584 (       6.392,       6.799)
      CG exv      =       0.000 (       0.000,       0.000)
      CG DNA bp   =       0.000 (       0.000,       0.000)
      CG DNA exv  =       0.000 (       0.000,       0.000)
      CG ele      =       0.000 (       0.000,       0.000)
      CG PWMcos   =       0.000 (       0.000,       0.000)
      CG PWMcosns =       0.000 (       0.000,       0.000)
      CG IDR-HPS  =       0.000 (       0.000,       0.000)
      CG IDR-KH   =       0.000 (       0.000,       0.000)
      CG KH       =       0.000 (       0.000,       0.000)
      Contact     =       0.000 (       0.000,       0.000)
      pme real    =       0.000 (       0.000,       0.000)
      pme recip   =       0.000 (       0.000,       0.000)
    solvation     =       0.000 (       0.000,       0.000)
      polar       =       0.000 (       0.000,       0.000)
      non-polar   =       0.000 (       0.000,       0.000)
    restraint     =       0.000 (       0.000,       0.000)
    qmmm          =       0.000 (       0.000,       0.000)
    morph         =       0.000 (       0.000,       0.000)
  integrator       
    constraint    =       9.811 (       9.757,      10.029)
    update        =       0.000 (       0.000,       0.000)
    comm_coord    =       0.000 (       0.000,       0.000)
    comm_force    =       0.000 (       0.000,       0.000)
    comm_migrate  =       0.000 (       0.000,       0.000)

