         1    1.211   6.288
         2    0.867   6.730
         3    1.144   6.493
         4    0.767   6.616
         5    1.192   6.338
         6    0.897   6.735
         7    1.165   6.373
         8    4.002   3.406
         9    7.847   1.143
        10    6.288   1.232
        11    7.031   1.036
        12    8.171   2.568
        13    4.747   2.876
        14    7.845   1.137
        15    8.561   1.867
        16    5.727   2.386
        17    5.446   2.085
        18    6.428   1.942
        19    1.647   5.920
        20    1.694   5.784
        21    1.128   6.553
        22    1.049   6.826
        23    0.897   6.800
        24    0.962   6.922
        25    0.938   6.769
        26    0.906   6.778
        27    1.229   6.364
        28    1.757   5.741
        29    1.818   5.693
        30    1.042   7.202
        31    1.127   6.655
        32    0.990   6.879
        33    1.308   6.346
        34    0.925   6.652
        35    0.913   6.681
        36    1.064   6.342
        37    0.843   7.007
        38    1.436   6.044
        39    1.064   6.503
        40    2.019   5.335
        41    1.860   5.485
        42    1.783   5.706
        43    0.724   7.247
        44    1.077   6.591
        45    0.877   7.300
        46    0.768   6.857
        47    4.514   2.921
        48    1.020   6.529
        49    4.908   2.591
        50    6.941   1.102
        51    0.971   6.696
        52    1.917   5.591
        53    1.242   6.115
        54    1.609   5.738
        55    0.687   7.085
        56    0.927   6.535
        57    0.882   7.035
        58    1.019   6.632
        59    0.819   7.166
        60    3.703   3.706
        61    2.584   4.822
        62    1.509   5.930
        63    0.837   6.801
        64    1.141   7.542
        65    2.866   4.466
        66    1.056   6.477
        67    0.642   6.939
        68    0.971   6.520
        69    1.109   6.607
        70    0.849   6.857
        71    1.121   6.459
        72    0.804   6.768
        73    1.096   6.329
        74    1.595   5.784
        75    0.986   7.106
        76    1.315   6.109
        77    3.478   3.847
        78    1.971   5.454
        79    0.994   6.742
        80    0.983   6.790
        81    1.021   6.787
        82    1.521   6.019
        83    1.046   6.749
        84    1.069   6.894
        85    2.192   5.359
        86    0.962   6.652
        87    1.172   6.503
        88    4.755   2.963
        89    6.651   1.301
        90    1.097   6.578
        91    4.156   3.223
        92    0.992   6.527
        93    1.021   6.715
        94    1.134   6.315
        95    1.079   6.474
        96    1.561   6.001
        97    0.897   6.768
        98    1.494   5.910
        99    0.816   6.924
       100    1.675   5.799
       101    1.154   6.317
       102    1.421   6.010
       103    0.866   6.928
       104    1.651   5.724
       105    1.792   5.657
       106    0.842   6.964
       107    1.265   6.793
       108    2.037   5.239
       109    1.063   6.464
       110    2.095   5.370
       111    1.414   6.098
       112    1.778   5.582
       113    2.450   5.012
       114    9.580   2.654
       115    9.005   3.375
       116   11.284   4.312
       117    5.707   1.847
       118    6.126   1.798
       119    7.693   1.438
       120    7.075   3.086
       121    6.645   2.062
       122    7.658   1.418
       123   11.570   4.662
       124    8.676   1.981
       125    6.850   0.954
       126    2.568   4.800
       127    1.215   6.518
       128    4.454   2.900
       129    4.658   2.754
       130    9.604   2.676
       131    1.361   6.076
       132   10.334   3.417
       133   10.823   4.104
       134    7.088   2.798
       135    9.387   2.573
       136    9.285   2.788
       137   10.359   3.737
       138    8.769   2.264
       139    6.535   1.279
       140    8.126   1.388
       141    8.059   1.924
       142    8.940   2.130
       143    6.549   1.976
       144    6.767   1.602
       145    9.972   3.043
       146    8.446   2.129
       147    7.008   1.953
       148    8.008   2.124
       149    8.106   1.941
       150    6.435   2.097
       151   10.974   4.055
       152    5.218   2.274
       153   13.632   6.762
       154   12.631   5.735
       155    9.376   2.637
       156    5.310   2.390
       157    9.975   3.133
       158   11.644   4.736
       159    6.411   1.531
       160    9.031   2.208
       161    6.763   1.712
       162    5.315   2.170
       163    8.453   1.883
       164   11.232   4.328
       165    8.053   1.446
       166    7.229   1.434
       167    5.318   3.111
       168    6.051   1.570
       169    7.049   1.139
       170    7.922   1.154
       171   11.559   4.649
       172   12.039   5.210
       173   12.028   5.161
       174    8.884   2.323
       175   10.953   4.097
       176    7.734   1.495
       177    4.997   2.743
       178   12.312   5.501
       179    9.081   2.597
       180   10.048   3.207
       181    6.322   1.562
       182    5.603   2.106
       183    4.842   2.838
       184    8.416   1.561
       185   10.511   3.719
       186   12.434   5.513
       187    9.160   2.356
       188   10.800   4.178
       189    1.124   6.465
       190    0.981   6.581
       191    0.988   6.843
       192    1.111   6.511
       193    1.801   5.688
       194    0.789   7.002
       195    1.035   6.951
       196    1.236   6.305
       197    0.873   6.716
       198    0.917   6.795
       199    1.039   6.980
       200    1.000   6.543
       201    1.350   6.270
       202    2.477   4.998
       203    1.085   6.534
       204    1.158   6.361
       205    1.366   6.242
       206    1.189   6.463
       207    1.046   6.844
       208    1.121   6.559
       209    0.888   6.900
       210    1.417   6.482
       211    1.370   6.318
       212    0.933   7.190
       213    0.898   6.848
       214    0.947   6.595
       215    1.597   5.933
       216    2.055   5.381
       217    1.149   6.473
       218    1.345   6.169
       219    1.232   6.245
       220    1.240   6.131
       221    1.618   5.950
       222    0.820   7.243
       223    1.987   5.732
       224    1.016   6.626
       225    0.766   6.743
       226    1.249   6.457
       227    2.534   4.792
       228    1.166   6.177
       229    1.312   6.216
       230    0.869   6.807
       231    0.903   6.981
       232    1.284   6.285
       233    1.127   6.377
       234    0.923   6.741
       235    1.323   6.341
       236    1.795   5.632
       237    1.059   6.854
       238    1.734   5.866
       239    0.734   7.050
       240    1.053   7.078
       241    1.464   6.051
       242    1.049   6.725
       243    1.657   5.784
       244    0.848   6.781
       245    2.795   4.631
       246    0.921   6.783
       247    0.756   6.889
       248    1.596   5.873
       249    0.624   7.009
       250    1.348   6.238
       251    1.021   6.542
       252    1.256   6.206
       253    1.182   6.268
       254    0.930   7.167
       255    0.948   6.650
       256    1.006   6.513
       257    1.119   6.311
       258    0.813   6.991
       259    0.726   6.912
       260    0.965   6.958
       261    1.105   6.662
       262    1.382   6.079
       263    0.940   7.387
       264    1.122   6.520
       265    0.941   6.556
       266    1.706   5.883
       267    1.199   6.297
       268    1.608   5.817
       269    1.350   6.277
       270    0.937   6.590
       271    1.638   5.848
       272    1.067   6.542
       273    1.072   6.361
       274    0.976   6.738
       275    1.794   5.977
       276    0.985   6.616
       277    1.069   7.253
       278    0.941   7.123
       279    3.481   4.056
       280    6.527   2.941
       281    6.400   1.802
       282    0.932   7.046
       283    1.089   6.430
       284    1.008   6.652
       285    1.852   5.697
       286    1.317   6.242
       287    0.942   6.648
       288    1.196   6.345
       289    1.017   6.573
       290    0.713   7.142
       291    1.146   6.300
       292    2.156   5.290
       293    1.809   5.615
       294    0.902   6.631
       295   11.896   4.914
       296   10.104   3.080
       297    9.692   2.796
       298    6.056   2.588
       299   10.576   3.862
       300    5.996   3.152
       301    6.749   1.377
       302    5.631   3.573
       303    4.957   4.559
       304    5.188   2.598
       305    7.289   3.117
       306    1.326   6.201
       307    1.013   6.463
       308    0.905   6.969
       309    1.115   6.531
       310    1.506   6.181
       311    1.236   6.191
       312    1.080   6.612
       313    1.201   6.243
       314    1.049   6.366
       315    1.070   6.453
       316    1.401   6.228
       317    0.882   6.769
       318    7.567   1.309
       319   12.664   5.797
       320   13.247   6.422
       321   12.233   5.813
       322   11.976   5.083
       323    8.603   2.191
       324    6.801   2.498
       325    5.781   2.329
       326    9.836   2.930
       327   12.255   5.338
       328    8.253   1.355
       329    8.260   1.631
       330    7.888   2.304
       331    8.561   2.223
       332    5.878   2.606
       333    5.643   3.832
       334    5.473   3.217
       335    8.733   2.163
       336    8.048   1.414
       337    8.642   2.056
       338    9.905   3.017
       339    6.763   1.509
       340    9.848   3.022
       341   11.865   5.068
       342   11.838   5.370
       343   12.489   5.622
       344    8.962   2.756
       345   10.540   3.721
       346   11.611   4.606
       347    9.013   2.169
       348    8.113   1.304
       349    9.095   2.295
       350   12.242   5.424
       351    9.381   2.550
       352    3.349   4.105
       353    6.269   1.811
       354   10.168   3.596
       355   11.361   4.581
       356    9.353   2.657
       357    5.595   2.483
       358    9.326   2.713
       359    7.616   2.555
       360    6.844   0.936
       361    5.918   2.527
       362    4.470   5.151
       363   11.343   4.361
       364   11.256   4.300
       365   10.062   3.131
       366   11.241   4.422
       367    4.146   3.301
       368    5.791   2.593
       369    8.958   2.387
       370    5.984   3.206
       371    8.140   1.505
       372    4.300   3.596
       373    3.781   4.350
       374   10.109   3.314
       375    8.148   1.224
       376    7.822   0.990
       377    8.276   1.810
       378    7.369   1.932
       379    8.713   2.255
       380    7.129   2.358
       381    5.838   1.521
       382   11.028   4.157
       383    6.775   1.002
       384    7.935   1.192
       385    0.994   6.571
       386    1.061   6.474
       387    1.329   6.185
       388    0.791   6.857
       389    0.898   6.531
       390    0.895   7.007
       391    0.834   6.762
       392    0.869   6.800
       393    0.766   6.652
       394    1.156   6.383
       395    1.302   6.154
       396    0.747   6.844
       397    1.364   5.974
       398    0.704   7.214
       399    0.931   6.616
       400    0.864   6.703
       401    1.445   5.870
       402    1.046   6.502
       403    0.954   6.630
       404    1.478   6.075
       405    1.214   6.162
       406    0.725   7.023
       407    1.742   5.521
       408    7.302   1.632
       409   11.861   4.953
       410    7.563   1.378
       411    7.742   2.354
       412    9.911   3.135
       413    9.443   2.913
       414   12.011   5.100
       415    8.944   2.604
       416    8.097   1.884
       417    9.248   2.625
       418   10.282   3.401
       419    8.470   2.144
       420    8.326   2.064
       421    6.790   2.874
       422    7.730   1.937
       423   11.353   4.454
       424   12.517   5.590
       425    7.353   0.951
       426    7.870   1.305
       427    6.227   1.948
       428    7.884   1.356
       429    3.221   4.665
       430    7.978   1.876
       431    8.389   2.420
       432    8.428   1.641
       433    8.086   1.741
       434   11.124   4.295
       435    8.616   2.522
       436    8.790   2.309
       437    8.845   2.102
       438   10.515   3.551
       439    7.736   2.014
       440   10.021   3.474
       441    0.837   7.086
       442    1.333   6.172
       443    4.722   2.646
       444    0.986   6.920
       445    1.183   6.478
       446    0.942   6.685
       447    1.200   6.252
       448    1.394   6.253
       449    1.700   5.775
       450    1.047   6.625
       451    1.308   6.085
       452    1.132   6.411
       453    1.426   6.034
       454    1.780   5.684
       455    1.493   6.197
       456    1.190   6.299
       457    1.035   6.512
       458    1.283   6.457
       459    1.179   6.420
       460    1.861   5.609
       461    0.926   6.774
       462    0.759   7.173
       463    1.715   5.662
       464    1.223   6.341
       465    0.888   6.774
       466    1.367   6.204
       467    1.158   6.409
       468    1.365   6.067
       469    1.805   5.491
       470    1.084   6.373
       471    1.165   6.254
       472    1.274   6.329
       473    0.832   6.894
       474    0.852   7.208
       475    1.468   6.037
       476    1.443   6.058
       477    0.777   6.973
       478    0.893   6.710
       479    1.487   6.164
       480    1.037   6.727
       481    0.975   6.786
       482    0.909   6.657
       483    1.686   5.703
       484    0.858   7.000
       485    1.559   5.893
       486    1.318   6.209
       487    1.952   5.450
       488    1.526   5.998
       489    0.751   7.175
       490    1.730   5.769
       491    0.855   6.861
       492    0.866   6.912
       493    1.207   6.334
       494    1.644   5.751
       495    2.662   4.736
       496    2.784   4.561
       497    1.224   6.270
       498    1.162   6.384
       499    1.228   6.230
       500    1.145   6.600
       501    1.735   5.815
       502    0.859   7.137
       503    1.163   6.356
       504    1.964   5.387
       505    1.433   5.933
       506    0.810   6.617
       507    1.242   6.411
       508    1.069   6.636
       509    0.846   6.705
       510    0.716   7.110
       511    1.093   6.466
       512    1.296   6.268
       513    0.860   6.877
       514    1.681   5.802
       515    1.554   6.037
       516    0.978   6.802
       517    0.986   6.616
       518    0.871   6.745
       519    1.170   6.406
       520    1.558   5.847
       521    1.000   6.876
       522    0.948   6.759
       523    1.070   6.457
       524    0.893   6.766
       525    0.904   6.790
       526    0.923   6.570
       527    2.103   5.211
       528    0.988   6.708
       529    3.357   4.012
       530    0.727   6.980
       531    1.474   6.012
       532    1.331   6.171
       533    3.833   3.484
       534    1.241   6.218
       535    1.990   5.360
       536    0.988   6.616
       537    1.039   6.504
       538    1.224   6.267
       539    0.998   6.503
       540    0.863   6.691
       541    1.459   5.935
       542    0.797   6.987
       543    0.838   7.065
       544    1.603   5.818
       545    1.644   5.721
       546    0.877   7.285
       547    0.813   6.811
       548    0.739   6.886
       549    2.182   5.217
       550    1.393   6.069
       551    1.496   5.886
       552    1.229   6.211
       553    1.282   6.348
       554    1.610   5.864
       555    0.871   6.844
       556    0.808   6.956
       557    1.042   6.494
       558    1.060   6.569
       559    1.648   5.730
       560    1.430   5.955
       561    1.241   6.276
       562    0.978   6.832
       563    4.412   3.122
       564    2.536   4.849
       565    1.184   6.331
       566    1.370   6.104
       567    1.719   5.742
       568    1.118   6.703
       569    1.917   5.469
       570    1.936   5.484
       571    1.529   5.853
       572    1.276   6.423
       573    1.108   6.455
       574    1.173   6.426
       575    0.988   6.610
       576    1.177   6.583
       577    1.288   6.247
       578    1.142   6.275
       579    1.138   6.537
       580    1.549   5.902
       581    0.804   7.131
       582    3.115   4.231
       583    1.087   6.654
       584    1.916   5.599
       585    1.150   6.447
       586    0.819   6.957
       587    1.549   5.919
       588    1.000   6.623
       589    1.006   6.957
       590    2.725   4.730
       591    1.018   6.604
       592    0.919   6.690
       593    1.188   6.504
       594    0.927   7.032
       595    1.173   6.292
       596    1.114   6.415
       597    1.013   6.608
       598    0.851   6.709
       599    1.443   6.138
       600    1.343   6.138
       601    1.357   6.177
       602    2.067   5.357
       603    1.262   6.203
       604    0.737   6.988
       605    1.511   5.866
       606    1.060   6.440
       607    5.476   1.945
       608    3.691   3.714
       609    0.793   6.919
       610    4.138   3.218
       611    6.347   1.735
       612    6.885   1.208
       613    4.575   2.984
       614    8.509   1.657
       615    1.216   6.308
       616    6.967   1.459
       617    9.642   3.092
       618   11.549   4.675
       619   11.611   5.047
       620   13.265   6.616
       621   10.216   3.486
       622    9.959   3.156
       623   10.042   3.144
       624    6.315   1.644
       625    8.013   1.647
       626    6.776   2.282
       627    4.700   3.336
       628    6.409   1.219
       629    9.171   2.679
       630   10.949   4.104
       631    1.339   6.270
       632    1.474   6.158
       633    1.026   6.625
       634    0.802   6.746
       635    0.884   7.349
       636    1.127   6.285
       637    1.102   6.461
       638    2.305   5.199
       639    0.955   6.573
       640    0.828   7.103
       641    1.030   6.578
       642    0.791   7.167
       643    1.321   6.237
       644    0.906   6.676
       645    0.997   6.831
       646    0.784   7.165
       647    0.890   6.605
       648    0.924   6.504
       649    1.184   6.397
       650    7.126   1.627
       651    2.372   5.209
       652    1.041   7.012
       653    1.279   6.236
       654    2.258   5.141
       655    1.267   6.279
       656    1.535   5.802
       657    3.201   4.139
       658    9.821   3.112
       659   11.704   4.907
       660   10.411   3.613
       661    9.316   2.410
       662    8.068   1.393
       663    6.247   1.407
       664   10.016   3.034
       665    1.419   5.951
       666    2.924   4.474
       667    0.814   7.130
       668    9.062   2.096
       669    3.279   4.239
       670    1.411   6.034
       671    0.925   6.621
       672    1.269   6.259
       673    1.155   6.249
       674    0.972   6.776
       675    0.801   7.230
       676    0.835   6.812
       677    0.918   6.655
       678    1.238   6.269
       679    0.970   6.605
       680    0.955   6.652
       681    1.380   6.154
       682    1.728   5.644
       683    1.546   6.015
       684    0.809   7.092
       685    0.969   6.788
       686    1.010   6.603
       687    1.592   6.096
       688    1.035   6.339
       689    1.523   5.867
       690    1.166   6.233
       691    0.883   6.979
       692    1.567   5.794
       693    2.178   5.283
       694   11.111   4.444
       695   12.618   5.808
       696    7.897   2.134
       697    6.333   1.336
       698    6.470   1.225
       699   10.154   3.289
       700    9.970   3.190
       701    8.260   2.832
       702    5.954   2.706
       703    7.740   2.769
       704    6.009   2.674
       705    8.569   1.933
       706    7.747   1.308
       707    8.966   2.758
       708    6.102   2.563
       709    2.693   4.704
       710    1.451   6.200
       711    1.595   5.918
       712    1.191   6.379
       713    0.974   6.724
       714    1.206   6.351
       715    0.852   7.165
       716    1.238   6.321
       717    0.907   6.964
       718    0.903   6.738
       719    1.588   5.930
       720    2.287   5.039
       721    0.648   6.928
       722    2.140   5.245
       723    1.070   6.636
       724    1.003   6.771
       725    1.392   6.144
       726    1.162   6.297
       727    2.826   4.506
       728    6.313   3.337
       729    7.505   2.054
       730    3.593   3.751
       731    8.138   1.941
       732   10.139   3.289
       733    6.453   1.362
       734    9.204   2.601
       735   11.254   4.560
       736    9.141   2.371
       737   10.232   3.266
       738   10.162   3.362
       739    9.387   2.519
       740    9.308   2.614
       741   10.638   3.859
       742    9.114   2.354
       743    4.944   4.725
       744    8.485   2.011
       745    9.059   3.452
       746    9.201   2.312
       747    5.237   2.815
       748   10.274   3.632
       749    5.821   2.063
       750    8.689   1.815
       751    7.919   1.512
       752    5.934   1.767
       753    8.160   2.139
       754    7.399   2.135
       755    9.973   3.173
       756   10.674   3.999
       757   12.003   5.077
       758   11.259   4.392
       759    9.614   2.772
       760   11.189   4.399
       761   12.124   5.271
       762    7.817   2.111
       763   10.572   3.865
       764    9.456   2.973
       765    4.145   4.075
       766   10.313   3.566
       767    7.979   1.655
       768    8.487   1.997
       769    6.546   1.201
       770    9.298   2.779
       771    8.999   2.396
       772   10.970   4.160
       773   10.404   3.728
       774    6.311   1.337
       775   10.096   3.219
       776    9.242   2.482
       777   12.419   5.544
       778    7.462   1.585
       779    9.126   2.641
       780   12.234   5.514
       781   12.240   5.337
       782    9.468   3.285
       783   10.387   3.510
       784    1.037   7.187
       785    0.878   6.700
       786    0.807   6.913
       787    1.273   6.286
       788    1.185   6.412
       789    1.156   6.323
       790    2.960   4.409
       791    1.189   6.453
       792    1.155   6.193
       793    0.851   7.235
       794    1.084   6.365
       795    1.313   6.123
       796    1.917   5.446
       797    0.811   7.035
       798    1.323   6.230
       799    0.991   6.642
       800    2.194   5.168
       801    1.828   5.520
       802    1.659   5.704
       803    1.225   6.220
       804    0.839   6.952
       805    1.240   6.377
       806    1.514   5.885
       807    0.717   7.026
       808    1.105   6.478
       809    1.237   6.220
       810    1.136   6.383
       811    2.061   5.338
       812    1.107   6.360
       813    0.881   6.720
       814    1.383   6.438
       815    1.676   5.836
       816    1.251   6.413
       817    1.279   6.342
       818    2.181   5.161
       819    0.944   7.426
       820    4.833   2.539
       821    7.850   1.287
       822    2.566   4.835
       823    1.140   6.522
       824    2.759   4.828
       825    1.247   6.469
       826    0.898   7.033
       827    1.503   5.957
       828    1.108   6.623
       829    1.088   6.767
       830    1.039   6.735
       831    1.863   5.620
       832    1.556   5.927
       833    1.450   5.989
       834    0.868   7.069
       835    1.151   6.296
       836    0.841   7.120
       837    1.852   5.614
       838    0.867   7.069
       839    2.553   4.810
       840    1.820   5.675
       841    1.206   6.389
       842    3.714   3.604
       843    3.252   4.138
       844    1.795   5.739
       845    1.080   6.613
       846    1.721   5.642
       847    1.027   6.558
       848    1.450   6.132
       849    1.814   5.622
       850    0.894   6.689
       851    1.030   6.741
       852    1.351   6.235
       853    1.597   6.126
       854    0.842   7.267
       855    3.899   3.661
       856    2.603   4.732
       857    1.377   6.122
       858    2.967   4.337
       859    1.083   6.359
       860    1.042   6.727
       861    0.825   6.718
       862    1.223   6.288
       863    1.584   5.831
       864    0.949   6.715
       865    0.809   7.154
       866    1.557   6.024
       867    0.700   6.985
       868    1.210   6.427
       869    1.464   6.145
       870    1.869   5.563
       871    0.866   6.787
       872    1.463   5.982
       873    1.060   6.475
       874    0.996   6.656
       875    1.975   5.391
       876    1.561   5.874
       877    1.322   6.173
       878    5.545   1.808
       879    9.728   3.211
       880    3.809   3.671
       881    0.999   6.450
       882    1.051   6.532
       883    1.024   6.561
       884    0.934   6.615
       885    0.870   6.979
       886    0.746   7.165
       887    1.609   5.822
       888    1.065   6.400
       889    0.942   6.610
       890    1.330   6.349
       891    3.382   3.934
       892    1.111   6.278
       893    0.980   6.793
       894    0.794   6.955
       895    0.768   7.185
       896    0.701   6.972
       897    1.230   6.190
       898    0.819   6.681
       899    0.768   7.075
       900    1.073   6.348
       901    2.594   4.761
       902   11.407   4.576
       903   10.901   3.945
       904    7.481   0.938
       905    5.826   1.705
       906    8.748   2.246
       907    8.107   1.487
       908    9.909   3.011
       909   10.102   3.247
       910   10.634   3.755
       911    5.713   1.918
       912    5.783   2.262
       913    9.928   3.266
       914    9.050   2.674
       915    6.320   2.229
       916    8.330   2.165
       917    7.534   1.551
       918   10.555   3.543
       919    8.183   1.795
       920    7.668   1.238
       921    7.757   1.483
       922    7.453   1.038
       923    8.098   1.497
       924   10.126   3.329
       925   11.385   4.707
       926    8.839   2.246
       927    9.537   2.889
       928    9.015   2.375
       929    8.297   1.915
       930    8.926   2.533
       931    9.480   2.825
       932    6.952   1.117
       933    8.613   1.771
       934   10.204   3.495
       935    9.097   2.305
       936    8.746   2.263
       937    8.334   2.252
       938   10.272   3.522
       939    9.190   2.565
       940    9.402   2.557
       941   10.543   3.648
       942   11.052   4.153
       943   10.479   3.666
       944    8.791   2.323
       945   10.910   4.098
       946   12.052   5.142
       947    8.639   1.816
       948    6.607   1.207
       949    7.041   1.060
       950    9.018   2.321
       951   14.201   7.302
       952   13.585   6.785
       953   13.060   6.135
       954    9.078   2.417
       955    5.367   2.971
       956    7.474   1.649
       957    9.560   3.272
       958   10.988   4.050
       959    5.458   1.943
       960   11.314   4.344
       961   10.963   4.214
       962    6.295   1.939
       963   10.127   3.350
       964   11.888   4.961
       965    5.173   2.497
       966    0.955   6.896
       967    1.594   5.772
       968    1.137   6.566
       969    1.342   6.394
       970    0.895   6.781
       971    1.401   6.072
       972    1.286   6.365
       973    1.607   5.793
       974    1.269   6.265
       975    1.461   6.179
       976    1.169   6.274
       977    1.102   6.529
       978    0.996   6.911
       979    9.008   2.279
       980    8.820   2.225
       981    4.844   3.037
       982    0.716   6.892
       983    0.954   6.859
       984    1.389   6.263
       985    9.116   2.458
       986    7.609   1.973
       987    8.565   1.862
       988   10.158   3.232
       989    1.646   5.804
       990    1.219   6.397
       991    1.123   6.399
       992    6.073   1.708
       993    8.150   1.449
       994    6.505   1.344
       995    9.849   2.962
       996    7.617   1.348
       997    4.122   4.014
       998    6.369   1.654
       999   10.355   3.313
      1000    5.997   2.383
      1001    1.332   6.276
      1002    1.448   6.022
      1003    0.997   6.610
      1004    1.078   6.454
      1005    1.051   6.940
      1006    1.160   6.577
      1007    0.896   6.706
      1008    0.783   6.786
      1009    1.291   6.452
      1010    1.175   6.556
      1011    1.688   5.687
      1012    0.776   6.920
      1013    1.118   7.109
      1014    1.194   6.257
      1015    1.390   6.084
      1016    1.663   5.983
      1017    2.687   4.650
      1018    1.518   5.906
      1019    0.948   6.436
      1020    0.778   7.013
      1021    1.572   6.015
      1022    1.083   6.722
      1023    1.243   6.591
      1024    1.681   5.888
      1025    1.919   5.615
      1026    1.167   6.370
      1027    1.303   6.407
      1028    1.392   6.122
      1029    4.760   2.818
      1030    2.440   4.948
      1031    0.854   6.892
      1032    0.794   7.104
      1033    1.551   5.860
      1034    1.126   6.662
      1035    0.904   6.726
      1036    1.654   5.850
      1037    1.342   6.117
      1038    4.924   3.214
      1039    4.246   3.179
      1040    7.918   1.354
      1041    4.264   3.106
      1042    0.869   7.160
      1043    1.349   6.147
      1044    1.302   6.246
      1045    0.934   6.628
      1046    1.016   6.578
      1047    1.606   5.995
      1048    1.234   6.406
      1049    1.023   6.617
      1050    1.069   6.379
      1051    0.886   6.755
      1052    2.045   5.480
      1053    1.529   5.824
      1054    1.325   6.364
      1055    1.842   5.574
      1056    1.419   6.027
      1057    0.996   6.534
      1058    3.858   3.842
      1059    1.018   6.874
      1060    1.602   6.098
      1061    0.807   7.086
      1062    0.869   6.784
      1063    1.299   6.151
      1064    1.121   6.452
      1065    1.665   5.899
      1066    0.948   6.597
      1067    0.974   6.842
      1068    0.889   6.635
      1069    1.042   6.409
      1070    1.767   5.651
      1071    0.980   6.713
      1072    0.859   6.858
      1073    1.186   6.404
      1074    0.986   7.596
      1075    0.964   6.697
      1076    1.067   6.485
      1077    0.932   7.113
      1078    1.179   6.412
      1079    0.967   7.427
      1080    1.400   6.292
      1081    1.537   5.979
      1082    6.254   1.334
      1083    5.684   2.112
      1084    6.744   2.421
      1085    8.756   2.497
      1086    6.908   1.636
      1087    3.421   4.121
      1088    8.032   1.333
      1089    8.617   2.220
      1090    9.955   3.027
      1091    9.708   2.923
      1092   10.883   4.030
      1093   10.523   3.962
      1094    4.308   5.472
      1095    6.808   1.103
      1096   11.471   4.594
      1097    8.186   1.485
      1098    9.490   2.652
      1099    6.270   1.246
      1100    7.821   1.738
      1101    2.754   4.591
      1102    1.137   6.492
      1103    1.400   6.170
      1104    1.170   6.441
      1105    3.542   4.013
      1106    1.185   6.435
      1107    3.752   3.719
      1108    1.650   5.829
      1109    0.993   6.893
      1110    1.713   6.029
      1111    1.307   6.373
      1112    1.239   6.308
      1113    1.562   5.818
      1114    2.420   4.976
      1115    2.821   4.541
      1116   10.314   3.580
      1117   11.396   4.464
      1118    9.970   3.164
      1119    8.336   1.838
      1120    9.972   3.029
      1121   12.403   5.485
      1122   11.936   5.121
      1123    8.601   2.074
      1124   10.354   3.453
      1125    8.008   1.742
      1126    7.664   1.826
      1127    8.745   1.836
      1128    8.421   1.780
      1129   10.140   3.225
      1130   10.101   3.196
      1131   10.126   3.351
      1132    7.058   2.371
      1133    4.664   3.776
      1134    6.674   1.549
      1135   10.837   3.986
      1136    8.239   2.146
      1137    6.837   1.107
      1138    6.956   1.059
      1139    3.752   3.996
      1140   11.442   4.727
      1141    7.899   1.216
      1142   12.065   5.141
      1143    6.275   1.417
      1144   10.624   3.723
      1145   11.173   4.390
      1146   10.720   3.870
      1147    8.337   1.585
      1148    9.414   2.591
      1149   10.549   3.865
      1150    8.380   1.638
      1151    6.777   1.685
      1152   11.720   4.800
      1153    9.712   3.234
      1154    6.533   1.407
      1155   11.266   4.678
      1156   11.249   4.485
      1157   11.165   4.203
      1158    6.882   1.833
      1159   11.330   4.552
      1160   11.979   5.020
      1161   11.450   4.657
      1162    8.329   1.666
      1163   12.258   5.605
      1164   11.263   4.349
      1165    8.779   1.976
      1166   11.659   4.853
      1167    7.069   1.328
      1168    7.204   1.755
      1169    9.406   2.744
      1170   10.296   3.438
      1171   11.413   4.497
      1172    9.591   2.932
      1173    8.652   2.136
      1174    8.513   1.713
      1175    8.057   1.626
      1176    5.812   2.002
      1177    9.308   2.499
      1178   11.399   4.432
      1179   12.889   5.971
      1180    8.391   1.872
      1181    9.472   2.884
      1182   11.488   4.648
      1183    7.494   1.358
      1184    3.834   3.901
      1185    4.693   3.470
      1186    8.926   2.385
      1187   12.343   5.382
      1188    8.965   2.473
      1189    7.112   2.077
      1190    9.706   2.825
      1191    8.182   1.319
      1192    8.736   1.796
      1193    2.366   4.994
      1194    3.695   3.752
      1195    1.352   6.159
      1196    1.191   6.414
      1197    2.562   4.822
      1198    3.622   3.691
      1199    6.881   1.050
      1200    7.359   0.907
      1201    7.950   1.149
      1202    3.855   3.541
      1203    2.616   4.762
      1204    0.993   7.299
      1205    1.561   5.927
      1206    0.993   6.576
      1207    1.567   5.906
      1208    1.397   6.127
      1209    1.057   6.677
      1210    1.144   6.573
      1211    1.349   6.072
      1212    1.022   6.485
      1213    1.202   6.374
      1214    1.641   5.905
      1215    0.773   7.063
      1216    0.815   6.736
      1217    1.864   5.622
      1218    1.030   6.616
      1219    0.784   6.823
      1220    1.369   6.020
      1221    0.768   7.033
      1222    0.821   6.990
      1223    1.213   6.227
      1224    1.865   5.656
      1225   11.557   4.642
      1226    5.783   1.692
      1227   10.966   3.965
      1228    6.573   2.120
      1229    5.028   2.389
      1230    5.061   3.683
      1231    2.589   5.803
      1232    2.765   4.571
      1233    1.079   6.430
      1234    0.869   7.063
      1235    0.781   6.833
      1236    1.571   5.907
      1237    0.914   6.656
      1238    0.737   7.299
      1239    1.405   5.935
      1240    0.970   6.658
      1241    1.468   6.071
      1242    1.652   5.882
      1243    1.430   6.054
      1244    1.308   6.264
      1245    0.926   6.638
      1246    1.024   6.565
      1247    1.464   5.922
      1248    0.741   7.181
      1249    0.845   7.112
      1250    1.440   6.024
      1251    1.141   6.299
      1252    0.925   6.656
      1253    0.809   6.970
      1254    1.942   5.670
      1255    1.389   6.220
      1256    1.803   5.647
      1257    0.849   7.199
      1258    1.108   7.130
      1259    1.056   6.509
      1260    0.895   6.682
      1261    0.811   7.160
      1262    1.252   6.284
      1263    1.050   6.572
      1264    0.947   6.814
      1265    1.024   6.488
      1266    1.544   5.857
      1267    1.052   6.489
      1268    0.831   7.132
      1269    1.201   6.256
      1270    1.358   6.234
      1271    1.205   6.332
      1272    1.610   5.990
      1273    3.132   4.208
      1274    0.816   6.973
      1275    0.969   6.487
      1276    0.945   6.896
      1277    0.937   6.862
      1278    1.603   5.838
      1279    1.042   6.574
      1280    3.452   3.984
      1281    1.177   6.701
      1282    0.976   6.655
      1283    1.614   5.836
      1284    4.127   3.314
      1285    1.150   6.519
      1286    1.189   6.717
      1287    1.924   5.550
      1288    0.834   6.759
      1289    0.933   6.885
      1290    1.052   6.624
      1291    0.902   6.839
      1292    0.970   6.660
      1293    0.725   7.004
      1294    0.815   7.096
      1295    1.577   5.908
      1296    2.801   4.573
      1297    2.396   4.970
      1298    1.222   6.317
      1299    2.564   4.790
      1300    0.995   7.310
      1301    1.509   5.974
      1302    1.112   6.646
      1303    0.652   7.199
      1304    1.050   6.741
      1305    2.065   5.360
      1306    0.896   6.625
      1307    1.449   5.924
      1308    0.834   7.066
      1309    2.150   5.226
      1310    1.072   6.430
      1311    0.924   6.747
      1312    0.773   6.987
      1313    0.925   6.849
      1314    3.675   3.697
      1315    3.106   4.316
      1316    1.402   6.219
      1317    0.829   6.860
      1318    0.822   6.657
      1319    1.490   5.996
      1320    1.291   6.292
      1321    1.144   6.264
      1322    0.888   6.795
      1323    0.909   6.962
      1324    2.926   4.370
      1325    2.077   5.479
      1326    0.877   6.682
      1327    1.176   6.287
      1328    3.069   4.212
      1329    0.996   6.770
      1330    1.133   6.480
      1331    1.371   6.133
      1332    1.089   6.445
      1333    1.042   6.388
      1334    0.659   7.030
      1335    1.496   6.036
      1336    1.746   5.627
      1337    1.558   5.823
      1338    2.054   5.391
      1339    0.910   7.235
      1340    3.658   3.772
      1341    2.077   5.257
      1342    1.416   6.371
      1343    2.409   5.014
      1344    2.192   5.307
      1345    1.862   5.624
      1346    1.847   5.526
      1347    1.466   6.074
      1348    1.759   5.674
      1349    3.294   4.188
      1350    1.102   6.587
      1351    1.203   6.437
      1352    2.993   4.463
      1353    4.579   2.953
      1354    1.095   6.413
      1355    1.312   6.006
      1356    1.717   5.823
      1357    1.185   6.470
      1358    0.746   6.865
      1359    3.277   4.104
      1360   11.075   4.227
      1361    8.175   1.634
      1362    1.936   5.375
      1363    3.959   3.376
      1364    9.095   2.319
      1365    1.255   6.428
      1366    0.955   6.881
      1367    0.961   6.513
      1368   11.624   4.793
      1369   10.578   3.729
      1370   12.150   5.295
      1371   11.656   4.820
      1372    6.790   1.366
      1373    9.215   2.345
      1374   10.104   3.439
      1375    8.158   1.509
      1376    8.584   1.927
      1377   11.514   4.685
      1378    6.913   1.305
      1379    7.999   1.960
      1380   11.892   5.052
      1381   12.257   5.401
      1382    6.835   1.718
      1383    7.855   1.405
      1384    4.504   3.950
      1385    7.698   1.562
      1386    7.744   1.605
      1387    1.228   6.184
      1388    1.750   5.769
      1389    1.165   6.234
      1390    1.106   6.622
      1391    2.220   5.255
      1392    0.853   6.905
      1393    1.945   5.646
      1394    1.711   5.673
      1395    0.895   6.727
      1396    1.683   5.814
      1397    1.593   5.876
      1398    2.860   4.485
      1399    1.182   6.567
      1400    1.336   6.242
      1401    0.772   7.108
      1402    0.871   7.074
      1403    3.472   3.894
      1404    0.962   6.661
      1405    0.813   7.091
      1406    1.000   6.690
      1407    1.267   6.252
      1408    1.008   6.557
      1409    1.341   6.145
      1410    0.813   7.016
      1411    0.868   7.331
      1412    1.041   6.612
      1413    0.850   6.881
      1414    0.905   7.047
      1415    0.907   7.306
      1416    0.983   6.545
      1417    1.172   6.479
      1418    1.154   6.365
      1419    1.060   6.346
      1420    2.626   4.892
      1421    1.828   5.561
      1422    1.177   6.461
      1423    1.093   6.507
      1424    1.156   6.846
      1425    1.597   5.749
      1426    1.100   6.312
      1427    0.795   6.818
      1428    1.633   5.736
      1429    1.010   6.757
      1430    0.888   7.193
      1431    0.818   7.040
      1432    2.130   5.401
      1433    1.272   6.509
      1434    1.117   6.509
      1435    0.962   6.898
      1436    0.998   7.081
      1437    1.071   6.476
      1438    1.364   6.540
      1439    1.756   5.673
      1440    1.240   6.395
      1441    1.202   6.372
      1442    1.295   6.214
      1443    2.417   4.869
      1444    1.676   5.865
      1445    0.891   6.810
      1446    1.291   6.219
      1447    1.503   6.058
      1448    1.309   6.349
      1449    1.072   6.839
      1450    2.220   5.265
      1451    4.382   3.898
      1452    8.017   1.297
      1453    8.421   1.982
      1454    4.790   3.130
      1455    2.625   4.679
      1456    1.224   6.261
      1457    0.879   7.081
      1458    1.028   7.072
      1459    1.068   6.678
      1460    1.035   6.639
      1461    1.183   6.431
      1462    1.269   6.269
      1463    0.880   7.104
      1464    0.927   6.933
      1465    0.911   6.758
      1466    0.874   7.061
      1467    1.304   6.241
      1468    1.455   6.142
      1469    0.831   6.949
      1470    0.887   7.007
      1471    1.192   6.463
      1472    1.220   6.242
      1473    1.630   5.760
      1474    0.980   6.685
      1475    1.232   6.345
      1476    1.630   5.760
      1477    1.203   6.625
      1478    1.032   6.795
      1479    1.347   6.171
      1480    1.448   6.027
      1481    1.101   6.654
      1482    3.817   3.578
      1483    1.015   7.108
      1484    0.989   6.821
      1485    1.664   5.780
      1486    1.429   5.968
      1487    0.867   6.969
      1488    0.836   7.093
      1489    0.877   6.656
      1490    1.278   6.186
      1491    0.952   6.525
      1492    0.749   6.858
      1493    0.834   6.606
      1494    1.315   6.108
      1495    1.067   6.473
      1496    1.581   5.814
      1497    0.947   6.651
      1498    1.515   5.875
      1499    1.078   6.369
      1500    1.000   6.589
      1501    0.879   6.685
      1502    0.939   6.597
      1503    0.852   6.897
      1504    0.812   7.253
      1505    1.276   6.130
      1506    0.834   6.947
      1507    1.160   6.528
      1508    1.175   6.370
      1509    1.220   6.458
      1510    3.086   4.312
      1511    1.199   6.344
      1512    0.982   6.467
      1513    1.218   6.320
      1514    1.055   6.602
      1515    1.115   6.618
      1516    1.143   6.654
      1517    1.548   6.061
      1518    0.788   6.809
      1519    1.035   6.713
      1520    1.085   6.559
      1521    1.657   5.735
      1522    1.126   6.225
      1523    1.081   6.457
      1524    3.494   3.862
      1525    1.333   6.106
      1526    0.960   6.530
      1527    1.802   5.552
      1528    0.979   6.651
      1529    2.152   5.169
      1530    1.124   6.720
      1531    1.421   6.103
      1532    0.863   6.755
      1533    0.841   6.902
      1534    1.529   5.989
      1535    0.673   7.044
      1536    1.318   6.046
      1537    3.152   4.197
      1538    1.815   5.510
      1539    8.295   2.096
      1540    8.571   1.674
      1541   10.601   3.822
      1542   11.698   4.924
      1543    7.909   1.655
      1544    9.787   2.888
      1545   11.409   4.735
      1546    8.767   1.919
      1547    6.253   1.861
      1548   10.719   3.989
      1549   11.132   4.341
      1550   12.170   5.242
      1551    8.724   2.426
      1552    7.882   1.505
      1553   11.558   4.715
      1554    9.088   2.276
      1555    6.390   2.410
      1556    9.965   3.251
      1557   11.756   4.811
      1558    8.849   2.239
      1559    9.622   2.862
      1560    9.880   3.021
      1561    5.869   2.397
      1562    8.432   2.279
      1563    8.756   2.527
      1564    9.151   2.548
      1565    7.543   1.128
      1566    6.087   1.446
      1567    6.519   1.186
      1568    5.887   2.451
      1569    7.225   2.561
      1570   11.931   5.050
      1571   11.572   4.620
      1572    7.532   0.889
      1573    7.412   1.057
      1574    5.114   3.034
      1575   12.793   5.914
      1576    8.363   1.559
      1577    8.059   1.344
      1578   10.438   3.907
      1579    6.507   3.158
      1580    5.860   1.928
      1581    7.719   1.432
      1582    8.104   1.937
      1583   10.287   3.417
      1584    9.233   2.459
      1585    8.700   2.425
      1586    7.270   2.198
      1587    9.653   2.853
      1588    8.075   1.263
      1589   12.559   5.671
      1590    9.284   2.612
      1591    7.876   1.895
      1592    6.091   1.734
      1593    5.107   3.045
      1594    9.760   2.884
      1595   11.004   4.291
      1596    8.953   2.269
      1597    8.087   1.656
      1598    7.586   1.663
      1599    8.006   1.371
      1600   10.330   3.716
      1601    6.044   2.548
      1602   11.076   4.287
      1603   13.833   6.887
      1604   10.070   3.189
      1605    8.939   2.077
      1606    9.867   3.136
      1607    8.125   1.238
      1608    8.780   1.923
      1609    8.271   1.741
      1610    0.883   6.924
      1611    6.924   0.827
      1612    7.737   0.930
      1613    5.361   2.264
      1614    5.232   2.212
      1615    4.016   3.369
      1616    0.877   6.782
      1617    1.027   6.655
      1618    0.882   6.601
      1619    1.296   6.409
      1620    0.970   6.707
      1621    1.540   5.965
      1622    1.417   6.549
      1623    1.109   6.839
      1624    2.190   5.352
      1625    0.904   7.386
      1626    0.890   6.803
      1627    1.156   6.636
      1628    1.313   6.297
      1629    4.466   2.988
      1630    4.033   3.420
      1631    1.019   6.456
      1632    1.058   6.536
      1633    1.088   6.443
      1634    0.891   6.676
      1635    1.018   7.520
      1636    1.613   6.015
      1637    1.028   6.316
      1638    1.468   6.107
      1639    1.656   5.689
      1640    1.161   6.553
      1641    3.405   3.940
      1642    0.985   6.744
      1643    0.929   6.824
      1644    0.971   6.552
      1645    1.484   6.038
      1646    1.149   6.432
      1647    3.807   3.546
      1648    1.828   5.591
      1649   14.739   7.862
      1650    9.096   2.478
      1651    6.253   1.920
      1652    5.429   2.225
      1653    4.358   3.046
      1654    1.715   5.880
      1655    1.761   5.649
      1656    1.070   6.663
      1657    1.399   6.065
      1658    1.438   6.169
      1659    1.654   5.773
      1660    1.599   5.917
      1661    1.447   6.120
      1662    1.193   6.507
      1663    0.867   6.924
      1664    0.701   6.982
      1665    1.095   6.374
      1666    1.427   6.158
      1667    1.076   6.593
      1668    0.916   6.698
      1669    1.422   6.321
      1670    1.064   7.138
      1671    1.043   6.952
      1672    1.122   7.068
      1673    1.627   5.818
      1674    1.318   6.088
      1675    1.313   6.186
      1676    1.154   6.613
      1677    2.285   5.169
      1678    1.603   5.925
      1679    1.672   5.989
      1680    2.168   5.485
      1681    1.645   5.857
      1682    9.480   2.561
      1683    0.853   7.136
      1684    2.047   5.549
      1685    2.511   4.978
      1686    2.188   5.251
      1687    1.167   6.230
      1688    0.905   6.828
      1689    1.641   5.860
      1690    2.538   4.904
      1691    1.016   6.533
      1692    0.920   7.072
      1693    1.063   6.651
      1694    1.168   6.477
      1695    1.256   6.187
      1696    2.096   5.298
      1697    1.302   6.053
      1698    0.979   6.549
      1699    1.438   5.978
      1700    1.342   6.127
      1701    1.234   6.390
      1702    1.347   6.264
      1703    0.873   6.964
      1704    2.286   5.135
      1705    0.929   6.780
      1706    1.019   6.547
      1707    0.832   6.822
      1708    2.009   5.515
      1709    0.824   6.901
      1710   12.289   5.570
      1711    6.225   1.634
      1712    7.937   1.696
      1713    8.662   1.827
      1714    8.718   1.992
      1715    9.206   2.410
      1716    5.142   2.796
      1717    9.690   2.743
      1718    8.929   2.146
      1719   10.141   3.120
      1720    8.030   1.186
      1721    6.252   1.376
      1722   10.473   3.684
      1723    9.243   2.264
      1724    3.233   4.061
      1725    1.129   6.646
      1726    0.873   7.113
      1727    1.498   6.040
      1728    1.198   6.413
      1729    2.787   4.674
      1730    1.076   6.605
      1731    0.989   6.476
      1732    0.993   6.738
      1733    1.512   5.934
      1734    1.215   6.308
      1735    1.062   6.956
      1736    1.167   6.360
      1737    1.020   6.401
      1738    0.919   6.736
      1739    1.205   6.444
      1740    1.519   5.868
      1741    0.874   6.850
      1742    0.830   7.045
      1743    1.364   6.044
      1744    1.054   6.450
      1745    0.860   6.957
      1746    0.950   6.906
      1747    1.292   6.188
      1748    1.017   6.987
      1749    1.225   6.370
      1750    0.972   6.587
      1751    1.519   5.914
      1752    0.867   6.686
      1753    1.137   6.621
      1754    2.374   4.925
      1755    1.292   6.198
      1756    0.957   6.580
      1757    4.343   3.055
      1758    1.225   6.387
      1759    0.729   6.882
      1760    2.503   4.893
      1761    1.125   6.586
      1762    1.443   5.978
      1763    4.002   3.406
      1764    1.039   6.418
      1765    3.704   3.855
      1766    0.767   7.028
      1767    1.542   5.973
      1768    0.941   6.997
      1769    0.885   6.722
      1770    0.874   6.639
      1771    2.009   5.487
      1772    1.305   6.350
      1773    0.850   6.832
      1774    0.918   6.673
      1775    1.021   6.806
      1776    0.882   6.960
      1777    1.580   6.119
      1778    0.909   6.765
      1779    1.482   6.113
      1780    0.850   6.768
      1781    0.935   6.836
      1782    3.730   3.655
      1783    1.089   6.663
      1784    1.484   6.035
      1785    1.897   5.523
      1786    1.378   6.269
      1787    0.947   6.620
      1788    1.236   6.251
      1789    1.027   6.584
      1790    1.525   5.948
      1791    1.544   5.886
      1792    1.004   6.693
      1793    1.118   6.703
      1794    3.009   4.415
      1795    1.133   6.420
      1796    1.381   6.233
      1797    1.570   6.116
      1798    1.192   6.379
      1799    1.533   6.280
      1800    1.080   6.408
      1801    1.398   6.339
      1802    0.923   6.992
      1803    6.228   1.480
      1804    7.144   0.908
      1805    1.711   5.842
      1806    1.596   6.183
      1807    2.267   5.211
      1808    1.198   6.481
      1809    0.954   6.549
      1810    1.012   6.785
      1811    1.674   5.671
      1812    1.144   6.384
      1813    2.022   5.453
      1814    1.683   5.809
      1815    4.648   3.465
      1816    6.704   1.468
      1817    6.865   2.042
      1818    7.078   1.858
      1819    7.513   1.516
      1820    8.562   1.814
      1821    8.408   2.097
      1822    9.321   2.621
      1823    7.578   1.656
      1824    7.260   1.149
      1825   12.637   5.880
      1826   11.430   4.660
      1827    6.483   1.576
      1828    7.896   2.148
      1829    6.501   1.847
      1830    5.680   3.239
      1831    5.694   2.308
      1832   10.026   3.150
      1833   12.028   5.131
      1834   13.325   6.401
      1835   11.395   4.560
      1836    8.736   2.747
      1837    5.627   2.598
      1838   10.026   3.102
      1839   10.352   3.732
      1840   10.322   3.390
      1841    7.216   1.395
      1842    7.940   1.813
      1843    5.986   2.228
      1844    7.631   1.527
      1845    7.159   2.149
      1846    5.613   1.916
      1847    8.874   2.076
      1848   10.784   3.780
      1849   12.671   5.907
      1850   10.851   4.001
      1851    9.854   2.917
      1852    8.309   2.010
      1853   10.048   3.109
      1854   10.683   4.010
      1855    5.569   2.833
      1856    7.861   1.763
      1857    7.830   2.250
      1858    9.741   2.980
      1859   10.524   3.892
      1860   11.514   4.755
      1861   10.441   3.660
      1862    9.361   2.819
      1863    9.789   3.375
      1864   10.680   3.671
      1865    3.725   3.621
      1866    9.523   2.512
      1867    8.028   1.152
      1868    6.921   1.806
      1869    1.115   6.689
      1870    1.551   5.909
      1871    0.949   7.047
      1872    0.996   6.577
      1873    2.196   5.199
      1874    9.485   2.451
      1875    8.530   1.933
      1876    3.995   3.358
      1877    1.238   6.338
      1878    2.887   4.522
      1879    1.004   6.744
      1880    0.953   6.926
      1881    1.621   5.810
      1882    5.363   2.309
      1883   10.770   3.789
      1884    9.293   2.443
      1885   10.627   3.722
      1886    8.735   1.976
      1887    3.929   3.475
      1888    3.490   3.849
      1889    1.498   6.013
      1890    0.858   6.917
      1891    1.171   6.350
      1892    1.231   6.525
      1893    1.248   6.215
      1894    1.555   5.913
      1895    2.336   5.172
      1896    5.065   2.511
      1897   13.385   6.496
      1898    9.275   3.043
      1899    6.837   1.103
      1900    6.900   0.868
      1901    6.632   0.995
      1902    1.027   6.504
      1903    0.941   6.977
      1904    3.696   3.619
      1905    0.888   6.792
      1906    1.840   5.574
      1907    1.285   6.230
      1908    0.823   6.987
      1909    3.242   4.098
      1910   10.062   3.464
      1911    8.665   1.977
      1912    4.842   4.580
      1913    6.435   1.700
      1914   10.117   3.304
      1915   12.073   5.117
      1916    9.019   2.401
      1917    1.237   6.154
      1918    9.462   2.514
      1919    1.146   6.587
      1920   10.459   3.577
      1921    9.732   2.754
      1922    0.844   7.540
      1923    1.135   6.283
      1924    1.974   5.375
      1925    1.546   6.078
      1926    1.298   6.102
      1927    0.712   6.962
      1928    0.921   6.503
      1929    0.851   6.792
      1930    0.813   6.831
      1931    1.484   5.957
      1932    1.368   6.076
      1933    0.932   6.500
      1934    3.008   4.472
      1935    0.862   6.848
      1936    1.025   6.711
      1937    1.347   6.046
      1938    1.524   6.005
      1939    1.538   5.775
      1940    1.101   6.674
      1941    0.985   6.451
      1942    2.745   4.705
      1943    1.116   6.283
      1944    1.119   6.455
      1945    1.236   6.235
      1946    0.858   6.763
      1947    1.793   5.591
      1948    1.392   5.954
      1949    1.246   6.137
      1950    1.027   6.459
      1951    1.263   6.169
      1952    1.377   5.970
      1953    0.828   6.834
      1954    0.744   7.044
      1955    0.848   6.686
      1956    6.408   1.478
      1957    9.831   2.875
      1958    9.993   2.949
      1959    7.484   1.125
      1960    9.278   2.575
      1961   10.442   3.443
      1962    4.907   5.481
      1963    7.105   1.664
      1964    9.405   2.505
      1965    9.536   2.570
      1966   11.070   4.161
      1967   10.725   3.779
      1968    8.570   2.531
      1969   10.932   3.899
      1970   10.315   3.514
      1971   12.573   5.737
      1972   11.605   4.767
      1973    9.379   2.604
      1974    9.013   2.494
      1975    6.356   2.235
      1976    8.329   1.477
      1977   12.295   5.322
      1978   10.538   3.609
      1979   12.875   5.949
      1980   10.589   4.027
      1981   11.526   4.798
      1982   13.151   6.315
      1983    8.195   2.059
      1984    8.082   1.744
      1985   11.670   4.853
      1986    8.658   1.893
      1987    7.171   1.358
      1988    7.944   1.268
      1989    5.835   2.825
      1990    7.721   0.981
      1991    8.404   2.104
      1992    8.739   2.116
      1993    6.259   1.821
      1994    9.518   2.575
      1995    9.864   3.097
      1996   10.602   3.684
      1997    6.927   1.179
      1998    6.548   2.666
      1999   10.473   4.256
      2000    9.370   2.333
      2001    8.651   2.254
      2002    6.323   2.464
      2003    7.537   1.757
      2004    8.182   2.432
      2005   11.855   5.041
      2006   11.813   4.983
      2007   11.358   4.507
      2008   10.431   3.491
      2009   11.746   4.827
      2010    4.968   2.727
      2011    8.005   1.542
      2012    9.501   2.846
      2013    6.200   2.104
      2014    4.247   4.685
      2015    7.998   3.298
      2016    6.680   1.668
      2017    6.028   1.785
      2018    6.145   2.421
      2019   11.085   4.149
      2020   12.070   5.280
      2021    7.262   1.425
      2022    7.684   1.338
      2023    7.899   1.527
      2024   10.400   3.955
      2025    5.851   1.542
      2026   11.549   4.556
      2027   10.039   3.306
      2028    7.954   1.482
      2029    8.343   1.549
      2030    5.597   1.997
      2031    9.947   3.017
      2032    7.258   1.165
      2033    8.029   2.041
      2034    7.914   1.324
      2035    5.268   2.836
      2036    6.649   1.503
      2037    9.163   2.316
      2038    6.527   2.364
      2039    7.763   2.060
      2040    6.857   1.560
      2041    8.240   1.540
      2042    8.215   1.564
      2043    9.701   3.648
      2044    6.714   3.729
      2045    9.965   3.731
      2046    8.215   1.687
      2047    8.829   2.374
      2048   10.197   3.249
      2049    7.219   2.264
      2050    8.818   2.040
      2051   11.506   4.721
      2052    7.882   1.386
      2053    7.419   1.030
      2054    6.286   2.285
      2055   10.375   3.546
      2056   12.258   5.410
      2057    5.958   1.605
      2058    8.283   1.588
      2059   10.678   3.735
      2060    8.490   2.165
      2061   10.045   3.146
      2062   11.879   5.016
      2063   11.215   4.403
      2064   12.030   5.169
      2065    6.745   1.775
      2066    8.466   1.896
      2067    7.089   0.884
      2068    7.341   1.463
      2069    9.717   2.877
      2070    7.134   1.391
      2071    7.935   1.575
      2072    8.503   1.723
      2073   11.343   4.396
      2074    1.490   6.075
      2075    1.825   5.584
      2076    0.990   6.517
      2077    1.385   6.220
      2078    1.043   6.585
      2079    0.961   6.648
      2080    1.686   5.693
      2081    1.031   7.003
      2082   10.378   3.590
      2083    8.320   1.591
      2084    8.558   1.761
      2085    7.457   1.255
      2086    6.558   1.508
      2087    6.750   2.114
      2088    7.378   1.362
      2089    7.951   1.069
      2090   11.711   4.797
      2091    6.809   1.361
      2092    9.502   2.473
      2093    9.080   2.544
      2094    1.153   6.230
      2095    1.050   6.527
      2096    1.369   5.955
      2097    2.215   5.159
      2098    1.534   6.147
      2099    1.239   6.366
      2100    0.753   7.118
      2101    1.738   5.755
      2102    1.237   6.386
      2103    1.102   6.505
      2104    0.950   6.486
      2105    2.670   4.627
      2106    1.103   6.494
      2107    0.866   6.808
      2108    0.909   6.706
      2109    0.918   6.900
      2110    3.520   3.815
      2111    1.042   6.556
      2112    0.775   6.841
      2113    0.879   6.769
      2114    0.783   7.003
      2115    0.903   6.918
      2116    0.944   6.512
      2117    1.314   6.150
      2118    0.781   6.959
      2119    0.914   7.083
      2120    1.102   6.475
      2121    1.302   6.267
      2122    0.906   6.975
      2123    1.116   6.312
      2124    2.100   5.348
      2125    1.244   6.248
      2126    2.360   5.236
      2127    1.155   6.182
      2128    1.379   5.947
      2129    0.800   6.945
      2130    1.224   6.296
      2131    2.800   4.653
      2132    1.060   6.650
      2133    1.308   6.235
      2134    1.358   6.151
      2135    1.001   7.848
      2136    4.877   2.697
      2137    1.195   6.433
      2138    0.994   6.988
      2139    0.838   7.061
      2140    1.128   6.287
      2141    1.132   6.728
      2142    0.751   6.998
      2143    1.080   6.573
      2144    2.445   5.081
      2145    0.851   6.997
      2146    1.095   6.603
      2147    1.339   6.108
      2148    1.802   5.643
      2149    0.867   6.847
      2150    2.075   5.371
      2151    1.093   6.894
      2152    1.160   6.597
      2153    1.069   6.393
      2154    1.384   6.114
      2155   10.500   3.508
      2156    6.730   1.926
      2157    6.208   1.958
      2158    1.242   6.209
      2159    1.154   6.329
      2160    1.486   6.011
      2161    0.927   6.738
      2162    0.775   6.801
      2163    0.887   6.537
      2164    1.073   6.364
      2165    1.267   6.162
      2166    1.144   6.389
      2167    1.332   6.202
      2168    2.881   4.589
      2169    3.490   3.887
      2170    1.037   7.065
      2171    0.935   6.924
      2172    1.203   6.296
      2173    2.231   5.223
      2174    0.871   6.803
      2175    0.890   6.665
      2176    0.985   6.494
      2177    1.333   6.082
      2178    1.204   6.260
      2179    1.662   5.950
      2180    1.006   7.547
      2181    1.159   6.431
      2182    2.191   5.313
      2183    0.882   7.059
      2184    1.142   6.544
      2185    1.182   6.429
      2186    1.482   5.918
      2187    2.764   4.604
      2188    1.758   5.817
      2189    3.304   4.141
      2190    0.984   6.754
      2191    0.832   6.756
      2192    0.948   6.902
      2193    0.586   7.141
      2194    0.918   6.956
      2195    1.521   5.981
      2196    0.987   6.533
      2197    1.730   5.776
      2198    0.973   6.571
      2199    0.927   7.230
      2200    0.818   6.873
      2201    1.109   6.532
      2202   11.341   4.364
      2203   10.292   3.351
      2204    6.601   1.712
      2205    7.147   1.264
      2206    6.477   1.190
      2207    8.098   2.017
      2208    5.033   4.038
      2209    7.018   0.846
      2210    5.811   2.392
      2211    7.821   1.306
      2212    7.654   1.239
      2213    8.510   1.672
      2214   10.195   3.332
      2215    1.423   6.081
      2216    2.194   5.143
      2217    8.178   1.616
      2218   13.459   6.551
      2219    9.406   2.414
      2220    1.194   6.316
      2221    1.143   6.385
      2222    3.220   4.096
      2223    1.636   5.820
      2224    1.059   6.553
      2225    1.158   6.415
      2226    0.965   6.649
      2227    1.404   6.230
      2228    2.669   4.739
      2229    0.916   6.718
      2230    0.697   7.087
      2231    1.348   6.211
      2232    1.315   6.129
      2233    1.016   6.738
      2234    0.749   7.077
      2235    1.814   5.645
      2236    0.922   6.680
      2237    1.120   6.625
      2238    1.161   6.440
      2239    3.114   4.311
      2240   10.772   3.749
      2241    7.740   1.407
      2242    4.820   4.091
      2243   13.474   6.755
      2244   10.559   3.626
      2245   10.673   3.960
      2246   10.275   3.691
      2247   12.465   5.829
      2248    6.059   2.622
      2249    5.511   2.018
      2250    5.812   2.023
      2251    8.535   1.614
      2252    6.720   0.958
      2253    9.261   2.452
      2254    6.449   2.742
      2255    9.419   2.498
      2256    6.819   1.477
      2257    6.796   1.041
      2258    6.815   1.049
      2259    8.717   2.272
      2260    7.255   2.736
      2261    8.285   1.971
      2262   11.218   4.453
      2263   11.727   4.806
      2264    8.557   2.267
      2265    5.486   1.887
      2266    6.602   2.754
      2267    5.567   1.843
      2268   10.506   3.491
      2269    5.026   2.521
      2270    1.527   5.927
      2271    1.315   6.502
      2272    1.167   6.399
      2273    0.951   6.625
      2274    2.138   5.377
      2275    1.167   6.655
      2276    8.928   2.092
      2277    5.025   4.109
      2278    3.928   4.927
      2279    2.034   7.211
      2280    9.259   2.424
      2281    9.064   2.294
      2282   11.434   4.490
      2283   10.452   3.629
      2284    8.842   2.236
      2285    5.704   1.744
      2286   12.161   5.332
      2287    8.477   1.834
      2288    8.154   1.394
      2289    8.589   1.723
      2290   11.508   4.556
      2291    4.844   3.552
      2292    6.686   1.188
      2293    5.048   2.503
      2294    1.049   6.575
      2295    1.126   6.572
      2296    1.101   6.540
      2297    1.067   6.508
      2298    1.885   5.497
      2299    2.126   5.348
      2300    2.023   5.392
      2301    1.788   5.686
      2302    1.391   6.196
      2303    0.760   6.736
      2304    1.030   6.417
      2305    3.340   4.118
      2306    1.886   5.448
      2307    8.869   1.977
      2308    7.547   1.272
      2309   10.619   3.766
      2310    9.570   2.965
      2311    9.144   2.145
      2312    9.929   3.114
      2313   12.116   5.275
      2314   11.057   4.188
      2315   10.554   3.651
      2316   13.040   6.253
      2317   12.527   5.688
      2318    9.196   2.429
      2319    6.951   1.607
      2320    9.316   2.339
      2321    6.942   1.163
      2322    6.980   1.304
      2323    7.199   1.283
      2324    9.285   2.517
      2325    5.908   2.685
      2326    6.519   2.546
      2327    8.955   2.540
      2328    9.439   2.521
      2329   10.393   3.460
      2330    9.395   2.530
      2331    4.572   2.742
      2332    6.616   2.393
      2333    2.959   4.404
      2334    1.288   6.345
      2335    1.030   6.408
      2336    1.017   6.469
      2337    2.162   5.234
      2338    6.540   2.046
      2339    3.709   3.676
      2340    8.665   2.078
      2341    6.543   1.279
      2342    6.852   1.787
      2343   11.709   4.774
      2344   12.688   5.736
      2345    8.540   1.874
      2346   11.068   4.145
      2347    9.418   2.722
      2348    5.501   2.159
      2349    6.528   1.200
      2350    8.711   1.919
      2351    6.111   1.972
      2352   10.183   3.439
      2353    7.425   1.750
      2354    9.258   2.690
      2355    8.246   2.300
      2356    9.729   3.101
      2357    9.171   2.560
      2358    9.343   2.740
      2359    6.971   1.650
      2360    0.815   6.905
      2361    1.138   6.351
      2362    0.843   6.854
      2363    2.517   4.752
      2364    8.763   2.136
      2365    3.899   3.534
      2366    6.404   1.734
      2367    7.021   1.507
      2368    6.798   1.305
      2369   12.022   5.120
      2370    7.105   1.221
      2371    7.096   1.842
      2372    7.393   2.010
      2373   10.726   3.925
      2374    9.925   3.110
      2375    6.659   1.422
      2376    5.311   2.138
      2377    8.799   2.255
      2378   10.935   4.004
      2379    8.052   2.291
      2380    8.777   2.141
      2381    8.572   2.027
      2382    5.244   3.436
      2383   10.175   3.516
      2384    9.822   3.213
      2385   12.627   5.727
      2386   10.697   3.892
      2387    9.182   2.539
      2388    8.517   2.049
      2389    8.607   1.766
      2390    8.311   1.602
      2391    7.112   1.724
      2392   11.757   4.838
      2393    9.275   2.608
      2394    5.015   3.208
      2395    3.425   7.314
      2396   10.565   3.707
      2397    5.111   2.710
      2398    6.620   1.872
      2399    9.124   2.534
      2400    7.536   1.777
      2401   11.961   5.070
      2402    7.547   1.554
      2403    9.857   2.995
      2404    6.882   1.313
      2405    9.059   2.335
      2406    5.515   1.987
      2407    7.354   1.197
      2408    4.905   3.037
      2409    7.395   1.652
      2410    6.612   1.382
      2411    8.742   2.414
      2412    7.436   1.764
      2413    9.759   3.107
      2414    5.343   3.762
      2415    9.389   2.771
      2416   10.776   4.218
      2417    7.380   1.774
      2418    4.210   3.307
      2419    9.741   2.878
      2420   13.022   6.336
      2421   10.778   4.058
      2422   11.996   5.266
      2423   10.651   3.812
      2424   13.309   6.470
      2425    7.296   1.537
      2426   12.644   5.769
      2427   13.008   6.163
      2428   10.609   3.922
      2429   10.089   3.352
      2430    8.150   2.416
      2431    7.952   2.520
      2432    9.911   3.434
      2433   10.880   4.013
      2434    8.511   2.210
      2435    5.218   2.449
      2436    9.568   2.809
      2437    9.949   3.168
      2438   12.569   5.624
      2439    5.843   1.906
      2440   11.579   4.688
      2441    8.069   2.035
      2442    8.877   2.431
      2443    7.279   2.274
      2444   11.598   4.673
      2445   12.513   5.574
      2446    8.866   2.472
      2447    7.375   2.673
      2448    8.078   1.300
      2449    7.610   0.990
      2450    3.686   3.848
      2451    8.340   1.737
      2452    9.023   2.449
      2453   11.145   4.207
      2454    9.326   2.763
      2455    9.544   2.736
      2456    8.584   1.821
      2457    3.093   4.233
      2458    2.570   4.894
      2459    2.370   5.044
      2460    1.250   6.532
      2461    1.019   6.504
      2462    2.708   4.752
      2463    1.115   6.464
      2464    0.900   6.584
      2465    0.795   7.112
      2466    2.251   5.178
      2467    0.795   6.952
      2468    1.150   6.318
      2469    1.068   6.380
      2470    1.598   5.908
      2471    1.039   6.839
      2472    1.543   5.908
      2473    0.891   7.213
      2474    0.955   6.658
      2475    0.820   6.862
      2476    1.019   6.509
      2477    2.663   4.673
      2478    1.014   6.655
      2479    2.207   5.237
      2480    9.286   2.342
      2481    9.990   3.041
      2482   10.069   3.097
      2483    8.700   1.971
      2484    8.295   1.620
      2485    1.397   6.165
      2486    1.319   6.052
      2487    0.986   6.628
      2488    1.227   6.343
      2489    1.071   7.395
      2490    1.468   5.987
      2491    0.913   7.028
      2492    0.875   7.002
      2493    0.999   7.056
      2494    1.310   6.208
      2495    0.952   6.487
      2496    0.682   7.251
      2497    1.817   5.540
      2498    3.016   4.398
      2499    1.735   5.601
      2500    8.556   1.707
