         1    1.512   5.846
         2    0.811   6.913
         3    1.110   6.401
         4    0.704   7.203
         5    1.129   6.388
         6    1.557   5.918
         7    1.539   5.856
         8    1.213   6.449
         9    1.361   6.004
        10    1.149   6.372
        11    1.024   6.544
        12    0.956   6.671
        13    1.113   6.263
        14    0.846   6.766
        15    1.477   5.906
        16    1.006   7.458
        17    1.308   6.339
        18    1.047   6.811
        19   11.810   4.899
        20    8.243   1.330
        21    9.815   2.887
        22   12.075   5.246
        23   12.970   6.179
        24    9.297   2.657
        25    6.775   2.144
        26    6.607   2.378
        27    8.518   2.103
        28    9.144   2.452
        29   10.614   3.904
        30    4.789   2.563
        31    9.190   2.387
        32   11.845   5.019
        33    2.866   4.465
        34   11.351   4.723
        35   13.568   6.715
        36   13.152   6.299
        37   10.569   3.699
        38    4.751   3.288
        39    7.256   0.835
        40    1.315   6.042
        41    2.320   5.030
        42    3.338   3.925
        43    1.533   5.982
        44    1.035   7.063
        45    1.702   5.749
        46    0.799   7.219
        47    1.799   5.731
        48    7.067   1.473
        49    4.859   2.947
        50    6.918   1.295
        51    7.488   1.235
        52    4.303   3.084
        53    1.308   6.421
        54    1.967   5.471
        55    7.863   1.034
        56    9.561   2.760
        57    7.863   1.226
        58    1.912   5.437
        59    0.784   6.959
        60    0.887   6.702
        61    1.221   6.292
        62    7.829   2.368
        63    9.013   2.952
        64    9.408   3.226
        65    9.392   2.767
        66    8.453   2.017
        67    5.919   1.483
        68    8.876   2.746
        69    9.909   3.173
        70    9.735   3.066
        71   10.041   3.202
        72    7.707   1.390
        73    8.644   2.281
        74    7.822   1.720
        75    7.793   1.430
        76   11.078   4.212
        77   11.524   4.572
        78    8.874   1.987
        79   10.748   3.907
        80   11.836   4.965
        81    8.345   1.546
        82    5.995   2.530
        83    6.194   2.015
        84    7.857   1.172
        85   10.352   3.460
        86   10.230   3.331
        87   11.237   4.324
        88   10.964   4.063
        89    9.618   2.763
        90    9.747   2.871
        91    8.163   1.561
        92    8.825   2.331
        93    7.570   1.958
        94    6.756   1.564
        95   11.928   5.036
        96   13.457   6.543
        97   10.274   3.412
        98    8.868   2.071
        99   10.375   3.523
       100    9.506   2.923
       101    9.833   3.103
       102   13.914   7.014
       103   10.899   3.997
       104    9.151   2.614
       105    8.938   2.262
       106    9.523   2.856
       107   10.022   3.448
       108   10.655   3.865
       109    7.796   2.524
       110    5.345   2.270
       111    5.967   1.697
       112    6.963   2.661
       113    6.925   3.171
       114   13.519   6.733
       115   10.748   4.240
       116   14.259   7.345
       117    8.842   2.582
       118    6.292   1.957
       119    0.946   6.915
       120    1.115   6.523
       121    3.693   3.905
       122    8.311   1.834
       123    8.281   1.512
       124   10.799   3.847
       125    1.141   6.466
       126    1.182   6.340
       127    1.014   6.465
       128    0.873   6.885
       129    1.378   6.032
       130    1.658   5.693
       131    0.893   6.570
       132    2.344   4.962
       133    1.310   6.119
       134    0.899   6.850
       135    0.978   6.859
       136    0.742   7.088
       137    3.517   4.026
       138    1.103   6.296
       139    1.974   5.458
       140    2.051   5.330
       141    0.904   6.744
       142    1.297   7.625
       143    1.484   5.930
       144    1.174   6.257
       145    1.224   6.477
       146    1.495   6.105
       147    0.872   7.052
       148    2.479   4.903
       149    1.200   6.527
       150    1.011   6.721
       151    4.158   3.201
       152    1.230   6.340
       153    1.493   5.951
       154    0.943   6.706
       155    0.995   6.579
       156    1.750   5.902
       157    0.909   6.714
       158    1.306   6.264
       159    1.434   6.344
       160    2.426   4.927
       161    3.108   4.229
       162    1.136   6.527
       163    1.410   6.205
       164    0.974   6.764
       165    0.792   7.013
       166    1.627   5.796
       167    1.387   6.037
       168    1.538   5.928
       169    3.082   4.277
       170    1.168   6.345
       171    0.855   6.716
       172    0.901   6.768
       173    1.364   6.219
       174    0.925   6.627
       175    3.144   4.186
       176    1.583   5.931
       177    1.128   6.476
       178    1.956   5.391
       179    0.997   6.652
       180    1.058   6.415
       181    1.148   6.693
       182    1.857   5.672
       183   10.789   3.892
       184    1.521   5.958
       185    1.077   6.585
       186    0.857   6.996
       187    0.741   6.813
       188    1.047   6.396
       189    1.075   6.759
       190    0.907   6.601
       191    1.129   6.444
       192    0.938   6.711
       193    1.153   6.509
       194    1.248   6.220
       195    0.949   6.561
       196    1.135   6.494
       197    2.019   5.269
       198    1.607   5.801
       199    0.829   7.228
       200    3.882   3.613
       201    4.714   3.428
       202    1.650   5.706
       203    1.016   6.522
       204    1.406   6.129
       205    3.863   3.474
       206    1.355   6.144
       207    1.731   5.751
       208    1.004   6.680
       209    0.877   6.730
       210    1.512   5.895
       211    8.049   1.398
       212   10.177   3.199
       213    7.334   1.166
       214    1.078   6.572
       215    0.777   6.822
       216    1.239   6.422
       217    1.704   5.852
       218    1.102   7.465
       219    1.073   6.568
       220    2.768   4.535
       221    1.171   6.307
       222    1.245   6.265
       223    0.930   6.702
       224    1.189   6.261
       225    1.032   6.783
       226    1.243   6.444
       227    1.684   5.818
       228    2.308   5.133
       229    0.780   6.908
       230    0.714   7.128
       231    0.845   6.785
       232    1.757   5.566
       233    0.882   6.737
       234    1.174   6.388
       235    0.837   7.175
       236    0.792   7.167
       237    0.964   7.106
       238    1.382   6.025
       239    0.903   6.693
       240    3.550   3.909
       241    7.514   1.579
       242    7.848   2.141
       243    8.042   1.793
       244    5.607   3.021
       245   10.793   3.966
       246   11.182   4.342
       247   11.816   4.947
       248   11.399   4.641
       249   11.470   4.661
       250    9.134   2.307
       251    6.383   2.297
       252    6.697   1.934
       253    6.171   1.611
       254   10.469   3.740
       255   10.193   3.456
       256   13.158   6.232
       257    9.972   3.196
       258   10.250   3.281
       259    7.733   1.322
       260    6.665   1.485
       261   11.841   4.985
       262   10.090   3.300
       263    7.282   1.347
       264    6.755   1.462
       265    6.014   2.293
       266    8.053   1.764
       267    8.505   1.742
       268    9.489   2.649
       269    8.444   1.943
       270    9.276   2.377
       271    8.717   1.973
       272    8.731   2.023
       273    9.412   2.619
       274   10.594   3.756
       275    3.854   4.969
       276   12.806   6.038
       277   12.921   6.100
       278   11.302   4.440
       279    5.708   3.239
       280   10.674   3.743
       281    9.250   2.851
       282    8.919   2.069
       283    5.745   1.951
       284    5.234   2.661
       285    6.451   2.140
       286    9.062   2.365
       287    9.758   2.958
       288    6.559   1.089
       289   10.175   3.292
       290    7.932   1.341
       291    2.567   4.824
       292    1.120   6.603
       293    0.836   7.132
       294    6.610   1.578
       295    8.283   2.325
       296    4.152   3.929
       297    4.873   3.045
       298    7.784   1.808
       299   12.169   5.292
       300   11.689   4.879
       301   12.723   5.839
       302   14.193   7.421
       303    5.647   2.611
       304   11.069   4.157
       305   11.659   4.976
       306   11.291   4.389
       307    9.329   2.832
       308    4.180   4.232
       309    6.230   1.617
       310    8.902   2.035
       311    9.709   2.828
       312    6.581   1.490
       313    6.744   1.135
       314    9.887   3.300
       315    4.448   3.397
       316   11.414   4.470
       317   10.132   3.258
       318    9.440   2.969
       319   11.289   4.457
       320    4.162   3.451
       321   10.113   3.382
       322   12.002   5.144
       323   12.187   5.425
       324   11.869   5.087
       325    8.261   2.668
       326   10.759   4.003
       327   10.923   4.017
       328    8.004   1.428
       329    9.652   2.633
       330    7.678   1.061
       331    9.050   2.269
       332   11.042   4.162
       333    9.413   2.660
       334    8.866   2.505
       335    7.875   1.657
       336    6.001   1.732
       337    6.403   2.281
       338    8.410   1.891
       339   10.502   3.818
       340    8.637   2.328
       341    7.886   1.315
       342    7.184   1.951
       343    6.937   1.232
       344    7.551   1.068
       345    8.955   2.134
       346    5.498   2.322
       347    7.345   1.899
       348    5.007   2.550
       349    9.065   2.357
       350    7.158   1.262
       351   10.314   3.485
       352   10.558   3.803
       353    8.927   2.119
       354   11.617   4.811
       355   11.073   4.065
       356    9.094   2.241
       357   10.389   3.580
       358   12.896   5.952
       359   12.313   5.402
       360    9.206   2.429
       361    7.159   0.893
       362    3.884   3.727
       363   11.092   4.282
       364   10.380   3.480
       365    8.231   1.824
       366    8.620   2.437
       367    5.252   2.621
       368    9.597   2.795
       369    8.766   2.112
       370    9.179   2.270
       371   11.770   4.892
       372    6.261   1.976
       373    5.868   2.454
       374    8.217   1.528
       375    1.368   6.055
       376    8.556   1.681
       377    5.933   2.984
       378    4.519   2.920
       379    1.094   6.670
       380    1.671   5.722
       381    1.048   6.567
       382    1.132   6.343
       383    1.187   6.337
       384    1.285   6.353
       385    1.053   6.546
       386    0.963   6.579
       387    1.531   5.795
       388    0.917   6.776
       389    0.950   6.649
       390    0.882   6.998
       391    1.647   5.728
       392    3.892   3.470
       393    1.864   5.488
       394    3.728   3.575
       395    4.417   3.053
       396    1.887   5.410
       397    1.187   6.119
       398    0.855   6.776
       399    4.142   3.382
       400    1.520   5.902
       401    0.895   6.702
       402    1.720   5.643
       403    0.938   6.884
       404    0.871   7.046
       405    0.994   6.747
       406    0.928   7.099
       407    1.106   6.335
       408    1.018   6.644
       409    1.007   6.697
       410    1.157   6.340
       411    0.809   6.837
       412    1.478   6.042
       413    2.754   4.598
       414    0.975   6.795
       415    1.399   6.202
       416    1.350   6.166
       417    1.180   6.297
       418    1.120   6.353
       419    1.036   6.516
       420    0.853   6.717
       421    0.991   7.226
       422    1.424   6.127
       423    8.347   1.713
       424    4.527   3.044
       425    1.123   6.697
       426    0.960   6.654
       427    1.311   6.284
       428    1.638   5.775
       429    1.014   6.544
       430    1.479   5.895
       431    1.051   6.650
       432    0.976   6.683
       433    0.979   6.577
       434    1.855   5.661
       435    1.792   5.629
       436    0.829   6.945
       437    1.216   6.406
       438    1.108   6.786
       439    0.920   6.871
       440    0.984   6.700
       441    2.515   4.862
       442    1.754   5.736
       443    0.922   7.260
       444    1.370   6.070
       445    1.332   6.079
       446    1.138   6.696
       447    1.135   6.387
       448    0.788   6.836
       449    0.936   6.605
       450    2.153   5.136
       451    1.565   5.903
       452    1.052   6.412
       453    1.001   6.578
       454    1.085   6.381
       455    3.591   3.738
       456    0.878   6.790
       457   10.597   3.638
       458   10.247   3.403
       459    1.461   6.058
       460    1.758   5.597
       461    1.554   6.006
       462    1.348   5.990
       463    1.108   6.328
       464    1.416   6.169
       465    1.296   6.493
       466    0.950   6.716
       467    0.992   7.234
       468    1.200   6.477
       469    1.254   6.202
       470    1.435   6.271
       471    0.901   6.766
       472    0.963   7.172
       473    1.030   6.914
       474    0.971   6.964
       475    0.788   7.007
       476    1.327   6.092
       477    0.997   6.900
       478    1.441   5.936
       479    2.594   4.718
       480    3.767   3.601
       481    0.863   7.244
       482    1.761   5.658
       483    1.489   6.008
       484    1.013   6.532
       485    1.305   6.136
       486    1.080   6.543
       487    2.774   4.607
       488    1.955   5.463
       489    1.014   6.633
       490    0.819   6.716
       491    0.752   6.883
       492    1.127   6.713
       493    0.921   7.002
       494    1.115   6.975
       495    1.568   5.785
       496    1.422   5.955
       497    1.001   6.587
       498    0.920   6.808
       499    0.868   6.670
       500    6.142   1.413
       501    8.692   1.771
       502    8.910   2.238
       503    7.701   1.071
       504    6.977   0.927
       505    4.762   2.819
       506    9.399   2.470
       507    1.083   6.707
       508    1.104   6.670
       509    1.175   6.272
       510    1.525   6.118
       511    1.230   6.462
       512    1.431   6.011
       513    1.239   6.295
       514    0.803   6.965
       515    1.346   6.211
       516    1.370   6.253
       517    1.413   6.187
       518    2.153   5.193
       519    3.522   3.917
       520   10.059   3.333
       521    9.621   2.818
       522    5.637   2.562
       523    6.510   1.393
       524    5.676   1.723
       525    0.940   6.532
       526    1.162   6.311
       527    1.388   6.099
       528    1.181   6.251
       529    0.798   7.041
       530    1.271   6.223
       531    0.880   6.693
       532    1.013   6.608
       533    1.213   6.486
       534    7.078   1.227
       535    5.213   2.606
       536    8.690   2.050
       537   10.711   3.820
       538   10.138   3.287
       539    6.975   1.357
       540    8.134   2.925
       541    7.552   1.577
       542    6.279   2.157
       543   10.221   3.328
       544   10.958   4.179
       545    3.923   3.462
       546    1.865   5.646
       547    3.155   4.220
       548    3.707   3.635
       549    1.575   5.905
       550    0.781   7.162
       551    1.043   7.065
       552    1.193   6.426
       553    0.994   7.169
       554    1.151   6.514
       555    0.934   6.820
       556    1.029   6.731
       557    1.430   6.068
       558    1.433   5.932
       559    1.397   6.372
       560    3.240   4.120
       561    1.386   6.234
       562    1.015   6.502
       563    0.908   6.678
       564    1.156   6.320
       565    1.227   6.246
       566    1.047   7.581
       567    2.745   4.639
       568    1.045   6.585
       569    1.115   6.670
       570    0.949   6.733
       571    1.629   6.579
       572    1.477   6.070
       573    0.890   7.077
       574    0.973   6.664
       575    1.291   6.178
       576    1.008   6.869
       577    1.528   7.682
       578    0.945   6.680
       579    0.947   7.092
       580    1.736   5.836
       581    0.951   7.128
       582    1.202   6.316
       583    1.201   6.359
       584    1.746   5.710
       585    0.919   6.736
       586    1.675   5.934
       587    1.348   6.175
       588    1.931   5.627
       589    1.261   6.234
       590    1.099   6.577
       591    1.114   6.350
       592    1.289   6.287
       593    1.132   6.414
       594    1.502   6.107
       595    1.013   7.020
       596    1.204   6.756
       597    1.106   7.293
       598    1.327   6.177
       599    0.958   6.896
       600    1.040   6.487
       601    1.378   6.144
       602    0.929   6.745
       603    0.969   6.472
       604    1.232   6.346
       605    1.330   6.142
       606    1.362   6.113
       607    3.654   4.118
       608    6.168   3.149
       609    1.535   5.755
       610    0.767   7.275
       611    0.821   6.698
       612    0.912   6.484
       613    1.457   6.406
       614    1.411   6.054
       615    1.090   6.814
       616    1.474   6.123
       617    1.341   6.149
       618    1.239   6.557
       619    1.167   6.638
       620    1.070   6.378
       621    1.040   6.574
       622    1.682   5.616
       623    1.419   6.097
       624    1.029   6.540
       625    0.973   6.461
       626    1.113   6.385
       627    1.054   6.491
       628    0.967   6.884
       629    1.619   5.776
       630    1.442   5.977
       631    0.968   6.742
       632    1.442   6.017
       633    2.427   4.930
       634    1.435   6.033
       635    1.445   5.993
       636   12.719   5.888
       637    9.855   2.898
       638    1.288   6.240
       639    1.500   5.956
       640    8.492   2.187
       641    6.545   1.813
       642    8.250   2.600
       643   12.571   5.938
       644    6.752   0.848
       645    7.533   2.194
       646    8.670   1.944
       647   10.624   3.678
       648   10.731   3.736
       649   10.074   3.121
       650    9.701   2.877
       651    7.042   1.158
       652    6.163   1.434
       653    7.558   0.998
       654    8.080   1.497
       655    9.740   2.873
       656    8.238   1.495
       657    5.953   2.734
       658   10.086   3.351
       659   12.047   5.354
       660    9.627   3.017
       661   13.857   6.950
       662    8.936   2.517
       663   12.062   5.142
       664   12.463   5.706
       665   12.299   5.516
       666   11.937   5.038
       667    7.771   1.256
       668    5.220   6.184
       669   10.310   3.465
       670   11.799   4.863
       671    9.308   3.027
       672    9.280   2.690
       673    8.394   2.031
       674    8.900   2.223
       675    5.597   2.672
       676    6.562   2.728
       677    7.077   1.790
       678    4.541   3.797
       679    7.347   3.518
       680    1.242   6.187
       681    0.951   7.169
       682    1.227   6.372
       683    2.001   5.897
       684    1.560   6.217
       685    3.691   3.846
       686    1.853   5.758
       687    1.203   6.421
       688    0.956   7.098
       689    1.063   6.549
       690    1.093   6.373
       691    2.409   5.030
       692    3.517   3.780
       693    8.428   1.547
       694   11.745   4.860
       695    9.448   2.550
       696    2.592   4.785
       697    0.969   6.656
       698    1.136   6.318
       699    1.455   5.957
       700    1.000   6.768
       701    1.052   6.448
       702    0.898   6.709
       703    1.077   6.541
       704    1.497   6.046
       705    1.791   5.559
       706    1.429   6.226
       707    2.259   5.167
       708    0.951   6.752
       709    1.074   6.618
       710    1.122   6.382
       711    0.886   7.196
       712    1.770   5.572
       713    1.708   5.891
       714    1.383   6.147
       715    4.143   3.405
       716    6.043   1.758
       717    7.129   0.996
       718    1.491   5.871
       719    1.429   6.103
       720    1.712   5.583
       721    4.555   3.068
       722   11.686   4.808
       723    8.041   1.487
       724    1.080   6.360
       725    1.412   6.520
       726    2.950   4.384
       727    1.743   5.799
       728    1.043   6.593
       729    1.098   6.404
       730   12.044   5.120
       731    8.716   2.005
       732    8.934   2.173
       733    9.999   3.223
       734   11.730   4.871
       735   11.373   4.610
       736    5.621   2.857
       737    6.254   1.680
       738    6.534   1.843
       739    1.138   6.294
       740    0.920   6.723
       741    1.401   6.092
       742    1.231   6.493
       743    1.460   6.015
       744    0.970   6.797
       745    1.590   5.866
       746    0.943   6.665
       747    3.456   3.917
       748    5.279   2.517
       749    4.216   3.222
       750    4.765   3.303
       751   10.766   3.827
       752    0.787   6.871
       753    0.748   6.933
       754    1.256   6.227
       755    0.936   7.419
       756    1.022   7.658
       757    1.430   5.952
       758    1.225   6.431
       759    0.950   6.492
       760    1.100   7.700
       761    1.328   6.210
       762    1.975   5.362
       763    1.078   6.496
       764    0.926   7.042
       765    0.867   6.769
       766    0.965   7.083
       767    2.159   5.245
       768    1.197   6.496
       769    7.240   0.981
       770    8.358   1.874
       771    9.367   2.686
       772    9.124   2.445
       773    6.946   1.567
       774    4.486   3.618
       775    8.782   2.067
       776   11.592   4.727
       777   11.932   5.110
       778   10.644   3.808
       779    8.216   1.907
       780   10.462   3.614
       781   13.225   6.637
       782    7.763   1.066
       783    9.199   2.413
       784    7.078   0.993
       785   10.487   3.560
       786   10.071   3.158
       787   11.841   4.945
       788   10.038   3.454
       789   13.059   6.203
       790   10.839   4.157
       791   12.764   5.846
       792    7.781   1.199
       793   10.395   3.468
       794   10.152   3.271
       795   13.460   6.589
       796    8.878   2.109
       797    9.098   2.513
       798   13.328   6.493
       799   11.868   5.004
       800   12.844   5.855
       801   10.059   3.133
       802    9.377   2.545
       803   11.003   4.123
       804   10.322   3.451
       805    8.865   1.989
       806    9.944   3.013
       807   10.907   4.020
       808    8.334   1.904
       809    6.956   1.859
       810   12.352   5.520
       811    9.768   3.010
       812    6.963   1.856
       813    7.802   2.125
       814    6.171   1.637
       815    6.824   1.697
       816    9.617   3.005
       817    9.830   2.993
       818    7.397   1.232
       819    7.145   2.324
       820    6.359   1.360
       821    8.216   1.469
       822    7.013   1.160
       823    9.602   2.757
       824    7.134   0.951
       825    9.924   3.083
       826    5.947   2.204
       827    7.679   1.073
       828    6.414   1.297
       829    9.964   2.998
       830    1.165   6.556
       831    1.039   6.517
       832    1.704   5.734
       833    1.090   6.359
       834    0.859   6.767
       835    1.211   6.277
       836    1.307   6.149
       837    1.002   6.581
       838    1.288   6.262
       839    1.004   6.723
       840    1.163   7.030
       841    1.593   5.829
       842    0.914   7.182
       843    1.881   5.554
       844    1.096   6.482
       845    0.893   6.697
       846    1.397   5.990
       847    0.935   6.641
       848    1.134   6.255
       849    1.062   6.604
       850    1.050   6.866
       851    1.105   6.530
       852    2.034   5.261
       853    1.480   5.944
       854    1.220   6.322
       855    0.894   7.103
       856    1.800   5.722
       857    2.207   5.273
       858    1.168   6.461
       859    1.039   6.670
       860    1.572   6.036
       861    1.043   6.646
       862   11.225   4.303
       863    9.286   2.628
       864    9.427   2.517
       865   10.914   4.127
       866   14.208   7.310
       867    8.943   2.241
       868   10.389   3.825
       869    9.450   2.728
       870    7.250   1.916
       871    6.862   1.784
       872   10.119   3.279
       873   12.014   5.109
       874   11.939   5.037
       875   12.241   5.409
       876   12.608   6.321
       877    7.247   1.569
       878    9.217   2.986
       879   10.498   3.796
       880   10.598   3.698
       881    9.940   3.074
       882    6.031   1.622
       883    1.147   6.549
       884    1.604   5.806
       885    1.027   6.436
       886    1.381   6.140
       887    1.094   6.520
       888    1.258   6.471
       889    1.506   5.943
       890    1.538   5.891
       891    1.273   6.295
       892    1.097   6.518
       893    2.317   5.076
       894    0.806   6.730
       895    0.978   6.584
       896    4.414   3.065
       897    1.184   6.409
       898    2.636   4.817
       899    1.161   6.302
       900    1.491   6.052
       901    1.581   5.851
       902    1.071   6.717
       903    1.074   6.509
       904    1.118   6.476
       905    1.283   6.315
       906    0.791   7.220
       907    1.142   6.458
       908    2.173   5.148
       909    0.960   7.083
       910    1.011   6.585
       911    1.207   6.294
       912    1.399   6.094
       913    1.340   6.086
       914    0.964   6.746
       915    2.318   4.993
       916    1.002   6.826
       917    1.333   6.074
       918    1.654   5.739
       919    1.238   6.287
       920    1.279   6.218
       921    0.782   6.864
       922    9.896   3.259
       923   10.713   3.956
       924    8.377   1.771
       925    7.656   3.004
       926    5.968   2.194
       927    8.449   1.756
       928    6.082   1.819
       929    4.774   3.101
       930    7.039   0.937
       931    9.984   3.330
       932    9.114   2.609
       933    5.705   2.126
       934    6.891   1.276
       935    8.345   2.010
       936    9.339   2.750
       937    6.882   1.763
       938    6.520   2.142
       939    5.939   2.701
       940    7.371   2.164
       941   11.901   5.279
       942   11.149   4.428
       943    9.532   2.777
       944    7.520   1.371
       945   11.103   4.243
       946    8.988   2.269
       947    9.067   2.264
       948    7.864   1.716
       949    6.851   1.469
       950    6.718   1.190
       951    8.903   2.187
       952    2.764   6.541
       953    8.254   1.597
       954   11.328   4.750
       955   13.013   6.197
       956    1.673   5.829
       957    1.151   6.250
       958    0.851   6.741
       959    1.155   6.337
       960    1.304   6.113
       961    2.114   5.213
       962    0.748   6.823
       963    3.950   3.454
       964    2.455   4.925
       965    0.867   6.773
       966    0.880   7.089
       967    0.748   6.994
       968    0.869   7.194
       969    1.009   6.568
       970    1.747   5.864
       971    1.001   6.975
       972    1.475   6.055
       973    2.006   5.431
       974    2.174   5.329
       975    0.922   6.614
       976    9.968   3.609
       977    8.744   2.086
       978    9.224   2.933
       979   12.072   5.424
       980   12.925   6.452
       981   11.255   4.403
       982    6.915   1.225
       983    5.412   2.400
       984    6.726   1.133
       985    9.308   2.632
       986    8.849   2.067
       987    9.444   2.591
       988    7.937   1.749
       989    8.710   1.985
       990    5.933   2.130
       991    1.662   5.878
       992    1.215   6.384
       993    0.736   7.064
       994    0.947   6.629
       995    1.051   6.352
       996    0.905   6.664
       997    0.958   6.752
       998    0.912   6.568
       999    1.090   6.476
      1000    1.530   5.942
      1001    1.313   6.155
      1002    1.237   6.237
      1003    0.770   7.045
      1004    0.887   7.052
      1005    0.982   6.418
      1006    1.195   6.357
      1007    0.803   7.006
      1008    2.279   4.991
      1009    1.400   6.068
      1010    0.953   7.233
      1011    1.492   6.030
      1012    0.763   7.053
      1013    1.504   5.869
      1014    0.956   6.601
      1015    1.011   7.308
      1016    0.894   6.874
      1017    0.908   6.651
      1018    2.767   4.552
      1019    1.149   6.203
      1020    0.931   6.863
      1021    3.581   3.785
      1022    1.034   6.818
      1023    0.799   7.278
      1024    2.085   5.229
      1025    0.782   7.210
      1026    0.915   7.474
      1027    1.630   5.780
      1028    1.168   6.372
      1029    1.672   5.852
      1030    1.881   5.488
      1031    1.234   6.338
      1032    1.979   5.488
      1033    0.923   6.838
      1034    1.385   6.201
      1035    1.447   5.893
      1036    1.211   6.190
      1037    1.754   5.659
      1038    0.926   7.519
      1039    1.834   5.585
      1040    1.435   6.065
      1041    1.573   5.851
      1042    1.243   6.338
      1043    1.512   6.017
      1044    0.904   6.937
      1045    1.515   6.099
      1046    1.294   6.308
      1047    0.981   6.729
      1048    3.068   4.356
      1049    8.535   2.161
      1050    9.803   2.921
      1051   11.976   5.034
      1052    9.926   2.968
      1053    8.935   2.182
      1054    8.788   2.376
      1055    7.307   1.186
      1056    6.578   1.236
      1057   10.277   3.603
      1058   12.778   5.911
      1059    9.088   2.650
      1060    9.292   2.776
      1061    8.607   2.111
      1062    7.388   2.347
      1063    7.623   1.848
      1064    4.056   3.515
      1065    4.279   3.151
      1066    0.896   7.113
      1067    1.480   6.002
      1068    1.567   5.956
      1069    2.107   5.239
      1070    1.677   5.837
      1071    1.494   5.993
      1072    0.856   6.950
      1073    0.953   6.777
      1074    1.282   6.327
      1075    1.301   6.197
      1076    0.906   6.799
      1077    1.684   5.906
      1078    0.850   6.886
      1079    0.838   7.139
      1080    1.033   6.459
      1081    1.176   6.385
      1082    1.202   6.489
      1083    1.191   6.365
      1084    1.153   6.243
      1085    1.372   6.173
      1086    1.533   5.873
      1087    1.045   6.492
      1088    1.072   6.472
      1089    1.689   5.836
      1090    1.518   6.107
      1091    0.882   7.054
      1092    2.175   5.251
      1093    1.157   6.285
      1094    2.270   5.040
      1095    1.005   6.553
      1096    1.209   6.231
      1097    2.799   4.639
      1098    1.094   6.352
      1099    1.062   6.457
      1100    0.874   6.873
      1101    1.770   5.763
      1102    1.044   6.739
      1103    2.578   4.793
      1104    1.504   5.917
      1105    1.210   6.353
      1106    1.378   6.145
      1107    1.105   6.518
      1108    0.987   6.616
      1109    1.185   6.408
      1110    0.977   7.217
      1111    0.889   7.239
      1112    0.922   7.347
      1113    4.509   2.988
      1114    1.931   5.636
      1115    1.699   5.825
      1116    1.123   6.266
      1117    1.067   6.461
      1118    1.386   6.005
      1119    0.866   6.771
      1120    0.832   7.044
      1121    1.286   6.155
      1122    1.940   5.479
      1123    1.000   6.721
      1124    1.371   6.226
      1125    3.094   4.234
      1126    1.049   6.542
      1127    4.238   3.241
      1128    1.817   5.608
      1129    8.111   1.371
      1130    2.663   4.720
      1131    4.507   2.934
      1132    2.928   4.607
      1133    1.590   5.878
      1134   10.295   3.292
      1135   10.297   3.344
      1136    5.939   1.902
      1137    5.710   1.673
      1138    8.609   1.642
      1139    5.375   4.838
      1140    5.916   1.618
      1141    6.675   1.875
      1142    2.130   5.202
      1143    0.995   6.715
      1144    1.316   6.226
      1145    2.088   5.354
      1146    6.025   2.745
      1147    8.957   2.502
      1148    0.973   6.675
      1149    0.765   7.061
      1150    1.296   6.108
      1151    0.957   6.588
      1152    1.062   6.568
      1153    0.991   6.611
      1154    0.946   6.646
      1155    0.986   6.454
      1156    0.851   7.079
      1157    1.240   6.231
      1158    1.329   6.294
      1159    1.005   6.538
      1160    1.455   6.143
      1161    1.707   5.860
      1162    1.218   6.397
      1163    1.106   6.813
      1164    0.925   6.808
      1165    1.143   6.388
      1166    1.163   6.510
      1167    1.317   6.221
      1168    1.320   6.400
      1169    1.243   6.381
      1170    0.663   7.030
      1171    1.053   6.654
      1172    1.511   6.029
      1173    1.340   6.099
      1174    1.038   6.482
      1175    0.791   6.766
      1176    0.729   7.305
      1177    0.932   6.763
      1178    0.777   7.386
      1179    1.381   6.044
      1180    1.310   7.271
      1181    0.951   7.251
      1182    1.431   5.924
      1183    0.831   6.730
      1184    0.939   6.427
      1185    1.183   6.292
      1186    1.476   5.931
      1187    3.710   3.654
      1188    1.174   6.329
      1189    0.981   6.484
      1190    1.198   6.526
      1191    1.042   6.499
      1192    3.603   3.740
      1193   10.728   3.744
      1194    3.642   4.067
      1195    1.924   5.420
      1196    3.858   3.511
      1197    8.783   2.067
      1198    7.691   1.113
      1199    7.016   1.682
      1200   11.118   4.282
      1201    7.951   1.739
      1202   10.340   3.505
      1203    9.047   2.134
      1204    7.589   1.573
      1205    9.612   2.740
      1206    6.050   2.284
      1207    7.277   1.350
      1208   13.869   6.943
      1209    9.135   2.431
      1210   10.725   3.694
      1211    5.567   3.156
      1212    7.574   1.269
      1213    8.334   1.526
      1214    2.488   4.995
      1215    8.359   1.632
      1216    5.692   1.874
      1217    1.118   6.478
      1218    1.239   6.142
      1219    0.941   6.836
      1220   10.732   3.838
      1221   12.139   5.279
      1222    9.279   2.283
      1223    7.573   0.981
      1224    8.576   1.736
      1225   11.417   4.476
      1226    8.103   1.654
      1227    3.044   4.263
      1228    1.168   6.317
      1229    0.829   6.711
      1230    0.907   6.883
      1231    2.512   5.009
      1232    5.484   2.017
      1233    7.475   1.411
      1234    8.245   1.582
      1235    8.727   1.991
      1236    8.530   2.065
      1237   13.357   6.487
      1238    8.668   1.796
      1239    9.451   2.779
      1240    3.533   6.408
      1241   10.884   3.900
      1242   10.885   3.981
      1243   12.460   5.763
      1244    6.581   2.525
      1245    1.737   5.687
      1246    1.936   5.434
      1247    1.223   6.506
      1248    7.859   2.951
      1249    8.962   2.385
      1250   11.523   4.524
      1251   10.786   4.058
      1252    8.218   1.726
      1253    8.217   2.084
      1254    7.735   1.921
      1255   11.913   5.036
      1256   11.962   5.141
      1257   11.300   4.500
      1258   10.507   3.738
      1259   11.843   4.954
      1260   10.121   3.254
      1261    5.480   2.308
      1262    9.294   2.495
      1263    8.681   1.876
      1264    9.438   2.787
      1265    8.903   2.196
      1266   10.557   3.843
      1267    7.164   2.392
      1268   12.027   5.246
      1269   11.451   4.696
      1270    9.035   2.356
      1271    6.948   2.363
      1272    9.660   2.836
      1273    8.649   2.242
      1274   11.525   4.679
      1275    7.800   1.272
      1276    7.865   1.173
      1277    7.585   1.727
      1278   10.180   3.328
      1279   10.903   4.185
      1280    4.845   2.866
      1281    9.722   2.985
      1282    7.123   2.057
      1283    6.661   2.880
      1284   10.765   3.934
      1285    9.486   2.856
      1286   11.809   4.939
      1287    9.754   2.902
      1288   10.800   3.919
      1289   11.005   4.074
      1290   13.488   6.552
      1291    7.577   1.308
      1292    7.481   1.244
      1293    6.652   3.192
      1294    9.633   2.956
      1295    7.340   1.095
      1296   12.544   5.741
      1297    8.959   2.567
      1298    6.878   1.508
      1299    9.355   2.522
      1300    8.770   2.595
      1301   12.512   5.665
      1302    8.076   2.122
      1303    3.864   3.789
      1304    1.344   6.121
      1305    3.584   4.045
      1306    1.695   5.887
      1307    1.155   6.469
      1308    1.163   6.356
      1309    0.904   7.309
      1310    1.600   5.917
      1311    0.780   6.804
      1312    0.928   6.608
      1313    0.938   6.806
      1314    0.870   6.761
      1315    1.137   6.582
      1316    0.964   6.755
      1317    1.077   6.558
      1318    1.018   6.645
      1319    0.728   6.947
      1320    1.446   6.333
      1321    1.386   6.231
      1322    0.875   6.919
      1323    0.719   6.989
      1324    1.285   6.287
      1325    1.573   5.914
      1326    0.802   6.882
      1327    1.302   6.308
      1328    1.592   5.833
      1329    5.525   1.983
      1330    5.995   1.706
      1331    3.272   4.078
      1332    1.315   6.174
      1333    2.893   4.653
      1334    1.052   6.554
      1335    1.105   7.012
      1336    1.322   6.237
      1337    0.892   6.819
      1338    0.914   6.630
      1339    1.032   6.453
      1340    1.290   6.430
      1341    1.097   6.612
      1342    0.833   6.783
      1343    1.059   6.874
      1344    0.759   6.890
      1345    1.225   6.251
      1346    1.684   6.032
      1347    1.513   5.930
      1348    1.562   5.841
      1349    1.580   5.955
      1350    0.989   6.639
      1351    1.163   6.292
      1352    1.466   6.082
      1353    0.990   6.827
      1354    2.637   4.849
      1355    1.482   6.084
      1356    0.908   6.656
      1357    1.047   6.609
      1358    1.976   5.507
      1359    1.179   6.459
      1360    0.878   6.983
      1361    4.167   3.261
      1362    5.652   1.872
      1363    1.969   5.453
      1364    7.238   1.170
      1365    6.988   1.252
      1366    3.113   4.223
      1367    2.422   4.912
      1368    3.728   3.869
      1369    2.669   4.662
      1370    2.753   4.629
      1371    0.966   7.011
      1372    1.038   7.200
      1373    1.222   6.482
      1374    1.454   6.122
      1375    1.073   6.556
      1376    1.426   6.234
      1377    1.615   5.834
      1378    1.363   6.135
      1379    1.047   6.788
      1380    0.834   7.036
      1381    1.706   5.744
      1382    0.923   6.988
      1383    1.192   6.264
      1384    7.150   0.755
      1385    9.294   2.354
      1386    7.738   1.712
      1387    6.569   1.424
      1388    1.788   5.808
      1389    1.050   6.737
      1390    2.083   5.498
      1391    3.768   3.670
      1392    1.060   6.566
      1393    1.327   6.356
      1394    1.548   6.061
      1395    1.797   5.696
      1396    0.942   7.051
      1397    1.038   6.553
      1398    1.122   6.582
      1399    1.287   6.129
      1400    1.122   6.460
      1401    1.162   6.506
      1402    2.122   5.205
      1403    1.364   6.056
      1404    2.421   5.005
      1405    1.380   6.135
      1406    1.129   6.578
      1407    1.222   6.364
      1408    1.591   6.033
      1409    5.062   2.460
      1410    1.596   5.938
      1411    1.371   6.219
      1412    1.302   6.249
      1413    1.970   5.771
      1414    1.753   5.709
      1415    2.040   5.439
      1416    1.195   6.473
      1417    1.073   6.502
      1418    0.882   6.754
      1419    2.321   5.017
      1420    0.810   6.731
      1421    1.239   6.277
      1422    1.932   5.490
      1423    0.829   6.960
      1424    0.944   6.910
      1425    1.024   6.431
      1426   10.627   3.596
      1427    5.349   2.801
      1428    7.618   1.393
      1429    8.930   2.095
      1430    8.852   2.224
      1431    1.380   6.081
      1432    0.905   6.913
      1433    0.927   6.961
      1434    1.177   6.493
      1435    6.510   1.929
      1436   11.306   4.455
      1437    9.494   2.724
      1438   10.542   3.756
      1439    8.443   1.866
      1440    7.479   1.602
      1441    8.492   2.218
      1442    7.623   1.761
      1443    7.799   1.173
      1444    3.920   3.560
      1445    1.364   6.114
      1446    2.283   5.175
      1447    4.723   2.737
      1448    1.182   6.333
      1449    1.223   6.168
      1450   10.157   3.268
      1451    8.646   1.838
      1452    6.103   1.475
      1453   12.527   5.795
      1454    7.841   1.462
      1455    8.116   1.338
      1456   11.576   4.659
      1457    7.024   1.700
      1458    6.486   1.791
      1459    9.026   2.448
      1460   10.588   3.986
      1461    8.035   2.047
      1462    5.445   2.596
      1463    5.574   2.248
      1464    7.339   1.382
      1465   10.727   3.821
      1466    7.129   1.827
      1467    6.951   2.461
      1468   12.531   5.783
      1469   12.765   5.912
      1470   10.096   3.125
      1471    6.012   1.857
      1472    8.488   1.830
      1473    7.342   1.852
      1474   10.305   3.434
      1475    9.728   2.755
      1476    9.380   2.555
      1477   12.166   5.228
      1478   11.650   4.773
      1479    8.176   2.074
      1480    9.389   2.430
      1481    5.711   1.964
      1482    8.900   2.110
      1483    9.604   2.875
      1484    9.313   2.607
      1485    7.924   1.284
      1486    7.880   1.531
      1487    6.649   1.446
      1488    4.914   3.185
      1489   10.152   3.443
      1490   11.273   4.361
      1491   10.749   4.085
      1492   11.017   4.174
      1493    9.113   2.580
      1494    8.397   1.883
      1495    9.126   2.275
      1496   10.349   3.543
      1497    5.372   2.898
      1498    8.272   2.180
      1499    6.101   1.629
      1500    8.103   1.817
      1501    7.990   1.855
      1502    9.246   2.428
      1503    9.187   2.237
      1504    6.475   1.246
      1505    7.998   1.288
      1506   10.141   3.255
      1507    9.151   2.800
      1508   11.087   4.373
      1509    8.048   1.816
      1510    5.471   2.207
      1511    5.567   2.501
      1512    5.782   2.217
      1513    8.535   2.062
      1514    9.954   3.261
      1515    6.811   1.462
      1516    6.712   0.857
      1517    1.012   7.361
      1518    0.949   6.546
      1519    1.417   6.120
      1520    3.857   4.104
      1521    9.920   3.268
      1522    8.353   1.989
      1523    8.904   1.934
      1524    1.567   6.048
      1525    4.533   4.185
      1526    6.871   1.314
      1527    6.483   1.431
      1528    7.691   1.247
      1529   11.656   4.758
      1530    6.326   1.820
      1531   10.074   3.368
      1532    9.268   2.398
      1533    9.045   2.628
      1534    7.518   2.065
      1535    8.825   2.317
      1536   10.307   3.426
      1537   10.843   3.981
      1538    9.917   3.037
      1539    9.565   2.760
      1540   12.188   5.424
      1541   10.086   3.221
      1542   11.977   5.160
      1543   12.562   5.656
      1544    7.581   1.737
      1545    5.173   2.469
      1546    6.649   2.001
      1547    9.072   2.268
      1548    7.326   1.502
      1549    8.530   1.909
      1550   11.400   4.451
      1551   10.495   3.668
      1552   11.918   5.018
      1553   10.668   3.812
      1554    6.827   1.924
      1555    5.282   2.956
      1556    8.716   1.893
      1557    7.210   1.150
      1558   10.464   3.558
      1559   10.501   3.597
      1560    7.680   1.252
      1561    8.058   2.536
      1562    8.114   2.204
      1563    7.516   1.585
      1564   12.168   5.263
      1565   11.871   5.007
      1566    9.640   2.862
      1567    6.917   2.221
      1568    4.103   5.948
      1569    7.632   0.941
      1570   10.057   3.174
      1571    9.359   2.668
      1572    8.461   2.046
      1573   10.179   3.236
      1574   12.351   5.502
      1575    2.826   4.540
      1576    1.048   6.363
      1577    1.592   5.975
      1578    0.591   7.157
      1579    0.961   6.373
      1580    1.307   6.098
      1581    0.774   6.842
      1582    1.015   6.806
      1583    1.392   6.187
      1584    2.683   4.770
      1585    9.885   3.045
      1586    3.741   3.581
      1587    9.930   3.123
      1588    4.021   3.387
      1589    1.437   6.014
      1590    0.737   6.979
      1591    0.829   7.007
      1592    1.974   5.336
      1593    1.130   6.369
      1594    1.086   6.710
      1595    0.808   6.813
      1596    1.324   6.336
      1597    1.031   6.613
      1598    1.100   6.415
      1599    1.370   6.032
      1600    0.898   6.742
      1601    0.989   6.558
      1602    1.274   6.294
      1603    0.749   6.931
      1604    0.879   6.802
      1605    1.086   6.581
      1606    0.894   6.826
      1607    0.948   6.572
      1608    0.872   7.243
      1609    1.050   6.847
      1610    0.923   6.634
      1611    1.415   6.193
      1612    1.324   6.170
      1613    1.342   6.127
      1614    0.832   7.308
      1615    1.911   5.452
      1616    0.966   6.556
      1617    0.849   6.673
      1618    0.867   6.676
      1619    1.515   5.994
      1620    1.735   5.752
      1621    3.746   3.612
      1622    1.799   5.549
      1623    1.177   6.293
      1624    1.442   6.011
      1625    0.789   6.717
      1626    1.037   6.429
      1627    1.553   6.096
      1628    1.120   6.462
      1629    1.355   6.213
      1630    1.178   6.347
      1631    1.108   6.599
      1632    1.052   6.593
      1633    0.829   7.066
      1634    1.296   6.453
      1635    1.600   5.880
      1636    1.085   6.418
      1637    1.240   6.335
      1638    0.987   6.562
      1639    2.332   5.259
      1640    1.358   6.097
      1641    6.288   1.276
      1642    4.590   5.416
      1643    7.577   3.198
      1644   10.064   3.564
      1645    8.200   2.594
      1646    5.556   3.317
      1647   13.124   6.334
      1648   11.153   4.286
      1649   12.022   5.361
      1650   11.962   5.066
      1651   12.225   5.425
      1652    8.160   1.500
      1653   10.361   3.468
      1654   11.908   5.261
      1655   12.949   6.236
      1656   10.828   4.055
      1657    7.576   1.281
      1658    7.253   1.175
      1659    8.590   2.158
      1660    6.667   1.205
      1661   10.233   3.267
      1662    6.611   1.909
      1663    7.747   1.353
      1664    6.268   2.244
      1665    8.603   2.398
      1666    9.846   3.477
      1667    6.991   1.817
      1668    7.625   2.028
      1669    8.587   1.984
      1670    9.638   2.709
      1671   11.228   4.326
      1672   12.824   5.971
      1673   10.606   3.802
      1674    8.394   1.680
      1675    5.792   2.447
      1676    6.714   1.313
      1677    6.763   1.107
      1678    9.973   3.166
      1679    1.097   6.285
      1680    1.200   6.416
      1681    0.809   6.866
      1682    1.956   5.557
      1683    1.055   6.599
      1684    0.978   6.824
      1685    1.328   6.320
      1686    1.638   5.850
      1687    1.435   6.154
      1688    0.946   6.761
      1689    2.457   4.886
      1690    1.159   6.478
      1691    0.841   7.013
      1692    1.655   5.776
      1693    0.747   6.944
      1694    1.308   6.195
      1695    1.020   6.597
      1696    1.621   5.807
      1697    0.743   6.805
      1698    0.913   6.978
      1699    0.897   6.797
      1700    1.368   6.204
      1701    1.211   6.428
      1702    1.204   6.274
      1703    3.301   4.157
      1704    2.475   4.950
      1705    6.614   1.827
      1706    5.595   2.347
      1707    6.731   1.305
      1708    8.684   1.810
      1709   12.306   5.661
      1710    5.635   3.066
      1711    9.341   2.541
      1712   10.834   3.977
      1713   12.390   5.448
      1714    9.188   2.548
      1715   10.396   3.519
      1716   12.140   5.338
      1717    7.205   1.580
      1718    8.838   2.195
      1719    8.712   1.991
      1720    8.465   1.826
      1721    7.802   2.750
      1722    9.989   3.049
      1723   13.310   6.438
      1724   11.659   4.887
      1725    7.919   2.020
      1726   10.007   3.049
      1727   11.293   4.551
      1728    7.403   1.149
      1729    6.652   2.004
      1730    8.801   2.432
      1731    7.668   1.361
      1732    6.063   2.318
      1733    7.613   1.221
      1734    8.717   2.573
      1735    5.279   3.331
      1736   10.549   3.961
      1737   11.194   4.307
      1738   10.531   3.708
      1739    6.290   1.215
      1740    4.747   3.338
      1741    3.267   4.879
      1742    7.181   1.691
      1743    5.491   3.330
      1744    8.958   2.373
      1745    8.328   1.889
      1746    9.185   2.380
      1747    9.021   2.270
      1748   12.065   5.174
      1749   10.212   3.263
      1750    9.783   3.013
      1751    4.721   3.071
      1752    8.083   1.393
      1753   10.343   3.575
      1754   10.514   3.791
      1755   10.577   3.751
      1756   10.818   4.115
      1757   12.488   5.672
      1758    9.709   3.157
      1759    5.513   2.121
      1760    7.217   1.811
      1761   10.361   3.442
      1762    6.625   1.593
      1763    6.640   1.673
      1764    6.762   1.345
      1765    8.739   1.933
      1766    8.485   2.015
      1767    8.431   1.867
      1768    6.119   1.578
      1769   11.241   4.375
      1770    6.733   2.037
      1771    9.459   2.787
      1772   12.636   5.732
      1773   11.608   4.810
      1774   11.385   5.033
      1775    8.884   2.177
      1776    9.847   3.169
      1777   12.080   5.278
      1778    8.131   1.398
      1779   11.878   5.146
      1780   11.418   4.680
      1781    8.164   1.563
      1782    6.620   1.823
      1783   13.337   6.519
      1784    9.305   2.516
      1785    9.621   2.796
      1786    9.337   2.535
      1787    5.583   1.927
      1788    6.825   1.663
      1789    7.496   2.349
      1790    5.812   2.438
      1791    8.501   2.298
      1792    7.616   0.998
      1793    8.177   2.938
      1794    7.340   1.428
      1795    9.024   2.366
      1796    7.750   1.547
      1797    8.875   2.011
      1798    5.648   2.178
      1799    6.692   1.960
      1800    6.515   0.937
      1801    4.170   3.246
      1802    8.093   1.387
      1803    3.623   3.791
      1804    3.525   4.811
      1805   10.937   4.269
      1806    6.145   5.131
      1807    8.096   2.544
      1808    6.054   1.923
      1809    8.666   2.187
      1810    8.792   1.936
      1811    7.460   1.477
      1812    9.356   2.639
      1813    8.543   1.718
      1814    9.349   2.892
      1815   10.518   3.797
      1816   11.272   4.452
      1817    9.094   2.209
      1818    3.063   4.312
      1819    1.741   6.147
      1820    4.900   2.857
      1821    8.140   1.738
      1822    9.036   2.517
      1823   10.003   3.341
      1824    7.624   1.352
      1825    5.597   1.774
      1826    8.360   1.511
      1827   12.602   5.710
      1828   13.186   6.262
      1829   10.629   3.805
      1830    8.510   1.718
      1831    8.513   1.558
      1832    7.237   1.218
      1833    7.067   1.639
      1834    7.230   0.862
      1835    7.988   1.613
      1836    7.638   1.584
      1837    1.608   5.822
      1838    1.015   6.804
      1839    0.989   6.438
      1840    1.457   6.098
      1841    1.085   6.363
      1842    1.071   6.558
      1843    1.028   6.636
      1844    1.982   5.508
      1845    1.820   5.650
      1846    1.351   6.461
      1847    3.269   4.246
      1848    4.153   3.317
      1849    3.824   3.688
      1850    1.641   5.921
      1851    9.250   2.438
      1852    7.907   1.384
      1853    1.649   5.811
      1854    1.329   6.029
      1855    0.950   6.555
      1856    1.942   5.509
      1857    0.865   7.081
      1858    4.757   2.767
      1859    1.323   6.236
      1860    1.072   6.482
      1861    1.137   6.536
      1862    1.476   5.970
      1863    1.288   6.059
      1864    1.126   6.298
      1865    1.295   6.267
      1866    0.783   7.044
      1867    0.942   6.645
      1868    0.989   7.112
      1869    0.782   6.829
      1870    5.038   2.432
      1871    8.670   1.952
      1872   11.506   5.003
      1873    8.074   1.772
      1874    8.996   2.228
      1875    8.326   1.665
      1876    9.413   2.461
      1877    9.828   2.957
      1878    9.452   2.633
      1879   11.020   4.162
      1880    8.594   1.768
      1881   12.621   5.623
      1882    8.230   2.639
      1883    4.923   4.031
      1884    3.383   4.011
      1885    8.846   2.068
      1886    9.644   3.077
      1887    7.288   1.606
      1888    7.350   1.288
      1889   11.456   4.578
      1890    6.552   1.342
      1891    5.991   1.617
      1892    7.013   1.946
      1893    9.387   2.852
      1894   12.100   5.239
      1895   11.260   4.332
      1896    9.453   2.648
      1897   10.777   4.119
      1898    7.408   1.072
      1899    5.245   2.761
      1900    1.105   6.642
      1901    1.405   5.986
      1902    1.304   6.142
      1903    1.233   6.161
      1904    1.129   6.523
      1905    1.478   5.977
      1906    1.467   5.909
      1907    1.436   6.105
      1908    1.261   6.197
      1909    1.829   5.838
      1910    1.548   6.025
      1911    1.046   6.388
      1912    1.238   6.176
      1913    1.026   6.683
      1914    0.757   7.223
      1915    1.201   6.346
      1916    1.098   6.470
      1917    1.182   6.313
      1918    1.356   6.243
      1919    0.884   6.768
      1920    2.595   4.734
      1921    1.488   5.977
      1922    1.296   6.084
      1923    1.062   6.577
      1924   12.021   5.216
      1925    9.152   2.372
      1926    7.247   1.343
      1927   11.450   4.563
      1928   10.901   4.175
      1929    6.232   1.676
      1930    5.648   2.682
      1931    6.729   1.645
      1932   12.109   5.331
      1933   10.427   3.497
      1934   11.124   4.457
      1935   10.379   3.637
      1936   12.219   5.404
      1937    9.418   2.586
      1938   10.306   3.638
      1939    9.890   3.049
      1940   12.284   5.431
      1941    9.010   2.454
      1942    9.679   3.128
      1943   10.452   3.658
      1944    2.610   4.878
      1945    1.383   6.132
      1946    2.708   4.817
      1947    1.371   6.295
      1948    1.958   5.536
      1949    1.778   5.601
      1950    5.657   2.453
      1951    9.459   2.535
      1952    6.889   1.952
      1953    9.573   2.679
      1954    7.753   1.278
      1955    9.246   2.313
      1956    8.678   1.841
      1957    8.561   1.758
      1958    9.763   2.869
      1959   11.451   4.573
      1960    9.702   2.818
      1961   11.081   4.123
      1962    9.204   2.455
      1963   12.026   5.140
      1964   10.415   3.505
      1965    7.839   1.275
      1966    5.870   1.788
      1967    6.193   1.368
      1968    9.897   3.083
      1969   10.823   3.908
      1970    6.230   1.286
      1971    1.245   6.302
      1972    1.055   6.802
      1973    1.064   6.584
      1974    1.533   5.892
      1975    0.798   7.079
      1976    4.789   2.824
      1977    8.979   2.273
      1978    8.264   1.771
      1979    8.269   1.620
      1980   10.774   3.839
      1981   11.609   4.760
      1982    2.109   5.276
      1983    1.126   6.484
      1984    2.305   5.073
      1985    1.967   5.344
      1986    3.070   4.251
      1987    1.066   6.663
      1988    2.820   4.674
      1989    3.478   4.030
      1990    0.804   7.277
      1991    1.291   6.113
      1992    1.049   6.521
      1993    0.869   6.858
      1994    0.997   6.579
      1995    1.711   5.810
      1996    1.700   5.775
      1997    1.093   7.033
      1998    0.820   7.144
      1999    1.235   6.330
      2000    0.945   6.804
      2001    1.693   5.704
      2002    1.310   6.300
      2003    1.098   6.327
      2004    1.539   5.868
      2005    0.918   6.960
      2006    0.810   6.897
      2007    0.890   6.655
      2008    2.199   5.182
      2009    1.748   5.657
      2010    0.876   6.723
      2011    1.187   6.416
      2012    0.913   6.809
      2013    1.061   6.613
      2014    1.602   5.777
      2015    1.663   5.751
      2016    1.051   6.518
      2017    1.172   6.409
      2018    1.099   6.489
      2019    1.135   6.447
      2020    0.898   6.880
      2021    1.258   6.248
      2022    1.022   6.498
      2023    0.988   6.755
      2024    1.427   6.106
      2025    0.924   6.663
      2026    0.944   6.667
      2027    1.457   5.900
      2028   13.458   6.650
      2029    7.965   1.721
      2030    8.035   1.378
      2031    7.150   1.023
      2032    9.581   2.743
      2033   13.122   6.320
      2034    9.171   2.362
      2035    8.648   1.911
      2036   12.199   5.347
      2037   13.725   6.826
      2038    5.030   2.335
      2039    6.410   2.946
      2040    3.519   4.619
      2041    6.034   2.233
      2042    7.810   1.710
      2043    6.294   1.506
      2044    4.471   2.990
      2045    7.498   1.006
      2046    2.432   5.069
      2047    8.143   1.720
      2048    9.555   2.665
      2049    8.311   1.408
      2050    6.411   1.958
      2051   13.968   7.165
      2052    8.981   2.465
      2053    9.433   2.875
      2054    8.418   1.873
      2055    9.284   2.549
      2056    4.820   3.882
      2057    5.939   3.290
      2058    7.773   2.026
      2059    4.097   4.196
      2060    5.621   2.078
      2061    9.854   3.035
      2062    6.316   1.938
      2063    6.953   1.753
      2064    7.974   2.628
      2065    9.253   2.534
      2066   10.744   4.077
      2067    8.019   1.567
      2068    1.227   6.518
      2069    0.766   6.772
      2070    2.531   4.768
      2071    1.718   5.701
      2072    0.665   7.237
      2073    0.844   7.040
      2074    1.577   5.879
      2075    1.061   6.427
      2076    0.922   6.531
      2077    0.885   7.235
      2078    1.319   6.150
      2079    1.179   6.353
      2080    0.945   6.853
      2081    1.102   6.524
      2082    0.946   7.073
      2083    2.773   4.689
      2084    1.593   5.921
      2085    1.410   6.117
      2086    1.030   6.566
      2087    0.976   6.600
      2088    3.604   3.729
      2089    0.844   6.834
      2090    1.520   5.878
      2091    1.947   5.457
      2092    5.571   2.038
      2093    9.290   2.607
      2094    3.331   4.042
      2095    0.970   7.093
      2096    2.184   5.228
      2097    2.176   5.385
      2098    1.468   6.165
      2099    0.977   6.817
      2100    1.113   6.481
      2101    1.283   6.226
      2102    1.915   5.543
      2103    1.755   5.811
      2104    0.983   6.902
      2105    1.104   6.421
      2106    0.993   6.835
      2107    1.337   6.157
      2108    2.860   4.510
      2109    6.496   1.504
      2110    8.224   1.478
      2111    9.385   2.361
      2112    7.564   1.410
      2113    8.527   2.190
      2114    3.894   4.694
      2115    8.006   2.215
      2116    3.814   4.065
      2117    9.071   2.202
      2118    6.847   1.147
      2119    9.818   2.977
      2120    8.002   1.247
      2121    2.629   4.837
      2122    6.086   1.453
      2123    1.266   6.379
      2124    0.978   6.611
      2125    1.604   6.010
      2126    1.589   6.046
      2127    1.199   6.242
      2128    1.046   6.397
      2129    1.558   6.001
      2130    0.953   6.564
      2131    0.692   6.975
      2132    0.951   6.833
      2133    1.403   6.161
      2134    1.048   6.639
      2135    1.504   5.890
      2136    0.975   6.511
      2137    0.801   7.118
      2138    1.326   6.206
      2139    1.179   6.581
      2140    1.501   6.231
      2141    4.997   2.489
      2142    6.392   5.425
      2143    3.680   5.033
      2144    3.071   5.251
      2145   13.138   6.470
      2146   12.779   6.141
      2147    8.279   1.784
      2148    7.599   1.728
      2149    9.124   2.577
      2150    8.182   1.621
      2151    5.354   2.524
      2152    4.959   2.498
      2153    8.670   1.968
      2154   10.760   3.962
      2155    9.524   2.790
      2156    9.459   3.015
      2157    8.354   1.949
      2158    5.948   1.656
      2159    3.530   3.966
      2160    7.968   2.929
      2161   10.399   3.933
      2162    8.206   1.870
      2163    7.783   1.167
      2164   10.414   3.509
      2165    9.358   2.549
      2166    7.227   1.239
      2167    8.946   2.171
      2168    6.811   1.550
      2169    6.564   2.331
      2170    5.340   2.923
      2171    7.152   1.789
      2172    6.776   1.162
      2173    8.500   1.713
      2174   11.326   4.436
      2175    9.860   2.983
      2176    9.625   2.795
      2177    5.999   1.701
      2178    7.766   1.541
      2179    8.809   2.097
      2180    4.768   2.764
      2181    1.786   5.746
      2182    1.336   6.226
      2183    0.891   6.936
      2184    1.130   6.371
      2185    1.117   6.916
      2186    1.192   6.245
      2187    1.193   6.770
      2188    1.187   6.371
      2189    0.884   6.851
      2190    1.378   6.281
      2191    0.928   6.548
      2192    0.747   7.334
      2193    0.894   6.782
      2194    1.111   6.568
      2195    0.804   6.862
      2196    0.897   6.537
      2197    0.883   6.881
      2198    0.885   7.421
      2199    0.981   6.501
      2200    0.805   7.143
      2201    1.122   6.354
      2202    0.981   7.557
      2203    0.892   6.850
      2204    0.928   6.694
      2205    0.848   7.221
      2206    0.892   6.806
      2207    0.970   7.261
      2208    1.691   5.764
      2209    1.504   5.881
      2210    0.639   7.048
      2211    0.829   6.940
      2212    0.932   7.377
      2213    1.458   5.874
      2214    1.102   6.319
      2215    1.334   6.182
      2216    1.542   5.954
      2217    1.090   6.572
      2218    0.896   6.980
      2219    0.873   6.692
      2220    1.211   6.262
      2221    0.820   7.331
      2222    1.005   6.636
      2223    1.405   6.143
      2224    1.458   6.138
      2225    0.800   6.994
      2226    1.427   6.274
      2227    1.051   6.686
      2228    0.990   6.683
      2229    1.215   6.321
      2230    1.545   5.923
      2231    0.917   6.578
      2232    1.349   6.353
      2233    1.089   7.407
      2234    0.991   7.064
      2235    0.979   7.254
      2236    1.098   6.682
      2237    1.136   6.482
      2238    0.981   6.897
      2239    2.019   5.410
      2240    1.190   6.525
      2241    1.470   6.094
      2242    1.206   6.434
      2243    1.090   6.383
      2244    0.909   6.785
      2245    1.045   6.632
      2246    1.100   6.356
      2247    1.049   6.546
      2248    0.903   6.746
      2249    1.184   6.296
      2250    1.874   5.477
      2251    1.002   7.682
      2252    1.341   6.159
      2253    0.679   6.992
      2254    1.534   5.930
      2255    1.031   6.547
      2256    1.225   6.565
      2257    0.865   6.868
      2258    1.417   6.066
      2259    1.499   6.012
      2260    0.835   7.273
      2261    0.930   6.927
      2262    1.674   5.912
      2263    1.702   5.837
      2264    1.005   7.371
      2265    0.695   7.166
      2266    1.161   6.607
      2267    1.963   5.571
      2268    1.489   5.960
      2269    1.394   6.121
      2270    1.120   6.602
      2271    1.158   6.734
      2272    1.112   6.372
      2273    0.849   6.809
      2274    0.904   7.107
      2275    1.263   6.387
      2276    0.985   6.596
      2277    0.893   6.843
      2278    1.253   6.268
      2279    1.892   5.549
      2280    0.977   6.797
      2281    0.979   6.558
      2282    0.945   6.822
      2283    0.856   6.895
      2284    1.123   6.479
      2285    1.954   5.591
      2286    1.320   6.229
      2287    0.969   7.475
      2288    1.015   6.676
      2289    1.287   6.198
      2290    1.140   6.470
      2291    0.902   6.868
      2292    0.949   6.822
      2293    1.022   6.553
      2294    0.885   7.057
      2295    0.883   7.043
      2296    1.003   7.130
      2297    0.896   7.130
      2298    0.989   6.779
      2299    0.795   7.244
      2300    1.084   6.649
      2301    1.032   6.856
      2302    1.011   6.830
      2303    1.234   6.707
      2304    1.091   6.507
      2305    1.895   5.591
      2306    0.874   6.812
      2307    0.888   6.690
      2308    1.186   6.358
      2309    0.959   7.080
      2310    1.504   5.917
      2311    0.798   6.682
      2312    1.321   6.057
      2313    0.985   6.646
      2314    0.796   6.757
      2315    0.893   6.615
      2316    1.006   7.330
      2317    0.843   7.187
      2318    1.052   6.562
      2319    1.001   6.655
      2320    0.782   6.778
      2321    1.626   5.712
      2322    1.271   6.372
      2323    1.158   6.294
      2324    0.856   7.365
      2325    0.964   6.666
      2326    0.893   6.979
      2327    0.772   7.325
      2328    0.835   6.677
      2329    1.073   6.326
      2330    0.926   6.610
      2331    1.092   6.521
      2332    1.012   6.563
      2333    0.615   6.763
      2334    1.357   6.192
      2335    1.048   6.649
      2336    0.955   6.601
      2337    0.921   6.884
      2338    0.951   6.591
      2339    0.797   6.832
      2340    1.150   6.313
      2341    1.236   6.162
      2342    0.784   6.851
      2343    0.824   7.074
      2344    0.774   6.669
      2345    1.183   6.474
      2346    0.959   6.829
      2347    0.895   7.019
      2348    1.016   6.527
      2349    1.240   8.004
      2350    1.318   6.277
      2351    0.871   6.876
      2352    1.163   6.312
      2353    0.766   7.122
      2354    0.899   6.845
      2355    1.395   6.275
      2356    1.467   5.907
      2357    1.134   6.380
      2358    1.056   6.492
      2359    1.170   6.421
      2360    1.211   6.693
      2361    1.160   6.565
      2362    1.816   5.611
      2363    0.911   6.969
      2364    0.857   7.044
      2365    1.190   6.529
      2366    1.157   6.256
      2367    1.001   6.734
      2368    1.160   6.809
      2369    1.025   6.583
      2370    0.911   6.754
      2371    1.313   6.281
      2372    0.789   6.742
      2373    1.109   6.503
      2374    0.822   7.054
      2375    1.157   6.400
      2376    1.779   5.731
      2377    1.610   5.954
      2378    1.022   6.656
      2379    0.824   6.934
      2380    1.864   5.591
      2381    1.162   6.827
      2382    1.243   6.381
      2383    2.032   5.374
      2384    1.141   6.309
      2385    1.499   5.879
      2386    1.180   6.362
      2387    1.398   6.144
      2388    1.138   6.458
      2389    1.540   6.196
      2390    1.158   6.696
      2391    1.607   5.915
      2392    1.242   6.601
      2393    1.416   6.389
      2394    0.842   6.846
      2395    1.802   5.733
      2396    1.033   6.876
      2397    1.759   5.755
      2398    1.865   5.991
      2399    1.810   5.932
      2400    1.835   5.684
      2401    1.113   6.882
      2402    1.245   6.391
      2403    1.376   6.240
      2404    1.159   6.948
      2405    1.245   6.294
      2406    0.962   6.902
      2407    0.681   6.921
      2408    1.313   6.159
      2409    1.067   6.640
      2410    0.943   6.813
      2411    1.115   6.879
      2412    0.991   6.733
      2413    1.355   6.144
      2414    1.426   6.147
      2415    1.627   6.011
      2416    1.062   6.708
      2417    1.138   6.575
      2418    1.025   6.724
      2419    1.222   6.481
      2420    0.944   7.096
      2421    1.048   6.603
      2422    1.346   6.241
      2423    1.013   6.668
      2424    1.969   5.512
      2425    1.035   6.871
      2426    0.979   6.928
      2427    1.053   6.935
      2428    0.826   6.736
      2429    1.321   6.265
      2430    0.979   6.691
      2431    1.099   6.650
      2432    1.847   5.577
      2433    1.405   6.195
      2434    1.226   6.375
      2435    1.264   6.465
      2436    0.939   7.369
      2437    0.915   6.696
      2438    1.465   6.009
      2439    1.263   6.279
      2440    1.143   6.251
      2441    1.788   5.826
      2442    0.681   6.974
      2443    0.970   6.947
      2444    1.591   5.941
      2445    0.826   6.966
      2446    0.932   6.902
      2447    0.942   6.781
      2448    1.047   6.473
      2449    1.279   6.160
      2450    1.655   5.634
      2451    1.519   5.987
      2452    1.283   6.365
      2453    1.807   5.758
      2454    1.489   6.086
      2455    1.333   6.124
      2456    1.016   7.521
      2457    1.041   6.725
      2458    1.284   6.475
      2459    1.174   6.451
      2460    1.091   6.434
      2461    1.596   5.951
      2462    2.398   4.992
      2463    0.932   6.621
      2464    0.860   6.922
      2465    1.301   6.743
      2466    1.461   6.129
      2467    1.511   5.901
      2468    1.244   7.709
      2469    1.036   6.635
      2470    1.096   6.737
      2471    1.083   6.370
      2472    1.287   6.855
      2473    1.030   6.773
      2474    0.845   7.018
      2475    1.191   6.405
      2476    0.988   6.838
      2477    1.069   6.951
      2478    1.070   6.702
      2479    1.068   6.681
      2480    0.853   6.925
      2481    0.991   7.233
      2482    1.200   6.374
      2483    1.052   6.565
      2484    1.223   6.688
      2485    0.865   6.912
      2486    0.829   6.898
      2487    0.991   7.035
      2488    0.862   7.205
      2489    1.075   6.666
      2490    0.968   6.727
      2491    0.838   7.420
      2492    1.466   6.044
      2493    0.939   6.807
      2494    0.915   6.797
      2495    2.263   5.285
      2496    1.971   5.547
      2497    1.001   7.524
      2498    1.138   6.659
      2499    1.887   5.600
      2500    1.523   6.071
