         1    4.339   3.015
         2    8.055   1.091
         3    7.708   1.182
         4    0.934   6.784
         5    1.959   5.412
         6    1.121   6.448
         7    1.082   6.490
         8    0.854   6.650
         9    1.511   6.105
        10    0.902   7.273
        11    1.200   6.485
        12    1.288   6.101
        13    1.498   5.935
        14    9.048   2.616
        15    6.049   1.416
        16    1.140   6.349
        17    0.610   7.053
        18    1.398   6.086
        19    0.956   6.521
        20    0.797   6.841
        21    1.614   5.831
        22    0.923   6.550
        23    2.152   5.117
        24    0.745   7.400
        25    0.758   6.908
        26    0.982   6.992
        27    1.248   6.424
        28    0.807   7.010
        29    1.206   6.219
        30    0.898   6.661
        31    1.697   5.718
        32    1.101   6.455
        33    8.992   2.072
        34    5.726   1.618
        35    6.959   0.896
        36    6.330   2.119
        37    8.273   1.953
        38    5.550   1.987
        39    7.596   1.506
        40    9.507   2.670
        41    0.947   6.632
        42    0.777   6.768
        43    0.884   6.814
        44    0.848   6.651
        45    1.458   5.893
        46    0.746   6.921
        47    2.512   4.823
        48    3.357   4.073
        49    3.542   4.064
        50    1.482   5.940
        51    3.191   4.244
        52    0.991   6.761
        53    0.872   6.956
        54    0.911   6.832
        55    1.104   6.632
        56    1.264   6.139
        57    0.980   6.602
        58    1.514   6.012
        59    0.894   6.684
        60    0.845   7.155
        61    0.797   6.996
        62    0.795   6.852
        63    1.099   6.679
        64    2.167   5.159
        65    2.191   5.144
        66    0.946   6.490
        67    1.215   6.233
        68    1.186   6.268
        69    1.162   6.239
        70    0.771   6.792
        71    1.272   6.260
        72    1.635   5.816
        73    0.737   7.071
        74    0.799   6.977
        75    1.363   6.220
        76    1.639   5.815
        77    1.117   6.652
        78    2.876   4.430
        79    0.959   6.566
        80    1.312   6.138
        81    1.078   6.536
        82    0.769   6.795
        83    3.136   4.278
        84    0.934   6.668
        85    0.842   7.054
        86    0.991   6.529
        87    0.904   7.050
        88    1.551   5.798
        89    0.839   6.614
        90    2.333   5.060
        91    0.825   6.944
        92    1.790   5.586
        93    1.061   6.484
        94    2.387   4.911
        95    0.740   6.840
        96    1.056   6.510
        97    0.912   6.785
        98    0.687   7.022
        99    0.891   6.708
       100    1.232   6.298
       101    0.964   6.634
       102    1.063   6.604
       103    1.724   5.755
       104    0.962   7.134
       105    0.835   6.907
       106    0.942   6.643
       107    1.213   6.333
       108    1.382   6.111
       109    0.794   6.777
       110    0.692   6.919
       111    0.770   6.790
       112    1.078   6.453
       113    0.936   6.662
       114    0.859   6.929
       115    1.224   6.358
       116    0.987   6.640
       117    0.752   7.107
       118    0.815   7.015
       119    1.032   6.458
       120    1.337   6.119
       121    0.855   7.295
       122    1.183   6.311
       123    1.100   6.517
       124    1.076   6.573
       125    9.280   2.428
       126    5.172   2.978
       127   12.400   5.397
       128   10.284   3.380
       129    6.251   2.379
       130    5.828   2.157
       131    9.357   2.854
       132   13.006   6.175
       133   12.153   5.385
       134    8.917   3.178
       135    9.611   2.784
       136   11.036   4.323
       137    7.259   1.105
       138    1.803   5.599
       139    1.166   6.272
       140    0.740   6.830
       141    1.101   6.333
       142    1.127   6.234
       143    4.197   3.595
       144    2.147   5.215
       145    1.290   6.366
       146    1.315   6.269
       147    0.713   7.085
       148    0.812   6.736
       149    1.431   6.020
       150    1.083   6.452
       151    1.069   6.369
       152    0.883   6.657
       153    0.955   7.248
       154    1.282   6.289
       155    3.811   3.513
       156    3.657   3.879
       157    2.856   4.450
       158    1.419   5.991
       159    1.358   6.088
       160    1.341   6.145
       161    1.148   6.285
       162    1.403   6.068
       163    2.575   4.755
       164    0.868   6.726
       165   11.030   4.453
       166    9.979   3.204
       167   10.622   3.872
       168   10.393   3.482
       169    8.247   1.325
       170    8.486   2.377
       171    8.786   2.244
       172    7.440   1.058
       173    8.947   2.214
       174    8.719   2.239
       175    7.969   2.056
       176    8.450   1.738
       177    9.291   2.724
       178   10.963   4.149
       179    9.254   2.405
       180    8.997   2.307
       181    7.625   2.054
       182   10.307   3.513
       183    8.149   1.942
       184    3.923   3.518
       185    6.635   1.428
       186    5.522   2.147
       187    7.864   1.980
       188    6.780   1.844
       189    7.911   1.545
       190    9.789   3.113
       191   13.621   6.781
       192   10.455   3.576
       193   12.335   5.438
       194    6.698   2.091
       195    7.957   2.107
       196    7.632   1.327
       197    7.623   1.661
       198   10.608   3.805
       199    8.779   2.332
       200   12.523   5.729
       201   11.282   4.415
       202    8.080   1.963
       203   11.147   4.165
       204    2.561   4.881
       205    9.372   2.636
       206    5.997   1.621
       207    3.770   4.139
       208   10.910   4.132
       209   12.523   5.601
       210   10.084   3.176
       211    8.691   1.981
       212    9.747   3.078
       213    9.195   2.409
       214    7.026   1.646
       215    8.164   1.976
       216    7.061   1.790
       217   11.838   4.975
       218    9.763   3.144
       219   10.326   3.447
       220   10.984   4.080
       221   10.945   4.244
       222    6.897   1.116
       223    6.697   2.109
       224    0.872   6.883
       225    1.111   6.552
       226    1.446   6.108
       227    0.856   7.335
       228    1.100   6.976
       229    2.007   5.457
       230    1.616   5.967
       231    1.272   6.287
       232    1.260   6.384
       233    1.013   7.195
       234    1.035   6.980
       235    1.071   6.514
       236    5.525   2.033
       237    1.067   6.600
       238    2.014   5.369
       239    1.330   6.274
       240    8.000   2.935
       241    8.425   2.213
       242    7.553   1.770
       243   10.302   3.461
       244   12.733   5.812
       245   12.675   5.846
       246   11.289   4.360
       247    5.098   2.380
       248   10.625   3.704
       249    9.181   2.322
       250   10.379   3.620
       251   11.099   4.660
       252   11.570   4.691
       253    9.563   3.025
       254    9.379   2.554
       255    6.627   1.137
       256    3.677   3.681
       257    1.265   6.156
       258    0.924   6.455
       259    1.658   5.836
       260    1.395   6.063
       261    1.059   6.542
       262    0.871   6.977
       263    0.926   6.810
       264    1.527   5.871
       265    0.921   6.809
       266    1.331   6.169
       267    2.212   5.164
       268    1.342   6.028
       269    2.834   4.492
       270    0.883   6.914
       271    1.701   5.689
       272    0.953   6.562
       273    1.231   6.379
       274    1.425   6.032
       275    0.889   7.107
       276    1.331   6.038
       277    1.022   6.972
       278    1.034   6.577
       279    1.692   5.776
       280    1.755   5.666
       281    2.304   5.061
       282    1.416   6.120
       283    1.466   5.962
       284    0.837   6.797
       285    1.337   6.279
       286    0.804   6.935
       287    0.950   6.680
       288    1.583   5.920
       289    1.933   5.431
       290    1.659   5.789
       291    1.310   6.320
       292    1.382   6.009
       293    1.017   6.658
       294    0.996   6.833
       295    1.447   6.152
       296   10.340   3.392
       297    1.064   6.521
       298    0.722   6.939
       299    1.821   5.559
       300    1.492   5.960
       301    0.981   6.805
       302    1.160   6.521
       303    0.929   6.773
       304    1.065   6.462
       305    1.316   6.309
       306    0.894   6.753
       307    1.579   5.931
       308    1.067   6.569
       309    0.774   6.922
       310    1.474   5.946
       311    1.451   5.973
       312    0.952   6.680
       313    1.037   6.710
       314    1.256   6.363
       315    1.048   6.459
       316    1.144   6.257
       317    1.489   5.863
       318    1.909   5.498
       319    1.870   5.502
       320    0.865   6.752
       321    2.339   5.083
       322    0.908   6.690
       323    1.299   6.255
       324    3.046   4.317
       325    1.304   6.326
       326    5.509   2.043
       327    7.188   1.558
       328    4.885   2.749
       329    6.836   0.970
       330    1.063   6.447
       331    4.246   3.224
       332    8.786   1.833
       333    2.910   4.449
       334    3.641   3.831
       335    1.321   6.276
       336    1.457   5.907
       337    2.010   5.387
       338    4.884   2.750
       339    1.058   6.602
       340    1.006   6.603
       341   10.376   3.482
       342   10.160   3.406
       343    9.773   3.061
       344    5.868   2.224
       345    8.216   2.476
       346    8.357   1.632
       347   10.726   3.998
       348   10.825   4.001
       349   12.215   5.272
       350   10.751   3.939
       351    8.529   1.744
       352    8.835   2.146
       353    8.871   2.289
       354    8.685   2.310
       355    7.721   1.314
       356   12.110   5.238
       357   11.255   4.509
       358    8.247   1.642
       359    8.126   2.432
       360    8.695   1.945
       361    6.207   1.348
       362    7.872   1.849
       363    6.092   2.160
       364    5.811   2.854
       365    6.918   1.146
       366    4.116   3.330
       367    5.693   2.835
       368    7.044   0.719
       369   11.793   4.885
       370   12.051   5.265
       371    5.512   2.183
       372    2.664   4.829
       373    1.383   5.980
       374    4.909   2.522
       375    2.473   5.024
       376    7.170   1.954
       377    1.576   5.827
       378    1.824   5.657
       379    1.096   6.531
       380    0.832   6.874
       381    5.746   1.888
       382    0.942   6.971
       383    1.517   5.874
       384   11.444   4.490
       385    7.255   1.433
       386    8.056   1.543
       387    8.830   2.097
       388    0.902   6.650
       389    1.337   6.243
       390    1.158   6.359
       391    1.462   6.157
       392   10.528   4.479
       393    9.140   2.497
       394    8.234   1.577
       395    6.454   2.098
       396    8.448   2.122
       397    9.155   2.570
       398   10.391   3.668
       399   11.859   5.004
       400    9.893   3.156
       401    7.754   1.631
       402   10.060   3.038
       403   11.856   5.023
       404   10.715   3.896
       405   10.616   3.750
       406    3.790   3.947
       407    6.359   1.472
       408    7.354   1.796
       409    8.581   1.731
       410    9.773   2.895
       411    8.886   2.035
       412    2.891   4.383
       413    2.371   5.096
       414    1.481   5.924
       415    2.353   4.985
       416    0.742   7.068
       417    4.278   4.876
       418    6.748   1.008
       419   10.693   3.953
       420    9.784   3.096
       421   12.273   5.563
       422    4.415   3.182
       423    1.421   6.148
       424    1.070   6.589
       425    0.841   6.860
       426    3.118   4.322
       427    1.151   6.514
       428    1.501   6.159
       429    1.382   6.297
       430    1.176   6.444
       431    8.770   1.880
       432    3.749   3.693
       433    1.388   6.116
       434    1.626   5.666
       435    1.902   5.660
       436    3.324   4.227
       437    7.122   1.022
       438    1.049   6.904
       439    1.381   6.069
       440    0.986   7.566
       441    1.669   5.843
       442    1.357   6.217
       443    1.456   6.132
       444    0.947   6.645
       445    1.465   5.947
       446    1.202   6.350
       447    1.527   6.054
       448    0.963   6.969
       449    1.091   7.640
       450    0.915   7.023
       451    1.008   6.660
       452    0.831   7.149
       453    1.238   6.279
       454    7.701   1.102
       455    9.434   2.865
       456    3.833   3.451
       457    1.126   6.339
       458    1.308   6.072
       459    1.762   5.696
       460    1.236   6.174
       461    1.389   6.021
       462    0.928   6.766
       463    1.388   6.080
       464    0.987   6.794
       465    1.050   6.565
       466    1.030   6.613
       467    2.085   5.432
       468    1.313   6.106
       469    1.269   6.375
       470    0.766   6.983
       471    0.712   7.356
       472    1.030   6.495
       473    3.340   4.158
       474    1.256   6.322
       475   10.582   3.807
       476    7.852   1.695
       477    8.788   1.976
       478    8.236   1.893
       479    7.924   1.420
       480   11.699   4.838
       481   10.281   3.583
       482   10.374   3.531
       483    5.891   1.543
       484    6.553   1.993
       485    6.030   1.967
       486    7.842   2.027
       487    7.650   1.650
       488   10.601   3.715
       489   11.197   4.283
       490   12.982   6.188
       491   12.729   5.871
       492   11.399   4.625
       493   11.728   4.807
       494    8.393   2.124
       495    7.758   2.476
       496    4.891   3.418
       497   13.664   6.757
       498   11.858   5.134
       499    7.365   1.846
       500    6.330   2.862
       501    8.136   1.641
       502   10.202   3.404
       503    7.522   2.137
       504    8.370   1.826
       505    9.378   2.602
       506   11.751   4.953
       507   12.090   5.907
       508    8.938   2.289
       509   10.080   3.138
       510    7.651   1.615
       511    9.358   2.541
       512   12.539   5.642
       513    7.890   1.534
       514   12.255   5.414
       515   11.153   4.334
       516   11.551   4.624
       517    6.669   2.620
       518    5.149   2.551
       519   14.212   7.495
       520   11.872   4.898
       521    3.368   4.146
       522   10.950   4.161
       523    8.404   1.954
       524    4.401   3.982
       525    7.261   1.340
       526    9.297   2.473
       527   10.829   4.163
       528    4.717   8.937
       529    5.289   4.455
       530   10.239   3.260
       531   11.594   4.658
       532    7.404   1.623
       533    7.250   2.008
       534    5.986   1.539
       535    3.536   4.706
       536   10.085   3.188
       537    3.535   3.899
       538    1.397   6.219
       539    1.980   5.376
       540    9.816   3.198
       541    9.380   2.692
       542    8.328   1.599
       543    7.080   1.603
       544    9.203   2.884
       545    6.959   0.941
       546    1.661   5.692
       547    9.435   2.924
       548   10.287   3.562
       549    3.209   4.141
       550    7.002   1.189
       551    9.098   2.389
       552   12.013   5.212
       553    7.039   1.253
       554    6.551   2.043
       555    8.909   2.469
       556    7.228   2.223
       557   12.378   5.588
       558   11.737   5.507
       559    9.940   3.121
       560    6.353   1.314
       561    7.049   1.421
       562   10.583   3.751
       563   11.968   5.080
       564   11.258   4.290
       565   11.869   4.921
       566    5.999   2.395
       567    0.912   6.616
       568    0.902   6.804
       569    1.170   6.783
       570    1.439   6.021
       571    1.701   5.665
       572    0.867   6.834
       573   11.591   4.679
       574    9.540   2.570
       575    6.183   1.913
       576    6.744   1.025
       577    9.454   2.675
       578    6.168   2.170
       579    6.196   1.357
       580    8.195   2.075
       581   10.818   3.963
       582   12.589   5.664
       583    7.627   2.546
       584    7.691   2.338
       585    7.084   2.560
       586   10.003   3.159
       587   10.277   3.465
       588    8.519   1.892
       589    8.543   1.961
       590    8.578   1.840
       591   12.649   5.754
       592   11.586   4.718
       593    9.570   2.942
       594   11.755   4.868
       595   12.912   5.981
       596    9.992   3.165
       597   10.944   3.932
       598    9.583   2.701
       599   11.717   4.745
       600    8.563   2.109
       601   12.380   5.649
       602   10.402   3.956
       603   11.336   4.546
       604    7.965   1.376
       605    8.038   1.374
       606    8.134   1.672
       607   11.468   4.547
       608   14.405   7.452
       609   14.291   7.467
       610   11.141   4.261
       611    7.339   1.150
       612    8.191   1.435
       613    9.807   2.878
       614   10.842   3.921
       615    9.865   3.080
       616   10.608   3.821
       617    8.669   2.304
       618    9.744   2.948
       619    5.713   1.849
       620    7.303   1.519
       621   10.105   3.146
       622    9.878   3.129
       623    5.345   2.947
       624    6.808   1.464
       625    8.129   1.476
       626    9.378   2.540
       627   12.805   5.970
       628   12.722   5.878
       629   10.104   3.412
       630    7.478   1.268
       631    4.084   4.162
       632    7.262   1.207
       633   10.072   3.245
       634    8.521   1.822
       635    9.126   2.844
       636    3.603   4.092
       637    9.254   2.366
       638    9.736   2.908
       639   11.708   4.835
       640    8.331   2.086
       641    8.805   2.750
       642    9.648   2.960
       643   11.120   4.228
       644   11.927   5.207
       645    6.311   2.142
       646    7.804   1.771
       647    9.387   2.520
       648   11.009   4.091
       649   10.283   3.410
       650   13.765   6.938
       651   10.420   3.473
       652   11.150   4.346
       653   13.182   6.346
       654   10.948   4.034
       655   11.064   4.210
       656   10.631   3.731
       657   11.967   5.144
       658    9.933   3.261
       659   13.466   6.662
       660   11.026   4.208
       661   10.701   3.731
       662   10.691   4.322
       663   10.040   3.262
       664   11.974   5.126
       665   11.080   4.338
       666    6.628   1.331
       667   12.664   5.872
       668   10.991   3.973
       669    9.781   3.251
       670   12.545   5.657
       671    0.888   6.492
       672    0.986   6.704
       673    1.781   5.734
       674    0.940   6.587
       675    0.871   6.820
       676    9.459   3.026
       677    9.105   2.386
       678   10.961   4.011
       679    9.780   3.016
       680    5.844   2.314
       681    7.124   1.217
       682    6.710   1.634
       683   10.864   3.980
       684   11.034   4.164
       685   11.240   4.385
       686    6.901   1.113
       687    8.017   1.555
       688    7.502   1.541
       689    6.487   1.893
       690    7.313   1.310
       691   11.370   4.364
       692   12.281   5.462
       693   11.024   4.233
       694    9.788   2.865
       695    9.876   3.092
       696   12.270   5.615
       697   11.789   4.992
       698    7.226   2.126
       699    1.053   6.471
       700    1.553   5.955
       701    0.921   6.942
       702    1.322   6.228
       703    1.161   6.698
       704    0.875   7.226
       705    0.839   7.032
       706    2.488   4.978
       707    1.054   6.654
       708    1.089   6.603
       709    0.834   6.990
       710    1.725   5.753
       711    1.643   5.928
       712    1.602   5.926
       713    1.423   6.266
       714    1.075   6.493
       715    1.354   6.109
       716    4.655   2.785
       717    1.610   5.822
       718    1.509   6.321
       719    1.326   6.125
       720    3.003   4.350
       721    1.210   6.257
       722    1.269   6.156
       723    0.875   6.819
       724    1.004   6.694
       725    1.053   6.832
       726    0.961   7.167
       727    2.122   5.271
       728    1.094   6.512
       729    0.856   6.823
       730    0.997   6.439
       731   11.322   4.506
       732    8.070   3.026
       733    7.921   1.211
       734   12.323   5.546
       735    9.461   2.588
       736   10.303   3.490
       737    6.653   1.446
       738    8.556   1.758
       739   11.031   4.260
       740    2.498   4.845
       741    4.639   3.161
       742    7.577   1.407
       743    4.558   2.844
       744   10.344   3.336
       745   10.139   3.306
       746   11.539   4.750
       747    5.855   1.738
       748    7.779   1.443
       749    9.321   2.462
       750    3.958   3.464
       751    5.172   3.823
       752    1.419   6.091
       753   10.122   3.267
       754    6.843   2.348
       755    8.446   1.618
       756    1.576   5.951
       757    1.402   5.963
       758    0.819   7.158
       759    0.965   6.721
       760    1.038   6.680
       761    0.898   6.699
       762    0.862   6.830
       763    0.986   6.692
       764    1.033   6.696
       765    1.142   6.489
       766    1.282   6.291
       767    1.515   5.982
       768    1.223   6.181
       769    1.027   6.433
       770    0.974   6.723
       771    1.857   5.577
       772    0.928   7.325
       773    0.760   7.020
       774    1.200   6.424
       775    1.249   6.284
       776    1.228   6.340
       777    0.957   6.541
       778    1.773   5.754
       779    1.134   6.734
       780    1.519   6.082
       781    1.045   6.940
       782    1.392   6.088
       783    2.337   5.212
       784    1.712   5.786
       785    0.934   7.246
       786    0.958   6.816
       787    1.130   7.258
       788    0.984   6.910
       789    0.952   7.416
       790    1.028   7.480
       791    1.167   6.435
       792    1.817   5.614
       793    1.143   6.470
       794    1.104   6.555
       795    0.985   6.952
       796    1.037   7.391
       797    1.017   6.905
       798    0.933   6.718
       799    2.550   4.911
       800    1.127   6.424
       801    1.054   7.307
       802    1.028   6.433
       803    0.967   6.992
       804    1.271   6.214
       805    1.423   6.221
       806    0.925   6.925
       807    0.871   7.518
       808    0.968   6.630
       809    0.981   6.659
       810    1.707   6.016
       811    1.435   6.054
       812    0.766   6.938
       813    1.026   6.729
       814    0.844   7.222
       815    0.917   6.592
       816    0.718   6.870
       817    0.979   6.593
       818    2.392   4.959
       819    0.733   7.078
       820    1.143   6.372
       821    3.265   4.050
       822    1.003   6.339
       823    0.977   6.499
       824    0.970   6.615
       825    1.276   6.321
       826    1.643   5.787
       827    1.000   6.530
       828    1.266   6.264
       829    0.990   7.252
       830    1.367   6.243
       831    1.174   6.383
       832    1.494   6.200
       833    2.012   5.379
       834    1.573   6.059
       835    1.060   6.607
       836    6.561   1.805
       837    6.270   1.505
       838    7.470   1.007
       839    6.050   1.868
       840    5.170   2.454
       841    4.360   3.087
       842    0.834   7.368
       843    1.005   6.480
       844    1.204   6.275
       845    1.340   6.271
       846    1.037   6.504
       847    6.505   1.245
       848    7.481   1.188
       849    7.343   1.150
       850    7.226   1.572
       851    8.896   2.132
       852    6.784   1.254
       853   12.017   5.182
       854    8.375   1.807
       855    7.809   1.335
       856   10.481   3.618
       857    9.830   3.062
       858   11.373   4.488
       859   14.529   7.748
       860    6.879   1.411
       861    7.122   1.490
       862    6.823   1.885
       863    7.245   1.097
       864    4.444   4.066
       865    8.917   1.996
       866   10.177   3.208
       867   10.056   3.372
       868    7.216   1.086
       869    8.314   1.734
       870   10.723   3.860
       871    9.177   2.269
       872   10.044   3.128
       873    7.467   1.480
       874    7.911   1.844
       875   12.828   6.098
       876   12.276   5.536
       877    8.043   1.810
       878    7.316   1.007
       879    7.141   1.647
       880    8.252   1.757
       881   10.553   3.656
       882   11.712   4.877
       883    9.638   2.932
       884    3.624   3.925
       885    8.951   2.025
       886   10.676   3.794
       887   13.201   6.332
       888   11.190   4.300
       889    8.955   2.319
       890    8.913   2.020
       891    3.322   4.045
       892    7.900   1.058
       893    9.456   2.502
       894   10.828   3.830
       895    3.860   3.467
       896    1.635   5.750
       897    0.791   7.027
       898    1.698   5.688
       899    1.154   6.411
       900    0.940   6.648
       901    1.087   6.628
       902    0.949   6.484
       903    0.747   7.049
       904    1.462   5.892
       905    0.783   6.767
       906    1.164   6.568
       907    1.214   6.282
       908    0.980   6.883
       909    1.105   6.455
       910    0.920   6.637
       911    0.941   6.593
       912    0.776   6.793
       913    1.004   6.875
       914    4.262   3.302
       915    4.624   3.508
       916   13.472   6.618
       917    1.364   6.147
       918    1.245   6.222
       919    0.915   6.534
       920    0.845   6.685
       921    0.999   6.787
       922    0.899   6.637
       923    0.754   6.958
       924    0.940   7.021
       925    1.482   6.025
       926    1.548   5.862
       927    1.504   5.958
       928    1.258   6.194
       929    0.775   6.763
       930    0.640   7.176
       931    1.689   5.874
       932    0.669   7.258
       933    0.957   6.610
       934    1.647   5.861
       935    0.989   6.437
       936    1.000   6.578
       937    2.022   5.650
       938    2.913   4.570
       939    1.030   6.819
       940    1.405   6.214
       941    1.782   5.720
       942    0.976   6.563
       943    1.108   6.302
       944    1.407   5.966
       945    1.401   5.928
       946    1.045   6.909
       947    1.071   7.130
       948    0.812   6.931
       949    1.493   6.149
       950    1.158   6.439
       951    1.287   6.274
       952    0.989   6.600
       953    1.482   6.254
       954    1.228   6.439
       955    1.081   6.628
       956    1.218   7.060
       957    1.524   5.867
       958    1.284   6.141
       959    0.919   6.624
       960    1.182   6.631
       961    1.194   6.369
       962    1.989   5.384
       963    1.397   6.291
       964    0.973   6.589
       965    0.958   7.090
       966    1.069   6.716
       967    0.757   7.251
       968    0.931   6.775
       969    0.849   6.947
       970    1.181   6.360
       971    0.978   7.223
       972    1.648   5.906
       973    0.965   6.884
       974    1.434   6.016
       975    1.043   6.464
       976    0.881   6.979
       977    1.371   6.244
       978    0.938   6.958
       979    0.884   6.946
       980    1.167   6.336
       981    2.139   5.333
       982    0.961   7.207
       983    1.085   6.424
       984    1.057   7.321
       985    1.094   6.436
       986    1.339   6.071
       987    1.393   6.244
       988    1.639   5.759
       989    1.227   6.309
       990    1.186   6.739
       991    1.583   5.990
       992    1.150   6.584
       993    1.181   6.590
       994    0.773   7.184
       995    0.932   6.696
       996    1.145   6.589
       997    0.928   6.963
       998    0.933   6.906
       999    1.098   6.411
      1000    1.028   6.503
      1001    0.941   6.538
      1002    1.307   6.229
      1003    1.254   6.317
      1004    2.036   5.393
      1005    1.645   5.923
      1006    1.236   6.157
      1007    0.876   6.819
      1008    4.374   3.090
      1009    8.309   1.755
      1010    5.784   1.806
      1011    7.081   1.437
      1012   10.291   3.481
      1013    6.520   2.204
      1014   10.964   4.073
      1015   11.586   4.737
      1016    7.008   0.799
      1017    5.630   3.148
      1018    7.038   2.585
      1019    6.063   1.803
      1020    7.091   1.265
      1021   11.273   4.699
      1022   10.621   3.898
      1023   10.620   4.181
      1024    2.655   4.857
      1025    1.333   6.637
      1026    0.992   6.960
      1027    1.853   5.621
      1028    1.086   7.469
      1029    1.296   6.082
      1030    0.727   6.946
      1031    0.886   6.746
      1032    1.264   6.196
      1033    0.977   6.512
      1034    4.572   2.906
      1035    4.748   2.828
      1036    5.023   2.330
      1037    1.036   6.606
      1038   12.324   5.604
      1039    7.267   0.958
      1040    3.399   4.764
      1041    7.822   1.380
      1042    9.591   2.956
      1043    6.302   1.922
      1044    5.016   2.902
      1045    8.487   1.749
      1046    0.968   6.523
      1047    0.821   6.862
      1048    1.227   6.244
      1049    1.206   6.367
      1050    1.154   6.362
      1051    1.971   5.383
      1052    1.081   6.611
      1053    1.475   6.003
      1054    0.980   7.456
      1055    1.026   7.223
      1056    1.560   5.753
      1057    0.837   6.756
      1058    0.733   6.960
      1059    1.204   6.522
      1060    1.374   6.047
      1061    7.545   0.869
      1062    8.536   1.723
      1063    3.006   4.372
      1064    4.146   3.227
      1065    4.536   3.926
      1066    5.341   2.848
      1067    3.403   4.068
      1068    3.922   5.369
      1069    2.731   4.715
      1070    6.394   1.205
      1071    7.925   1.408
      1072    0.868   6.723
      1073    1.648   5.938
      1074    0.945   6.793
      1075    0.776   7.055
      1076    1.098   6.428
      1077    1.747   5.707
      1078    1.354   6.277
      1079    1.083   6.450
      1080    1.192   6.429
      1081    0.957   6.992
      1082    1.792   5.861
      1083    2.998   4.406
      1084    1.142   6.462
      1085    1.112   6.380
      1086    0.886   6.746
      1087    0.797   6.847
      1088    1.102   6.537
      1089    1.409   6.058
      1090    1.241   6.186
      1091    1.481   5.973
      1092    0.862   6.872
      1093    1.301   6.078
      1094    0.857   7.064
      1095    1.285   6.194
      1096    3.545   3.842
      1097    1.913   5.377
      1098    0.924   6.577
      1099    0.660   6.976
      1100    0.977   6.845
      1101    0.823   7.331
      1102    0.954   6.643
      1103    9.359   2.478
      1104   10.318   3.559
      1105    7.536   1.003
      1106    8.478   1.923
      1107    7.535   1.213
      1108   10.146   3.338
      1109   10.590   3.809
      1110    8.680   2.133
      1111    6.098   1.635
      1112   12.496   5.644
      1113    4.245   3.216
      1114    6.670   1.457
      1115    8.377   1.902
      1116    7.134   2.547
      1117    8.862   2.418
      1118    8.402   2.097
      1119    6.334   1.853
      1120    5.899   1.642
      1121    8.396   1.649
      1122    1.584   5.918
      1123    2.180   5.291
      1124    1.092   6.463
      1125   12.874   6.001
      1126    4.708   3.024
      1127    1.226   6.586
      1128    1.173   6.301
      1129    1.148   6.248
      1130    1.031   6.609
      1131    1.506   5.858
      1132    1.033   6.626
      1133    1.453   5.958
      1134    1.574   6.010
      1135    1.250   6.456
      1136    1.365   6.154
      1137    3.089   4.404
      1138    1.711   5.960
      1139    2.175   5.196
      1140    1.787   5.623
      1141    1.088   6.330
      1142    7.834   1.684
      1143    5.926   1.709
      1144    8.874   2.073
      1145    8.032   1.418
      1146    6.239   1.914
      1147    7.004   1.204
      1148    3.192   4.494
      1149    6.242   1.301
      1150   11.355   4.607
      1151    8.035   1.541
      1152   11.115   4.287
      1153    6.892   1.593
      1154    4.560   3.827
      1155    4.900   2.487
      1156    4.250   3.392
      1157    9.661   2.991
      1158    6.998   1.963
      1159    5.860   1.645
      1160    7.349   2.446
      1161    5.640   2.047
      1162   14.165   7.265
      1163   11.536   4.658
      1164   10.322   3.333
      1165    7.608   1.569
      1166    9.512   2.745
      1167    9.056   2.552
      1168   14.948   8.110
      1169   10.631   3.838
      1170   10.791   3.961
      1171    7.076   1.076
      1172    8.719   2.547
      1173    7.181   1.370
      1174   10.305   3.377
      1175    7.195   1.084
      1176   11.022   4.113
      1177    8.896   2.408
      1178   11.900   5.020
      1179    6.724   2.076
      1180    9.438   2.566
      1181   12.310   5.543
      1182   11.127   4.330
      1183   10.312   3.399
      1184    9.938   3.233
      1185   10.517   3.707
      1186    9.080   2.392
      1187    6.678   1.923
      1188   10.025   3.554
      1189   10.499   3.639
      1190   12.214   5.331
      1191   10.640   3.864
      1192    8.539   2.237
      1193    8.122   2.040
      1194   10.696   3.850
      1195   11.703   5.026
      1196   12.083   5.255
      1197   11.522   4.656
      1198   10.368   3.713
      1199    9.814   3.034
      1200    9.909   3.123
      1201    6.961   1.075
      1202    6.420   1.322
      1203    9.157   2.383
      1204    4.339   3.275
      1205    1.092   6.417
      1206    1.247   6.149
      1207    1.657   5.735
      1208    1.382   6.216
      1209    0.627   6.969
      1210    1.070   6.536
      1211    1.098   6.339
      1212    1.194   6.464
      1213    0.988   6.751
      1214    2.348   5.057
      1215    2.252   5.168
      1216    1.047   6.548
      1217    2.361   4.953
      1218    1.389   6.039
      1219    1.110   6.442
      1220    1.810   5.659
      1221    1.132   6.364
      1222    0.644   6.856
      1223    0.786   6.931
      1224    3.189   4.211
      1225    1.007   6.462
      1226    1.442   6.012
      1227    0.784   7.074
      1228    2.732   4.577
      1229    0.884   7.338
      1230    0.787   6.931
      1231    2.337   5.124
      1232    1.152   6.248
      1233    1.189   6.255
      1234    1.173   6.594
      1235    0.995   6.593
      1236    1.008   6.535
      1237    1.681   5.760
      1238    0.879   6.818
      1239    1.635   5.880
      1240    1.157   6.248
      1241    1.338   6.278
      1242    0.973   6.766
      1243    1.060   6.614
      1244    1.438   6.036
      1245    1.553   6.171
      1246    1.734   5.813
      1247    1.387   6.122
      1248    1.057   6.456
      1249    0.901   6.941
      1250    1.490   6.023
      1251    0.882   6.857
      1252    1.309   6.261
      1253    1.099   6.410
      1254    1.110   6.255
      1255    1.373   6.074
      1256    2.912   4.461
      1257    0.785   6.809
      1258    0.745   7.108
      1259    0.726   7.040
      1260    1.033   6.509
      1261    1.010   6.655
      1262    1.216   6.344
      1263    1.638   5.949
      1264    0.708   6.813
      1265    0.990   6.635
      1266    0.897   6.638
      1267    1.042   6.583
      1268    0.946   6.584
      1269    1.863   5.606
      1270    1.290   6.170
      1271    2.027   5.325
      1272    1.069   6.506
      1273    1.785   5.720
      1274    4.462   2.939
      1275    1.332   6.097
      1276    1.312   6.218
      1277    0.932   6.590
      1278    1.046   7.303
      1279    0.832   6.944
      1280    1.367   6.093
      1281    9.220   2.559
      1282   11.033   4.065
      1283   12.820   5.918
      1284   10.920   3.948
      1285    6.758   1.396
      1286    5.788   1.679
      1287    9.681   2.658
      1288    2.941   4.575
      1289    4.732   2.992
      1290   10.877   3.988
      1291   11.881   4.939
      1292    1.026   6.707
      1293    1.586   5.887
      1294    1.396   6.207
      1295    1.147   6.574
      1296    2.565   5.119
      1297    1.163   6.446
      1298    0.770   6.892
      1299    1.029   6.749
      1300    1.011   6.697
      1301    1.547   5.882
      1302    1.125   6.447
      1303    1.063   6.587
      1304    1.086   6.556
      1305    0.899   6.724
      1306    1.255   6.186
      1307    1.355   6.141
      1308    1.933   5.533
      1309   11.060   4.231
      1310    9.030   2.425
      1311    6.754   2.404
      1312    8.002   1.454
      1313   11.270   4.430
      1314    1.524   5.971
      1315    1.081   6.403
      1316    1.441   5.982
      1317    1.123   6.203
      1318    0.983   6.540
      1319    1.731   5.719
      1320    2.572   4.930
      1321    6.775   1.435
      1322    7.909   1.520
      1323    8.457   2.383
      1324    8.849   2.709
      1325    6.065   1.559
      1326    7.658   1.793
      1327    1.723   5.602
      1328    1.043   6.625
      1329    6.002   2.218
      1330    5.119   2.290
      1331    6.898   1.177
      1332    8.637   1.883
      1333    8.717   2.701
      1334   12.551   5.575
      1335   13.145   6.337
      1336   11.739   4.850
      1337    7.837   1.363
      1338    9.052   2.274
      1339    9.293   2.866
      1340    9.963   3.395
      1341   12.033   5.089
      1342    7.574   1.594
      1343    4.698   3.005
      1344    7.087   3.229
      1345    2.547   5.345
      1346    8.720   2.173
      1347   10.331   3.449
      1348    6.754   1.252
      1349    6.096   1.737
      1350   11.950   5.128
      1351    8.826   2.244
      1352    7.564   1.655
      1353    6.400   1.176
      1354    7.374   1.909
      1355    8.963   2.193
      1356   10.400   3.405
      1357    8.844   2.271
      1358    8.635   1.824
      1359    8.147   1.965
      1360    7.839   2.472
      1361    6.416   1.379
      1362    5.334   2.511
      1363    9.507   2.972
      1364   11.781   5.050
      1365    6.644   3.952
      1366   14.001   7.267
      1367   13.079   6.138
      1368   12.389   5.496
      1369    1.557   5.869
      1370    6.183   1.590
      1371    9.263   2.655
      1372    1.258   6.537
      1373    1.021   6.407
      1374    7.290   1.374
      1375    6.583   1.168
      1376    4.144   3.255
      1377    3.514   3.812
      1378    1.299   6.575
      1379    1.251   6.499
      1380    0.783   7.375
      1381    0.933   6.681
      1382   10.426   3.701
      1383   12.457   5.547
      1384   11.275   4.281
      1385   10.069   3.174
      1386    7.075   1.764
      1387    9.696   3.061
      1388   12.266   5.395
      1389   11.657   4.801
      1390    6.816   1.123
      1391   10.231   3.279
      1392    8.640   2.629
      1393   11.054   4.187
      1394    6.159   1.760
      1395    5.466   1.994
      1396    6.459   1.155
      1397    9.469   3.001
      1398    0.926   6.670
      1399    0.803   6.800
      1400    1.728   5.804
      1401    0.990   6.742
      1402    1.520   5.916
      1403    2.004   5.580
      1404    8.720   1.832
      1405    5.799   1.762
      1406    5.634   2.209
      1407    9.748   2.988
      1408    6.307   2.647
      1409    6.549   3.230
      1410    5.826   2.806
      1411    9.802   3.087
      1412    8.056   2.238
      1413    9.001   2.573
      1414   10.803   3.943
      1415    8.491   1.785
      1416   10.428   3.654
      1417   10.518   3.877
      1418    6.938   2.796
      1419   12.470   5.599
      1420    7.975   1.629
      1421    7.231   1.322
      1422    5.997   1.693
      1423    8.049   1.599
      1424    8.606   2.011
      1425    5.023   2.766
      1426   11.002   4.101
      1427   10.253   3.372
      1428    8.796   1.999
      1429    9.108   2.306
      1430   11.478   4.556
      1431    8.259   1.812
      1432    8.603   2.344
      1433    6.238   2.867
      1434   11.937   5.038
      1435   12.208   5.276
      1436   10.655   3.855
      1437   10.772   3.796
      1438    9.309   2.481
      1439    4.669   2.942
      1440    1.360   6.138
      1441    0.828   6.880
      1442    5.529   2.002
      1443    1.012   6.463
      1444    1.222   6.358
      1445    0.724   6.946
      1446    1.441   5.869
      1447    1.032   6.538
      1448    0.669   6.915
      1449    1.460   5.985
      1450    1.928   5.450
      1451   11.986   5.011
      1452    1.186   6.249
      1453    1.045   6.559
      1454    0.720   7.101
      1455    1.891   5.508
      1456    1.126   7.013
      1457    0.740   7.110
      1458    1.370   6.094
      1459    0.868   7.010
      1460    0.961   6.528
      1461    1.036   6.493
      1462    0.723   6.858
      1463    1.969   5.603
      1464    0.897   7.101
      1465    1.205   6.450
      1466    0.936   6.736
      1467    1.585   5.941
      1468    0.947   6.877
      1469    0.889   7.127
      1470    1.137   6.301
      1471    0.796   7.075
      1472    1.375   6.173
      1473    3.551   3.907
      1474    2.536   4.783
      1475    1.599   5.965
      1476    0.830   7.038
      1477    1.050   6.455
      1478    0.776   6.891
      1479    0.982   6.637
      1480    1.371   6.243
      1481    1.103   6.825
      1482    1.064   6.702
      1483    1.044   6.491
      1484    1.335   6.449
      1485    1.168   6.411
      1486    2.152   5.550
      1487    1.031   6.671
      1488    1.140   6.486
      1489    1.484   6.099
      1490    1.152   6.601
      1491    1.242   6.300
      1492    1.358   6.216
      1493    1.975   5.522
      1494    1.252   6.323
      1495    1.069   6.475
      1496    0.894   6.711
      1497    1.226   6.416
      1498    0.913   6.999
      1499    1.812   5.630
      1500    0.825   6.876
      1501    1.035   6.698
      1502    1.400   6.133
      1503    1.718   5.748
      1504    4.712   2.780
      1505    1.618   5.953
      1506    0.938   6.886
      1507    1.057   6.926
      1508    1.094   6.921
      1509    2.003   5.470
      1510    6.651   1.748
      1511    7.947   1.699
      1512    8.107   2.638
      1513    4.903   2.518
      1514    9.408   3.218
      1515    6.946   1.724
      1516    8.975   2.113
      1517    6.483   1.145
      1518    5.658   2.466
      1519    9.744   2.892
      1520    9.596   2.913
      1521    8.476   1.941
      1522    4.674   3.348
      1523    9.846   3.150
      1524   10.015   3.029
      1525   10.609   3.794
      1526    8.326   1.775
      1527    8.009   1.338
      1528    7.132   2.099
      1529    7.684   1.706
      1530   10.944   4.064
      1531    9.456   2.797
      1532    8.813   2.180
      1533    9.940   3.480
      1534   11.518   4.567
      1535    7.626   1.530
      1536    8.070   1.502
      1537   10.722   3.988
      1538   10.957   3.970
      1539   11.945   5.131
      1540    9.201   2.554
      1541   10.282   3.526
      1542   10.149   3.548
      1543   10.893   4.044
      1544   10.391   3.646
      1545    9.939   3.101
      1546   12.675   5.778
      1547   11.374   4.466
      1548    1.665   5.745
      1549    1.101   7.029
      1550    1.088   6.451
      1551    1.790   5.757
      1552    1.179   6.444
      1553    1.280   6.249
      1554    1.249   6.258
      1555    1.270   6.329
      1556    1.169   6.482
      1557    1.273   6.235
      1558    1.507   5.931
      1559    1.134   6.463
      1560    0.966   6.886
      1561    1.398   6.219
      1562    1.415   6.074
      1563    1.016   6.835
      1564    1.242   6.168
      1565    3.376   4.027
      1566    1.053   7.130
      1567    2.127   5.305
      1568    0.925   6.895
      1569    1.060   7.432
      1570    1.149   6.640
      1571    0.904   6.797
      1572    1.006   6.745
      1573    0.935   7.364
      1574    0.892   6.816
      1575    1.740   5.727
      1576    1.147   6.611
      1577    1.564   5.944
      1578    1.143   6.268
      1579    1.591   5.769
      1580    1.144   6.588
      1581    1.184   6.423
      1582    1.289   6.153
      1583    1.096   6.704
      1584    1.003   6.567
      1585    1.651   5.688
      1586    0.551   7.052
      1587    1.217   6.417
      1588    0.959   6.990
      1589    1.167   6.322
      1590    1.548   5.798
      1591    0.844   6.940
      1592    1.646   5.706
      1593    1.175   6.363
      1594    1.243   6.291
      1595    0.936   7.050
      1596    0.983   6.546
      1597    1.035   6.925
      1598    1.284   6.325
      1599    0.848   7.209
      1600    0.993   6.691
      1601    1.368   6.128
      1602    1.624   5.883
      1603    1.884   5.648
      1604    2.288   5.068
      1605    0.687   7.258
      1606    1.565   5.763
      1607    0.894   6.561
      1608    1.305   6.212
      1609    1.305   6.300
      1610    1.417   5.945
      1611    0.970   6.595
      1612    1.253   6.272
      1613    9.966   2.993
      1614    1.750   5.701
      1615    1.225   6.205
      1616    0.710   6.880
      1617    1.101   6.375
      1618    0.808   6.830
      1619    1.530   5.989
      1620    3.190   4.145
      1621    1.883   5.658
      1622    1.203   6.434
      1623    1.796   5.583
      1624    1.203   6.589
      1625    6.667   1.171
      1626    2.622   4.817
      1627    3.682   3.891
      1628    1.059   6.551
      1629   10.611   3.779
      1630    7.692   1.343
      1631    1.275   6.397
      1632    1.234   6.336
      1633    1.085   6.726
      1634    0.948   6.715
      1635    0.990   7.207
      1636    0.944   7.152
      1637    1.128   6.318
      1638    1.170   6.434
      1639    1.446   6.052
      1640    8.245   1.411
      1641    2.314   5.083
      1642    5.252   2.140
      1643   13.317   6.527
      1644    0.985   6.395
      1645    0.805   7.209
      1646    1.277   6.303
      1647    2.404   5.052
      1648    1.126   6.449
      1649    7.140   1.247
      1650   14.281   7.433
      1651   12.859   6.058
      1652   13.611   6.651
      1653    7.388   0.859
      1654    7.839   1.014
      1655    9.302   2.633
      1656    3.539   3.826
      1657    1.156   6.379
      1658    0.926   6.877
      1659    1.521   5.892
      1660    1.328   6.139
      1661    1.123   6.573
      1662    1.647   5.807
      1663    1.017   6.723
      1664    1.280   6.301
      1665    1.285   6.301
      1666    1.426   5.957
      1667    1.564   5.773
      1668    3.112   4.237
      1669    1.421   6.119
      1670    1.282   6.131
      1671    1.362   6.298
      1672    0.892   6.808
      1673    1.744   5.803
      1674    1.379   6.107
      1675    1.237   6.211
      1676    1.460   5.975
      1677    1.436   5.960
      1678    1.216   6.318
      1679    1.189   6.383
      1680    1.123   6.352
      1681    1.537   5.980
      1682    0.818   6.823
      1683    1.333   6.199
      1684    1.421   6.061
      1685    2.451   4.900
      1686    0.722   6.772
      1687    1.133   6.604
      1688    1.390   6.076
      1689    0.895   6.757
      1690    1.853   5.595
      1691    1.331   6.125
      1692    1.163   6.349
      1693    1.486   5.949
      1694    1.645   5.876
      1695    1.101   6.575
      1696    1.512   6.059
      1697    0.816   6.763
      1698    0.803   6.945
      1699    1.803   5.681
      1700    1.029   6.618
      1701    1.101   6.562
      1702    0.934   6.511
      1703    1.272   6.060
      1704    1.298   6.024
      1705    3.707   3.590
      1706    0.912   6.842
      1707    1.514   5.958
      1708    2.068   5.632
      1709    1.462   5.942
      1710    0.975   6.592
      1711    1.416   6.106
      1712    1.128   6.526
      1713    1.693   5.641
      1714    1.024   6.571
      1715    1.276   6.202
      1716    1.042   6.552
      1717    1.494   5.829
      1718    2.988   4.410
      1719    3.374   3.934
      1720    3.879   3.623
      1721    0.687   7.246
      1722    0.891   6.625
      1723    1.096   6.567
      1724    3.349   4.061
      1725    1.244   6.309
      1726    1.054   6.376
      1727    1.370   6.148
      1728    0.639   7.036
      1729    0.852   6.969
      1730    0.961   7.441
      1731    0.743   6.840
      1732    1.285   6.206
      1733    0.677   7.299
      1734    1.262   6.244
      1735    0.740   6.977
      1736    1.119   6.266
      1737    0.871   6.883
      1738    0.816   7.004
      1739    8.669   1.871
      1740    1.302   6.231
      1741    0.971   6.595
      1742    3.978   3.343
      1743    6.717   0.910
      1744    7.387   1.001
      1745    9.450   2.579
      1746    9.683   2.910
      1747    2.265   5.190
      1748    0.907   6.698
      1749    1.013   6.406
      1750    3.547   3.819
      1751    0.971   6.412
      1752    8.793   2.148
      1753    9.898   3.218
      1754    3.247   4.159
      1755    4.001   3.615
      1756    0.991   6.471
      1757    1.243   6.314
      1758    1.191   6.325
      1759    0.985   6.811
      1760    2.136   5.254
      1761    1.040   6.850
      1762    0.765   6.648
      1763    0.850   6.954
      1764    1.022   6.460
      1765    2.110   5.236
      1766    1.045   6.791
      1767    2.233   5.091
      1768    1.034   6.493
      1769    1.379   6.004
      1770    0.741   7.243
      1771    1.636   5.792
      1772    0.832   6.774
      1773    1.169   6.323
      1774    6.665   1.088
      1775   14.527   7.754
      1776   12.827   5.933
      1777    9.719   2.865
      1778   11.407   4.498
      1779    8.390   2.216
      1780    7.124   2.817
      1781    6.548   1.544
      1782    9.291   2.441
      1783   11.239   4.389
      1784   10.298   3.493
      1785    1.208   6.518
      1786    1.005   6.537
      1787    4.752   2.728
      1788    3.458   4.121
      1789    3.589   3.853
      1790    3.064   4.281
      1791    0.983   6.602
      1792    0.781   7.400
      1793    1.509   6.006
      1794    1.108   6.357
      1795    1.376   6.020
      1796    1.361   6.075
      1797    1.070   6.508
      1798    0.986   6.507
      1799    0.997   6.536
      1800    1.012   6.455
      1801    0.959   6.458
      1802    1.203   6.349
      1803    1.146   6.355
      1804    0.870   6.666
      1805    1.066   6.475
      1806    0.915   6.671
      1807    1.524   5.941
      1808    1.844   5.481
      1809    1.554   5.865
      1810    1.138   7.692
      1811    0.980   6.772
      1812    1.004   7.080
      1813    0.914   6.608
      1814    1.348   6.103
      1815    1.026   6.702
      1816    1.593   5.749
      1817    7.977   1.487
      1818    6.926   1.262
      1819    5.209   2.935
      1820    1.528   5.918
      1821    1.277   6.105
      1822    1.033   6.686
      1823    0.846   6.854
      1824    1.199   6.257
      1825    0.704   7.184
      1826    1.504   5.901
      1827    1.039   6.666
      1828    1.100   6.460
      1829    1.107   6.299
      1830    1.190   6.309
      1831    5.040   2.513
      1832    7.071   0.892
      1833    9.971   3.210
      1834    7.450   1.668
      1835    7.312   0.745
      1836    7.020   2.279
      1837    6.831   0.795
      1838    0.812   6.855
      1839    1.529   6.002
      1840    0.955   6.630
      1841    0.893   6.773
      1842    0.894   6.725
      1843    0.914   6.676
      1844    0.790   7.063
      1845    1.733   5.831
      1846    0.919   6.591
      1847    1.153   6.527
      1848    0.879   7.477
      1849    0.999   6.822
      1850    0.730   6.973
      1851    1.302   6.189
      1852    1.100   6.413
      1853    0.861   7.079
      1854    0.975   6.809
      1855    0.931   6.666
      1856    6.909   1.916
      1857    7.583   1.001
      1858    7.343   0.959
      1859    1.664   5.814
      1860    6.807   1.002
      1861    8.511   1.616
      1862   11.173   4.223
      1863    3.726   3.734
      1864    6.437   2.907
      1865   12.563   5.657
      1866    3.833   3.533
      1867    0.965   6.953
      1868    0.983   6.805
      1869    1.045   6.954
      1870   10.780   3.837
      1871    8.751   2.035
      1872    9.629   2.853
      1873   11.222   4.316
      1874   10.158   3.460
      1875    9.159   2.324
      1876   11.855   4.892
      1877    5.685   1.961
      1878    5.263   3.330
      1879    7.821   2.453
      1880    8.530   1.966
      1881    6.474   1.119
      1882    4.755   4.263
      1883    4.901   3.269
      1884    8.781   2.305
      1885    7.112   1.150
      1886    6.034   1.935
      1887    5.333   3.379
      1888    6.531   1.994
      1889   13.408   6.470
      1890   10.791   3.990
      1891   11.315   4.544
      1892    6.185   1.952
      1893    6.577   2.560
      1894    8.341   2.184
      1895    7.650   2.662
      1896    8.523   2.340
      1897   13.882   7.115
      1898    9.337   2.784
      1899   11.382   4.557
      1900    6.780   1.427
      1901    5.985   1.966
      1902   12.370   5.414
      1903    7.907   2.268
      1904    7.038   3.322
      1905    6.563   2.801
      1906    9.657   3.005
      1907    6.945   1.943
      1908    9.720   2.901
      1909    9.390   2.563
      1910   10.167   3.250
      1911    8.978   2.160
      1912    9.379   2.577
      1913    6.680   1.770
      1914   11.345   4.490
      1915    9.081   2.506
      1916   10.248   3.422
      1917   10.016   3.605
      1918    8.588   2.060
      1919    9.304   2.568
      1920    8.631   2.174
      1921    7.479   1.507
      1922    4.621   3.209
      1923   10.536   3.731
      1924    9.881   3.173
      1925   12.204   5.289
      1926   13.254   6.297
      1927   12.713   5.868
      1928    8.416   1.879
      1929    1.245   6.160
      1930    1.290   6.249
      1931    0.813   6.892
      1932    1.516   5.843
      1933    4.993   2.426
      1934    3.502   3.898
      1935    9.065   2.270
      1936    3.755   4.728
      1937    6.050   1.934
      1938    9.076   2.380
      1939    9.754   2.793
      1940    8.973   2.095
      1941    7.660   1.339
      1942    8.481   1.642
      1943   10.403   3.409
      1944   10.925   4.128
      1945    5.802   2.203
      1946    4.464   3.002
      1947    1.208   6.252
      1948    1.673   5.803
      1949    0.766   6.860
      1950    1.623   5.981
      1951    1.230   6.409
      1952    1.060   6.580
      1953    1.043   6.742
      1954    1.065   6.630
      1955    0.993   6.727
      1956    2.380   4.966
      1957    1.073   6.649
      1958    1.435   6.133
      1959    1.000   6.646
      1960    1.015   6.547
      1961    1.467   5.945
      1962    1.138   6.383
      1963    0.881   6.919
      1964    0.849   6.916
      1965    0.996   6.624
      1966    0.902   6.906
      1967    0.901   6.841
      1968    1.301   6.383
      1969    0.864   6.861
      1970    1.189   6.173
      1971    1.173   6.740
      1972    0.937   6.779
      1973    1.258   6.192
      1974    1.033   6.679
      1975    1.044   7.016
      1976    1.855   5.552
      1977    0.989   6.535
      1978    1.140   6.293
      1979    1.226   6.330
      1980    0.945   6.837
      1981    7.694   1.080
      1982    4.246   3.042
      1983    2.282   5.038
      1984    1.031   6.439
      1985    0.896   6.754
      1986    1.365   6.033
      1987    1.594   5.835
      1988    1.031   6.513
      1989    6.336   1.552
      1990    9.926   3.053
      1991    6.235   1.519
      1992   10.018   3.150
      1993    4.306   3.179
      1994    6.421   1.292
      1995    5.543   1.963
      1996    8.557   1.810
      1997    4.165   3.970
      1998    1.724   5.695
      1999    1.169   6.319
      2000    0.892   6.990
      2001    1.198   6.327
      2002    2.005   5.583
      2003    1.352   6.034
      2004    0.931   6.800
      2005    1.926   5.449
      2006    1.082   6.486
      2007    1.516   6.140
      2008    1.731   5.780
      2009    1.334   6.226
      2010    1.619   5.785
      2011    1.179   6.585
      2012    0.938   6.713
      2013    2.129   5.233
      2014   11.002   4.146
      2015   11.311   4.413
      2016    0.983   6.355
      2017    0.974   6.584
      2018    1.362   6.213
      2019    1.038   7.516
      2020    2.536   4.869
      2021    1.578   5.937
      2022    1.033   6.569
      2023    1.156   6.516
      2024    1.831   5.626
      2025    1.243   6.222
      2026    0.939   6.591
      2027    3.297   3.960
      2028    2.070   5.315
      2029    0.767   7.166
      2030    1.169   6.329
      2031    0.921   6.683
      2032    0.948   7.368
      2033    0.707   7.159
      2034    0.927   6.673
      2035    0.855   6.732
      2036    0.875   6.692
      2037    1.220   6.137
      2038    1.009   6.771
      2039    1.169   6.236
      2040    1.728   5.728
      2041    1.339   6.149
      2042    2.813   4.521
      2043    1.236   6.244
      2044    1.533   5.945
      2045    1.426   6.095
      2046    0.967   6.896
      2047    1.023   6.557
      2048    1.967   5.414
      2049    1.060   6.474
      2050    2.446   4.889
      2051    1.045   6.447
      2052    1.218   6.327
      2053    1.277   6.280
      2054    0.968   6.864
      2055   12.195   5.340
      2056    1.126   6.412
      2057    1.079   6.527
      2058    2.053   5.325
      2059    0.790   7.113
      2060    1.214   6.417
      2061    1.128   6.657
      2062    1.260   6.301
      2063    0.951   6.628
      2064    3.380   3.939
      2065    1.219   6.297
      2066    1.251   6.174
      2067    0.967   6.672
      2068    0.992   6.515
      2069    1.047   6.592
      2070    2.720   4.610
      2071    1.000   6.505
      2072    1.473   5.945
      2073    0.979   6.703
      2074    1.117   6.352
      2075    0.934   6.749
      2076    1.213   6.355
      2077    1.823   5.702
      2078    1.255   6.315
      2079    0.876   6.858
      2080    1.057   6.501
      2081    1.271   6.190
      2082    1.261   6.209
      2083    0.745   7.212
      2084    1.719   5.805
      2085    0.991   6.958
      2086    1.223   6.265
      2087    1.031   6.498
      2088    1.358   6.153
      2089    0.906   6.472
      2090    1.086   6.572
      2091    0.812   6.807
      2092    0.904   6.648
      2093    1.258   6.251
      2094    1.502   6.011
      2095    0.798   6.862
      2096    1.333   6.246
      2097    1.983   5.440
      2098    1.431   6.076
      2099    1.189   6.412
      2100    1.235   6.438
      2101    1.053   6.617
      2102    1.014   6.778
      2103    0.935   6.954
      2104    0.808   6.708
      2105    1.148   6.583
      2106    1.012   6.657
      2107    0.963   7.280
      2108    2.812   4.600
      2109    1.611   5.765
      2110    0.911   6.801
      2111    1.265   6.253
      2112    0.782   6.873
      2113    0.790   7.029
      2114    0.895   7.186
      2115    1.042   6.577
      2116    0.737   6.905
      2117    1.182   6.358
      2118    0.687   6.881
      2119    6.915   1.672
      2120    6.298   1.904
      2121   10.747   3.868
      2122    9.835   3.030
      2123   11.497   4.689
      2124   11.691   4.858
      2125   11.130   4.161
      2126    9.680   3.027
      2127   13.574   6.788
      2128   12.908   6.073
      2129   12.688   6.064
      2130    9.342   2.498
      2131   10.145   3.306
      2132    7.925   1.344
      2133   11.726   5.053
      2134   11.555   4.859
      2135   12.202   5.293
      2136   11.253   4.342
      2137    6.983   1.594
      2138    8.258   1.703
      2139    7.029   1.498
      2140    8.640   1.941
      2141    9.038   2.456
      2142    4.808   2.700
      2143    1.181   6.405
      2144    1.439   6.154
      2145    3.617   3.849
      2146    1.413   6.187
      2147    0.934   7.353
      2148    0.845   6.621
      2149    1.063   6.731
      2150    1.323   6.118
      2151    0.777   7.046
      2152    1.036   6.569
      2153    6.864   2.235
      2154    7.372   1.702
      2155    8.012   1.292
      2156    7.146   2.020
      2157    8.169   1.610
      2158    7.506   1.800
      2159    7.921   1.842
      2160    9.800   3.016
      2161   11.461   4.531
      2162    7.987   1.855
      2163    9.274   2.755
      2164    8.490   1.977
      2165    8.803   2.037
      2166    8.769   2.081
      2167    6.131   1.287
      2168    8.206   2.936
      2169   12.779   5.982
      2170   10.657   3.780
      2171   13.340   6.495
      2172    9.824   3.075
      2173    2.737   4.861
      2174    9.544   2.833
      2175    5.882   3.309
      2176    8.117   1.295
      2177    7.820   1.890
      2178    8.224   1.482
      2179    9.455   2.533
      2180    9.855   3.095
      2181   10.361   3.788
      2182    7.118   3.089
      2183    6.765   2.090
      2184    9.779   3.460
      2185   14.113   7.418
      2186    9.467   2.735
      2187   10.612   3.800
      2188    9.317   2.787
      2189    8.001   1.294
      2190    4.921   2.786
      2191    7.762   2.222
      2192    2.844   4.591
      2193    3.751   5.451
      2194    8.349   2.122
      2195   10.576   3.723
      2196   11.115   4.220
      2197   11.007   4.062
      2198   10.203   3.293
      2199    9.155   2.247
      2200    5.975   1.562
      2201    3.266   5.174
      2202    6.932   1.282
      2203   11.190   4.333
      2204    7.334   1.222
      2205    6.569   1.321
      2206    7.985   1.248
      2207    9.622   2.767
      2208    5.809   3.409
      2209    5.921   3.018
      2210    5.237   4.193
      2211    6.642   1.832
      2212    6.500   1.305
      2213    6.793   0.991
      2214    6.127   1.460
      2215    8.274   2.898
      2216    5.068   4.134
      2217    9.185   2.317
      2218    9.670   2.816
      2219   11.377   4.514
      2220    7.464   1.065
      2221    6.916   1.556
      2222    4.758   3.417
      2223    6.655   0.951
      2224    8.439   1.756
      2225    1.474   6.140
      2226    0.959   6.506
      2227    1.247   6.347
      2228    1.638   5.724
      2229   12.160   5.348
      2230   11.017   4.169
      2231    7.790   1.603
      2232   10.014   3.423
      2233    7.405   0.926
      2234    9.309   2.416
      2235   10.735   3.799
      2236    8.839   2.261
      2237   11.716   4.833
      2238    7.780   1.473
      2239   10.529   3.769
      2240   10.645   3.796
      2241   10.857   3.986
      2242    8.904   2.245
      2243    8.203   1.682
      2244    8.458   2.323
      2245   11.448   4.503
      2246    9.048   2.250
      2247    4.699   2.757
      2248    3.602   4.613
      2249    8.691   1.873
      2250    6.757   0.801
      2251    2.511   4.904
      2252    3.663   3.656
      2253    1.555   5.965
      2254    1.090   6.511
      2255    1.002   6.581
      2256    1.521   6.095
      2257    2.190   5.190
      2258    1.361   6.097
      2259    0.953   6.599
      2260    0.890   6.953
      2261    0.933   6.980
      2262    0.953   6.547
      2263    1.647   5.837
      2264    1.232   6.428
      2265    1.296   6.205
      2266    0.892   7.358
      2267    1.377   6.023
      2268    0.856   6.933
      2269    1.365   6.217
      2270    1.986   5.568
      2271    0.961   6.823
      2272    1.829   5.552
      2273    1.158   6.252
      2274    1.274   6.245
      2275    1.348   6.177
      2276    1.421   6.107
      2277    2.082   5.435
      2278    2.863   4.448
      2279    1.709   5.714
      2280    1.030   6.501
      2281    1.258   6.254
      2282    1.298   6.469
      2283    3.733   5.170
      2284    1.124   6.420
      2285    2.635   4.727
      2286    2.834   4.496
      2287    4.761   4.839
      2288    6.905   1.087
      2289    3.659   3.929
      2290    3.619   3.705
      2291    3.590   3.743
      2292    6.384   1.252
      2293    4.152   3.249
      2294    1.163   6.356
      2295    0.795   7.243
      2296    0.878   7.014
      2297    0.839   6.972
      2298    1.232   6.161
      2299    0.963   6.700
      2300    1.911   5.715
      2301    1.527   5.967
      2302    4.515   2.990
      2303    1.049   6.548
      2304    1.079   6.611
      2305    1.157   6.225
      2306    0.724   6.952
      2307    0.926   6.799
      2308    1.458   6.026
      2309    1.465   5.965
      2310    3.844   3.596
      2311    0.946   6.749
      2312    1.543   5.924
      2313    2.136   5.253
      2314    0.767   6.674
      2315    1.239   6.214
      2316    0.762   7.055
      2317    1.213   6.276
      2318    1.839   5.613
      2319    7.748   1.276
      2320    8.925   2.064
      2321   10.747   3.758
      2322   10.582   3.789
      2323   10.819   3.879
      2324    6.206   1.889
      2325    3.853   3.423
      2326    1.463   6.018
      2327    2.914   4.497
      2328    1.509   5.923
      2329    4.024   3.434
      2330    9.784   2.988
      2331    9.056   2.233
      2332    5.316   2.364
      2333    0.761   7.051
      2334    1.195   6.283
      2335    1.167   6.436
      2336    1.430   6.018
      2337    0.620   7.044
      2338    1.135   6.590
      2339    1.732   5.695
      2340    0.933   6.789
      2341    1.129   6.351
      2342    1.104   6.542
      2343    1.072   6.575
      2344    0.873   7.121
      2345    1.678   5.802
      2346    0.915   6.799
      2347    1.106   6.350
      2348    1.089   6.750
      2349    1.098   6.385
      2350    1.754   5.744
      2351    1.025   6.514
      2352    1.069   6.477
      2353    2.411   4.992
      2354    0.800   7.196
      2355    1.161   6.520
      2356    1.153   6.547
      2357    1.371   6.086
      2358    1.276   6.186
      2359    0.869   6.710
      2360    3.696   3.638
      2361    0.902   7.123
      2362    1.392   6.237
      2363    1.909   5.698
      2364    3.602   3.845
      2365    1.118   6.352
      2366    1.116   6.693
      2367    1.161   6.359
      2368    0.965   7.316
      2369    1.564   6.064
      2370    1.714   5.822
      2371    1.593   5.993
      2372    1.145   6.422
      2373    1.102   6.664
      2374    0.974   6.594
      2375    0.728   7.019
      2376    1.905   5.531
      2377    1.045   6.666
      2378    0.966   6.482
      2379    0.871   6.942
      2380    1.104   6.682
      2381    1.283   6.227
      2382    1.069   6.577
      2383    1.030   7.585
      2384    0.909   6.773
      2385    1.234   6.345
      2386    1.126   6.631
      2387    0.963   6.494
      2388    1.517   6.004
      2389    0.708   6.992
      2390    1.146   6.401
      2391    1.211   6.420
      2392    1.974   5.360
      2393    1.274   6.367
      2394    2.141   5.445
      2395    1.592   6.057
      2396    3.725   3.662
      2397    0.904   6.687
      2398    1.070   6.440
      2399    1.469   5.899
      2400    0.919   7.037
      2401    1.362   6.186
      2402    1.117   6.513
      2403    1.192   6.331
      2404    2.170   5.231
      2405    2.686   4.853
      2406    8.868   1.942
      2407    9.445   2.530
      2408    8.825   2.374
      2409    1.118   6.419
      2410    0.861   6.849
      2411    1.440   6.223
      2412    4.001   3.422
      2413    1.752   5.658
      2414    1.119   6.712
      2415    0.936   7.139
      2416    1.160   6.462
      2417    8.977   2.541
      2418    5.775   3.121
      2419    5.244   2.574
      2420    3.898   4.190
      2421    7.081   1.850
      2422    6.565   1.606
      2423    2.715   4.726
      2424    1.218   6.428
      2425    2.502   4.882
      2426    4.559   2.763
      2427    1.986   5.362
      2428    3.215   4.277
      2429    3.788   3.574
      2430    4.950   2.489
      2431    7.783   2.043
      2432    1.439   6.158
      2433    1.964   5.417
      2434    4.464   2.965
      2435    2.050   5.195
      2436    0.943   6.493
      2437    0.775   7.323
      2438    0.984   6.579
      2439    2.261   5.025
      2440    1.137   6.277
      2441    3.778   3.553
      2442    3.115   4.288
      2443    4.809   2.646
      2444    1.207   6.261
      2445    0.976   6.699
      2446    1.127   6.441
      2447    2.315   5.077
      2448    1.864   5.788
      2449    0.917   6.879
      2450    1.095   6.656
      2451    1.367   6.070
      2452    0.949   6.542
      2453    1.595   5.966
      2454    0.842   7.431
      2455    1.822   5.590
      2456    2.205   5.125
      2457    0.991   6.963
      2458    1.485   6.050
      2459    1.220   6.291
      2460    2.133   5.335
      2461    1.051   6.411
      2462    1.187   6.282
      2463    0.912   7.166
      2464    1.368   6.138
      2465    1.205   6.397
      2466    0.903   6.677
      2467    0.912   6.854
      2468    0.910   6.881
      2469    0.959   7.050
      2470    1.049   6.363
      2471    1.418   6.069
      2472    1.483   5.996
      2473    1.540   5.896
      2474    1.347   6.172
      2475    0.910   7.284
      2476    1.308   6.142
      2477    0.993   6.592
      2478    0.859   7.023
      2479    0.765   7.276
      2480    1.455   6.212
      2481    0.905   6.704
      2482    1.361   6.180
      2483    1.121   6.436
      2484    1.028   6.576
      2485    1.385   6.054
      2486    1.230   6.982
      2487    1.953   5.429
      2488    1.005   6.777
      2489    1.820   5.548
      2490    0.982   6.708
      2491    0.976   6.796
      2492    0.765   6.998
      2493    1.246   6.303
      2494    1.669   5.785
      2495    1.164   6.493
      2496    1.760   5.759
      2497    1.247   6.490
      2498    0.988   6.891
      2499    1.471   6.024
      2500    1.293   6.268
