         1    0.864   6.639
         2    2.162   5.138
         3    1.742   5.805
         4    0.756   6.950
         5    1.796   5.555
         6    1.710   5.677
         7    1.244   6.079
         8    0.986   6.631
         9    1.162   6.497
        10    1.238   6.347
        11    1.156   6.363
        12    1.322   6.266
        13    1.124   6.509
        14    1.335   6.254
        15    2.222   5.188
        16    1.487   6.193
        17    1.161   6.275
        18    5.038   2.838
        19    4.216   3.248
        20    0.854   6.921
        21    3.429   3.906
        22    1.321   6.179
        23    2.525   4.864
        24    1.265   6.284
        25    0.854   6.679
        26    3.234   4.163
        27    3.097   4.437
        28    0.892   7.571
        29    1.343   6.193
        30    1.557   5.866
        31    1.012   6.756
        32    1.367   6.124
        33    1.907   5.593
        34    0.933   6.404
        35    1.148   6.316
        36    1.923   5.400
        37    0.973   6.607
        38    1.945   5.490
        39    0.787   7.017
        40    0.637   7.054
        41    2.897   4.425
        42    1.552   5.912
        43    7.506   1.794
        44    6.158   2.431
        45    7.022   2.787
        46    8.165   1.944
        47    6.892   1.906
        48    9.427   2.727
        49    9.588   2.784
        50    8.178   1.380
        51    7.923   1.471
        52    9.023   2.358
        53    6.426   2.518
        54    7.574   1.654
        55    7.965   2.276
        56    9.911   3.144
        57   11.959   5.116
        58    8.575   1.830
        59   10.929   3.941
        60   10.820   4.051
        61    8.163   1.817
        62    5.136   2.338
        63    8.819   2.592
        64    9.351   2.819
        65   10.111   3.242
        66    6.232   3.473
        67    7.687   1.779
        68   11.669   4.738
        69   10.922   4.062
        70   10.593   3.756
        71    7.118   1.120
        72    8.390   1.810
        73    6.659   1.948
        74    7.203   1.180
        75   10.432   3.635
        76   12.079   5.113
        77    9.360   2.587
        78    9.161   2.568
        79    7.302   1.591
        80   11.213   4.265
        81   12.955   6.160
        82   11.038   4.169
        83    7.036   1.487
        84    5.633   2.101
        85    6.217   1.736
        86    3.765   5.271
        87    5.503   2.288
        88    6.632   1.743
        89    4.574   3.495
        90    7.197   1.370
        91    8.999   2.237
        92    9.401   2.618
        93    7.729   2.218
        94   11.124   4.528
        95   11.014   4.177
        96    3.649   3.889
        97    4.262   3.125
        98    1.204   6.479
        99    4.761   2.971
       100    0.814   6.779
       101    1.099   6.600
       102    8.671   1.911
       103    2.654   4.795
       104    9.140   2.514
       105    5.969   1.563
       106    5.230   2.091
       107    1.232   6.153
       108    3.797   3.748
       109    1.268   6.286
       110    1.243   6.604
       111    1.473   6.007
       112    0.968   6.768
       113    0.608   6.906
       114    0.990   6.448
       115    1.097   6.401
       116    1.017   6.418
       117    1.570   5.983
       118    1.003   6.461
       119    0.843   6.959
       120    1.367   6.062
       121    0.896   6.758
       122    1.058   6.743
       123    1.463   6.061
       124    1.477   5.956
       125    1.312   6.189
       126    1.057   6.477
       127    1.210   6.590
       128    1.288   6.180
       129    1.388   6.225
       130    1.111   6.418
       131    0.815   6.856
       132    1.555   5.887
       133    1.758   5.688
       134    0.801   6.918
       135    1.156   6.361
       136    1.092   7.113
       137    1.140   6.527
       138    1.357   6.015
       139    2.492   4.911
       140    9.546   2.643
       141    3.178   4.192
       142    7.484   1.557
       143    8.018   1.289
       144    8.239   1.390
       145    6.688   1.176
       146    5.922   2.274
       147    7.234   1.233
       148   12.473   5.578
       149   11.484   4.725
       150    6.762   1.014
       151    8.673   2.950
       152    9.902   3.148
       153    9.995   3.400
       154   11.382   4.556
       155    9.359   2.544
       156    9.243   2.534
       157   10.894   4.004
       158    9.732   2.948
       159    7.220   1.557
       160    7.465   1.713
       161    8.505   2.155
       162   11.543   4.635
       163    8.791   2.008
       164    6.221   1.195
       165    5.694   1.778
       166    6.933   1.547
       167    7.349   1.713
       168    9.743   2.968
       169   12.958   6.264
       170    8.546   2.287
       171   10.803   4.217
       172   10.661   4.007
       173    7.065   1.362
       174    7.245   1.286
       175    7.674   1.436
       176    9.713   2.892
       177    8.302   2.136
       178    6.226   2.892
       179    6.395   2.688
       180    9.718   3.242
       181    7.178   0.917
       182    9.988   3.228
       183    6.427   1.463
       184    9.881   3.197
       185   11.454   4.547
       186   10.844   4.062
       187   10.575   3.708
       188    7.105   1.507
       189    7.459   1.399
       190    1.005   6.592
       191    1.285   6.184
       192    1.423   6.074
       193    1.816   5.555
       194    1.663   5.750
       195    1.052   6.681
       196    4.061   3.390
       197    4.544   2.928
       198    3.689   3.632
       199    6.767   1.643
       200   13.092   6.351
       201    3.647   3.729
       202    8.627   1.747
       203    9.664   2.975
       204    1.249   6.256
       205    1.204   6.385
       206    0.986   6.418
       207    0.885   6.995
       208    1.297   6.258
       209    0.695   6.982
       210    1.046   6.473
       211    1.773   5.686
       212    0.708   7.160
       213    0.856   6.781
       214    1.767   5.612
       215    0.758   6.853
       216    1.240   6.217
       217    1.504   5.962
       218    1.119   6.379
       219    0.951   6.552
       220    0.801   6.699
       221    1.492   5.987
       222    0.887   6.657
       223    1.000   7.626
       224    0.721   6.656
       225    0.814   7.144
       226    0.958   6.740
       227    1.775   5.690
       228    1.794   5.733
       229    0.878   6.773
       230    1.154   6.559
       231    0.943   6.551
       232    0.952   6.732
       233    1.008   6.628
       234    0.877   6.564
       235    1.681   5.775
       236   11.851   4.865
       237    6.885   1.097
       238    6.195   2.171
       239    5.931   2.330
       240    8.298   1.831
       241   11.786   4.979
       242   11.005   4.033
       243   11.662   4.728
       244    9.029   2.506
       245    7.225   1.633
       246   12.772   6.039
       247    7.602   1.246
       248    8.398   1.963
       249    5.566   1.935
       250   10.090   3.352
       251    9.160   2.660
       252    8.904   2.163
       253    8.165   2.219
       254    5.296   3.463
       255    9.371   2.525
       256    3.193   4.172
       257    1.321   6.196
       258    2.147   5.383
       259    1.160   6.355
       260    1.186   6.167
       261    1.611   5.942
       262    1.214   6.317
       263    1.568   5.855
       264    8.344   1.639
       265    5.684   1.951
       266    2.578   4.874
       267    1.968   5.309
       268    1.144   6.246
       269    0.978   6.649
       270    1.004   6.524
       271    1.166   6.526
       272    1.432   6.001
       273    0.918   6.780
       274    0.928   6.886
       275    2.642   4.615
       276    1.233   6.209
       277    1.311   6.048
       278    1.508   5.971
       279    0.831   6.697
       280    1.457   5.999
       281    3.792   3.679
       282    1.039   6.453
       283    1.333   6.181
       284    1.022   6.614
       285    1.271   6.251
       286    1.198   6.645
       287    3.348   3.995
       288    1.303   6.099
       289    2.364   4.971
       290    2.752   4.587
       291    0.961   6.509
       292    0.925   6.787
       293    1.034   6.435
       294    1.068   6.454
       295    0.867   7.090
       296    1.650   5.817
       297    1.036   6.603
       298    0.944   6.730
       299    0.879   6.931
       300    0.750   6.786
       301    1.555   6.029
       302    0.885   6.906
       303    1.177   6.312
       304    0.855   7.081
       305    5.032   2.409
       306    2.073   5.444
       307    1.925   5.500
       308    1.301   6.415
       309    1.661   5.812
       310    1.168   6.376
       311    0.887   6.837
       312    1.705   5.830
       313    2.032   5.425
       314    6.708   1.373
       315    9.436   2.524
       316    1.041   6.600
       317    4.002   3.540
       318    4.368   3.316
       319    1.113   6.358
       320    1.424   5.997
       321    1.356   6.313
       322    0.637   7.005
       323    1.073   6.413
       324    0.998   6.757
       325    0.989   6.643
       326    3.243   4.154
       327    2.001   5.348
       328    1.066   6.460
       329    1.630   6.213
       330    0.725   7.018
       331    0.924   6.869
       332    0.870   6.913
       333    1.252   6.433
       334    0.813   6.889
       335    1.678   5.952
       336    0.965   6.539
       337    1.473   5.913
       338    0.877   6.921
       339    1.054   6.389
       340    1.068   6.452
       341    0.869   7.408
       342    0.840   6.793
       343    1.252   6.166
       344    0.851   6.893
       345    1.774   5.710
       346    1.148   6.610
       347    1.157   6.483
       348    1.122   6.448
       349    4.700   2.753
       350    4.525   2.887
       351    1.347   6.171
       352    4.623   2.893
       353    1.319   6.118
       354    1.614   5.741
       355    0.983   6.875
       356    1.004   6.566
       357    0.927   6.640
       358    1.014   6.763
       359    1.311   6.389
       360    1.156   6.416
       361    0.674   7.046
       362    2.037   5.460
       363    0.927   6.762
       364    1.996   5.524
       365    0.811   6.828
       366    1.406   6.018
       367    0.996   6.365
       368    1.408   6.032
       369    0.802   7.098
       370    2.776   4.528
       371    0.797   7.037
       372    0.787   7.008
       373    0.991   6.460
       374    1.182   6.443
       375    1.429   5.882
       376    1.015   6.409
       377    0.857   6.667
       378    1.216   6.291
       379    1.169   6.228
       380    1.099   6.494
       381    2.630   4.755
       382    1.080   6.507
       383    1.107   6.317
       384    2.345   5.033
       385    1.507   5.968
       386    0.898   6.680
       387    0.933   6.778
       388    1.379   6.147
       389   10.697   4.035
       390    8.096   1.632
       391    7.875   1.223
       392   11.795   4.868
       393    9.909   3.938
       394   12.796   5.985
       395   11.573   4.745
       396    8.895   2.870
       397    7.877   1.602
       398    7.917   2.229
       399    6.903   2.258
       400    8.207   1.585
       401    9.360   2.585
       402   10.756   4.052
       403   11.201   4.267
       404    9.077   2.258
       405    8.499   1.916
       406   10.419   3.705
       407    9.024   2.578
       408    9.031   2.579
       409    1.698   5.805
       410    1.799   5.729
       411    1.534   5.994
       412    1.408   6.283
       413    2.277   5.291
       414    7.497   1.572
       415   11.797   4.784
       416    1.494   5.983
       417    1.587   6.034
       418    0.933   6.630
       419    1.897   5.455
       420    0.916   6.754
       421    1.667   5.729
       422    1.058   6.634
       423    2.373   5.059
       424    0.960   6.947
       425    0.855   7.246
       426    1.385   6.078
       427    1.622   5.858
       428    2.269   5.211
       429    0.997   6.439
       430    0.771   6.862
       431    0.962   6.695
       432    1.113   6.421
       433    1.144   6.589
       434    2.048   5.630
       435    1.444   6.450
       436    1.022   6.414
       437    1.784   5.686
       438    0.964   6.518
       439    1.076   6.468
       440    1.051   6.468
       441    0.868   6.898
       442    1.362   6.160
       443    0.969   6.635
       444   10.362   3.772
       445   11.086   4.237
       446    9.383   2.635
       447    4.957   2.499
       448    8.401   2.203
       449    7.429   1.507
       450    9.760   2.849
       451    7.723   1.127
       452    8.806   2.717
       453    6.817   1.686
       454   10.012   3.171
       455    8.407   1.626
       456    9.034   2.437
       457    6.209   2.795
       458    9.529   2.645
       459    8.282   2.311
       460    9.244   2.400
       461   12.730   5.948
       462    9.379   2.824
       463   13.511   6.657
       464    7.014   1.090
       465    5.232   6.106
       466    3.104   4.815
       467    5.607   3.175
       468    9.514   2.973
       469    7.618   1.869
       470   10.277   3.544
       471   10.048   3.394
       472    7.937   1.781
       473    8.056   1.510
       474    9.568   2.710
       475    7.814   2.241
       476    9.845   2.893
       477    9.451   2.557
       478   10.218   3.553
       479    5.245   3.239
       480    1.375   6.111
       481    1.683   5.841
       482    5.945   2.604
       483    6.208   2.259
       484    1.678   5.925
       485    3.729   3.788
       486    9.988   3.143
       487    8.057   1.402
       488    8.366   2.135
       489    8.308   2.345
       490    8.770   2.297
       491    5.324   3.065
       492    4.267   3.210
       493    9.040   2.799
       494    9.932   3.085
       495    1.399   6.172
       496    1.703   5.991
       497    1.363   6.127
       498    1.058   6.644
       499    1.088   6.521
       500    1.221   6.212
       501    2.638   4.695
       502    3.926   3.380
       503    4.979   2.932
       504    1.781   5.651
       505    0.963   6.535
       506    1.437   5.946
       507    0.876   7.068
       508    0.923   6.658
       509    4.480   3.085
       510    4.110   3.440
       511    0.828   6.782
       512    0.788   6.753
       513    1.499   6.067
       514    0.974   6.600
       515    6.003   1.639
       516   10.080   3.256
       517    7.049   1.151
       518    7.811   1.669
       519    7.683   0.939
       520    0.829   7.159
       521    1.238   6.150
       522    0.886   6.902
       523    1.095   6.328
       524    2.664   4.739
       525    3.438   3.910
       526    0.971   6.612
       527    0.917   6.773
       528    0.948   6.588
       529    1.066   6.686
       530    1.645   5.800
       531    0.759   6.973
       532    4.432   3.023
       533    1.013   6.695
       534    1.273   6.207
       535    1.659   5.853
       536    1.153   6.262
       537    1.193   6.412
       538    1.138   6.474
       539    0.957   6.410
       540    0.959   6.679
       541    1.124   6.269
       542    1.689   5.685
       543    1.197   6.292
       544    1.028   6.615
       545    0.989   6.675
       546    1.332   6.144
       547    1.157   6.321
       548    2.297   5.155
       549    1.143   6.540
       550    1.356   6.395
       551    0.840   6.699
       552    1.035   7.632
       553    1.006   6.540
       554    0.894   6.716
       555    1.200   6.224
       556    0.883   7.382
       557    0.794   7.505
       558    0.630   7.057
       559    1.289   6.183
       560    1.733   5.830
       561    1.030   6.834
       562    2.477   4.898
       563    7.997   1.799
       564   11.025   3.973
       565    7.288   1.091
       566    6.481   1.218
       567    4.500   3.163
       568    5.121   2.621
       569    3.898   3.401
       570    3.260   4.102
       571    0.901   6.797
       572    1.264   6.373
       573    1.577   5.916
       574    0.900   6.693
       575    1.019   6.577
       576    1.199   6.374
       577    0.632   6.937
       578    0.980   6.955
       579    3.793   4.085
       580    6.317   1.995
       581    5.481   2.502
       582    9.732   2.761
       583    1.046   6.570
       584    0.936   6.702
       585    1.122   6.552
       586    1.229   6.451
       587    1.189   6.355
       588    8.182   1.861
       589   10.976   4.111
       590    6.104   3.937
       591    7.094   0.905
       592    7.219   1.430
       593    1.160   6.336
       594    1.064   6.543
       595    1.286   6.179
       596    1.556   5.872
       597    1.534   5.855
       598    0.823   6.961
       599    2.575   4.837
       600    0.934   6.723
       601    0.845   6.754
       602    1.104   6.627
       603    1.121   6.412
       604    1.503   6.033
       605    2.260   5.282
       606    0.687   6.906
       607    1.369   6.069
       608    1.500   6.026
       609    2.618   4.793
       610    5.988   2.110
       611   11.198   4.221
       612    7.610   1.272
       613    4.011   3.664
       614    1.300   6.454
       615    2.602   4.877
       616    1.341   6.356
       617    0.946   6.813
       618    1.130   6.602
       619    1.626   5.864
       620    0.847   7.015
       621    1.386   6.187
       622    1.396   6.119
       623    1.060   7.044
       624    1.072   7.008
       625    0.953   7.483
       626    1.039   6.741
       627    0.944   6.736
       628    1.151   6.250
       629    1.088   6.555
       630    1.365   6.186
       631    0.852   6.766
       632    1.043   6.450
       633    1.141   6.408
       634    1.188   6.303
       635    0.962   6.802
       636    6.934   0.985
       637    8.131   1.297
       638    7.690   1.013
       639    3.865   3.590
       640   12.364   5.511
       641    9.082   2.326
       642    6.902   1.005
       643    8.394   1.910
       644    9.456   2.934
       645    8.907   3.247
       646    5.591   1.904
       647    7.695   1.177
       648    9.127   2.251
       649    7.867   1.146
       650    7.163   1.502
       651    1.131   6.392
       652    1.055   6.811
       653    0.954   6.850
       654    0.804   6.961
       655    1.508   6.085
       656    1.449   5.996
       657    1.231   6.213
       658    2.564   4.766
       659    0.824   6.893
       660    1.239   6.381
       661    3.351   4.341
       662    2.937   4.527
       663    1.101   6.518
       664    0.925   7.034
       665    2.758   4.625
       666    1.311   6.343
       667    6.898   0.958
       668    8.346   2.037
       669    0.779   7.003
       670    0.867   6.687
       671    0.842   7.104
       672    3.656   3.695
       673   10.374   3.382
       674    1.537   5.867
       675   10.430   3.509
       676   11.301   4.393
       677    7.140   1.095
       678    9.104   2.391
       679    8.935   2.488
       680   10.095   3.314
       681    8.304   1.586
       682   11.076   4.278
       683   10.126   3.383
       684   13.431   6.610
       685    8.286   2.310
       686    5.999   1.435
       687    5.380   2.157
       688    7.862   1.810
       689    8.417   1.810
       690   11.973   4.989
       691   12.859   6.030
       692    9.621   2.819
       693    8.196   1.602
       694    7.931   2.000
       695    9.677   2.987
       696    9.104   2.248
       697    7.393   1.539
       698    7.757   1.640
       699    8.588   2.057
       700    6.344   1.526
       701    8.188   2.097
       702   11.072   4.303
       703   12.043   5.172
       704   11.973   5.212
       705    7.663   1.307
       706    9.509   2.738
       707   10.170   3.387
       708   11.660   4.850
       709    8.027   1.319
       710   10.758   4.060
       711   13.871   7.135
       712   12.997   6.089
       713   11.226   4.354
       714   10.135   3.125
       715    6.644   2.199
       716    8.432   2.437
       717    6.574   1.732
       718    9.325   2.799
       719    9.665   3.277
       720    9.080   2.585
       721    5.933   1.829
       722    8.721   2.138
       723    8.393   1.591
       724    8.342   1.886
       725    8.725   2.148
       726    7.974   1.660
       727    7.071   1.033
       728    9.720   2.953
       729    6.390   3.303
       730    8.309   1.697
       731   10.092   3.172
       732    8.419   2.528
       733   10.022   3.301
       734   12.075   5.224
       735    7.618   2.110
       736    5.878   2.092
       737    3.641   4.882
       738    7.355   1.492
       739    7.996   3.125
       740    7.056   1.254
       741    6.927   2.023
       742    6.148   1.590
       743   10.363   3.712
       744   11.064   4.207
       745   10.562   3.803
       746    9.594   2.637
       747    8.081   1.685
       748    1.043   7.131
       749    1.612   5.694
       750    1.062   7.173
       751    1.013   7.299
       752    0.840   6.930
       753    0.880   6.791
       754    0.940   6.627
       755   10.444   3.464
       756    6.820   1.211
       757   10.080   3.171
       758    6.750   1.031
       759    2.737   4.556
       760    0.988   6.743
       761    2.970   4.431
       762    2.043   5.408
       763    0.845   6.895
       764    1.955   5.493
       765    0.911   6.710
       766    0.711   6.958
       767    0.952   6.899
       768    0.805   6.734
       769    3.990   3.514
       770    9.755   2.860
       771   10.705   3.892
       772    7.710   1.418
       773    7.859   1.698
       774    9.867   3.071
       775    9.014   2.330
       776    9.758   3.091
       777    9.880   3.419
       778    9.923   3.117
       779    9.116   2.340
       780    8.398   1.993
       781   10.576   4.273
       782    8.316   1.869
       783    7.575   1.267
       784   11.040   4.184
       785    9.987   3.092
       786    7.648   0.995
       787    9.697   2.960
       788    9.065   2.265
       789   13.478   6.718
       790   11.562   4.646
       791    9.560   3.168
       792   12.308   5.368
       793    8.890   2.396
       794    7.268   1.954
       795    7.200   0.927
       796    4.486   4.339
       797   12.329   5.424
       798   11.098   4.157
       799   10.225   3.517
       800   10.647   3.835
       801    7.730   1.651
       802    8.576   2.154
       803    8.902   2.142
       804   10.752   3.887
       805   10.998   4.150
       806    8.411   2.140
       807   11.175   4.217
       808    9.474   2.927
       809    8.586   1.723
       810    8.998   2.008
       811    8.968   2.987
       812   11.822   5.053
       813   11.730   5.016
       814   12.112   5.315
       815   10.621   3.810
       816   10.476   3.569
       817   11.291   4.710
       818   11.603   4.735
       819    7.898   2.081
       820    6.889   2.153
       821    7.028   2.049
       822   10.306   3.602
       823   10.811   3.902
       824    3.648   3.844
       825    0.937   6.595
       826    0.865   6.790
       827    0.879   6.660
       828    1.153   6.470
       829    1.275   6.107
       830    0.775   6.790
       831    3.319   4.054
       832    9.964   3.090
       833   12.141   5.344
       834    8.113   1.890
       835    7.457   1.062
       836    7.811   1.664
       837    9.179   2.704
       838   12.125   5.226
       839   12.638   5.731
       840    6.887   2.324
       841   11.821   5.595
       842   11.370   4.635
       843   11.856   4.987
       844    9.364   2.538
       845    1.560   5.885
       846    2.507   4.942
       847    0.741   6.835
       848    1.648   5.810
       849    0.934   6.595
       850    1.365   6.080
       851    4.339   3.149
       852    6.362   1.313
       853    0.917   6.738
       854    1.070   6.368
       855    1.007   6.887
       856    1.264   6.278
       857    1.304   6.151
       858    1.036   7.332
       859    0.979   6.760
       860   10.890   3.927
       861    7.187   0.804
       862    0.774   6.677
       863    7.260   1.483
       864    7.852   1.441
       865   11.354   4.510
       866    4.919   3.458
       867    1.165   6.439
       868    0.796   6.915
       869    0.914   6.627
       870    1.294   6.081
       871    0.848   6.662
       872    0.796   6.648
       873    2.463   5.038
       874    4.489   3.152
       875    1.125   6.384
       876    1.514   5.862
       877    1.314   6.263
       878    0.977   6.566
       879    2.054   5.270
       880    1.607   5.875
       881    1.328   6.716
       882    1.062   7.391
       883    1.503   6.125
       884    1.531   6.919
       885    1.053   6.823
       886    1.649   5.780
       887    2.433   4.998
       888    1.302   6.173
       889    0.954   6.707
       890    0.849   6.988
       891    1.258   6.150
       892    0.837   6.883
       893    1.463   6.084
       894    1.382   6.067
       895    1.554   5.864
       896    1.254   6.459
       897    1.463   6.083
       898    1.196   6.391
       899    1.055   6.616
       900    1.944   5.506
       901    1.061   6.499
       902    1.012   6.500
       903    1.854   5.522
       904    0.876   6.875
       905    1.300   6.206
       906    0.909   6.850
       907    1.466   5.876
       908    0.896   6.997
       909    0.820   7.112
       910    1.010   6.536
       911    0.941   6.596
       912    1.078   6.771
       913    0.923   6.739
       914    1.452   6.066
       915    1.338   6.277
       916    0.688   6.975
       917    0.907   6.732
       918    0.932   6.795
       919    0.993   6.691
       920    7.190   1.544
       921   10.027   3.134
       922    7.050   1.198
       923   11.568   4.768
       924   11.451   4.802
       925   10.738   3.951
       926    7.845   1.924
       927    4.155   3.386
       928    9.870   2.961
       929   11.068   4.077
       930    4.680   2.885
       931   11.165   4.283
       932   11.771   4.842
       933   10.882   4.009
       934    4.433   3.489
       935    7.844   2.364
       936    9.120   2.520
       937    7.751   1.794
       938   12.486   5.753
       939    8.585   2.213
       940    7.851   1.619
       941   10.594   3.614
       942    7.234   1.105
       943   10.725   3.873
       944    9.601   2.955
       945   10.787   3.910
       946    6.545   1.335
       947    5.966   2.233
       948    2.076   5.288
       949    0.922   7.052
       950    1.051   6.763
       951    1.320   6.195
       952    0.865   6.847
       953    1.697   5.677
       954    3.675   5.793
       955    6.489   2.171
       956    9.447   2.634
       957    6.453   1.960
       958    4.748   2.860
       959    1.039   7.032
       960    1.152   6.271
       961    1.026   6.896
       962    1.142   6.820
       963    1.291   6.161
       964    1.612   6.005
       965    1.582   5.897
       966    0.684   6.871
       967    1.059   6.468
       968    0.737   7.116
       969    1.587   6.177
       970    1.256   6.341
       971    0.977   6.888
       972    2.128   5.353
       973    1.687   5.725
       974    0.996   6.515
       975    1.048   6.773
       976    1.469   6.063
       977    0.848   6.902
       978    1.315   6.096
       979    1.416   6.052
       980    0.784   7.233
       981    1.668   5.838
       982    1.490   6.072
       983    4.528   2.996
       984    1.498   5.914
       985    1.224   6.278
       986    0.928   6.577
       987    0.924   6.871
       988    1.142   6.420
       989    1.123   6.508
       990    2.473   4.903
       991    1.219   6.294
       992    0.851   6.957
       993    1.315   6.171
       994    0.795   6.931
       995    3.931   3.557
       996    0.838   7.200
       997    0.968   7.242
       998    1.517   5.786
       999    1.325   6.143
      1000    1.022   6.875
      1001    2.392   5.155
      1002    2.132   5.305
      1003    1.637   5.614
      1004    1.139   6.289
      1005    1.275   6.033
      1006    1.238   6.130
      1007    1.327   6.218
      1008    0.941   6.654
      1009    0.959   6.737
      1010    0.993   6.703
      1011    0.921   6.710
      1012    1.006   6.702
      1013    2.097   5.352
      1014    1.340   6.226
      1015    2.810   4.709
      1016    1.636   5.748
      1017    1.191   6.247
      1018    1.178   6.385
      1019    0.953   6.546
      1020    7.783   1.191
      1021   10.316   3.399
      1022    8.741   1.738
      1023   10.677   3.712
      1024    1.461   5.880
      1025    1.015   6.683
      1026    1.840   5.494
      1027    1.163   6.420
      1028    1.116   6.529
      1029    1.149   6.824
      1030    1.208   6.370
      1031    1.764   5.691
      1032    1.584   5.859
      1033    2.374   5.179
      1034    1.293   6.266
      1035    1.137   6.727
      1036    8.953   2.791
      1037   11.949   5.201
      1038   10.548   4.018
      1039    8.895   2.158
      1040    6.423   1.988
      1041    5.440   2.012
      1042    6.488   2.286
      1043    7.122   0.980
      1044    9.187   2.404
      1045   11.069   4.198
      1046    6.227   2.952
      1047    6.978   1.389
      1048   10.081   3.212
      1049   13.308   6.421
      1050   11.271   4.387
      1051   12.026   5.167
      1052    6.130   2.055
      1053    5.136   3.003
      1054    5.364   3.189
      1055    4.506   3.416
      1056    7.361   1.648
      1057    8.795   2.012
      1058    0.999   6.953
      1059    2.258   5.132
      1060    2.860   4.535
      1061    1.069   6.394
      1062    1.225   6.295
      1063    1.192   6.327
      1064    1.316   6.149
      1065    1.216   6.351
      1066    1.326   6.190
      1067    7.380   0.987
      1068    8.206   1.331
      1069    7.648   0.855
      1070   10.039   3.277
      1071    6.589   1.539
      1072    5.259   2.491
      1073    7.878   1.549
      1074    0.835   6.875
      1075    1.835   5.551
      1076    1.270   6.139
      1077    1.730   5.633
      1078    0.979   6.702
      1079    1.337   6.185
      1080    1.215   6.363
      1081    1.327   6.134
      1082    2.734   4.700
      1083   10.017   3.084
      1084    8.622   1.892
      1085    3.279   6.031
      1086    9.012   2.134
      1087    8.476   1.670
      1088    7.743   1.012
      1089    8.181   1.446
      1090    8.311   1.751
      1091    9.891   2.992
      1092   10.745   3.809
      1093    9.218   2.682
      1094    9.212   2.547
      1095    8.787   1.998
      1096    8.426   2.110
      1097   10.301   3.344
      1098    7.865   1.767
      1099    8.011   1.950
      1100    7.530   1.526
      1101   10.758   3.936
      1102    7.274   1.720
      1103    4.922   2.650
      1104    6.628   1.202
      1105    9.039   2.265
      1106    4.132   3.707
      1107    7.539   1.440
      1108    5.389   2.298
      1109    6.831   1.874
      1110    8.850   2.435
      1111    9.797   3.199
      1112    1.153   6.346
      1113    1.107   6.319
      1114    1.535   5.871
      1115    1.230   6.353
      1116    0.971   6.892
      1117    1.121   6.719
      1118    0.992   6.877
      1119    0.930   6.924
      1120    1.175   6.276
      1121    1.413   6.206
      1122    0.939   6.725
      1123    1.198   6.415
      1124    1.167   6.475
      1125    1.065   6.610
      1126    0.896   6.687
      1127    1.229   6.348
      1128    1.290   6.280
      1129    1.295   6.222
      1130    1.373   6.205
      1131    1.331   6.029
      1132    0.841   6.811
      1133    1.284   6.114
      1134    1.002   6.379
      1135    1.245   6.215
      1136    1.514   5.886
      1137    0.933   6.612
      1138    2.823   4.517
      1139   10.589   3.635
      1140    8.088   1.356
      1141    7.168   0.931
      1142    6.001   2.041
      1143    9.151   2.291
      1144    8.491   1.743
      1145    9.419   2.714
      1146   10.500   3.522
      1147    8.231   1.793
      1148    6.384   1.906
      1149   12.546   5.724
      1150    7.343   1.837
      1151    6.013   1.523
      1152    7.805   1.404
      1153    8.214   1.397
      1154    8.481   1.768
      1155    9.103   2.221
      1156   10.589   3.761
      1157    5.920   2.541
      1158    9.394   2.766
      1159    7.742   1.396
      1160   10.293   3.522
      1161    9.161   2.563
      1162    9.747   2.891
      1163   11.782   4.927
      1164    7.388   2.066
      1165    1.470   6.123
      1166    0.918   6.591
      1167    0.874   6.647
      1168    0.986   6.987
      1169    1.442   6.148
      1170    1.731   5.689
      1171    2.227   5.260
      1172    6.403   2.028
      1173    2.825   4.520
      1174    1.044   6.601
      1175    1.145   6.560
      1176    1.188   6.481
      1177    1.344   6.092
      1178    0.950   6.796
      1179    1.547   5.879
      1180    1.251   6.237
      1181    0.817   7.179
      1182    1.071   6.541
      1183    1.147   6.442
      1184    1.167   6.364
      1185    1.542   6.135
      1186    1.880   5.618
      1187    0.910   6.735
      1188    1.268   6.205
      1189    0.883   6.909
      1190    0.992   6.539
      1191    1.179   6.695
      1192    0.845   7.330
      1193    1.040   6.425
      1194    1.018   6.446
      1195    3.147   4.202
      1196    3.445   3.996
      1197    6.566   3.159
      1198    4.120   3.702
      1199    5.272   2.951
      1200   11.301   4.317
      1201    1.168   6.454
      1202    4.199   4.165
      1203    5.191   2.505
      1204    6.913   2.750
      1205   10.913   4.084
      1206   12.083   5.316
      1207   10.660   3.931
      1208   10.732   3.792
      1209   14.140   7.407
      1210   11.986   5.191
      1211    6.339   1.329
      1212   12.367   5.614
      1213   11.592   4.822
      1214   12.501   5.810
      1215    8.379   1.716
      1216   10.810   4.063
      1217   13.030   6.275
      1218    5.358   2.359
      1219    9.780   3.403
      1220    1.638   5.763
      1221    3.769   3.915
      1222    1.621   5.820
      1223    7.463   1.112
      1224    6.861   2.461
      1225    6.162   1.893
      1226    9.519   2.698
      1227    8.787   1.868
      1228   10.476   3.775
      1229    8.007   1.426
      1230   12.941   6.169
      1231    7.102   1.621
      1232    5.177   2.932
      1233    7.443   1.468
      1234   11.059   4.252
      1235   11.584   4.757
      1236   12.604   5.665
      1237   10.403   3.738
      1238   10.828   3.927
      1239   12.344   5.512
      1240    5.436   3.001
      1241    5.849   2.277
      1242    2.763   5.390
      1243    9.490   2.659
      1244    8.856   2.419
      1245    6.867   1.361
      1246    0.782   6.775
      1247    1.390   5.953
      1248    1.337   6.240
      1249    3.979   3.690
      1250    0.949   6.454
      1251    1.935   5.506
      1252    1.065   6.673
      1253    1.239   6.379
      1254    1.604   5.800
      1255    0.952   6.652
      1256    1.011   6.501
      1257    1.057   6.649
      1258    1.767   5.775
      1259    0.944   6.511
      1260    0.687   7.211
      1261    1.200   6.498
      1262    4.286   3.173
      1263    1.217   6.509
      1264    2.862   4.501
      1265    1.217   6.311
      1266    1.092   6.267
      1267    1.151   6.636
      1268    0.926   6.459
      1269    0.761   7.116
      1270    1.546   5.942
      1271    1.225   6.263
      1272    0.918   6.969
      1273    0.989   6.784
      1274    0.957   6.668
      1275    2.595   4.818
      1276    1.656   5.684
      1277    1.397   6.117
      1278    1.606   5.761
      1279    0.840   6.967
      1280    1.114   6.312
      1281    1.037   6.537
      1282    1.205   6.183
      1283    0.940   6.604
      1284    1.309   6.126
      1285    1.077   6.586
      1286    1.023   6.526
      1287    1.019   6.458
      1288    4.162   3.201
      1289    4.776   2.638
      1290    6.237   1.852
      1291    9.037   2.047
      1292    9.788   2.932
      1293    1.063   6.644
      1294    1.064   6.575
      1295    0.850   6.960
      1296   11.940   5.142
      1297    9.144   2.838
      1298    9.213   2.423
      1299    7.672   1.433
      1300    4.105   3.253
      1301    0.722   6.944
      1302    1.272   6.144
      1303    1.137   6.402
      1304    0.759   7.090
      1305    1.211   6.442
      1306    3.019   4.382
      1307    1.165   6.644
      1308    2.924   4.468
      1309    1.146   7.077
      1310    1.763   5.645
      1311    1.218   6.222
      1312    1.263   6.288
      1313    1.431   6.037
      1314    0.960   6.681
      1315    1.619   5.840
      1316    7.452   1.508
      1317    5.370   4.494
      1318    8.458   2.232
      1319   10.401   3.629
      1320   10.878   4.036
      1321    5.953   1.642
      1322    9.482   2.595
      1323    8.201   1.699
      1324   10.716   4.088
      1325    6.918   1.728
      1326    8.029   1.689
      1327   10.173   3.144
      1328    8.202   2.067
      1329    8.715   1.945
      1330   13.298   6.502
      1331    9.611   2.692
      1332    9.124   2.300
      1333   12.103   5.252
      1334    4.829   2.549
      1335    9.730   2.810
      1336    6.090   2.049
      1337   11.996   5.119
      1338   10.245   3.330
      1339   10.453   3.598
      1340    7.578   1.457
      1341   10.455   3.927
      1342    7.554   1.444
      1343    7.295   1.185
      1344    4.159   3.342
      1345    8.594   2.042
      1346    8.746   2.435
      1347    9.897   3.106
      1348   12.158   5.352
      1349    9.754   3.194
      1350   11.230   4.426
      1351   12.415   5.670
      1352    8.374   1.847
      1353   10.993   4.078
      1354    7.110   2.443
      1355    5.562   2.090
      1356    5.962   1.823
      1357    4.389   2.996
      1358    9.688   3.219
      1359    7.896   1.993
      1360    9.797   3.017
      1361    5.687   1.836
      1362   14.665   7.924
      1363    9.951   3.185
      1364    7.322   1.332
      1365    7.755   1.873
      1366    7.856   1.810
      1367   11.097   4.129
      1368    0.678   6.824
      1369    1.257   6.061
      1370    0.696   7.038
      1371    0.979   6.642
      1372    1.202   6.307
      1373    4.893   2.555
      1374    6.978   1.443
      1375    5.505   2.260
      1376    7.882   1.493
      1377    5.865   1.601
      1378    5.223   4.573
      1379    8.301   1.780
      1380    7.730   1.520
      1381    9.002   2.061
      1382    9.408   2.485
      1383    1.193   6.260
      1384    1.211   7.736
      1385    1.002   7.427
      1386    1.096   6.444
      1387    1.544   6.062
      1388    0.826   7.120
      1389    1.036   6.734
      1390    1.272   6.097
      1391    1.044   6.848
      1392    1.588   5.918
      1393    3.557   3.931
      1394    1.268   6.311
      1395    0.957   6.667
      1396    0.835   6.895
      1397    1.000   6.706
      1398    1.080   6.535
      1399    1.070   6.774
      1400    0.907   6.639
      1401    9.274   2.245
      1402    0.964   6.770
      1403    1.491   6.005
      1404    1.333   6.188
      1405    1.224   6.298
      1406    1.611   5.958
      1407    2.230   5.287
      1408    1.092   6.709
      1409    1.125   6.474
      1410    2.418   4.969
      1411    0.836   6.634
      1412    1.225   6.218
      1413    1.034   6.494
      1414    3.157   4.214
      1415    1.902   5.699
      1416    0.868   7.157
      1417    1.087   6.385
      1418    1.084   6.681
      1419    0.916   7.350
      1420    1.864   5.542
      1421    1.470   6.340
      1422    1.302   6.283
      1423    1.814   5.603
      1424    2.303   5.149
      1425    1.090   6.538
      1426    1.372   6.196
      1427    1.452   6.137
      1428    1.264   6.248
      1429    2.116   5.263
      1430    1.199   6.251
      1431    9.400   2.806
      1432   13.023   6.294
      1433    5.232   2.388
      1434    9.516   2.796
      1435    9.557   2.582
      1436    7.432   1.133
      1437   12.062   5.213
      1438   13.101   6.181
      1439    9.740   2.918
      1440    5.751   2.372
      1441    7.188   2.161
      1442   10.153   3.420
      1443   12.292   5.549
      1444   10.210   3.278
      1445   10.094   3.198
      1446    8.124   2.234
      1447   11.355   4.628
      1448   13.072   6.218
      1449   10.665   3.775
      1450   11.105   4.216
      1451    8.936   2.540
      1452    7.173   1.450
      1453    8.885   2.417
      1454    7.602   1.374
      1455    1.432   6.321
      1456    0.851   7.276
      1457    1.269   6.230
      1458    1.008   6.832
      1459    1.867   5.592
      1460    2.606   4.782
      1461    0.930   7.356
      1462    8.068   1.293
      1463    4.167   4.202
      1464    6.992   1.316
      1465   11.776   4.975
      1466    4.808   3.100
      1467    9.221   2.627
      1468    3.167   4.228
      1469    1.424   5.987
      1470    1.593   5.869
      1471    1.358   6.184
      1472    1.184   6.198
      1473    0.958   6.537
      1474    2.454   4.850
      1475    2.768   4.562
      1476    0.992   6.575
      1477    1.191   6.220
      1478    1.494   5.891
      1479    0.935   6.593
      1480    0.796   6.810
      1481    0.928   6.687
      1482    1.851   5.610
      1483    0.738   6.818
      1484    3.704   5.831
      1485    6.423   1.265
      1486    8.503   1.819
      1487    0.841   6.858
      1488    0.925   6.603
      1489    1.008   6.572
      1490    1.333   6.171
      1491    0.868   6.661
      1492    0.843   6.934
      1493    0.911   6.832
      1494    1.051   6.603
      1495    0.894   6.868
      1496    1.289   6.278
      1497    1.254   6.310
      1498    1.566   6.094
      1499   10.632   3.616
      1500    6.824   1.396
      1501    2.176   5.620
      1502    4.081   3.366
      1503    2.256   5.262
      1504    1.337   6.054
      1505    1.434   6.164
      1506    6.155   1.920
      1507    6.395   1.716
      1508    5.906   1.986
      1509    3.814   3.598
      1510    6.773   0.987
      1511    7.298   1.336
      1512    8.128   1.433
      1513    6.026   1.646
      1514   10.100   3.081
      1515    1.140   6.531
      1516    1.062   6.495
      1517    1.760   5.704
      1518    0.894   6.939
      1519    1.360   6.158
      1520    1.708   5.880
      1521    1.562   6.152
      1522    1.579   5.981
      1523    1.103   7.201
      1524    1.730   5.819
      1525    2.749   4.853
      1526    2.861   4.544
      1527    1.465   6.151
      1528    1.125   6.783
      1529    1.026   7.129
      1530    0.960   6.929
      1531    0.891   7.022
      1532    1.162   6.423
      1533    1.278   6.224
      1534    1.195   6.626
      1535    0.911   6.951
      1536    1.958   5.455
      1537    1.528   5.955
      1538    1.711   5.701
      1539    1.009   6.767
      1540    0.872   6.823
      1541    2.685   4.582
      1542    1.041   6.475
      1543    0.964   7.237
      1544    0.902   6.620
      1545    0.847   6.602
      1546    1.582   6.042
      1547   11.581   4.681
      1548    2.169   5.349
      1549    8.733   2.332
      1550    4.748   2.678
      1551    4.092   3.318
      1552    6.224   2.285
      1553    6.466   1.509
      1554    1.232   6.197
      1555    1.698   5.681
      1556    1.439   6.047
      1557    0.790   6.859
      1558    0.998   6.428
      1559    1.540   5.948
      1560    1.168   6.317
      1561    2.390   4.937
      1562    1.898   5.495
      1563    0.919   6.834
      1564    1.217   6.410
      1565    1.699   5.914
      1566    2.024   5.408
      1567    1.183   6.334
      1568    1.467   6.116
      1569    2.071   5.422
      1570    2.864   4.507
      1571    1.041   6.730
      1572    0.955   6.665
      1573    9.713   2.822
      1574    1.709   5.857
      1575    1.042   6.523
      1576    1.257   6.257
      1577    2.507   4.834
      1578    3.655   3.741
      1579    1.129   6.470
      1580    3.756   3.602
      1581    1.598   5.779
      1582    1.431   6.147
      1583    1.138   6.253
      1584    0.892   6.712
      1585    2.044   5.459
      1586    0.990   6.676
      1587    1.196   6.536
      1588    1.064   6.363
      1589    1.210   6.305
      1590    1.055   6.638
      1591    0.939   7.113
      1592    1.152   6.457
      1593    1.072   7.683
      1594    0.907   6.697
      1595    1.314   6.134
      1596    0.830   6.762
      1597    3.737   3.681
      1598    1.006   7.441
      1599    2.853   4.513
      1600    1.490   5.952
      1601    2.130   5.233
      1602    2.462   4.955
      1603    1.092   6.410
      1604    0.921   6.841
      1605    1.467   6.137
      1606   11.120   4.187
      1607    4.877   2.675
      1608    5.579   1.933
      1609    6.334   1.214
      1610    3.720   3.638
      1611    1.461   5.979
      1612    1.019   6.853
      1613    1.312   6.238
      1614    0.878   6.769
      1615    0.992   6.640
      1616    1.196   6.315
      1617    1.616   5.844
      1618    1.192   6.246
      1619    1.415   5.995
      1620    0.709   7.247
      1621    1.666   5.741
      1622    3.538   3.797
      1623    1.549   5.957
      1624    1.200   6.290
      1625    0.857   6.832
      1626    1.224   6.481
      1627    0.859   6.748
      1628    0.846   6.749
      1629    2.035   5.629
      1630    1.575   5.900
      1631    0.972   6.561
      1632    0.918   7.111
      1633    1.238   6.201
      1634    0.901   6.951
      1635    1.110   6.713
      1636    1.222   6.392
      1637    2.094   5.275
      1638    1.558   5.879
      1639    0.887   6.954
      1640    1.045   6.511
      1641    0.874   6.694
      1642    1.905   5.425
      1643    1.344   6.036
      1644    1.412   5.934
      1645    1.618   5.750
      1646    0.817   6.804
      1647    3.745   3.589
      1648    0.826   6.807
      1649    0.789   6.927
      1650    0.995   6.600
      1651    0.938   6.595
      1652    1.387   6.072
      1653    0.877   7.022
      1654    0.965   6.598
      1655    1.721   5.596
      1656    1.163   6.351
      1657    2.704   4.603
      1658    1.181   6.383
      1659    1.166   6.651
      1660    1.163   6.442
      1661    0.832   6.795
      1662    1.505   5.912
      1663    1.205   6.313
      1664    0.894   7.119
      1665    1.145   6.510
      1666    1.040   7.100
      1667    0.922   6.840
      1668    1.209   6.200
      1669    1.400   6.028
      1670    1.912   5.410
      1671    0.895   6.846
      1672    1.274   6.247
      1673    2.363   5.028
      1674    1.630   5.740
      1675    0.939   6.590
      1676    9.701   3.030
      1677    8.609   1.699
      1678    0.836   6.777
      1679    2.652   4.720
      1680    0.887   6.944
      1681    0.790   6.953
      1682    2.412   5.013
      1683    7.815   1.138
      1684    8.904   2.202
      1685    7.885   1.534
      1686    6.158   2.143
      1687    8.248   1.706
      1688    6.033   2.570
      1689    9.180   2.966
      1690    6.927   1.403
      1691   11.909   5.186
      1692   10.920   4.148
      1693    9.814   2.871
      1694    6.241   1.831
      1695    4.752   6.940
      1696    6.114   2.476
      1697    6.475   1.943
      1698    7.735   1.234
      1699   10.451   3.600
      1700    8.161   1.668
      1701    9.382   2.514
      1702    7.709   1.704
      1703    4.738   4.518
      1704    5.008   4.680
      1705    4.292   4.301
      1706    7.564   2.331
      1707    7.078   1.450
      1708    8.778   2.134
      1709    5.245   2.497
      1710    8.626   1.892
      1711    8.758   1.878
      1712   10.737   3.933
      1713    7.343   1.515
      1714    8.284   1.678
      1715   10.719   4.086
      1716   10.798   4.058
      1717    9.771   3.086
      1718   13.093   6.165
      1719    8.660   2.440
      1720    8.115   1.769
      1721    6.103   3.129
      1722    6.031   1.604
      1723    7.979   1.530
      1724    7.062   2.575
      1725    7.782   1.674
      1726    8.562   1.807
      1727    7.760   1.274
      1728    8.902   2.126
      1729   11.235   4.315
      1730    6.043   1.919
      1731    5.940   1.595
      1732    8.247   1.454
      1733    1.734   5.776
      1734    1.405   5.974
      1735    5.634   2.091
      1736    9.985   3.313
      1737    8.334   2.018
      1738   10.736   3.911
      1739    5.022   2.910
      1740   11.626   4.842
      1741   11.822   5.166
      1742    9.661   3.066
      1743    9.372   2.530
      1744   10.427   3.718
      1745   10.574   4.006
      1746   10.874   4.324
      1747   14.433   7.728
      1748    7.079   1.712
      1749   11.001   4.034
      1750    9.281   2.717
      1751   11.795   5.197
      1752    9.190   2.475
      1753   10.265   3.554
      1754    8.226   1.813
      1755   10.154   3.355
      1756   12.388   5.517
      1757    9.393   2.486
      1758    6.273   1.700
      1759    7.359   1.237
      1760    8.201   1.749
      1761   11.706   4.996
      1762   11.706   4.746
      1763    9.335   2.563
      1764    6.469   1.773
      1765    0.929   6.710
      1766    1.141   6.708
      1767    1.675   5.805
      1768   10.653   3.735
      1769    6.734   1.799
      1770   10.692   3.792
      1771    8.717   1.721
      1772    3.262   4.189
      1773    1.299   6.191
      1774    1.008   6.659
      1775    0.809   7.137
      1776    1.055   6.541
      1777    1.308   6.250
      1778    1.001   7.103
      1779    1.135   6.426
      1780    1.607   5.801
      1781    1.208   6.330
      1782    0.903   7.019
      1783    1.174   6.428
      1784    0.913   6.586
      1785    1.385   6.175
      1786    0.844   7.034
      1787    1.205   6.434
      1788    1.892   5.456
      1789    1.463   6.059
      1790    0.876   7.121
      1791    1.074   6.419
      1792    1.309   6.190
      1793    0.902   6.890
      1794    0.833   7.018
      1795    1.252   6.326
      1796    1.168   6.529
      1797    0.907   6.929
      1798    1.083   6.430
      1799    1.154   6.415
      1800    1.298   6.250
      1801    1.205   6.248
      1802    0.919   6.598
      1803    0.859   7.026
      1804    1.057   6.807
      1805    1.202   6.177
      1806    0.881   6.451
      1807    1.583   5.821
      1808    1.082   6.373
      1809    1.211   6.428
      1810    0.817   6.666
      1811    1.109   6.359
      1812    1.635   5.847
      1813    1.500   5.871
      1814    1.014   6.494
      1815    1.092   6.399
      1816    1.612   5.812
      1817    0.776   6.624
      1818    2.010   5.470
      1819    3.088   4.336
      1820    1.460   5.976
      1821    6.054   1.602
      1822    1.381   6.312
      1823    4.255   3.182
      1824    1.869   5.492
      1825    8.537   1.901
      1826    4.031   3.461
      1827   11.256   4.314
      1828    9.806   3.176
      1829    6.397   2.037
      1830    6.504   2.047
      1831   10.598   3.535
      1832    9.936   3.156
      1833    9.653   3.098
      1834    5.536   3.896
      1835    5.899   1.862
      1836    7.280   1.193
      1837   13.621   6.784
      1838    6.905   1.636
      1839   10.298   3.460
      1840    4.842   3.968
      1841    7.304   1.465
      1842   11.267   4.465
      1843    8.726   2.296
      1844    8.472   2.361
      1845    6.394   2.371
      1846    5.084   2.406
      1847    1.001   6.731
      1848   12.557   5.599
      1849    3.198   5.150
      1850    2.297   5.026
      1851    6.665   4.312
      1852    7.862   1.464
      1853    9.182   2.390
      1854    4.607   2.899
      1855    1.074   6.561
      1856    0.952   6.498
      1857    1.579   5.901
      1858    0.876   6.602
      1859    1.263   6.296
      1860    1.095   6.595
      1861    1.062   6.472
      1862    1.047   6.533
      1863    0.768   7.016
      1864    1.380   6.116
      1865    0.970   6.876
      1866    2.439   5.023
      1867    1.151   6.576
      1868    0.865   6.982
      1869    0.865   6.959
      1870    0.875   6.842
      1871    1.215   6.374
      1872    0.990   6.642
      1873    0.929   6.967
      1874    0.875   6.703
      1875    0.962   6.672
      1876    1.192   6.432
      1877    1.344   6.146
      1878    0.955   6.873
      1879    1.477   5.938
      1880    1.082   6.513
      1881    0.931   6.856
      1882    1.297   6.219
      1883    1.246   6.285
      1884    5.268   2.147
      1885    7.537   1.387
      1886    8.611   2.089
      1887    1.709   5.858
      1888    1.066   6.725
      1889    1.149   6.530
      1890    1.461   5.893
      1891    1.034   6.469
      1892    1.823   5.719
      1893    1.266   6.275
      1894    0.782   6.987
      1895    0.800   6.933
      1896    1.536   5.954
      1897    0.967   6.533
      1898    4.547   2.881
      1899    0.983   6.542
      1900    1.301   6.230
      1901    0.697   7.055
      1902    1.225   6.310
      1903    0.920   6.631
      1904    1.006   6.563
      1905    0.991   6.899
      1906    3.182   4.199
      1907    1.535   6.076
      1908    0.824   6.781
      1909    3.578   3.873
      1910    1.639   5.827
      1911    1.890   5.634
      1912    1.189   6.501
      1913    2.044   5.451
      1914    1.542   5.977
      1915    1.561   6.086
      1916    1.308   6.379
      1917    3.031   4.401
      1918    1.168   6.470
      1919    1.606   5.897
      1920    0.995   6.901
      1921    0.739   7.314
      1922    1.402   6.025
      1923    0.815   6.947
      1924    1.011   6.675
      1925    0.896   6.771
      1926    1.687   5.848
      1927    1.076   6.396
      1928    0.809   6.835
      1929    0.974   7.265
      1930    0.798   6.852
      1931    0.809   6.900
      1932    1.004   6.741
      1933    0.778   7.144
      1934    0.969   6.772
      1935    0.657   7.025
      1936    1.205   6.427
      1937    2.586   4.836
      1938    0.982   6.992
      1939    1.152   6.480
      1940    1.457   5.933
      1941    1.159   6.186
      1942    1.659   5.775
      1943    0.950   6.846
      1944    3.302   4.080
      1945    1.153   6.646
      1946    1.092   6.428
      1947    0.804   6.721
      1948    1.095   6.422
      1949    1.157   6.307
      1950    1.223   6.682
      1951    1.280   6.176
      1952    0.856   7.348
      1953    0.909   6.950
      1954    1.544   6.114
      1955    1.513   5.944
      1956    0.911   6.667
      1957    1.331   6.348
      1958    1.158   6.377
      1959    1.662   5.852
      1960    0.971   6.866
      1961    0.926   6.585
      1962    1.132   6.532
      1963    0.926   6.661
      1964    1.157   6.262
      1965    1.032   6.409
      1966    1.745   5.718
      1967    1.682   5.872
      1968    1.180   6.429
      1969    1.388   6.046
      1970    0.940   6.658
      1971    3.454   3.915
      1972    1.054   6.681
      1973    0.983   6.585
      1974    0.955   6.793
      1975    0.883   7.097
      1976    1.510   5.831
      1977    0.803   6.894
      1978    1.027   6.478
      1979    1.127   6.401
      1980    1.560   6.258
      1981    0.937   6.471
      1982    1.131   6.503
      1983    1.189   6.321
      1984    2.083   5.313
      1985    0.877   6.774
      1986    1.340   6.240
      1987    0.846   6.729
      1988    0.847   6.931
      1989    0.836   6.695
      1990    1.087   6.477
      1991    0.906   6.862
      1992    0.969   6.524
      1993    0.801   6.794
      1994    1.070   6.475
      1995    0.835   6.860
      1996    1.244   6.256
      1997    1.905   5.518
      1998    1.464   6.053
      1999    1.220   6.255
      2000    1.407   6.108
      2001    0.800   7.109
      2002    0.879   7.301
      2003    1.032   6.530
      2004    0.911   6.888
      2005    0.895   6.751
      2006    1.064   6.531
      2007    0.862   6.894
      2008    0.739   6.887
      2009    0.693   7.166
      2010    3.735   3.651
      2011    1.201   6.374
      2012    1.501   5.909
      2013    2.256   5.184
      2014    2.195   5.130
      2015    0.861   6.761
      2016    0.674   7.291
      2017    0.647   6.890
      2018    0.790   6.863
      2019    0.973   6.626
      2020    0.902   6.684
      2021    1.214   6.386
      2022    1.034   6.404
      2023    1.272   6.242
      2024    1.035   6.623
      2025    0.995   6.861
      2026    1.282   6.226
      2027    5.232   2.141
      2028    3.822   3.878
      2029    3.707   3.871
      2030    1.309   6.162
      2031    6.827   1.136
      2032    1.739   5.760
      2033    1.247   6.325
      2034    0.894   6.663
      2035    8.090   2.232
      2036    7.642   1.664
      2037    7.758   1.528
      2038   12.527   5.527
      2039   10.421   3.739
      2040    1.288   6.200
      2041    1.420   6.050
      2042    1.038   6.438
      2043    4.491   2.915
      2044    1.055   6.457
      2045    1.111   6.372
      2046    1.463   5.991
      2047    2.269   5.063
      2048    0.866   6.730
      2049    1.164   6.425
      2050    1.004   6.486
      2051    1.039   6.522
      2052    1.253   6.323
      2053    0.729   7.151
      2054    1.053   6.381
      2055    0.911   6.696
      2056    0.842   6.698
      2057    1.114   6.342
      2058    1.168   6.221
      2059    1.031   6.516
      2060    6.883   1.430
      2061    7.678   1.183
      2062   10.459   3.634
      2063    8.705   2.143
      2064    9.720   2.904
      2065    7.108   1.047
      2066    7.544   1.641
      2067    7.405   1.243
      2068    9.234   2.783
      2069    8.628   1.859
      2070    4.478   3.527
      2071    8.207   1.454
      2072   11.022   4.152
      2073   11.779   4.954
      2074    4.079   4.281
      2075    6.861   1.365
      2076    5.099   2.907
      2077    4.106   5.315
      2078    4.184   3.515
      2079    8.876   2.192
      2080    2.332   5.015
      2081    2.956   4.479
      2082    7.302   1.399
      2083    8.906   1.973
      2084    9.362   2.661
      2085    7.187   1.068
      2086    9.378   2.540
      2087    0.974   6.643
      2088    0.995   6.541
      2089    1.041   6.731
      2090    1.802   5.635
      2091    1.233   6.264
      2092    0.743   7.034
      2093    1.808   5.626
      2094    1.527   5.861
      2095    0.852   6.879
      2096    1.108   6.326
      2097    2.302   5.314
      2098    1.314   6.365
      2099    0.920   7.395
      2100    0.865   6.898
      2101    1.052   6.324
      2102    1.251   6.148
      2103    0.817   7.239
      2104    0.974   6.524
      2105    1.017   6.543
      2106    1.201   6.587
      2107    9.801   3.006
      2108    8.817   2.100
      2109    6.430   1.522
      2110    9.551   2.811
      2111    7.605   1.003
      2112    0.930   6.601
      2113    0.772   6.711
      2114    1.317   6.066
      2115    1.309   6.233
      2116    1.485   6.054
      2117    1.254   6.350
      2118    3.062   4.250
      2119    3.319   4.156
      2120    7.925   2.129
      2121    5.971   1.930
      2122    3.586   3.894
      2123    8.422   1.469
      2124   10.982   3.961
      2125    5.021   2.534
      2126    0.954   6.721
      2127    0.975   7.019
      2128    1.115   6.597
      2129    1.460   5.916
      2130    7.830   2.825
      2131   11.441   4.607
      2132    8.063   1.901
      2133    7.517   1.422
      2134    9.598   2.865
      2135   10.939   4.320
      2136    7.347   0.959
      2137   10.364   4.158
      2138    8.831   2.217
      2139   10.479   3.612
      2140    8.886   2.441
      2141    6.434   1.816
      2142    8.306   2.131
      2143    9.007   2.327
      2144    7.750   1.441
      2145    7.488   1.273
      2146   10.302   3.484
      2147   11.239   4.421
      2148   10.887   4.143
      2149    9.129   2.577
      2150    7.952   1.525
      2151    8.723   2.024
      2152    5.032   3.539
      2153    7.785   3.025
      2154    5.444   2.667
      2155    9.141   2.451
      2156   10.877   4.170
      2157    5.439   2.282
      2158    8.811   2.411
      2159   10.858   4.216
      2160    5.722   3.146
      2161    7.962   1.584
      2162    6.833   0.932
      2163    4.601   3.346
      2164    8.634   1.800
      2165    9.904   2.969
      2166    0.935   6.562
      2167    2.789   4.499
      2168    1.804   5.672
      2169    0.830   6.760
      2170    1.701   5.577
      2171    1.314   6.231
      2172    1.167   6.428
      2173    1.062   6.514
      2174    2.559   4.851
      2175    1.092   6.336
      2176    0.994   6.819
      2177    0.855   6.737
      2178    1.010   6.732
      2179    1.074   6.528
      2180    0.990   7.201
      2181    1.357   6.198
      2182    1.024   7.104
      2183    1.143   6.407
      2184    1.561   5.936
      2185    0.882   6.982
      2186    1.316   6.363
      2187    1.061   6.900
      2188    0.996   6.593
      2189    1.350   6.469
      2190    1.321   6.408
      2191    2.575   4.944
      2192    0.986   6.884
      2193    3.270   4.089
      2194    1.218   6.245
      2195    1.292   6.147
      2196    1.495   5.953
      2197    1.141   6.424
      2198    1.466   6.108
      2199    1.050   6.489
      2200    1.109   6.455
      2201    1.136   6.361
      2202    0.927   6.783
      2203    1.764   5.648
      2204    1.175   6.227
      2205    0.982   6.811
      2206    1.270   6.256
      2207    0.988   6.603
      2208    1.089   6.404
      2209    1.875   5.661
      2210    1.808   5.687
      2211    0.995   6.716
      2212    1.375   6.143
      2213    0.845   7.198
      2214    1.036   6.496
      2215    9.825   3.206
      2216    7.487   2.068
      2217    9.718   3.021
      2218   10.522   3.647
      2219   10.546   3.717
      2220    9.939   3.046
      2221    7.517   1.859
      2222    8.319   1.583
      2223    8.327   1.441
      2224    8.196   1.774
      2225    8.788   1.859
      2226    6.857   2.371
      2227    8.792   2.166
      2228    8.513   2.030
      2229    8.953   2.313
      2230    9.647   2.999
      2231    6.566   2.090
      2232    5.203   2.612
      2233    6.126   2.128
      2234    9.410   2.807
      2235    6.841   1.920
      2236    7.281   2.057
      2237    8.073   1.891
      2238    8.637   1.901
      2239    7.843   1.790
      2240    8.708   2.746
      2241    3.976   3.473
      2242    0.857   6.866
      2243    0.883   6.841
      2244    1.545   5.825
      2245    1.379   6.071
      2246    1.038   6.412
      2247    0.740   6.895
      2248    1.051   6.461
      2249    1.297   6.179
      2250    2.024   5.587
      2251    0.944   6.982
      2252    0.945   6.541
      2253    1.127   6.420
      2254    1.020   6.518
      2255    1.225   6.121
      2256    1.281   6.147
      2257    1.433   6.103
      2258    1.173   6.409
      2259    1.048   6.635
      2260    2.079   5.356
      2261    0.941   6.614
      2262    0.964   6.818
      2263    1.425   5.994
      2264    0.846   6.815
      2265    1.326   6.322
      2266    1.056   6.599
      2267    0.858   6.986
      2268    1.865   5.491
      2269    0.953   6.694
      2270    1.191   6.267
      2271    0.929   6.740
      2272    0.940   7.048
      2273    1.188   6.531
      2274    1.281   6.198
      2275    0.898   7.309
      2276    1.491   6.043
      2277    1.091   6.418
      2278    1.030   6.463
      2279    0.791   6.727
      2280    0.844   7.293
      2281    1.114   6.655
      2282    1.146   6.373
      2283    1.395   6.058
      2284    0.918   6.768
      2285    1.238   6.173
      2286    1.535   5.997
      2287    1.127   6.417
      2288    1.710   5.686
      2289    1.703   5.661
      2290    1.247   6.215
      2291    0.936   6.793
      2292    1.076   6.671
      2293    1.168   6.521
      2294    3.156   4.289
      2295    1.279   6.158
      2296    0.928   6.576
      2297    0.993   6.640
      2298    1.380   6.227
      2299    2.911   4.439
      2300    0.863   6.893
      2301    1.250   6.436
      2302    1.336   6.339
      2303    0.716   7.037
      2304    4.275   3.348
      2305    3.157   4.299
      2306    1.749   5.638
      2307    2.009   5.315
      2308    0.853   7.229
      2309    1.014   6.633
      2310    0.839   6.991
      2311    0.936   6.522
      2312    1.391   6.010
      2313    0.961   6.591
      2314    0.776   7.158
      2315    0.738   7.201
      2316    0.696   6.723
      2317    1.477   5.882
      2318    1.185   6.361
      2319    1.054   6.494
      2320    1.060   6.583
      2321    0.977   6.959
      2322    2.377   5.011
      2323    1.489   5.897
      2324    1.508   5.905
      2325    1.570   5.856
      2326    1.117   6.422
      2327    2.584   4.746
      2328    0.875   6.760
      2329    1.352   6.073
      2330    1.034   6.444
      2331    1.391   6.213
      2332    1.506   5.855
      2333    2.003   5.585
      2334    1.466   6.076
      2335    1.730   5.791
      2336    0.965   6.669
      2337    1.600   5.842
      2338    1.076   6.637
      2339    1.063   6.809
      2340    1.483   5.935
      2341    1.938   5.435
      2342    1.154   6.442
      2343    7.274   1.276
      2344    5.794   3.155
      2345    2.722   4.682
      2346    1.309   6.313
      2347    0.885   6.945
      2348    1.253   6.242
      2349    1.144   6.906
      2350    1.355   6.069
      2351    1.081   6.876
      2352    1.585   5.938
      2353   12.415   5.630
      2354    8.983   2.622
      2355    7.273   1.032
      2356    6.325   2.035
      2357    9.365   2.994
      2358    8.757   1.955
      2359   11.731   4.766
      2360    9.116   2.557
      2361    9.806   2.997
      2362    6.467   1.485
      2363    6.709   1.635
      2364    6.959   1.966
      2365    8.014   2.021
      2366   11.209   4.593
      2367   12.012   5.373
      2368   11.188   4.406
      2369   12.730   5.818
      2370    8.051   1.247
      2371    9.529   2.871
      2372   11.810   5.053
      2373    7.141   1.116
      2374    7.076   2.246
      2375    5.196   2.281
      2376    6.559   1.961
      2377    8.567   1.880
      2378    8.082   1.414
      2379    7.970   1.691
      2380   10.745   3.857
      2381    8.016   1.750
      2382    8.999   2.331
      2383   11.155   4.297
      2384    7.809   1.689
      2385    4.789   2.786
      2386    6.799   1.100
      2387    3.846   3.530
      2388    9.368   2.380
      2389    4.607   2.850
      2390    2.395   4.973
      2391    1.130   6.390
      2392    4.027   3.454
      2393    1.470   6.110
      2394    1.762   5.795
      2395    3.071   4.417
      2396    8.861   2.151
      2397    9.887   3.190
      2398    9.850   3.523
      2399    6.306   1.577
      2400    5.446   2.449
      2401    9.184   2.379
      2402    3.416   4.114
      2403    4.626   2.800
      2404    0.829   6.732
      2405    0.991   6.491
      2406    0.809   7.085
      2407    1.004   7.189
      2408    1.310   6.273
      2409    1.312   6.025
      2410    1.220   6.321
      2411    1.824   5.735
      2412    1.573   5.845
      2413    0.941   6.667
      2414    1.023   6.682
      2415    0.868   6.838
      2416    1.457   5.898
      2417    1.795   5.663
      2418    1.276   6.166
      2419    1.183   6.260
      2420    1.337   6.132
      2421    0.784   7.033
      2422    0.802   7.229
      2423    1.097   6.619
      2424    1.267   6.125
      2425    4.178   3.215
      2426    1.739   5.633
      2427    1.136   6.293
      2428    4.326   3.507
      2429    5.219   2.947
      2430    8.227   1.646
      2431    7.148   1.650
      2432    9.210   2.401
      2433    9.959   3.202
      2434    7.290   1.898
      2435   10.408   3.558
      2436    8.494   2.181
      2437    5.529   2.317
      2438   10.313   3.576
      2439    8.201   1.548
      2440   11.435   4.469
      2441    6.683   2.094
      2442    7.686   1.045
      2443   13.109   6.250
      2444    0.897   6.897
      2445    1.148   6.283
      2446    2.681   4.687
      2447    0.936   7.273
      2448    0.972   6.711
      2449    0.973   7.380
      2450    0.933   6.661
      2451    0.850   7.155
      2452    1.099   6.690
      2453    1.415   6.125
      2454    0.920   6.869
      2455    1.117   6.526
      2456    0.905   7.147
      2457    1.782   5.607
      2458    1.778   5.577
      2459    1.310   6.091
      2460    0.836   7.190
      2461    1.015   6.500
      2462    1.140   6.369
      2463    1.060   6.491
      2464    1.070   6.493
      2465    7.334   1.114
      2466    6.001   1.490
      2467    8.981   2.261
      2468    6.487   1.351
      2469    0.994   6.615
      2470    2.456   4.924
      2471    0.900   6.838
      2472    1.665   5.741
      2473    0.920   6.916
      2474    1.367   5.950
      2475    1.717   5.666
      2476    1.521   5.993
      2477    1.031   6.680
      2478    0.760   7.197
      2479    1.405   6.091
      2480    0.809   6.974
      2481    1.556   5.962
      2482    1.977   5.355
      2483    1.107   6.524
      2484    1.360   6.154
      2485    1.524   6.368
      2486    0.919   6.934
      2487    1.261   6.131
      2488    0.816   6.764
      2489    0.959   6.762
      2490    5.088   3.403
      2491    4.952   2.599
      2492    1.176   6.529
      2493    0.858   6.907
      2494    1.330   6.116
      2495    1.210   6.827
      2496    0.989   6.540
      2497    1.264   6.281
      2498    3.307   4.419
      2499    1.261   6.294
      2500    0.931   6.952
