  8.080808080808081E-002                Infinity   10.5991314551944     
  0.242424242424242                     Infinity   6.42076606632305     
  0.404040404040404                     Infinity   3.48471437994951     
  0.565656565656566        2.90947727610714        1.66054464397888     
  0.727272727272727       0.811568845767158       0.614070855781194     
  0.888888888888889       7.995374278690548E-002  8.458438679015456E-002
   1.05050505050505       0.000000000000000E+000  0.000000000000000E+000
   1.21212121212121       0.195786017658253       0.128314370924560     
   1.37373737373737       0.338149062248883       0.305025499847733     
   1.53535353535354       0.632658358820320       0.544135540137719     
   1.69696969696970       0.920222140472610       0.812616258045598     
   1.85858585858586       0.931333748028853       0.921992009214172     
   2.02020202020202        1.16969708689408        1.12112952113561     
   2.18181818181818        1.58424530845306        1.41435390432437     
   2.34343434343434        1.47696431159945        1.49346202006976     
   2.50505050505051        1.67055711522570        1.55571571873499     
   2.66666666666667        1.58424530845306        1.61932539367050     
   2.82828282828283        1.83509255272637        1.67346188391939     
   2.98989898989899        1.67055711522570        1.62161420875264     
   3.15151515151515        1.58424530845306        1.64453630701734     
   3.31313131313131        1.98372920234482        1.74829117182102     
   3.47474747474747        1.83509255272637        1.70545987258425     
   3.63636363636364        1.54595595452472        1.61638050981180     
   3.79797979797980        1.83509255272637        1.69612621600718     
   3.95959595959596        1.77423761083634        1.79544928953819     
   4.12121212121212        1.83509255272637        1.72342332202981     
   4.28282828282828        1.51030941882654        1.48900838494426     
   4.44444444444444        1.54595595452472        1.51210847124237     
   4.60606060606061        1.71980101033502        1.74294396041148     
   4.76767676767677        2.07792925146194        1.77737939907911     
   4.92929292929293        1.58424530845306        1.63648291800225     
   5.09090909090909        1.51030941882654        1.51788853370065     
   5.25252525252525        1.58424530845306        1.44580110116103     
   5.41414141414141        1.41610936970942        1.39704103661543     
   5.57575757575758        1.47696431159945        1.37443725014582     
   5.73737373737374        1.31242887409878        1.27957260399115     
   5.89898989898990        1.31242887409878        1.29332801410348     
   6.06060606060606        1.38817446728292        1.35191600092748     
   6.22222222222222        1.44564139809850        1.33664623819152     
   6.38383838383838        1.22611706732614        1.27211921601261     
   6.54545454545455        1.36167276920809        1.21817560502884     
   6.70707070707071        1.20661777820095        1.16477670278063     
   6.86868686868687        1.22611706732614        1.15691776431044     
   7.03030303030303        1.13523966527079        1.10439427113272     
   7.19191919191919        1.05798112858250        1.05145049196650     
   7.35353535353535        1.24638122681674        1.13036877705674     
   7.51515151515152        1.11883607047252        1.13119087472128     
   7.67676767676768        1.22611706732614        1.13905380005695     
   7.83838383838384        1.16969708689408        1.09727193878312     
   8.00000000000000        1.07253617100644        1.06831391162828     
   8.16161616161616        1.10293728259030        1.05022354526619     
   8.32323232323232        1.04382490504171       0.992226957132656     
   8.48484848484849       0.990786599947243       0.998722288653978     
   8.64646464646465        1.26747272009097        1.08363305030433     
   8.80808080808081        1.01662547581766        1.02155905098846     
   8.96969696969697        1.13523966527079        1.05607574390664     
   9.13131313131313        1.07253617100644        1.09709182964369     
   9.29292929292929        1.22611706732614        1.12029204041506     
   9.45454545454546        1.04382490504171        1.04884520151777     
   9.61616161616162        1.15218117769962        1.05970791316815     
   9.77777777777778        1.04382490504171        1.06703902517727     
   9.93939393939394        1.20661777820095        1.12737461370460     
   10.1010101010101        1.26747272009097        1.14277164687185     
   10.2626262626263        1.15218117769962        1.16829624535601     
   10.4242424242424        1.26747272009097        1.22162149492314     
   10.5858585858586        1.36167276920809        1.25345640016585     
   10.7474747474747        1.31242887409878        1.30061098621179     
   10.9090909090909        1.28946198915578        1.21379910882885     
   11.0707070707071        1.22611706732614        1.18623393259317     
   11.2323232323232        1.22611706732614        1.21942736898169     
   11.3939393939394        1.33646436301624        1.31787706261049     
   11.5555555555556        1.67055711522570        1.42764972060122     
   11.7171717171717        1.41610936970942        1.42559144072452     
   11.8787878787879        1.41610936970942        1.44969385032943     
   12.0404040404040        1.62560096121789        1.60060393924679     
   12.2020202020202        2.55134903498021        1.88565097285423     
   12.3636363636364        1.58424530845306        1.68403516857545     
   12.5252525252525        1.83509255272637        1.80282872873164     
   12.6868686868687        2.19322079385329        1.99483426968220     
   12.8484848484848        2.07792925146194        1.98651690716239     
   13.0101010101010        2.07792925146194        2.02746370974581     
   13.1717171717172        1.98372920234482        2.00995990562947     
   13.3333333333333        2.34185744347174        2.17600734420482     
   13.4949494949495        1.98372920234482        2.10910868430793     
   13.6565656565657        2.55134903498021        2.17417122699552     
   13.8181818181818        2.34185744347174        2.48062269086535     
   13.9797979797980                     Infinity   3.39729014675870     
   14.1414141414141        2.90947727610714        2.96554494327629     
   14.3030303030303        2.90947727610714        2.67995282050897     
   14.4646464646465        2.55134903498021        2.69415381702336     
   14.6262626262626                     Infinity   3.46944014308700     
   14.7878787878788                     Infinity   5.52835723942717     
   14.9494949494950                     Infinity   8.91373203658545     
   15.1111111111111                     Infinity   13.6315855240875     
   15.2727272727273                     Infinity   19.6863414574288     
   15.4343434343434                     Infinity   27.0816959063375     
   15.5959595959596                     Infinity   35.8204817784363     
   15.7575757575758                     Infinity   45.9047337587707     
   15.9191919191919                     Infinity   57.3358516621359     
