  8.080808080808081E-002                Infinity   9.31149270842681     
  0.242424242424242                     Infinity   5.74745947830517     
  0.404040404040404                     Infinity   3.22806745330356     
  0.565656565656566        2.18261886816969        1.55963357460155     
  0.727272727272727       0.679770515278457       0.546830747655491     
  0.888888888888889       4.153070607413989E-002  6.961646984445291E-002
   1.05050505050505       0.000000000000000E+000  0.000000000000000E+000
   1.21212121212121       0.151726285469665       0.131184313167999     
   1.37373737373737       0.363193672263466       0.318961993176850     
   1.53535353535354       0.493767961195519       0.497985134943806     
   1.69696969696970       0.770226563682885       0.716423713216735     
   1.85858585858586        1.01643163982314       0.972096455664868     
   2.02020202020202        1.20964508152310        1.18451626327979     
   2.18181818181818        1.39290511590441        1.35376057994087     
   2.34343434343434        1.48835165498073        1.47224842278689     
   2.50505050505051        1.52450503038247        1.50628217767373     
   2.66666666666667        1.60859286036227        1.54277598993728     
   2.82828282828283        1.61489830025224        1.62904444022640     
   2.98989898989899        1.83904566946677        1.76268987070853     
   3.15151515151515        1.73649565854249        1.72110012800336     
   3.31313131313131        1.70522542480545        1.73036970132479     
   3.47474747474747        1.75340686773442        1.72736053218946     
   3.63636363636364        1.60306031278508        1.57340047783195     
   3.79797979797980        1.56896953893502        1.56963925061400     
   3.95959595959596        1.78786534061502        1.74145086703127     
   4.12121212121212        1.70501508244152        1.72017706835167     
   4.28282828282828        1.85359191500294        1.78059890071814     
   4.44444444444444        1.79613028136193        1.78454785293558     
   4.60606060606061        1.84475913508594        1.72997353697031     
   4.76767676767677        1.58105228989169        1.64517205148383     
   4.92929292929293        1.75952567613874        1.66448289601170     
   5.09090909090909        1.76886298847913        1.69707389305039     
   5.25252525252525        1.57718569628065        1.62392997185642     
   5.41414141414141        1.71218787927392        1.64395853192618     
   5.57575757575758        1.50871745303252        1.55370739486322     
   5.73737373737374        1.63101764463728        1.55613694242249     
   5.89898989898990        1.49718696743722        1.45016421455431     
   6.06060606060606        1.39714796354300        1.39412255125507     
   6.22222222222222        1.39149965460432        1.38331921719110     
   6.38383838383838        1.39598593001346        1.34567775575473     
   6.54545454545455        1.31730024909412        1.29136939166219     
   6.70707070707071        1.23904684450991        1.24580989807584     
   6.86868686868687        1.20755054713017        1.20300449877803     
   7.03030303030303        1.24917019548378        1.20444848668381     
   7.19191919191919        1.22095109319142        1.21376679003854     
   7.35353535353535        1.30417583589205        1.25975708710982     
   7.51515151515152        1.26707291409131        1.24924668955397     
   7.67676767676768        1.19442228940834        1.18407640067191     
   7.83838383838384        1.13768424606447        1.12409026111864     
   8.00000000000000        1.14097021516906        1.11554578905937     
   8.16161616161616        1.13877866235392        1.11535355998752     
   8.32323232323232        1.14957196172787        1.13766485446684     
   8.48484848484849        1.18083443869006        1.14998416936334     
   8.64646464646465        1.15286689714649        1.13865913783630     
   8.80808080808081        1.16415357457894        1.12171218488665     
   8.96969696969697        1.13473920047160        1.12670242711997     
   9.13131313131313        1.15499958841982        1.14532574773073     
   9.29292929292929        1.18825850767647        1.12783509036903     
   9.45454545454546        1.15149211158575        1.16350598156162     
   9.61616161616162        1.35271041808947        1.25862657197709     
   9.77777777777778        1.17975467691010        1.20479010375295     
   9.93939393939394        1.21669464576694        1.19269909494705     
   10.1010101010101        1.21097410497716        1.23244369710950     
   10.2626262626263        1.33881403734402        1.26691112831197     
   10.4242424242424        1.28398993814454        1.24417850091173     
   10.5858585858586        1.22497330511873        1.23374033658437     
   10.7474747474747        1.26863185550116        1.26883041312398     
   10.9090909090909        1.42573132724717        1.33635967635257     
   11.0707070707071        1.34880813429176        1.36062899461546     
   11.2323232323232        1.41383162932594        1.39889031696356     
   11.3939393939394        1.47368999618248        1.45175089728752     
   11.5555555555556        1.54903761555201        1.50863233200527     
   11.7171717171717        1.53765779900837        1.51006632190178     
   11.8787878787879        1.52152920192826        1.47379415104583     
   12.0404040404040        1.47067325502833        1.49751528442884     
   12.2020202020202        1.65725229577301        1.61855758471299     
   12.3636363636364        1.80069862551569        1.73369984903112     
   12.5252525252525        1.75492923572702        1.76556964747831     
   12.6868686868687        1.85820015994866        1.83319688975462     
   12.8484848484848        1.99203779012026        1.97645773591607     
   13.0101010101010        2.11318277061472        2.04487589565362     
   13.1717171717172        2.12709811627914        2.12664945642603     
   13.3333333333333        2.24537016988862        2.20890339859859     
   13.4949494949495        2.22426073808759        2.25616239349311     
   13.6565656565657        2.56215313849529        2.53324492647042     
   13.8181818181818        2.69694129640351        2.71346509358455     
   13.9797979797980        2.95841354269823        2.78727314740776     
   14.1414141414141        2.53956351956376        2.66914512763271     
   14.3030303030303        3.05884894592146        2.75668811395407     
   14.4646464646465        2.88060022538696        3.05691473112936     
   14.6262626262626        3.67662986854110        3.28018354045154     
   14.7878787878788        3.67598677456757        3.60182333988202     
   14.9494949494950        3.67600077717987        3.81952842119839     
   15.1111111111111                     Infinity   4.56649470845452     
   15.2727272727273                     Infinity   6.60522016853249     
   15.4343434343434                     Infinity   9.99159378058448     
   15.5959595959596                     Infinity   14.7274356496098     
   15.7575757575758                     Infinity   20.8128058587108     
   15.9191919191919                     Infinity   28.2477064360858     
